{"name":"RPCMSD1892","status":"broken","statusDetails":{"known":false,"muted":false,"flaky":false,"message":"java.lang.IndexOutOfBoundsException: Index: 1, Size: 0","trace":"java.lang.Exception: java.lang.IndexOutOfBoundsException: Index: 1, Size: 0\r\n\tat TestCase.V1_2.ConfigureTimeSheets.timesheet.RPCMSD1892.RPCMSD1892(RPCMSD1892.java:258)\r\n\tat sun.reflect.NativeMethodAccessorImpl.invoke0(Native Method)\r\n\tat sun.reflect.NativeMethodAccessorImpl.invoke(NativeMethodAccessorImpl.java:62)\r\n\tat sun.reflect.DelegatingMethodAccessorImpl.invoke(DelegatingMethodAccessorImpl.java:43)\r\n\tat java.lang.reflect.Method.invoke(Method.java:497)\r\n\tat org.testng.internal.MethodInvocationHelper.invokeMethod(MethodInvocationHelper.java:85)\r\n\tat org.testng.internal.Invoker.invokeMethod(Invoker.java:639)\r\n\tat org.testng.internal.Invoker.invokeTestMethod(Invoker.java:816)\r\n\tat org.testng.internal.Invoker.invokeTestMethods(Invoker.java:1124)\r\n\tat org.testng.internal.TestMethodWorker.invokeTestMethods(TestMethodWorker.java:125)\r\n\tat org.testng.internal.TestMethodWorker.run(TestMethodWorker.java:108)\r\n\tat org.testng.TestRunner.privateRun(TestRunner.java:774)\r\n\tat org.testng.TestRunner.run(TestRunner.java:624)\r\n\tat org.testng.SuiteRunner.runTest(SuiteRunner.java:359)\r\n\tat org.testng.SuiteRunner.runSequentially(SuiteRunner.java:354)\r\n\tat org.testng.SuiteRunner.privateRun(SuiteRunner.java:312)\r\n\tat org.testng.SuiteRunner.run(SuiteRunner.java:261)\r\n\tat org.testng.SuiteRunnerWorker.runSuite(SuiteRunnerWorker.java:52)\r\n\tat org.testng.SuiteRunnerWorker.run(SuiteRunnerWorker.java:86)\r\n\tat org.testng.TestNG.runSuitesSequentially(TestNG.java:1215)\r\n\tat org.testng.TestNG.runSuitesLocally(TestNG.java:1140)\r\n\tat org.testng.TestNG.run(TestNG.java:1048)\r\n\tat org.apache.maven.surefire.testng.TestNGExecutor.run(TestNGExecutor.java:283)\r\n\tat org.apache.maven.surefire.testng.TestNGXmlTestSuite.execute(TestNGXmlTestSuite.java:75)\r\n\tat org.apache.maven.surefire.testng.TestNGProvider.invoke(TestNGProvider.java:120)\r\n\tat org.apache.maven.surefire.booter.ForkedBooter.invokeProviderInSameClassLoader(ForkedBooter.java:384)\r\n\tat org.apache.maven.surefire.booter.ForkedBooter.runSuitesInProcess(ForkedBooter.java:345)\r\n\tat org.apache.maven.surefire.booter.ForkedBooter.execute(ForkedBooter.java:126)\r\n\tat org.apache.maven.surefire.booter.ForkedBooter.main(ForkedBooter.java:418)\r\nCaused by: java.lang.IndexOutOfBoundsException: Index: 1, Size: 0\r\n\tat java.util.ArrayList.rangeCheck(ArrayList.java:653)\r\n\tat java.util.ArrayList.get(ArrayList.java:429)\r\n\tat TestCase.V1_2.ConfigureTimeSheets.timesheet.RPCMSD1892.RPCMSD1892(RPCMSD1892.java:26)\r\n\t... 28 more\r\n"},"stage":"finished","steps":[],"attachments":[{"name":"Failure in method RPCMSD1892","source":"af06dec8-5f3e-43a2-abd4-f111fc4b4960-attachment","type":"image/png"}],"parameters":[{"name":"seleniumVersion","value":"2.x"},{"name":"browName","value":"Chrome"}],"start":1598359219039,"stop":1598359226378,"uuid":"c60ab9ec-0817-4ea9-8ef8-63ac6470a5e8","historyId":"cbc7cbadbd4f6d1427019f6e05861722","fullName":"TestCase.V1_2.ConfigureTimeSheets.timesheet.RPCMSD1892.RPCMSD1892","labels":[{"name":"package","value":"TestCase.V1_2.ConfigureTimeSheets.timesheet.RPCMSD1892"},{"name":"testClass","value":"TestCase.V1_2.ConfigureTimeSheets.timesheet.RPCMSD1892"},{"name":"testMethod","value":"RPCMSD1892"},{"name":"parentSuite","value":"Suite"},{"name":"suite","value":"TimeWise"},{"name":"subSuite","value":"TestCase.V1_2.ConfigureTimeSheets.timesheet.RPCMSD1892"},{"name":"host","value":"DESKTOP-37BKIHR"},{"name":"thread","value":"16444@DESKTOP-37BKIHR.main(1)"},{"name":"framework","value":"testng"},{"name":"language","value":"java"}],"links":[]}