{"name":"rPCMSD2092","status":"broken","statusDetails":{"known":false,"muted":false,"flaky":false,"message":"org.openqa.selenium.TimeoutException: Expected condition failed: waiting for shdsd.selenium.Tools.BaseTest$1@47b33e07 (tried for 10 second(s) with 500 MILLISECONDS interval)","trace":"java.lang.Exception: org.openqa.selenium.TimeoutException: Expected condition failed: waiting for shdsd.selenium.Tools.BaseTest$1@47b33e07 (tried for 10 second(s) with 500 MILLISECONDS interval)\r\n\tat TestCase.V1_4.workReport.RPCMSD2092.rPCMSD2092(RPCMSD2092.java:69)\r\n\tat sun.reflect.NativeMethodAccessorImpl.invoke0(Native Method)\r\n\tat sun.reflect.NativeMethodAccessorImpl.invoke(NativeMethodAccessorImpl.java:62)\r\n\tat sun.reflect.DelegatingMethodAccessorImpl.invoke(DelegatingMethodAccessorImpl.java:43)\r\n\tat java.lang.reflect.Method.invoke(Method.java:497)\r\n\tat org.testng.internal.MethodInvocationHelper.invokeMethod(MethodInvocationHelper.java:85)\r\n\tat org.testng.internal.Invoker.invokeMethod(Invoker.java:639)\r\n\tat org.testng.internal.Invoker.invokeTestMethod(Invoker.java:816)\r\n\tat org.testng.internal.Invoker.invokeTestMethods(Invoker.java:1124)\r\n\tat org.testng.internal.TestMethodWorker.invokeTestMethods(TestMethodWorker.java:125)\r\n\tat org.testng.internal.TestMethodWorker.run(TestMethodWorker.java:108)\r\n\tat org.testng.TestRunner.privateRun(TestRunner.java:774)\r\n\tat org.testng.TestRunner.run(TestRunner.java:624)\r\n\tat org.testng.SuiteRunner.runTest(SuiteRunner.java:359)\r\n\tat org.testng.SuiteRunner.runSequentially(SuiteRunner.java:354)\r\n\tat org.testng.SuiteRunner.privateRun(SuiteRunner.java:312)\r\n\tat org.testng.SuiteRunner.run(SuiteRunner.java:261)\r\n\tat org.testng.SuiteRunnerWorker.runSuite(SuiteRunnerWorker.java:52)\r\n\tat org.testng.SuiteRunnerWorker.run(SuiteRunnerWorker.java:86)\r\n\tat org.testng.TestNG.runSuitesSequentially(TestNG.java:1215)\r\n\tat org.testng.TestNG.runSuitesLocally(TestNG.java:1140)\r\n\tat org.testng.TestNG.run(TestNG.java:1048)\r\n\tat org.apache.maven.surefire.testng.TestNGExecutor.run(TestNGExecutor.java:283)\r\n\tat org.apache.maven.surefire.testng.TestNGXmlTestSuite.execute(TestNGXmlTestSuite.java:75)\r\n\tat org.apache.maven.surefire.testng.TestNGProvider.invoke(TestNGProvider.java:120)\r\n\tat org.apache.maven.surefire.booter.ForkedBooter.invokeProviderInSameClassLoader(ForkedBooter.java:384)\r\n\tat org.apache.maven.surefire.booter.ForkedBooter.runSuitesInProcess(ForkedBooter.java:345)\r\n\tat org.apache.maven.surefire.booter.ForkedBooter.execute(ForkedBooter.java:126)\r\n\tat org.apache.maven.surefire.booter.ForkedBooter.main(ForkedBooter.java:418)\r\nCaused by: org.openqa.selenium.TimeoutException: Expected condition failed: waiting for shdsd.selenium.Tools.BaseTest$1@47b33e07 (tried for 10 second(s) with 500 MILLISECONDS interval)\r\n\tat org.openqa.selenium.support.ui.WebDriverWait.timeoutException(WebDriverWait.java:80)\r\n\tat org.openqa.selenium.support.ui.FluentWait.until(FluentWait.java:232)\r\n\tat shdsd.selenium.Tools.BaseTest.getElement(BaseTest.java:76)\r\n\tat shdsd.selenium.Tools.BaseTest.getElement(BaseTest.java:69)\r\n\tat shdsd.selenium.Tools.BaseTest.click(BaseTest.java:163)\r\n\tat TestCase.V1_4.workReport.RPCMSD2092.rPCMSD2092(RPCMSD2092.java:16)\r\n\t... 28 more\r\nCaused by: org.openqa.selenium.NoSuchElementException: no such element: Unable to locate element: {\"method\":\"css selector\",\"selector\":\".sc-bAeIUo:nth-child(4) .GridColumnElement__GridColumn-sc-57x38k-0\"}\n  (Session info: chrome=84.0.4147.135)\nFor documentation on this error, please visit: http://seleniumhq.org/exceptions/no_such_element.html\nBuild info: version: '3.4.0', revision: 'unknown', time: 'unknown'\nSystem info: host: 'DESKTOP-37BKIHR', ip: '192.168.80.154', os.name: 'Windows 10', os.arch: 'amd64', os.version: '10.0', java.version: '1.8.0_65'\nDriver info: org.openqa.selenium.chrome.ChromeDriver\nCapabilities [{networkConnectionEnabled=false, chrome={chromedriverVersion=83.0.4103.39 (ccbf011cb2d2b19b506d844400483861342c20cd-refs/branch-heads/4103@{#416}), userDataDir=C:\\Users\\Dell\\AppData\\Local\\Temp\\scoped_dir13404_812585541}, timeouts={implicit=0.0, pageLoad=300000.0, script=30000.0}, pageLoadStrategy=normal, unhandledPromptBehavior=dismiss and notify, strictFileInteractability=false, platform=ANY, proxy=Proxy(), goog:chromeOptions={debuggerAddress=localhost:50870}, acceptInsecureCerts=false, browserVersion=84.0.4147.135, browserName=chrome, javascriptEnabled=true, platformName=windows, setWindowRect=true, webauthn:virtualAuthenticators=true}]\nSession ID: f596636f04fb4d32ef2ff12b73ca8462\n*** Element info: {Using=css selector, value=.sc-bAeIUo:nth-child(4) .GridColumnElement__GridColumn-sc-57x38k-0}\r\n\tat sun.reflect.GeneratedConstructorAccessor10.newInstance(Unknown Source)\r\n\tat sun.reflect.DelegatingConstructorAccessorImpl.newInstance(DelegatingConstructorAccessorImpl.java:45)\r\n\tat java.lang.reflect.Constructor.newInstance(Constructor.java:422)\r\n\tat org.openqa.selenium.remote.http.W3CHttpResponseCodec.createException(W3CHttpResponseCodec.java:150)\r\n\tat org.openqa.selenium.remote.http.W3CHttpResponseCodec.decode(W3CHttpResponseCodec.java:115)\r\n\tat org.openqa.selenium.remote.http.W3CHttpResponseCodec.decode(W3CHttpResponseCodec.java:45)\r\n\tat org.openqa.selenium.remote.HttpCommandExecutor.execute(HttpCommandExecutor.java:164)\r\n\tat org.openqa.selenium.remote.service.DriverCommandExecutor.execute(DriverCommandExecutor.java:82)\r\n\tat org.openqa.selenium.remote.RemoteWebDriver.execute(RemoteWebDriver.java:637)\r\n\tat org.openqa.selenium.remote.RemoteWebDriver.findElement(RemoteWebDriver.java:410)\r\n\tat org.openqa.selenium.remote.RemoteWebDriver.findElementByCssSelector(RemoteWebDriver.java:501)\r\n\tat org.openqa.selenium.By$ByCssSelector.findElement(By.java:430)\r\n\tat org.openqa.selenium.remote.RemoteWebDriver.findElement(RemoteWebDriver.java:402)\r\n\tat shdsd.selenium.Tools.BaseTest$1.apply(BaseTest.java:79)\r\n\tat shdsd.selenium.Tools.BaseTest$1.apply(BaseTest.java:76)\r\n\tat org.openqa.selenium.support.ui.FluentWait.until(FluentWait.java:209)\r\n\t... 32 more\r\n"},"stage":"finished","steps":[],"attachments":[{"name":"Failure in method rPCMSD2092","source":"93ea4328-d24e-4613-9a2b-428efc98b6a9-attachment","type":"image/png"}],"parameters":[{"name":"seleniumVersion","value":"2.x"},{"name":"browName","value":"Chrome"}],"start":1598358894980,"stop":1598358907512,"uuid":"f790b829-cf07-4aeb-964e-d544549a8fdc","historyId":"c5e88892c0b119b5304f5791d14e8bb7","fullName":"TestCase.V1_4.workReport.RPCMSD2092.rPCMSD2092","labels":[{"name":"package","value":"TestCase.V1_4.workReport.RPCMSD2092"},{"name":"testClass","value":"TestCase.V1_4.workReport.RPCMSD2092"},{"name":"testMethod","value":"rPCMSD2092"},{"name":"parentSuite","value":"Suite"},{"name":"suite","value":"TimeWise"},{"name":"subSuite","value":"TestCase.V1_4.workReport.RPCMSD2092"},{"name":"host","value":"DESKTOP-37BKIHR"},{"name":"thread","value":"16444@DESKTOP-37BKIHR.main(1)"},{"name":"framework","value":"testng"},{"name":"language","value":"java"}],"links":[]}