-------------------------------------------------------------------------------
Test set: TestSuite
-------------------------------------------------------------------------------
Tests run: 87, Failures: 62, Errors: 0, Skipped: 0, Time elapsed: 878.307 s <<< FAILURE! - in TestSuite
RPCMSD1004(TestCase.V1_1.IssuePage.WorkLog.RPCMSD1004)  Time elapsed: 30.469 s  <<< FAILURE!
java.lang.Exception: org.openqa.selenium.TimeoutException: Expected condition failed: waiting for shdsd.selenium.Tools.BaseTest$1@2404b5a (tried for 10 second(s) with 500 MILLISECONDS interval)
	at TestCase.V1_1.IssuePage.WorkLog.RPCMSD1004.RPCMSD1004(RPCMSD1004.java:59)
Caused by: org.openqa.selenium.TimeoutException: Expected condition failed: waiting for shdsd.selenium.Tools.BaseTest$1@2404b5a (tried for 10 second(s) with 500 MILLISECONDS interval)
	at TestCase.V1_1.IssuePage.WorkLog.RPCMSD1004.RPCMSD1004(RPCMSD1004.java:34)
Caused by: org.openqa.selenium.NoSuchElementException: 
no such element: Unable to locate element: {"method":"partial link text","selector":"登录"}
  (Session info: chrome=84.0.4147.135)
For documentation on this error, please visit: http://seleniumhq.org/exceptions/no_such_element.html
Build info: version: '3.4.0', revision: 'unknown', time: 'unknown'
System info: host: 'DESKTOP-37BKIHR', ip: '192.168.80.154', os.name: 'Windows 10', os.arch: 'amd64', os.version: '10.0', java.version: '1.8.0_65'
Driver info: org.openqa.selenium.chrome.ChromeDriver
Capabilities [{networkConnectionEnabled=false, chrome={chromedriverVersion=83.0.4103.39 (ccbf011cb2d2b19b506d844400483861342c20cd-refs/branch-heads/4103@{#416}), userDataDir=C:\Users\Dell\AppData\Local\Temp\scoped_dir13404_812585541}, timeouts={implicit=0.0, pageLoad=300000.0, script=30000.0}, pageLoadStrategy=normal, unhandledPromptBehavior=dismiss and notify, strictFileInteractability=false, platform=ANY, proxy=Proxy(), goog:chromeOptions={debuggerAddress=localhost:50870}, acceptInsecureCerts=false, browserVersion=84.0.4147.135, browserName=chrome, javascriptEnabled=true, platformName=windows, setWindowRect=true, webauthn:virtualAuthenticators=true}]
Session ID: f596636f04fb4d32ef2ff12b73ca8462
*** Element info: {Using=partial link text, value=登录}
	at TestCase.V1_1.IssuePage.WorkLog.RPCMSD1004.RPCMSD1004(RPCMSD1004.java:34)

RPCMSD1721(TestCase.V1_2.Configure.Calendar_configuration.RPCMSD1721)  Time elapsed: 2.873 s  <<< FAILURE!
java.lang.Exception: java.lang.IndexOutOfBoundsException: Index: 1, Size: 0
	at TestCase.V1_2.Configure.Calendar_configuration.RPCMSD1721.RPCMSD1721(RPCMSD1721.java:92)
Caused by: java.lang.IndexOutOfBoundsException: Index: 1, Size: 0
	at TestCase.V1_2.Configure.Calendar_configuration.RPCMSD1721.RPCMSD1721(RPCMSD1721.java:24)

RPCMSD1889(TestCase.V1_3.Project.RPCMSD1889)  Time elapsed: 18.541 s  <<< FAILURE!
java.lang.Exception: org.openqa.selenium.TimeoutException: Expected condition failed: waiting for shdsd.selenium.Tools.BaseTest$1@6f347d7 (tried for 10 second(s) with 500 MILLISECONDS interval)
	at TestCase.V1_3.Project.RPCMSD1889.RPCMSD1889(RPCMSD1889.java:44)
Caused by: org.openqa.selenium.TimeoutException: Expected condition failed: waiting for shdsd.selenium.Tools.BaseTest$1@6f347d7 (tried for 10 second(s) with 500 MILLISECONDS interval)
	at TestCase.V1_3.Project.RPCMSD1889.RPCMSD1889(RPCMSD1889.java:24)
Caused by: org.openqa.selenium.NoSuchElementException: 
no such element: Unable to locate element: {"method":"css selector","selector":"a[title="TEST Project"][href="/plugins/servlet/project-config/AAAAA/summary"]"}
  (Session info: chrome=84.0.4147.135)
For documentation on this error, please visit: http://seleniumhq.org/exceptions/no_such_element.html
Build info: version: '3.4.0', revision: 'unknown', time: 'unknown'
System info: host: 'DESKTOP-37BKIHR', ip: '192.168.80.154', os.name: 'Windows 10', os.arch: 'amd64', os.version: '10.0', java.version: '1.8.0_65'
Driver info: org.openqa.selenium.chrome.ChromeDriver
Capabilities [{networkConnectionEnabled=false, chrome={chromedriverVersion=83.0.4103.39 (ccbf011cb2d2b19b506d844400483861342c20cd-refs/branch-heads/4103@{#416}), userDataDir=C:\Users\Dell\AppData\Local\Temp\scoped_dir13404_812585541}, timeouts={implicit=0.0, pageLoad=300000.0, script=30000.0}, pageLoadStrategy=normal, unhandledPromptBehavior=dismiss and notify, strictFileInteractability=false, platform=ANY, proxy=Proxy(), goog:chromeOptions={debuggerAddress=localhost:50870}, acceptInsecureCerts=false, browserVersion=84.0.4147.135, browserName=chrome, javascriptEnabled=true, platformName=windows, setWindowRect=true, webauthn:virtualAuthenticators=true}]
Session ID: f596636f04fb4d32ef2ff12b73ca8462
*** Element info: {Using=css selector, value=a[title="TEST Project"][href="/plugins/servlet/project-config/AAAAA/summary"]}
	at TestCase.V1_3.Project.RPCMSD1889.RPCMSD1889(RPCMSD1889.java:24)

LogDrag(TestCase.V1_5.Log.LogDrag)  Time elapsed: 10.776 s  <<< FAILURE!
java.lang.Exception: org.openqa.selenium.TimeoutException: Expected condition failed: waiting for shdsd.selenium.Tools.BaseTest$1@331ff3ac (tried for 10 second(s) with 500 MILLISECONDS interval)
	at TestCase.V1_5.Log.LogDrag.LogDrag(LogDrag.java:76)
Caused by: org.openqa.selenium.TimeoutException: Expected condition failed: waiting for shdsd.selenium.Tools.BaseTest$1@331ff3ac (tried for 10 second(s) with 500 MILLISECONDS interval)
	at TestCase.V1_5.Log.LogDrag.LogDrag(LogDrag.java:42)
Caused by: org.openqa.selenium.NoSuchElementException: 
no such element: Unable to locate element: {"method":"css selector","selector":"#timSheetCalendar_toggleDialog1"}
  (Session info: chrome=84.0.4147.135)
For documentation on this error, please visit: http://seleniumhq.org/exceptions/no_such_element.html
Build info: version: '3.4.0', revision: 'unknown', time: 'unknown'
System info: host: 'DESKTOP-37BKIHR', ip: '192.168.80.154', os.name: 'Windows 10', os.arch: 'amd64', os.version: '10.0', java.version: '1.8.0_65'
Driver info: org.openqa.selenium.chrome.ChromeDriver
Capabilities [{networkConnectionEnabled=false, chrome={chromedriverVersion=83.0.4103.39 (ccbf011cb2d2b19b506d844400483861342c20cd-refs/branch-heads/4103@{#416}), userDataDir=C:\Users\Dell\AppData\Local\Temp\scoped_dir13404_812585541}, timeouts={implicit=0.0, pageLoad=300000.0, script=30000.0}, pageLoadStrategy=normal, unhandledPromptBehavior=dismiss and notify, strictFileInteractability=false, platform=ANY, proxy=Proxy(), goog:chromeOptions={debuggerAddress=localhost:50870}, acceptInsecureCerts=false, browserVersion=84.0.4147.135, browserName=chrome, javascriptEnabled=true, platformName=windows, setWindowRect=true, webauthn:virtualAuthenticators=true}]
Session ID: f596636f04fb4d32ef2ff12b73ca8462
*** Element info: {Using=id, value=timSheetCalendar_toggleDialog1}
	at TestCase.V1_5.Log.LogDrag.LogDrag(LogDrag.java:42)

RPCMSD1017(TestCase.V1_1.IssuePage.WorkLog.RPCMSD1017)  Time elapsed: 4.107 s  <<< FAILURE!
java.lang.Exception: 
org.openqa.selenium.ElementNotInteractableException: element not interactable
  (Session info: chrome=84.0.4147.135)
Build info: version: '3.4.0', revision: 'unknown', time: 'unknown'
System info: host: 'DESKTOP-37BKIHR', ip: '192.168.80.154', os.name: 'Windows 10', os.arch: 'amd64', os.version: '10.0', java.version: '1.8.0_65'
Driver info: org.openqa.selenium.chrome.ChromeDriver
Capabilities [{networkConnectionEnabled=false, chrome={chromedriverVersion=83.0.4103.39 (ccbf011cb2d2b19b506d844400483861342c20cd-refs/branch-heads/4103@{#416}), userDataDir=C:\Users\Dell\AppData\Local\Temp\scoped_dir13404_812585541}, timeouts={implicit=0.0, pageLoad=300000.0, script=30000.0}, pageLoadStrategy=normal, unhandledPromptBehavior=dismiss and notify, strictFileInteractability=false, platform=ANY, proxy=Proxy(), goog:chromeOptions={debuggerAddress=localhost:50870}, acceptInsecureCerts=false, browserVersion=84.0.4147.135, browserName=chrome, javascriptEnabled=true, platformName=windows, setWindowRect=true, webauthn:virtualAuthenticators=true}]
Session ID: f596636f04fb4d32ef2ff12b73ca8462
	at TestCase.V1_1.IssuePage.WorkLog.RPCMSD1017.RPCMSD1017(RPCMSD1017.java:39)
Caused by: org.openqa.selenium.ElementNotInteractableException: 
element not interactable
  (Session info: chrome=84.0.4147.135)
Build info: version: '3.4.0', revision: 'unknown', time: 'unknown'
System info: host: 'DESKTOP-37BKIHR', ip: '192.168.80.154', os.name: 'Windows 10', os.arch: 'amd64', os.version: '10.0', java.version: '1.8.0_65'
Driver info: org.openqa.selenium.chrome.ChromeDriver
Capabilities [{networkConnectionEnabled=false, chrome={chromedriverVersion=83.0.4103.39 (ccbf011cb2d2b19b506d844400483861342c20cd-refs/branch-heads/4103@{#416}), userDataDir=C:\Users\Dell\AppData\Local\Temp\scoped_dir13404_812585541}, timeouts={implicit=0.0, pageLoad=300000.0, script=30000.0}, pageLoadStrategy=normal, unhandledPromptBehavior=dismiss and notify, strictFileInteractability=false, platform=ANY, proxy=Proxy(), goog:chromeOptions={debuggerAddress=localhost:50870}, acceptInsecureCerts=false, browserVersion=84.0.4147.135, browserName=chrome, javascriptEnabled=true, platformName=windows, setWindowRect=true, webauthn:virtualAuthenticators=true}]
Session ID: f596636f04fb4d32ef2ff12b73ca8462
	at TestCase.V1_1.IssuePage.WorkLog.RPCMSD1017.RPCMSD1017(RPCMSD1017.java:23)

RPCMSD1724(TestCase.V1_2.Configure.Calendar_configuration.RPCMSD1724)  Time elapsed: 7.129 s  <<< FAILURE!
java.lang.Exception: java.lang.IndexOutOfBoundsException: Index: 1, Size: 0
	at TestCase.V1_2.Configure.Calendar_configuration.RPCMSD1724.RPCMSD1724(RPCMSD1724.java:145)
Caused by: java.lang.IndexOutOfBoundsException: Index: 1, Size: 0
	at TestCase.V1_2.Configure.Calendar_configuration.RPCMSD1724.RPCMSD1724(RPCMSD1724.java:24)

RPCMSD1878(TestCase.V1_3.systemSetting.RPCMSD1878)  Time elapsed: 12.352 s  <<< FAILURE!
java.lang.Exception: org.openqa.selenium.TimeoutException: Expected condition failed: waiting for shdsd.selenium.Tools.BaseTest$1@3ab35b9c (tried for 10 second(s) with 500 MILLISECONDS interval)
	at TestCase.V1_3.systemSetting.RPCMSD1878.RPCMSD1878(RPCMSD1878.java:42)
Caused by: org.openqa.selenium.TimeoutException: Expected condition failed: waiting for shdsd.selenium.Tools.BaseTest$1@3ab35b9c (tried for 10 second(s) with 500 MILLISECONDS interval)
	at TestCase.V1_3.systemSetting.RPCMSD1878.RPCMSD1878(RPCMSD1878.java:36)
Caused by: org.openqa.selenium.NoSuchElementException: 
no such element: Unable to locate element: {"method":"xpath","selector":"//*[@id="shdsd-FineTimesheet-SystemSetting-root-div"]/div/div/div/div/div[2]/div/div/div/div[2]/label/div"}
  (Session info: chrome=84.0.4147.135)
For documentation on this error, please visit: http://seleniumhq.org/exceptions/no_such_element.html
Build info: version: '3.4.0', revision: 'unknown', time: 'unknown'
System info: host: 'DESKTOP-37BKIHR', ip: '192.168.80.154', os.name: 'Windows 10', os.arch: 'amd64', os.version: '10.0', java.version: '1.8.0_65'
Driver info: org.openqa.selenium.chrome.ChromeDriver
Capabilities [{networkConnectionEnabled=false, chrome={chromedriverVersion=83.0.4103.39 (ccbf011cb2d2b19b506d844400483861342c20cd-refs/branch-heads/4103@{#416}), userDataDir=C:\Users\Dell\AppData\Local\Temp\scoped_dir13404_812585541}, timeouts={implicit=0.0, pageLoad=300000.0, script=30000.0}, pageLoadStrategy=normal, unhandledPromptBehavior=dismiss and notify, strictFileInteractability=false, platform=ANY, proxy=Proxy(), goog:chromeOptions={debuggerAddress=localhost:50870}, acceptInsecureCerts=false, browserVersion=84.0.4147.135, browserName=chrome, javascriptEnabled=true, platformName=windows, setWindowRect=true, webauthn:virtualAuthenticators=true}]
Session ID: f596636f04fb4d32ef2ff12b73ca8462
*** Element info: {Using=xpath, value=//*[@id="shdsd-FineTimesheet-SystemSetting-root-div"]/div/div/div/div/div[2]/div/div/div/div[2]/label/div}
	at TestCase.V1_3.systemSetting.RPCMSD1878.RPCMSD1878(RPCMSD1878.java:36)

RPCMSD2088(TestCase.V1_4.workReport.RPCMSD2088)  Time elapsed: 12.609 s  <<< FAILURE!
org.openqa.selenium.TimeoutException: Expected condition failed: waiting for shdsd.selenium.Tools.BaseTest$1@2287395 (tried for 10 second(s) with 500 MILLISECONDS interval)
	at TestCase.V1_4.workReport.RPCMSD2088.RPCMSD2088(RPCMSD2088.java:20)
Caused by: org.openqa.selenium.NoSuchElementException: 
no such element: Unable to locate element: {"method":"css selector","selector":".sc-gqjmRU:nth-child(4) .Droplist-sc-1z05y4v-0 .Icon__IconWrapper-dyhwwi-0"}
  (Session info: chrome=84.0.4147.135)
For documentation on this error, please visit: http://seleniumhq.org/exceptions/no_such_element.html
Build info: version: '3.4.0', revision: 'unknown', time: 'unknown'
System info: host: 'DESKTOP-37BKIHR', ip: '192.168.80.154', os.name: 'Windows 10', os.arch: 'amd64', os.version: '10.0', java.version: '1.8.0_65'
Driver info: org.openqa.selenium.chrome.ChromeDriver
Capabilities [{networkConnectionEnabled=false, chrome={chromedriverVersion=83.0.4103.39 (ccbf011cb2d2b19b506d844400483861342c20cd-refs/branch-heads/4103@{#416}), userDataDir=C:\Users\Dell\AppData\Local\Temp\scoped_dir13404_812585541}, timeouts={implicit=0.0, pageLoad=300000.0, script=30000.0}, pageLoadStrategy=normal, unhandledPromptBehavior=dismiss and notify, strictFileInteractability=false, platform=ANY, proxy=Proxy(), goog:chromeOptions={debuggerAddress=localhost:50870}, acceptInsecureCerts=false, browserVersion=84.0.4147.135, browserName=chrome, javascriptEnabled=true, platformName=windows, setWindowRect=true, webauthn:virtualAuthenticators=true}]
Session ID: f596636f04fb4d32ef2ff12b73ca8462
*** Element info: {Using=css selector, value=.sc-gqjmRU:nth-child(4) .Droplist-sc-1z05y4v-0 .Icon__IconWrapper-dyhwwi-0}
	at TestCase.V1_4.workReport.RPCMSD2088.RPCMSD2088(RPCMSD2088.java:20)

PLanDrag(TestCase.V1_5.Plan.PLanDrag)  Time elapsed: 10.738 s  <<< FAILURE!
java.lang.Exception: org.openqa.selenium.TimeoutException: Expected condition failed: waiting for shdsd.selenium.Tools.BaseTest$1@62b09715 (tried for 10 second(s) with 500 MILLISECONDS interval)
	at TestCase.V1_5.Plan.PLanDrag.PLanDrag(PLanDrag.java:77)
Caused by: org.openqa.selenium.TimeoutException: Expected condition failed: waiting for shdsd.selenium.Tools.BaseTest$1@62b09715 (tried for 10 second(s) with 500 MILLISECONDS interval)
	at TestCase.V1_5.Plan.PLanDrag.PLanDrag(PLanDrag.java:43)
Caused by: org.openqa.selenium.NoSuchElementException: 
no such element: Unable to locate element: {"method":"css selector","selector":"#timSheetCalendar_toggleDialog1"}
  (Session info: chrome=84.0.4147.135)
For documentation on this error, please visit: http://seleniumhq.org/exceptions/no_such_element.html
Build info: version: '3.4.0', revision: 'unknown', time: 'unknown'
System info: host: 'DESKTOP-37BKIHR', ip: '192.168.80.154', os.name: 'Windows 10', os.arch: 'amd64', os.version: '10.0', java.version: '1.8.0_65'
Driver info: org.openqa.selenium.chrome.ChromeDriver
Capabilities [{networkConnectionEnabled=false, chrome={chromedriverVersion=83.0.4103.39 (ccbf011cb2d2b19b506d844400483861342c20cd-refs/branch-heads/4103@{#416}), userDataDir=C:\Users\Dell\AppData\Local\Temp\scoped_dir13404_812585541}, timeouts={implicit=0.0, pageLoad=300000.0, script=30000.0}, pageLoadStrategy=normal, unhandledPromptBehavior=dismiss and notify, strictFileInteractability=false, platform=ANY, proxy=Proxy(), goog:chromeOptions={debuggerAddress=localhost:50870}, acceptInsecureCerts=false, browserVersion=84.0.4147.135, browserName=chrome, javascriptEnabled=true, platformName=windows, setWindowRect=true, webauthn:virtualAuthenticators=true}]
Session ID: f596636f04fb4d32ef2ff12b73ca8462
*** Element info: {Using=id, value=timSheetCalendar_toggleDialog1}
	at TestCase.V1_5.Plan.PLanDrag.PLanDrag(PLanDrag.java:43)

RPCMSD1018(TestCase.V1_1.IssuePage.WorkLog.RPCMSD1018)  Time elapsed: 3.918 s  <<< FAILURE!
java.lang.Exception: 
org.openqa.selenium.ElementNotInteractableException: element not interactable
  (Session info: chrome=84.0.4147.135)
Build info: version: '3.4.0', revision: 'unknown', time: 'unknown'
System info: host: 'DESKTOP-37BKIHR', ip: '192.168.80.154', os.name: 'Windows 10', os.arch: 'amd64', os.version: '10.0', java.version: '1.8.0_65'
Driver info: org.openqa.selenium.chrome.ChromeDriver
Capabilities [{networkConnectionEnabled=false, chrome={chromedriverVersion=83.0.4103.39 (ccbf011cb2d2b19b506d844400483861342c20cd-refs/branch-heads/4103@{#416}), userDataDir=C:\Users\Dell\AppData\Local\Temp\scoped_dir13404_812585541}, timeouts={implicit=0.0, pageLoad=300000.0, script=30000.0}, pageLoadStrategy=normal, unhandledPromptBehavior=dismiss and notify, strictFileInteractability=false, platform=ANY, proxy=Proxy(), goog:chromeOptions={debuggerAddress=localhost:50870}, acceptInsecureCerts=false, browserVersion=84.0.4147.135, browserName=chrome, javascriptEnabled=true, platformName=windows, setWindowRect=true, webauthn:virtualAuthenticators=true}]
Session ID: f596636f04fb4d32ef2ff12b73ca8462
	at TestCase.V1_1.IssuePage.WorkLog.RPCMSD1018.RPCMSD1018(RPCMSD1018.java:48)
Caused by: org.openqa.selenium.ElementNotInteractableException: 
element not interactable
  (Session info: chrome=84.0.4147.135)
Build info: version: '3.4.0', revision: 'unknown', time: 'unknown'
System info: host: 'DESKTOP-37BKIHR', ip: '192.168.80.154', os.name: 'Windows 10', os.arch: 'amd64', os.version: '10.0', java.version: '1.8.0_65'
Driver info: org.openqa.selenium.chrome.ChromeDriver
Capabilities [{networkConnectionEnabled=false, chrome={chromedriverVersion=83.0.4103.39 (ccbf011cb2d2b19b506d844400483861342c20cd-refs/branch-heads/4103@{#416}), userDataDir=C:\Users\Dell\AppData\Local\Temp\scoped_dir13404_812585541}, timeouts={implicit=0.0, pageLoad=300000.0, script=30000.0}, pageLoadStrategy=normal, unhandledPromptBehavior=dismiss and notify, strictFileInteractability=false, platform=ANY, proxy=Proxy(), goog:chromeOptions={debuggerAddress=localhost:50870}, acceptInsecureCerts=false, browserVersion=84.0.4147.135, browserName=chrome, javascriptEnabled=true, platformName=windows, setWindowRect=true, webauthn:virtualAuthenticators=true}]
Session ID: f596636f04fb4d32ef2ff12b73ca8462
	at TestCase.V1_1.IssuePage.WorkLog.RPCMSD1018.RPCMSD1018(RPCMSD1018.java:23)

RPCMSD1727(TestCase.V1_2.Configure.Calendar_configuration.RPCMSD1727)  Time elapsed: 2.237 s  <<< FAILURE!
java.lang.Exception: java.lang.IndexOutOfBoundsException: Index: 1, Size: 0
	at TestCase.V1_2.Configure.Calendar_configuration.RPCMSD1727.RPCMSD1727(RPCMSD1727.java:59)
Caused by: java.lang.IndexOutOfBoundsException: Index: 1, Size: 0
	at TestCase.V1_2.Configure.Calendar_configuration.RPCMSD1727.RPCMSD1727(RPCMSD1727.java:24)

RPCMSD1901(TestCase.V1_3.systemSetting.RPCMSD1901)  Time elapsed: 14.264 s  <<< FAILURE!
java.lang.Exception: org.openqa.selenium.TimeoutException: Expected condition failed: waiting for shdsd.selenium.Tools.BaseTest$1@7f13811b (tried for 10 second(s) with 500 MILLISECONDS interval)
	at TestCase.V1_3.systemSetting.RPCMSD1901.RPCMSD1901(RPCMSD1901.java:39)
Caused by: org.openqa.selenium.TimeoutException: Expected condition failed: waiting for shdsd.selenium.Tools.BaseTest$1@7f13811b (tried for 10 second(s) with 500 MILLISECONDS interval)
	at TestCase.V1_3.systemSetting.RPCMSD1901.RPCMSD1901(RPCMSD1901.java:30)
Caused by: org.openqa.selenium.NoSuchElementException: 
no such element: Unable to locate element: {"method":"css selector","selector":"#workLogAndPlan-submit-button .css-t5emrf"}
  (Session info: chrome=84.0.4147.135)
For documentation on this error, please visit: http://seleniumhq.org/exceptions/no_such_element.html
Build info: version: '3.4.0', revision: 'unknown', time: 'unknown'
System info: host: 'DESKTOP-37BKIHR', ip: '192.168.80.154', os.name: 'Windows 10', os.arch: 'amd64', os.version: '10.0', java.version: '1.8.0_65'
Driver info: org.openqa.selenium.chrome.ChromeDriver
Capabilities [{networkConnectionEnabled=false, chrome={chromedriverVersion=83.0.4103.39 (ccbf011cb2d2b19b506d844400483861342c20cd-refs/branch-heads/4103@{#416}), userDataDir=C:\Users\Dell\AppData\Local\Temp\scoped_dir13404_812585541}, timeouts={implicit=0.0, pageLoad=300000.0, script=30000.0}, pageLoadStrategy=normal, unhandledPromptBehavior=dismiss and notify, strictFileInteractability=false, platform=ANY, proxy=Proxy(), goog:chromeOptions={debuggerAddress=localhost:50870}, acceptInsecureCerts=false, browserVersion=84.0.4147.135, browserName=chrome, javascriptEnabled=true, platformName=windows, setWindowRect=true, webauthn:virtualAuthenticators=true}]
Session ID: f596636f04fb4d32ef2ff12b73ca8462
*** Element info: {Using=css selector, value=#workLogAndPlan-submit-button .css-t5emrf}
	at TestCase.V1_3.systemSetting.RPCMSD1901.RPCMSD1901(RPCMSD1901.java:30)

rPCMSD2089(TestCase.V1_4.workReport.RPCMSD2089)  Time elapsed: 12.681 s  <<< FAILURE!
java.lang.Exception: org.openqa.selenium.TimeoutException: Expected condition failed: waiting for shdsd.selenium.Tools.BaseTest$1@32091c14 (tried for 10 second(s) with 500 MILLISECONDS interval)
	at TestCase.V1_4.workReport.RPCMSD2089.rPCMSD2089(RPCMSD2089.java:36)
Caused by: org.openqa.selenium.TimeoutException: Expected condition failed: waiting for shdsd.selenium.Tools.BaseTest$1@32091c14 (tried for 10 second(s) with 500 MILLISECONDS interval)
	at TestCase.V1_4.workReport.RPCMSD2089.rPCMSD2089(RPCMSD2089.java:19)
Caused by: org.openqa.selenium.NoSuchElementException: 
no such element: Unable to locate element: {"method":"css selector","selector":".sc-gqjmRU:nth-child(1) .Droplist-sc-1z05y4v-0 .Icon__IconWrapper-dyhwwi-0"}
  (Session info: chrome=84.0.4147.135)
For documentation on this error, please visit: http://seleniumhq.org/exceptions/no_such_element.html
Build info: version: '3.4.0', revision: 'unknown', time: 'unknown'
System info: host: 'DESKTOP-37BKIHR', ip: '192.168.80.154', os.name: 'Windows 10', os.arch: 'amd64', os.version: '10.0', java.version: '1.8.0_65'
Driver info: org.openqa.selenium.chrome.ChromeDriver
Capabilities [{networkConnectionEnabled=false, chrome={chromedriverVersion=83.0.4103.39 (ccbf011cb2d2b19b506d844400483861342c20cd-refs/branch-heads/4103@{#416}), userDataDir=C:\Users\Dell\AppData\Local\Temp\scoped_dir13404_812585541}, timeouts={implicit=0.0, pageLoad=300000.0, script=30000.0}, pageLoadStrategy=normal, unhandledPromptBehavior=dismiss and notify, strictFileInteractability=false, platform=ANY, proxy=Proxy(), goog:chromeOptions={debuggerAddress=localhost:50870}, acceptInsecureCerts=false, browserVersion=84.0.4147.135, browserName=chrome, javascriptEnabled=true, platformName=windows, setWindowRect=true, webauthn:virtualAuthenticators=true}]
Session ID: f596636f04fb4d32ef2ff12b73ca8462
*** Element info: {Using=css selector, value=.sc-gqjmRU:nth-child(1) .Droplist-sc-1z05y4v-0 .Icon__IconWrapper-dyhwwi-0}
	at TestCase.V1_4.workReport.RPCMSD2089.rPCMSD2089(RPCMSD2089.java:19)

RPCMSD1020(TestCase.V1_1.IssuePage.WorkLog.RPCMSD1020)  Time elapsed: 3.732 s  <<< FAILURE!
java.lang.Exception: 
org.openqa.selenium.ElementNotInteractableException: element not interactable
  (Session info: chrome=84.0.4147.135)
Build info: version: '3.4.0', revision: 'unknown', time: 'unknown'
System info: host: 'DESKTOP-37BKIHR', ip: '192.168.80.154', os.name: 'Windows 10', os.arch: 'amd64', os.version: '10.0', java.version: '1.8.0_65'
Driver info: org.openqa.selenium.chrome.ChromeDriver
Capabilities [{networkConnectionEnabled=false, chrome={chromedriverVersion=83.0.4103.39 (ccbf011cb2d2b19b506d844400483861342c20cd-refs/branch-heads/4103@{#416}), userDataDir=C:\Users\Dell\AppData\Local\Temp\scoped_dir13404_812585541}, timeouts={implicit=0.0, pageLoad=300000.0, script=30000.0}, pageLoadStrategy=normal, unhandledPromptBehavior=dismiss and notify, strictFileInteractability=false, platform=ANY, proxy=Proxy(), goog:chromeOptions={debuggerAddress=localhost:50870}, acceptInsecureCerts=false, browserVersion=84.0.4147.135, browserName=chrome, javascriptEnabled=true, platformName=windows, setWindowRect=true, webauthn:virtualAuthenticators=true}]
Session ID: f596636f04fb4d32ef2ff12b73ca8462
	at TestCase.V1_1.IssuePage.WorkLog.RPCMSD1020.RPCMSD1020(RPCMSD1020.java:57)
Caused by: org.openqa.selenium.ElementNotInteractableException: 
element not interactable
  (Session info: chrome=84.0.4147.135)
Build info: version: '3.4.0', revision: 'unknown', time: 'unknown'
System info: host: 'DESKTOP-37BKIHR', ip: '192.168.80.154', os.name: 'Windows 10', os.arch: 'amd64', os.version: '10.0', java.version: '1.8.0_65'
Driver info: org.openqa.selenium.chrome.ChromeDriver
Capabilities [{networkConnectionEnabled=false, chrome={chromedriverVersion=83.0.4103.39 (ccbf011cb2d2b19b506d844400483861342c20cd-refs/branch-heads/4103@{#416}), userDataDir=C:\Users\Dell\AppData\Local\Temp\scoped_dir13404_812585541}, timeouts={implicit=0.0, pageLoad=300000.0, script=30000.0}, pageLoadStrategy=normal, unhandledPromptBehavior=dismiss and notify, strictFileInteractability=false, platform=ANY, proxy=Proxy(), goog:chromeOptions={debuggerAddress=localhost:50870}, acceptInsecureCerts=false, browserVersion=84.0.4147.135, browserName=chrome, javascriptEnabled=true, platformName=windows, setWindowRect=true, webauthn:virtualAuthenticators=true}]
Session ID: f596636f04fb4d32ef2ff12b73ca8462
	at TestCase.V1_1.IssuePage.WorkLog.RPCMSD1020.RPCMSD1020(RPCMSD1020.java:23)

RPCMSD1728(TestCase.V1_2.Configure.Calendar_configuration.RPCMSD1728)  Time elapsed: 2.489 s  <<< FAILURE!
java.lang.Exception: java.lang.IndexOutOfBoundsException: Index: 1, Size: 0
	at TestCase.V1_2.Configure.Calendar_configuration.RPCMSD1728.RPCMSD1728(RPCMSD1728.java:66)
Caused by: java.lang.IndexOutOfBoundsException: Index: 1, Size: 0
	at TestCase.V1_2.Configure.Calendar_configuration.RPCMSD1728.RPCMSD1728(RPCMSD1728.java:25)

RPCMSD1886(TestCase.V1_3.worklog.RPCMSD1886)  Time elapsed: 19.404 s  <<< FAILURE!
java.lang.Exception: org.openqa.selenium.TimeoutException: Expected condition failed: waiting for shdsd.selenium.Tools.BaseTest$1@4e245739 (tried for 10 second(s) with 500 MILLISECONDS interval)
	at TestCase.V1_3.worklog.RPCMSD1886.RPCMSD1886(RPCMSD1886.java:146)
Caused by: org.openqa.selenium.TimeoutException: Expected condition failed: waiting for shdsd.selenium.Tools.BaseTest$1@4e245739 (tried for 10 second(s) with 500 MILLISECONDS interval)
	at TestCase.V1_3.worklog.RPCMSD1886.RPCMSD1886(RPCMSD1886.java:56)
Caused by: org.openqa.selenium.NoSuchElementException: 
no such element: Unable to locate element: {"method":"css selector","selector":"div[id='DateColumn02_2_logbtn'][title='Log: 0.5h']"}
  (Session info: chrome=84.0.4147.135)
For documentation on this error, please visit: http://seleniumhq.org/exceptions/no_such_element.html
Build info: version: '3.4.0', revision: 'unknown', time: 'unknown'
System info: host: 'DESKTOP-37BKIHR', ip: '192.168.80.154', os.name: 'Windows 10', os.arch: 'amd64', os.version: '10.0', java.version: '1.8.0_65'
Driver info: org.openqa.selenium.chrome.ChromeDriver
Capabilities [{networkConnectionEnabled=false, chrome={chromedriverVersion=83.0.4103.39 (ccbf011cb2d2b19b506d844400483861342c20cd-refs/branch-heads/4103@{#416}), userDataDir=C:\Users\Dell\AppData\Local\Temp\scoped_dir13404_812585541}, timeouts={implicit=0.0, pageLoad=300000.0, script=30000.0}, pageLoadStrategy=normal, unhandledPromptBehavior=dismiss and notify, strictFileInteractability=false, platform=ANY, proxy=Proxy(), goog:chromeOptions={debuggerAddress=localhost:50870}, acceptInsecureCerts=false, browserVersion=84.0.4147.135, browserName=chrome, javascriptEnabled=true, platformName=windows, setWindowRect=true, webauthn:virtualAuthenticators=true}]
Session ID: f596636f04fb4d32ef2ff12b73ca8462
*** Element info: {Using=css selector, value=div[id='DateColumn02_2_logbtn'][title='Log: 0.5h']}
	at TestCase.V1_3.worklog.RPCMSD1886.RPCMSD1886(RPCMSD1886.java:56)

rPCMSD2090(TestCase.V1_4.workReport.RPCMSD2090)  Time elapsed: 12.357 s  <<< FAILURE!
java.lang.Exception: org.openqa.selenium.TimeoutException: Expected condition failed: waiting for shdsd.selenium.Tools.BaseTest$1@422ab737 (tried for 10 second(s) with 500 MILLISECONDS interval)
	at TestCase.V1_4.workReport.RPCMSD2090.rPCMSD2090(RPCMSD2090.java:135)
Caused by: org.openqa.selenium.TimeoutException: Expected condition failed: waiting for shdsd.selenium.Tools.BaseTest$1@422ab737 (tried for 10 second(s) with 500 MILLISECONDS interval)
	at TestCase.V1_4.workReport.RPCMSD2090.rPCMSD2090(RPCMSD2090.java:16)
Caused by: org.openqa.selenium.NoSuchElementException: 
no such element: Unable to locate element: {"method":"css selector","selector":".sc-bAeIUo:nth-child(4) .GridColumnElement__GridColumn-sc-57x38k-0"}
  (Session info: chrome=84.0.4147.135)
For documentation on this error, please visit: http://seleniumhq.org/exceptions/no_such_element.html
Build info: version: '3.4.0', revision: 'unknown', time: 'unknown'
System info: host: 'DESKTOP-37BKIHR', ip: '192.168.80.154', os.name: 'Windows 10', os.arch: 'amd64', os.version: '10.0', java.version: '1.8.0_65'
Driver info: org.openqa.selenium.chrome.ChromeDriver
Capabilities [{networkConnectionEnabled=false, chrome={chromedriverVersion=83.0.4103.39 (ccbf011cb2d2b19b506d844400483861342c20cd-refs/branch-heads/4103@{#416}), userDataDir=C:\Users\Dell\AppData\Local\Temp\scoped_dir13404_812585541}, timeouts={implicit=0.0, pageLoad=300000.0, script=30000.0}, pageLoadStrategy=normal, unhandledPromptBehavior=dismiss and notify, strictFileInteractability=false, platform=ANY, proxy=Proxy(), goog:chromeOptions={debuggerAddress=localhost:50870}, acceptInsecureCerts=false, browserVersion=84.0.4147.135, browserName=chrome, javascriptEnabled=true, platformName=windows, setWindowRect=true, webauthn:virtualAuthenticators=true}]
Session ID: f596636f04fb4d32ef2ff12b73ca8462
*** Element info: {Using=css selector, value=.sc-bAeIUo:nth-child(4) .GridColumnElement__GridColumn-sc-57x38k-0}
	at TestCase.V1_4.workReport.RPCMSD2090.rPCMSD2090(RPCMSD2090.java:16)

RPCMSD1740(TestCase.V1_2.Configure.Calendar_configuration.RPCMSD1740)  Time elapsed: 6.275 s  <<< FAILURE!
java.lang.Exception: java.lang.IndexOutOfBoundsException: Index: 1, Size: 0
	at TestCase.V1_2.Configure.Calendar_configuration.RPCMSD1740.RPCMSD1740(RPCMSD1740.java:37)
Caused by: java.lang.IndexOutOfBoundsException: Index: 1, Size: 0
	at TestCase.V1_2.Configure.Calendar_configuration.RPCMSD1740.RPCMSD1740(RPCMSD1740.java:25)

RPCMSD1887(TestCase.V1_3.workplan.RPCMSD1887)  Time elapsed: 19.628 s  <<< FAILURE!
java.lang.Exception: org.openqa.selenium.TimeoutException: Expected condition failed: waiting for shdsd.selenium.Tools.BaseTest$1@186d8a71 (tried for 10 second(s) with 500 MILLISECONDS interval)
	at TestCase.V1_3.workplan.RPCMSD1887.RPCMSD1887(RPCMSD1887.java:99)
Caused by: org.openqa.selenium.TimeoutException: Expected condition failed: waiting for shdsd.selenium.Tools.BaseTest$1@186d8a71 (tried for 10 second(s) with 500 MILLISECONDS interval)
	at TestCase.V1_3.workplan.RPCMSD1887.RPCMSD1887(RPCMSD1887.java:49)
Caused by: org.openqa.selenium.NoSuchElementException: 
no such element: Unable to locate element: {"method":"css selector","selector":"div[id='DateColumn02_2_planbtn'][title='Plan: 3h']"}
  (Session info: chrome=84.0.4147.135)
For documentation on this error, please visit: http://seleniumhq.org/exceptions/no_such_element.html
Build info: version: '3.4.0', revision: 'unknown', time: 'unknown'
System info: host: 'DESKTOP-37BKIHR', ip: '192.168.80.154', os.name: 'Windows 10', os.arch: 'amd64', os.version: '10.0', java.version: '1.8.0_65'
Driver info: org.openqa.selenium.chrome.ChromeDriver
Capabilities [{networkConnectionEnabled=false, chrome={chromedriverVersion=83.0.4103.39 (ccbf011cb2d2b19b506d844400483861342c20cd-refs/branch-heads/4103@{#416}), userDataDir=C:\Users\Dell\AppData\Local\Temp\scoped_dir13404_812585541}, timeouts={implicit=0.0, pageLoad=300000.0, script=30000.0}, pageLoadStrategy=normal, unhandledPromptBehavior=dismiss and notify, strictFileInteractability=false, platform=ANY, proxy=Proxy(), goog:chromeOptions={debuggerAddress=localhost:50870}, acceptInsecureCerts=false, browserVersion=84.0.4147.135, browserName=chrome, javascriptEnabled=true, platformName=windows, setWindowRect=true, webauthn:virtualAuthenticators=true}]
Session ID: f596636f04fb4d32ef2ff12b73ca8462
*** Element info: {Using=css selector, value=div[id='DateColumn02_2_planbtn'][title='Plan: 3h']}
	at TestCase.V1_3.workplan.RPCMSD1887.RPCMSD1887(RPCMSD1887.java:49)

rPCMSD2092(TestCase.V1_4.workReport.RPCMSD2092)  Time elapsed: 12.532 s  <<< FAILURE!
java.lang.Exception: org.openqa.selenium.TimeoutException: Expected condition failed: waiting for shdsd.selenium.Tools.BaseTest$1@47b33e07 (tried for 10 second(s) with 500 MILLISECONDS interval)
	at TestCase.V1_4.workReport.RPCMSD2092.rPCMSD2092(RPCMSD2092.java:69)
Caused by: org.openqa.selenium.TimeoutException: Expected condition failed: waiting for shdsd.selenium.Tools.BaseTest$1@47b33e07 (tried for 10 second(s) with 500 MILLISECONDS interval)
	at TestCase.V1_4.workReport.RPCMSD2092.rPCMSD2092(RPCMSD2092.java:16)
Caused by: org.openqa.selenium.NoSuchElementException: 
no such element: Unable to locate element: {"method":"css selector","selector":".sc-bAeIUo:nth-child(4) .GridColumnElement__GridColumn-sc-57x38k-0"}
  (Session info: chrome=84.0.4147.135)
For documentation on this error, please visit: http://seleniumhq.org/exceptions/no_such_element.html
Build info: version: '3.4.0', revision: 'unknown', time: 'unknown'
System info: host: 'DESKTOP-37BKIHR', ip: '192.168.80.154', os.name: 'Windows 10', os.arch: 'amd64', os.version: '10.0', java.version: '1.8.0_65'
Driver info: org.openqa.selenium.chrome.ChromeDriver
Capabilities [{networkConnectionEnabled=false, chrome={chromedriverVersion=83.0.4103.39 (ccbf011cb2d2b19b506d844400483861342c20cd-refs/branch-heads/4103@{#416}), userDataDir=C:\Users\Dell\AppData\Local\Temp\scoped_dir13404_812585541}, timeouts={implicit=0.0, pageLoad=300000.0, script=30000.0}, pageLoadStrategy=normal, unhandledPromptBehavior=dismiss and notify, strictFileInteractability=false, platform=ANY, proxy=Proxy(), goog:chromeOptions={debuggerAddress=localhost:50870}, acceptInsecureCerts=false, browserVersion=84.0.4147.135, browserName=chrome, javascriptEnabled=true, platformName=windows, setWindowRect=true, webauthn:virtualAuthenticators=true}]
Session ID: f596636f04fb4d32ef2ff12b73ca8462
*** Element info: {Using=css selector, value=.sc-bAeIUo:nth-child(4) .GridColumnElement__GridColumn-sc-57x38k-0}
	at TestCase.V1_4.workReport.RPCMSD2092.rPCMSD2092(RPCMSD2092.java:16)

RPCMSD1022(TestCase.V1_1.IssuePage.WorkLog.RPCMSD1022)  Time elapsed: 15.368 s  <<< FAILURE!
java.lang.Exception: org.openqa.selenium.TimeoutException: Expected condition failed: waiting for shdsd.selenium.Tools.BaseTest$1@193bb809 (tried for 10 second(s) with 500 MILLISECONDS interval)
	at TestCase.V1_1.IssuePage.WorkLog.RPCMSD1022.RPCMSD1022(RPCMSD1022.java:47)
Caused by: org.openqa.selenium.TimeoutException: Expected condition failed: waiting for shdsd.selenium.Tools.BaseTest$1@193bb809 (tried for 10 second(s) with 500 MILLISECONDS interval)
	at TestCase.V1_1.IssuePage.WorkLog.RPCMSD1022.RPCMSD1022(RPCMSD1022.java:28)
Caused by: org.openqa.selenium.NoSuchElementException: 
no such element: Unable to locate element: {"method":"css selector","selector":"#react-select-2-option-5 .\\_3tOl5nvkoM9qAgVwhHhK4Y"}
  (Session info: chrome=84.0.4147.135)
For documentation on this error, please visit: http://seleniumhq.org/exceptions/no_such_element.html
Build info: version: '3.4.0', revision: 'unknown', time: 'unknown'
System info: host: 'DESKTOP-37BKIHR', ip: '192.168.80.154', os.name: 'Windows 10', os.arch: 'amd64', os.version: '10.0', java.version: '1.8.0_65'
Driver info: org.openqa.selenium.chrome.ChromeDriver
Capabilities [{networkConnectionEnabled=false, chrome={chromedriverVersion=83.0.4103.39 (ccbf011cb2d2b19b506d844400483861342c20cd-refs/branch-heads/4103@{#416}), userDataDir=C:\Users\Dell\AppData\Local\Temp\scoped_dir13404_812585541}, timeouts={implicit=0.0, pageLoad=300000.0, script=30000.0}, pageLoadStrategy=normal, unhandledPromptBehavior=dismiss and notify, strictFileInteractability=false, platform=ANY, proxy=Proxy(), goog:chromeOptions={debuggerAddress=localhost:50870}, acceptInsecureCerts=false, browserVersion=84.0.4147.135, browserName=chrome, javascriptEnabled=true, platformName=windows, setWindowRect=true, webauthn:virtualAuthenticators=true}]
Session ID: f596636f04fb4d32ef2ff12b73ca8462
*** Element info: {Using=css selector, value=#react-select-2-option-5 .\\_3tOl5nvkoM9qAgVwhHhK4Y}
	at TestCase.V1_1.IssuePage.WorkLog.RPCMSD1022.RPCMSD1022(RPCMSD1022.java:28)

rPCMSD2099(TestCase.V1_4.workReport.RPCMSD2099)  Time elapsed: 14.052 s  <<< FAILURE!
java.lang.Exception: org.openqa.selenium.TimeoutException: Expected condition failed: waiting for shdsd.selenium.Tools.BaseTest$1@3c770db4 (tried for 10 second(s) with 500 MILLISECONDS interval)
	at TestCase.V1_4.workReport.RPCMSD2099.rPCMSD2099(RPCMSD2099.java:52)
Caused by: org.openqa.selenium.TimeoutException: Expected condition failed: waiting for shdsd.selenium.Tools.BaseTest$1@3c770db4 (tried for 10 second(s) with 500 MILLISECONDS interval)
	at TestCase.V1_4.workReport.RPCMSD2099.rPCMSD2099(RPCMSD2099.java:20)
Caused by: org.openqa.selenium.NoSuchElementException: 
no such element: Unable to locate element: {"method":"css selector","selector":".sc-bAeIUo:nth-child(4) .GridColumnElement__GridColumn-sc-57x38k-0"}
  (Session info: chrome=84.0.4147.135)
For documentation on this error, please visit: http://seleniumhq.org/exceptions/no_such_element.html
Build info: version: '3.4.0', revision: 'unknown', time: 'unknown'
System info: host: 'DESKTOP-37BKIHR', ip: '192.168.80.154', os.name: 'Windows 10', os.arch: 'amd64', os.version: '10.0', java.version: '1.8.0_65'
Driver info: org.openqa.selenium.chrome.ChromeDriver
Capabilities [{networkConnectionEnabled=false, chrome={chromedriverVersion=83.0.4103.39 (ccbf011cb2d2b19b506d844400483861342c20cd-refs/branch-heads/4103@{#416}), userDataDir=C:\Users\Dell\AppData\Local\Temp\scoped_dir13404_812585541}, timeouts={implicit=0.0, pageLoad=300000.0, script=30000.0}, pageLoadStrategy=normal, unhandledPromptBehavior=dismiss and notify, strictFileInteractability=false, platform=ANY, proxy=Proxy(), goog:chromeOptions={debuggerAddress=localhost:50870}, acceptInsecureCerts=false, browserVersion=84.0.4147.135, browserName=chrome, javascriptEnabled=true, platformName=windows, setWindowRect=true, webauthn:virtualAuthenticators=true}]
Session ID: f596636f04fb4d32ef2ff12b73ca8462
*** Element info: {Using=css selector, value=.sc-bAeIUo:nth-child(4) .GridColumnElement__GridColumn-sc-57x38k-0}
	at TestCase.V1_4.workReport.RPCMSD2099.rPCMSD2099(RPCMSD2099.java:20)

RPCMSD1023(TestCase.V1_1.IssuePage.WorkLog.RPCMSD1023)  Time elapsed: 15.312 s  <<< FAILURE!
java.lang.Exception: org.openqa.selenium.TimeoutException: Expected condition failed: waiting for shdsd.selenium.Tools.BaseTest$1@62b3a2f6 (tried for 10 second(s) with 500 MILLISECONDS interval)
	at TestCase.V1_1.IssuePage.WorkLog.RPCMSD1023.RPCMSD1023(RPCMSD1023.java:43)
Caused by: org.openqa.selenium.TimeoutException: Expected condition failed: waiting for shdsd.selenium.Tools.BaseTest$1@62b3a2f6 (tried for 10 second(s) with 500 MILLISECONDS interval)
	at TestCase.V1_1.IssuePage.WorkLog.RPCMSD1023.RPCMSD1023(RPCMSD1023.java:25)
Caused by: org.openqa.selenium.InvalidSelectorException: 
invalid selector: Unable to locate an element with the xpath expression //div[@id=\'workLogContext_datePicker\']/div/div because of the following error:
SyntaxError: Failed to execute 'evaluate' on 'Document': The string '//div[@id=\'workLogContext_datePicker\']/div/div' is not a valid XPath expression.
  (Session info: chrome=84.0.4147.135)
For documentation on this error, please visit: http://seleniumhq.org/exceptions/invalid_selector_exception.html
Build info: version: '3.4.0', revision: 'unknown', time: 'unknown'
System info: host: 'DESKTOP-37BKIHR', ip: '192.168.80.154', os.name: 'Windows 10', os.arch: 'amd64', os.version: '10.0', java.version: '1.8.0_65'
Driver info: org.openqa.selenium.chrome.ChromeDriver
Capabilities [{networkConnectionEnabled=false, chrome={chromedriverVersion=83.0.4103.39 (ccbf011cb2d2b19b506d844400483861342c20cd-refs/branch-heads/4103@{#416}), userDataDir=C:\Users\Dell\AppData\Local\Temp\scoped_dir13404_812585541}, timeouts={implicit=0.0, pageLoad=300000.0, script=30000.0}, pageLoadStrategy=normal, unhandledPromptBehavior=dismiss and notify, strictFileInteractability=false, platform=ANY, proxy=Proxy(), goog:chromeOptions={debuggerAddress=localhost:50870}, acceptInsecureCerts=false, browserVersion=84.0.4147.135, browserName=chrome, javascriptEnabled=true, platformName=windows, setWindowRect=true, webauthn:virtualAuthenticators=true}]
Session ID: f596636f04fb4d32ef2ff12b73ca8462
*** Element info: {Using=xpath, value=//div[@id=\'workLogContext_datePicker\']/div/div}
	at TestCase.V1_1.IssuePage.WorkLog.RPCMSD1023.RPCMSD1023(RPCMSD1023.java:25)

rPCMSD2101(TestCase.V1_4.workReport.RPCMSD2101)  Time elapsed: 12.363 s  <<< FAILURE!
java.lang.Exception: org.openqa.selenium.TimeoutException: Expected condition failed: waiting for shdsd.selenium.Tools.BaseTest$1@5232e3f1 (tried for 10 second(s) with 500 MILLISECONDS interval)
	at TestCase.V1_4.workReport.RPCMSD2101.rPCMSD2101(RPCMSD2101.java:108)
Caused by: org.openqa.selenium.TimeoutException: Expected condition failed: waiting for shdsd.selenium.Tools.BaseTest$1@5232e3f1 (tried for 10 second(s) with 500 MILLISECONDS interval)
	at TestCase.V1_4.workReport.RPCMSD2101.rPCMSD2101(RPCMSD2101.java:15)
Caused by: org.openqa.selenium.NoSuchElementException: 
no such element: Unable to locate element: {"method":"css selector","selector":".sc-bAeIUo:nth-child(4) .GridColumnElement__GridColumn-sc-57x38k-0"}
  (Session info: chrome=84.0.4147.135)
For documentation on this error, please visit: http://seleniumhq.org/exceptions/no_such_element.html
Build info: version: '3.4.0', revision: 'unknown', time: 'unknown'
System info: host: 'DESKTOP-37BKIHR', ip: '192.168.80.154', os.name: 'Windows 10', os.arch: 'amd64', os.version: '10.0', java.version: '1.8.0_65'
Driver info: org.openqa.selenium.chrome.ChromeDriver
Capabilities [{networkConnectionEnabled=false, chrome={chromedriverVersion=83.0.4103.39 (ccbf011cb2d2b19b506d844400483861342c20cd-refs/branch-heads/4103@{#416}), userDataDir=C:\Users\Dell\AppData\Local\Temp\scoped_dir13404_812585541}, timeouts={implicit=0.0, pageLoad=300000.0, script=30000.0}, pageLoadStrategy=normal, unhandledPromptBehavior=dismiss and notify, strictFileInteractability=false, platform=ANY, proxy=Proxy(), goog:chromeOptions={debuggerAddress=localhost:50870}, acceptInsecureCerts=false, browserVersion=84.0.4147.135, browserName=chrome, javascriptEnabled=true, platformName=windows, setWindowRect=true, webauthn:virtualAuthenticators=true}]
Session ID: f596636f04fb4d32ef2ff12b73ca8462
*** Element info: {Using=css selector, value=.sc-bAeIUo:nth-child(4) .GridColumnElement__GridColumn-sc-57x38k-0}
	at TestCase.V1_4.workReport.RPCMSD2101.rPCMSD2101(RPCMSD2101.java:15)

RPCMSD2102(TestCase.V1_4.workReport.RPCMSD2102)  Time elapsed: 14.03 s  <<< FAILURE!
java.lang.Exception: org.openqa.selenium.TimeoutException: Expected condition failed: waiting for shdsd.selenium.Tools.BaseTest$1@4a070cf0 (tried for 10 second(s) with 500 MILLISECONDS interval)
	at TestCase.V1_4.workReport.RPCMSD2102.RPCMSD2102(RPCMSD2102.java:32)
Caused by: org.openqa.selenium.TimeoutException: Expected condition failed: waiting for shdsd.selenium.Tools.BaseTest$1@4a070cf0 (tried for 10 second(s) with 500 MILLISECONDS interval)
	at TestCase.V1_4.workReport.RPCMSD2102.RPCMSD2102(RPCMSD2102.java:18)
Caused by: org.openqa.selenium.NoSuchElementException: 
no such element: Unable to locate element: {"method":"css selector","selector":".sc-bMVAic:nth-child(4) .GridColumnElement__GridColumn-sc-57x38k-0"}
  (Session info: chrome=84.0.4147.135)
For documentation on this error, please visit: http://seleniumhq.org/exceptions/no_such_element.html
Build info: version: '3.4.0', revision: 'unknown', time: 'unknown'
System info: host: 'DESKTOP-37BKIHR', ip: '192.168.80.154', os.name: 'Windows 10', os.arch: 'amd64', os.version: '10.0', java.version: '1.8.0_65'
Driver info: org.openqa.selenium.chrome.ChromeDriver
Capabilities [{networkConnectionEnabled=false, chrome={chromedriverVersion=83.0.4103.39 (ccbf011cb2d2b19b506d844400483861342c20cd-refs/branch-heads/4103@{#416}), userDataDir=C:\Users\Dell\AppData\Local\Temp\scoped_dir13404_812585541}, timeouts={implicit=0.0, pageLoad=300000.0, script=30000.0}, pageLoadStrategy=normal, unhandledPromptBehavior=dismiss and notify, strictFileInteractability=false, platform=ANY, proxy=Proxy(), goog:chromeOptions={debuggerAddress=localhost:50870}, acceptInsecureCerts=false, browserVersion=84.0.4147.135, browserName=chrome, javascriptEnabled=true, platformName=windows, setWindowRect=true, webauthn:virtualAuthenticators=true}]
Session ID: f596636f04fb4d32ef2ff12b73ca8462
*** Element info: {Using=css selector, value=.sc-bMVAic:nth-child(4) .GridColumnElement__GridColumn-sc-57x38k-0}
	at TestCase.V1_4.workReport.RPCMSD2102.RPCMSD2102(RPCMSD2102.java:18)

RPCMSD1763(TestCase.V1_2.Configure.Calendar_configuration.RPCMSD1763)  Time elapsed: 2.03 s  <<< FAILURE!
java.lang.Exception: java.lang.IndexOutOfBoundsException: Index: 1, Size: 0
	at TestCase.V1_2.Configure.Calendar_configuration.RPCMSD1763.RPCMSD1763(RPCMSD1763.java:112)
Caused by: java.lang.IndexOutOfBoundsException: Index: 1, Size: 0
	at TestCase.V1_2.Configure.Calendar_configuration.RPCMSD1763.RPCMSD1763(RPCMSD1763.java:29)

RPCMSD1029(TestCase.V1_1.IssuePage.WorkLog.RPCMSD1029)  Time elapsed: 3.606 s  <<< FAILURE!
java.lang.Exception: 
org.openqa.selenium.ElementNotInteractableException: element not interactable
  (Session info: chrome=84.0.4147.135)
Build info: version: '3.4.0', revision: 'unknown', time: 'unknown'
System info: host: 'DESKTOP-37BKIHR', ip: '192.168.80.154', os.name: 'Windows 10', os.arch: 'amd64', os.version: '10.0', java.version: '1.8.0_65'
Driver info: org.openqa.selenium.chrome.ChromeDriver
Capabilities [{networkConnectionEnabled=false, chrome={chromedriverVersion=83.0.4103.39 (ccbf011cb2d2b19b506d844400483861342c20cd-refs/branch-heads/4103@{#416}), userDataDir=C:\Users\Dell\AppData\Local\Temp\scoped_dir13404_812585541}, timeouts={implicit=0.0, pageLoad=300000.0, script=30000.0}, pageLoadStrategy=normal, unhandledPromptBehavior=dismiss and notify, strictFileInteractability=false, platform=ANY, proxy=Proxy(), goog:chromeOptions={debuggerAddress=localhost:50870}, acceptInsecureCerts=false, browserVersion=84.0.4147.135, browserName=chrome, javascriptEnabled=true, platformName=windows, setWindowRect=true, webauthn:virtualAuthenticators=true}]
Session ID: f596636f04fb4d32ef2ff12b73ca8462
	at TestCase.V1_1.IssuePage.WorkLog.RPCMSD1029.RPCMSD1029(RPCMSD1029.java:95)
Caused by: org.openqa.selenium.ElementNotInteractableException: 
element not interactable
  (Session info: chrome=84.0.4147.135)
Build info: version: '3.4.0', revision: 'unknown', time: 'unknown'
System info: host: 'DESKTOP-37BKIHR', ip: '192.168.80.154', os.name: 'Windows 10', os.arch: 'amd64', os.version: '10.0', java.version: '1.8.0_65'
Driver info: org.openqa.selenium.chrome.ChromeDriver
Capabilities [{networkConnectionEnabled=false, chrome={chromedriverVersion=83.0.4103.39 (ccbf011cb2d2b19b506d844400483861342c20cd-refs/branch-heads/4103@{#416}), userDataDir=C:\Users\Dell\AppData\Local\Temp\scoped_dir13404_812585541}, timeouts={implicit=0.0, pageLoad=300000.0, script=30000.0}, pageLoadStrategy=normal, unhandledPromptBehavior=dismiss and notify, strictFileInteractability=false, platform=ANY, proxy=Proxy(), goog:chromeOptions={debuggerAddress=localhost:50870}, acceptInsecureCerts=false, browserVersion=84.0.4147.135, browserName=chrome, javascriptEnabled=true, platformName=windows, setWindowRect=true, webauthn:virtualAuthenticators=true}]
Session ID: f596636f04fb4d32ef2ff12b73ca8462
	at TestCase.V1_1.IssuePage.WorkLog.RPCMSD1029.RPCMSD1029(RPCMSD1029.java:24)

RPCMSD1764(TestCase.V1_2.Configure.Calendar_configuration.RPCMSD1764)  Time elapsed: 1.989 s  <<< FAILURE!
java.lang.Exception: java.lang.IndexOutOfBoundsException: Index: 1, Size: 0
	at TestCase.V1_2.Configure.Calendar_configuration.RPCMSD1764.RPCMSD1764(RPCMSD1764.java:37)
Caused by: java.lang.IndexOutOfBoundsException: Index: 1, Size: 0
	at TestCase.V1_2.Configure.Calendar_configuration.RPCMSD1764.RPCMSD1764(RPCMSD1764.java:26)

RPCMSD1183(TestCase.V1_1.IssuePage.WorkLog.RPCMSD1183)  Time elapsed: 4.909 s  <<< FAILURE!
java.lang.Exception: 
org.openqa.selenium.StaleElementReferenceException: stale element reference: element is not attached to the page document
  (Session info: chrome=84.0.4147.135)
For documentation on this error, please visit: http://seleniumhq.org/exceptions/stale_element_reference.html
Build info: version: '3.4.0', revision: 'unknown', time: 'unknown'
System info: host: 'DESKTOP-37BKIHR', ip: '192.168.80.154', os.name: 'Windows 10', os.arch: 'amd64', os.version: '10.0', java.version: '1.8.0_65'
Driver info: org.openqa.selenium.chrome.ChromeDriver
Capabilities [{networkConnectionEnabled=false, chrome={chromedriverVersion=83.0.4103.39 (ccbf011cb2d2b19b506d844400483861342c20cd-refs/branch-heads/4103@{#416}), userDataDir=C:\Users\Dell\AppData\Local\Temp\scoped_dir13404_812585541}, timeouts={implicit=0.0, pageLoad=300000.0, script=30000.0}, pageLoadStrategy=normal, unhandledPromptBehavior=dismiss and notify, strictFileInteractability=false, platform=ANY, proxy=Proxy(), goog:chromeOptions={debuggerAddress=localhost:50870}, acceptInsecureCerts=false, browserVersion=84.0.4147.135, browserName=chrome, javascriptEnabled=true, platformName=windows, setWindowRect=true, webauthn:virtualAuthenticators=true}]
Session ID: f596636f04fb4d32ef2ff12b73ca8462
	at TestCase.V1_1.IssuePage.WorkLog.RPCMSD1183.RPCMSD1183(RPCMSD1183.java:34)
Caused by: org.openqa.selenium.StaleElementReferenceException: 
stale element reference: element is not attached to the page document
  (Session info: chrome=84.0.4147.135)
For documentation on this error, please visit: http://seleniumhq.org/exceptions/stale_element_reference.html
Build info: version: '3.4.0', revision: 'unknown', time: 'unknown'
System info: host: 'DESKTOP-37BKIHR', ip: '192.168.80.154', os.name: 'Windows 10', os.arch: 'amd64', os.version: '10.0', java.version: '1.8.0_65'
Driver info: org.openqa.selenium.chrome.ChromeDriver
Capabilities [{networkConnectionEnabled=false, chrome={chromedriverVersion=83.0.4103.39 (ccbf011cb2d2b19b506d844400483861342c20cd-refs/branch-heads/4103@{#416}), userDataDir=C:\Users\Dell\AppData\Local\Temp\scoped_dir13404_812585541}, timeouts={implicit=0.0, pageLoad=300000.0, script=30000.0}, pageLoadStrategy=normal, unhandledPromptBehavior=dismiss and notify, strictFileInteractability=false, platform=ANY, proxy=Proxy(), goog:chromeOptions={debuggerAddress=localhost:50870}, acceptInsecureCerts=false, browserVersion=84.0.4147.135, browserName=chrome, javascriptEnabled=true, platformName=windows, setWindowRect=true, webauthn:virtualAuthenticators=true}]
Session ID: f596636f04fb4d32ef2ff12b73ca8462
	at TestCase.V1_1.IssuePage.WorkLog.RPCMSD1183.RPCMSD1183(RPCMSD1183.java:28)

RPCMSD1881(TestCase.V1_2.Configure.Calendar_configuration.RPCMSD1881)  Time elapsed: 2.24 s  <<< FAILURE!
java.lang.Exception: java.lang.IndexOutOfBoundsException: Index: 1, Size: 0
	at TestCase.V1_2.Configure.Calendar_configuration.RPCMSD1881.RPCMSD1881(RPCMSD1881.java:49)
Caused by: java.lang.IndexOutOfBoundsException: Index: 1, Size: 0
	at TestCase.V1_2.Configure.Calendar_configuration.RPCMSD1881.RPCMSD1881(RPCMSD1881.java:24)

RPCMSD1882(TestCase.V1_2.Configure.Calendar_configuration.RPCMSD1882)  Time elapsed: 2.134 s  <<< FAILURE!
java.lang.Exception: java.lang.IndexOutOfBoundsException: Index: 1, Size: 0
	at TestCase.V1_2.Configure.Calendar_configuration.RPCMSD1882.RPCMSD1882(RPCMSD1882.java:38)
Caused by: java.lang.IndexOutOfBoundsException: Index: 1, Size: 0
	at TestCase.V1_2.Configure.Calendar_configuration.RPCMSD1882.RPCMSD1882(RPCMSD1882.java:23)

RPCMSD1185(TestCase.V1_1.IssuePage.WorkLog.RPCMSD1185)  Time elapsed: 3.463 s  <<< FAILURE!
java.lang.Exception: 
org.openqa.selenium.ElementNotInteractableException: element not interactable
  (Session info: chrome=84.0.4147.135)
Build info: version: '3.4.0', revision: 'unknown', time: 'unknown'
System info: host: 'DESKTOP-37BKIHR', ip: '192.168.80.154', os.name: 'Windows 10', os.arch: 'amd64', os.version: '10.0', java.version: '1.8.0_65'
Driver info: org.openqa.selenium.chrome.ChromeDriver
Capabilities [{networkConnectionEnabled=false, chrome={chromedriverVersion=83.0.4103.39 (ccbf011cb2d2b19b506d844400483861342c20cd-refs/branch-heads/4103@{#416}), userDataDir=C:\Users\Dell\AppData\Local\Temp\scoped_dir13404_812585541}, timeouts={implicit=0.0, pageLoad=300000.0, script=30000.0}, pageLoadStrategy=normal, unhandledPromptBehavior=dismiss and notify, strictFileInteractability=false, platform=ANY, proxy=Proxy(), goog:chromeOptions={debuggerAddress=localhost:50870}, acceptInsecureCerts=false, browserVersion=84.0.4147.135, browserName=chrome, javascriptEnabled=true, platformName=windows, setWindowRect=true, webauthn:virtualAuthenticators=true}]
Session ID: f596636f04fb4d32ef2ff12b73ca8462
	at TestCase.V1_1.IssuePage.WorkLog.RPCMSD1185.RPCMSD1185(RPCMSD1185.java:53)
Caused by: org.openqa.selenium.ElementNotInteractableException: 
element not interactable
  (Session info: chrome=84.0.4147.135)
Build info: version: '3.4.0', revision: 'unknown', time: 'unknown'
System info: host: 'DESKTOP-37BKIHR', ip: '192.168.80.154', os.name: 'Windows 10', os.arch: 'amd64', os.version: '10.0', java.version: '1.8.0_65'
Driver info: org.openqa.selenium.chrome.ChromeDriver
Capabilities [{networkConnectionEnabled=false, chrome={chromedriverVersion=83.0.4103.39 (ccbf011cb2d2b19b506d844400483861342c20cd-refs/branch-heads/4103@{#416}), userDataDir=C:\Users\Dell\AppData\Local\Temp\scoped_dir13404_812585541}, timeouts={implicit=0.0, pageLoad=300000.0, script=30000.0}, pageLoadStrategy=normal, unhandledPromptBehavior=dismiss and notify, strictFileInteractability=false, platform=ANY, proxy=Proxy(), goog:chromeOptions={debuggerAddress=localhost:50870}, acceptInsecureCerts=false, browserVersion=84.0.4147.135, browserName=chrome, javascriptEnabled=true, platformName=windows, setWindowRect=true, webauthn:virtualAuthenticators=true}]
Session ID: f596636f04fb4d32ef2ff12b73ca8462
	at TestCase.V1_1.IssuePage.WorkLog.RPCMSD1185.RPCMSD1185(RPCMSD1185.java:25)

RPCMSD1395(TestCase.V1_1.IssuePage.WorkLog.RPCMSD1395)  Time elapsed: 13.808 s  <<< FAILURE!
java.lang.Exception: org.openqa.selenium.TimeoutException: Expected condition failed: waiting for shdsd.selenium.Tools.BaseTest$1@1b57c345 (tried for 10 second(s) with 500 MILLISECONDS interval)
	at TestCase.V1_1.IssuePage.WorkLog.RPCMSD1395.RPCMSD1395(RPCMSD1395.java:61)
Caused by: org.openqa.selenium.TimeoutException: Expected condition failed: waiting for shdsd.selenium.Tools.BaseTest$1@1b57c345 (tried for 10 second(s) with 500 MILLISECONDS interval)
	at TestCase.V1_1.IssuePage.WorkLog.RPCMSD1395.RPCMSD1395(RPCMSD1395.java:27)
Caused by: org.openqa.selenium.NoSuchElementException: 
no such element: Unable to locate element: {"method":"css selector","selector":"#shdsd\-timesheet\-workday\-link"}
  (Session info: chrome=84.0.4147.135)
For documentation on this error, please visit: http://seleniumhq.org/exceptions/no_such_element.html
Build info: version: '3.4.0', revision: 'unknown', time: 'unknown'
System info: host: 'DESKTOP-37BKIHR', ip: '192.168.80.154', os.name: 'Windows 10', os.arch: 'amd64', os.version: '10.0', java.version: '1.8.0_65'
Driver info: org.openqa.selenium.chrome.ChromeDriver
Capabilities [{networkConnectionEnabled=false, chrome={chromedriverVersion=83.0.4103.39 (ccbf011cb2d2b19b506d844400483861342c20cd-refs/branch-heads/4103@{#416}), userDataDir=C:\Users\Dell\AppData\Local\Temp\scoped_dir13404_812585541}, timeouts={implicit=0.0, pageLoad=300000.0, script=30000.0}, pageLoadStrategy=normal, unhandledPromptBehavior=dismiss and notify, strictFileInteractability=false, platform=ANY, proxy=Proxy(), goog:chromeOptions={debuggerAddress=localhost:50870}, acceptInsecureCerts=false, browserVersion=84.0.4147.135, browserName=chrome, javascriptEnabled=true, platformName=windows, setWindowRect=true, webauthn:virtualAuthenticators=true}]
Session ID: f596636f04fb4d32ef2ff12b73ca8462
*** Element info: {Using=id, value=shdsd-timesheet-workday-link}
	at TestCase.V1_1.IssuePage.WorkLog.RPCMSD1395.RPCMSD1395(RPCMSD1395.java:27)

RPCMSD1766(TestCase.V1_2.Configure.Workday_configuration.RPCMSD1766)  Time elapsed: 12.216 s  <<< FAILURE!
java.lang.Exception: org.openqa.selenium.TimeoutException: Expected condition failed: waiting for shdsd.selenium.Tools.BaseTest$1@2e1eb85f (tried for 10 second(s) with 500 MILLISECONDS interval)
	at TestCase.V1_2.Configure.Workday_configuration.RPCMSD1766.RPCMSD1766(RPCMSD1766.java:89)
Caused by: org.openqa.selenium.TimeoutException: Expected condition failed: waiting for shdsd.selenium.Tools.BaseTest$1@2e1eb85f (tried for 10 second(s) with 500 MILLISECONDS interval)
	at TestCase.V1_2.Configure.Workday_configuration.RPCMSD1766.RPCMSD1766(RPCMSD1766.java:20)
Caused by: org.openqa.selenium.NoSuchElementException: 
no such element: Unable to locate element: {"method":"css selector","selector":"html.mozilla body#jira.aui-layout.aui-theme-default div#page section#content div#shdsd-FineTimesheet-settingPage-root-div div div._1Z_6PEjLYDtbWnJ_FdPGKU div div div._1vzlyQ_bYi91nfVUMirbCp div._31PMkMkS_fveJJNcFs284K div div button.css-shc4i4 span.css-j8fq0c span.css-t5emrf"}
  (Session info: chrome=84.0.4147.135)
For documentation on this error, please visit: http://seleniumhq.org/exceptions/no_such_element.html
Build info: version: '3.4.0', revision: 'unknown', time: 'unknown'
System info: host: 'DESKTOP-37BKIHR', ip: '192.168.80.154', os.name: 'Windows 10', os.arch: 'amd64', os.version: '10.0', java.version: '1.8.0_65'
Driver info: org.openqa.selenium.chrome.ChromeDriver
Capabilities [{networkConnectionEnabled=false, chrome={chromedriverVersion=83.0.4103.39 (ccbf011cb2d2b19b506d844400483861342c20cd-refs/branch-heads/4103@{#416}), userDataDir=C:\Users\Dell\AppData\Local\Temp\scoped_dir13404_812585541}, timeouts={implicit=0.0, pageLoad=300000.0, script=30000.0}, pageLoadStrategy=normal, unhandledPromptBehavior=dismiss and notify, strictFileInteractability=false, platform=ANY, proxy=Proxy(), goog:chromeOptions={debuggerAddress=localhost:50870}, acceptInsecureCerts=false, browserVersion=84.0.4147.135, browserName=chrome, javascriptEnabled=true, platformName=windows, setWindowRect=true, webauthn:virtualAuthenticators=true}]
Session ID: f596636f04fb4d32ef2ff12b73ca8462
*** Element info: {Using=css selector, value=html.mozilla body#jira.aui-layout.aui-theme-default div#page section#content div#shdsd-FineTimesheet-settingPage-root-div div div._1Z_6PEjLYDtbWnJ_FdPGKU div div div._1vzlyQ_bYi91nfVUMirbCp div._31PMkMkS_fveJJNcFs284K div div button.css-shc4i4 span.css-j8fq0c span.css-t5emrf}
	at TestCase.V1_2.Configure.Workday_configuration.RPCMSD1766.RPCMSD1766(RPCMSD1766.java:20)

RPCMSD1396(TestCase.V1_1.IssuePage.WorkLog.RPCMSD1396)  Time elapsed: 3.794 s  <<< FAILURE!
java.lang.Exception: 
org.openqa.selenium.ElementNotInteractableException: element not interactable
  (Session info: chrome=84.0.4147.135)
Build info: version: '3.4.0', revision: 'unknown', time: 'unknown'
System info: host: 'DESKTOP-37BKIHR', ip: '192.168.80.154', os.name: 'Windows 10', os.arch: 'amd64', os.version: '10.0', java.version: '1.8.0_65'
Driver info: org.openqa.selenium.chrome.ChromeDriver
Capabilities [{networkConnectionEnabled=false, chrome={chromedriverVersion=83.0.4103.39 (ccbf011cb2d2b19b506d844400483861342c20cd-refs/branch-heads/4103@{#416}), userDataDir=C:\Users\Dell\AppData\Local\Temp\scoped_dir13404_812585541}, timeouts={implicit=0.0, pageLoad=300000.0, script=30000.0}, pageLoadStrategy=normal, unhandledPromptBehavior=dismiss and notify, strictFileInteractability=false, platform=ANY, proxy=Proxy(), goog:chromeOptions={debuggerAddress=localhost:50870}, acceptInsecureCerts=false, browserVersion=84.0.4147.135, browserName=chrome, javascriptEnabled=true, platformName=windows, setWindowRect=true, webauthn:virtualAuthenticators=true}]
Session ID: f596636f04fb4d32ef2ff12b73ca8462
	at TestCase.V1_1.IssuePage.WorkLog.RPCMSD1396.RPCMSD1396(RPCMSD1396.java:38)
Caused by: org.openqa.selenium.ElementNotInteractableException: 
element not interactable
  (Session info: chrome=84.0.4147.135)
Build info: version: '3.4.0', revision: 'unknown', time: 'unknown'
System info: host: 'DESKTOP-37BKIHR', ip: '192.168.80.154', os.name: 'Windows 10', os.arch: 'amd64', os.version: '10.0', java.version: '1.8.0_65'
Driver info: org.openqa.selenium.chrome.ChromeDriver
Capabilities [{networkConnectionEnabled=false, chrome={chromedriverVersion=83.0.4103.39 (ccbf011cb2d2b19b506d844400483861342c20cd-refs/branch-heads/4103@{#416}), userDataDir=C:\Users\Dell\AppData\Local\Temp\scoped_dir13404_812585541}, timeouts={implicit=0.0, pageLoad=300000.0, script=30000.0}, pageLoadStrategy=normal, unhandledPromptBehavior=dismiss and notify, strictFileInteractability=false, platform=ANY, proxy=Proxy(), goog:chromeOptions={debuggerAddress=localhost:50870}, acceptInsecureCerts=false, browserVersion=84.0.4147.135, browserName=chrome, javascriptEnabled=true, platformName=windows, setWindowRect=true, webauthn:virtualAuthenticators=true}]
Session ID: f596636f04fb4d32ef2ff12b73ca8462
	at TestCase.V1_1.IssuePage.WorkLog.RPCMSD1396.RPCMSD1396(RPCMSD1396.java:20)

RPCMSD1767(TestCase.V1_2.Configure.Workday_configuration.RPCMSD1767)  Time elapsed: 12.588 s  <<< FAILURE!
java.lang.Exception: org.openqa.selenium.TimeoutException: Expected condition failed: waiting for shdsd.selenium.Tools.BaseTest$1@2b44d6d0 (tried for 10 second(s) with 500 MILLISECONDS interval)
	at TestCase.V1_2.Configure.Workday_configuration.RPCMSD1767.RPCMSD1767(RPCMSD1767.java:122)
Caused by: org.openqa.selenium.TimeoutException: Expected condition failed: waiting for shdsd.selenium.Tools.BaseTest$1@2b44d6d0 (tried for 10 second(s) with 500 MILLISECONDS interval)
	at TestCase.V1_2.Configure.Workday_configuration.RPCMSD1767.RPCMSD1767(RPCMSD1767.java:17)
Caused by: org.openqa.selenium.NoSuchElementException: 
no such element: Unable to locate element: {"method":"css selector","selector":".css-t5emrf"}
  (Session info: chrome=84.0.4147.135)
For documentation on this error, please visit: http://seleniumhq.org/exceptions/no_such_element.html
Build info: version: '3.4.0', revision: 'unknown', time: 'unknown'
System info: host: 'DESKTOP-37BKIHR', ip: '192.168.80.154', os.name: 'Windows 10', os.arch: 'amd64', os.version: '10.0', java.version: '1.8.0_65'
Driver info: org.openqa.selenium.chrome.ChromeDriver
Capabilities [{networkConnectionEnabled=false, chrome={chromedriverVersion=83.0.4103.39 (ccbf011cb2d2b19b506d844400483861342c20cd-refs/branch-heads/4103@{#416}), userDataDir=C:\Users\Dell\AppData\Local\Temp\scoped_dir13404_812585541}, timeouts={implicit=0.0, pageLoad=300000.0, script=30000.0}, pageLoadStrategy=normal, unhandledPromptBehavior=dismiss and notify, strictFileInteractability=false, platform=ANY, proxy=Proxy(), goog:chromeOptions={debuggerAddress=localhost:50870}, acceptInsecureCerts=false, browserVersion=84.0.4147.135, browserName=chrome, javascriptEnabled=true, platformName=windows, setWindowRect=true, webauthn:virtualAuthenticators=true}]
Session ID: f596636f04fb4d32ef2ff12b73ca8462
*** Element info: {Using=css selector, value=.css-t5emrf}
	at TestCase.V1_2.Configure.Workday_configuration.RPCMSD1767.RPCMSD1767(RPCMSD1767.java:17)

RPCMSD1399(TestCase.V1_1.IssuePage.WorkLog.RPCMSD1399)  Time elapsed: 15.794 s  <<< FAILURE!
java.lang.Exception: org.openqa.selenium.TimeoutException: Expected condition failed: waiting for shdsd.selenium.Tools.BaseTest$1@388c519 (tried for 10 second(s) with 500 MILLISECONDS interval)
	at TestCase.V1_1.IssuePage.WorkLog.RPCMSD1399.RPCMSD1399(RPCMSD1399.java:51)
Caused by: org.openqa.selenium.TimeoutException: Expected condition failed: waiting for shdsd.selenium.Tools.BaseTest$1@388c519 (tried for 10 second(s) with 500 MILLISECONDS interval)
	at TestCase.V1_1.IssuePage.WorkLog.RPCMSD1399.RPCMSD1399(RPCMSD1399.java:30)
Caused by: org.openqa.selenium.NoSuchElementException: 
no such element: Unable to locate element: {"method":"css selector","selector":"*[name='checkbox-overtime']"}
  (Session info: chrome=84.0.4147.135)
For documentation on this error, please visit: http://seleniumhq.org/exceptions/no_such_element.html
Build info: version: '3.4.0', revision: 'unknown', time: 'unknown'
System info: host: 'DESKTOP-37BKIHR', ip: '192.168.80.154', os.name: 'Windows 10', os.arch: 'amd64', os.version: '10.0', java.version: '1.8.0_65'
Driver info: org.openqa.selenium.chrome.ChromeDriver
Capabilities [{networkConnectionEnabled=false, chrome={chromedriverVersion=83.0.4103.39 (ccbf011cb2d2b19b506d844400483861342c20cd-refs/branch-heads/4103@{#416}), userDataDir=C:\Users\Dell\AppData\Local\Temp\scoped_dir13404_812585541}, timeouts={implicit=0.0, pageLoad=300000.0, script=30000.0}, pageLoadStrategy=normal, unhandledPromptBehavior=dismiss and notify, strictFileInteractability=false, platform=ANY, proxy=Proxy(), goog:chromeOptions={debuggerAddress=localhost:50870}, acceptInsecureCerts=false, browserVersion=84.0.4147.135, browserName=chrome, javascriptEnabled=true, platformName=windows, setWindowRect=true, webauthn:virtualAuthenticators=true}]
Session ID: f596636f04fb4d32ef2ff12b73ca8462
*** Element info: {Using=name, value=checkbox-overtime}
	at TestCase.V1_1.IssuePage.WorkLog.RPCMSD1399.RPCMSD1399(RPCMSD1399.java:30)

RPCMSD1768(TestCase.V1_2.Configure.Workday_configuration.RPCMSD1768)  Time elapsed: 12.27 s  <<< FAILURE!
java.lang.Exception: org.openqa.selenium.TimeoutException: Expected condition failed: waiting for shdsd.selenium.Tools.BaseTest$1@7bee8621 (tried for 10 second(s) with 500 MILLISECONDS interval)
	at TestCase.V1_2.Configure.Workday_configuration.RPCMSD1768.RPCMSD1768(RPCMSD1768.java:167)
Caused by: org.openqa.selenium.TimeoutException: Expected condition failed: waiting for shdsd.selenium.Tools.BaseTest$1@7bee8621 (tried for 10 second(s) with 500 MILLISECONDS interval)
	at TestCase.V1_2.Configure.Workday_configuration.RPCMSD1768.RPCMSD1768(RPCMSD1768.java:22)
Caused by: org.openqa.selenium.NoSuchElementException: 
no such element: Unable to locate element: {"method":"css selector","selector":".css-t5emrf"}
  (Session info: chrome=84.0.4147.135)
For documentation on this error, please visit: http://seleniumhq.org/exceptions/no_such_element.html
Build info: version: '3.4.0', revision: 'unknown', time: 'unknown'
System info: host: 'DESKTOP-37BKIHR', ip: '192.168.80.154', os.name: 'Windows 10', os.arch: 'amd64', os.version: '10.0', java.version: '1.8.0_65'
Driver info: org.openqa.selenium.chrome.ChromeDriver
Capabilities [{networkConnectionEnabled=false, chrome={chromedriverVersion=83.0.4103.39 (ccbf011cb2d2b19b506d844400483861342c20cd-refs/branch-heads/4103@{#416}), userDataDir=C:\Users\Dell\AppData\Local\Temp\scoped_dir13404_812585541}, timeouts={implicit=0.0, pageLoad=300000.0, script=30000.0}, pageLoadStrategy=normal, unhandledPromptBehavior=dismiss and notify, strictFileInteractability=false, platform=ANY, proxy=Proxy(), goog:chromeOptions={debuggerAddress=localhost:50870}, acceptInsecureCerts=false, browserVersion=84.0.4147.135, browserName=chrome, javascriptEnabled=true, platformName=windows, setWindowRect=true, webauthn:virtualAuthenticators=true}]
Session ID: f596636f04fb4d32ef2ff12b73ca8462
*** Element info: {Using=css selector, value=.css-t5emrf}
	at TestCase.V1_2.Configure.Workday_configuration.RPCMSD1768.RPCMSD1768(RPCMSD1768.java:22)

RPCMSD1769(TestCase.V1_2.Configure.Workday_configuration.RPCMSD1769)  Time elapsed: 12.443 s  <<< FAILURE!
java.lang.Exception: org.openqa.selenium.TimeoutException: Expected condition failed: waiting for shdsd.selenium.Tools.BaseTest$1@5d5c41e5 (tried for 10 second(s) with 500 MILLISECONDS interval)
	at TestCase.V1_2.Configure.Workday_configuration.RPCMSD1769.RPCMSD1769(RPCMSD1769.java:26)
Caused by: org.openqa.selenium.TimeoutException: Expected condition failed: waiting for shdsd.selenium.Tools.BaseTest$1@5d5c41e5 (tried for 10 second(s) with 500 MILLISECONDS interval)
	at TestCase.V1_2.Configure.Workday_configuration.RPCMSD1769.RPCMSD1769(RPCMSD1769.java:18)
Caused by: org.openqa.selenium.NoSuchElementException: 
no such element: Unable to locate element: {"method":"css selector","selector":"div[class="_3hJhlYslAIO6ZcKEEbsGxU"][title="查看"]"}
  (Session info: chrome=84.0.4147.135)
For documentation on this error, please visit: http://seleniumhq.org/exceptions/no_such_element.html
Build info: version: '3.4.0', revision: 'unknown', time: 'unknown'
System info: host: 'DESKTOP-37BKIHR', ip: '192.168.80.154', os.name: 'Windows 10', os.arch: 'amd64', os.version: '10.0', java.version: '1.8.0_65'
Driver info: org.openqa.selenium.chrome.ChromeDriver
Capabilities [{networkConnectionEnabled=false, chrome={chromedriverVersion=83.0.4103.39 (ccbf011cb2d2b19b506d844400483861342c20cd-refs/branch-heads/4103@{#416}), userDataDir=C:\Users\Dell\AppData\Local\Temp\scoped_dir13404_812585541}, timeouts={implicit=0.0, pageLoad=300000.0, script=30000.0}, pageLoadStrategy=normal, unhandledPromptBehavior=dismiss and notify, strictFileInteractability=false, platform=ANY, proxy=Proxy(), goog:chromeOptions={debuggerAddress=localhost:50870}, acceptInsecureCerts=false, browserVersion=84.0.4147.135, browserName=chrome, javascriptEnabled=true, platformName=windows, setWindowRect=true, webauthn:virtualAuthenticators=true}]
Session ID: f596636f04fb4d32ef2ff12b73ca8462
*** Element info: {Using=css selector, value=div[class="_3hJhlYslAIO6ZcKEEbsGxU"][title="查看"]}
	at TestCase.V1_2.Configure.Workday_configuration.RPCMSD1769.RPCMSD1769(RPCMSD1769.java:18)

RPCMSD1401(TestCase.V1_1.IssuePage.WorkLog.RPCMSD1401)  Time elapsed: 15.191 s  <<< FAILURE!
java.lang.Exception: org.openqa.selenium.TimeoutException: Expected condition failed: waiting for shdsd.selenium.Tools.BaseTest$1@2d258eff (tried for 10 second(s) with 500 MILLISECONDS interval)
	at TestCase.V1_1.IssuePage.WorkLog.RPCMSD1401.RPCMSD1401(RPCMSD1401.java:38)
Caused by: org.openqa.selenium.TimeoutException: Expected condition failed: waiting for shdsd.selenium.Tools.BaseTest$1@2d258eff (tried for 10 second(s) with 500 MILLISECONDS interval)
	at TestCase.V1_1.IssuePage.WorkLog.RPCMSD1401.RPCMSD1401(RPCMSD1401.java:27)
Caused by: org.openqa.selenium.NoSuchElementException: 
no such element: Unable to locate element: {"method":"xpath","selector":"/html/body/div[10]/div/div/div[3]/div[2]/div/div/div/div/div[5]/div/div/div[2]/div/span"}
  (Session info: chrome=84.0.4147.135)
For documentation on this error, please visit: http://seleniumhq.org/exceptions/no_such_element.html
Build info: version: '3.4.0', revision: 'unknown', time: 'unknown'
System info: host: 'DESKTOP-37BKIHR', ip: '192.168.80.154', os.name: 'Windows 10', os.arch: 'amd64', os.version: '10.0', java.version: '1.8.0_65'
Driver info: org.openqa.selenium.chrome.ChromeDriver
Capabilities [{networkConnectionEnabled=false, chrome={chromedriverVersion=83.0.4103.39 (ccbf011cb2d2b19b506d844400483861342c20cd-refs/branch-heads/4103@{#416}), userDataDir=C:\Users\Dell\AppData\Local\Temp\scoped_dir13404_812585541}, timeouts={implicit=0.0, pageLoad=300000.0, script=30000.0}, pageLoadStrategy=normal, unhandledPromptBehavior=dismiss and notify, strictFileInteractability=false, platform=ANY, proxy=Proxy(), goog:chromeOptions={debuggerAddress=localhost:50870}, acceptInsecureCerts=false, browserVersion=84.0.4147.135, browserName=chrome, javascriptEnabled=true, platformName=windows, setWindowRect=true, webauthn:virtualAuthenticators=true}]
Session ID: f596636f04fb4d32ef2ff12b73ca8462
*** Element info: {Using=xpath, value=/html/body/div[10]/div/div/div[3]/div[2]/div/div/div/div/div[5]/div/div/div[2]/div/span}
	at TestCase.V1_1.IssuePage.WorkLog.RPCMSD1401.RPCMSD1401(RPCMSD1401.java:27)

RPCMSD1770(TestCase.V1_2.Configure.Workday_configuration.RPCMSD1770)  Time elapsed: 12.656 s  <<< FAILURE!
java.lang.Exception: org.openqa.selenium.TimeoutException: Expected condition failed: waiting for shdsd.selenium.Tools.BaseTest$1@741ac284 (tried for 10 second(s) with 500 MILLISECONDS interval)
	at TestCase.V1_2.Configure.Workday_configuration.RPCMSD1770.RPCMSD1770(RPCMSD1770.java:218)
Caused by: org.openqa.selenium.TimeoutException: Expected condition failed: waiting for shdsd.selenium.Tools.BaseTest$1@741ac284 (tried for 10 second(s) with 500 MILLISECONDS interval)
	at TestCase.V1_2.Configure.Workday_configuration.RPCMSD1770.RPCMSD1770(RPCMSD1770.java:21)
Caused by: org.openqa.selenium.NoSuchElementException: 
no such element: Unable to locate element: {"method":"css selector","selector":".css-t5emrf"}
  (Session info: chrome=84.0.4147.135)
For documentation on this error, please visit: http://seleniumhq.org/exceptions/no_such_element.html
Build info: version: '3.4.0', revision: 'unknown', time: 'unknown'
System info: host: 'DESKTOP-37BKIHR', ip: '192.168.80.154', os.name: 'Windows 10', os.arch: 'amd64', os.version: '10.0', java.version: '1.8.0_65'
Driver info: org.openqa.selenium.chrome.ChromeDriver
Capabilities [{networkConnectionEnabled=false, chrome={chromedriverVersion=83.0.4103.39 (ccbf011cb2d2b19b506d844400483861342c20cd-refs/branch-heads/4103@{#416}), userDataDir=C:\Users\Dell\AppData\Local\Temp\scoped_dir13404_812585541}, timeouts={implicit=0.0, pageLoad=300000.0, script=30000.0}, pageLoadStrategy=normal, unhandledPromptBehavior=dismiss and notify, strictFileInteractability=false, platform=ANY, proxy=Proxy(), goog:chromeOptions={debuggerAddress=localhost:50870}, acceptInsecureCerts=false, browserVersion=84.0.4147.135, browserName=chrome, javascriptEnabled=true, platformName=windows, setWindowRect=true, webauthn:virtualAuthenticators=true}]
Session ID: f596636f04fb4d32ef2ff12b73ca8462
*** Element info: {Using=css selector, value=.css-t5emrf}
	at TestCase.V1_2.Configure.Workday_configuration.RPCMSD1770.RPCMSD1770(RPCMSD1770.java:21)

RPCMSD1771(TestCase.V1_2.Configure.Workday_configuration.RPCMSD1771)  Time elapsed: 13.904 s  <<< FAILURE!
java.lang.Exception: org.openqa.selenium.TimeoutException: Expected condition failed: waiting for shdsd.selenium.Tools.BaseTest$1@4c731956 (tried for 10 second(s) with 500 MILLISECONDS interval)
	at TestCase.V1_2.Configure.Workday_configuration.RPCMSD1771.RPCMSD1771(RPCMSD1771.java:56)
Caused by: org.openqa.selenium.TimeoutException: Expected condition failed: waiting for shdsd.selenium.Tools.BaseTest$1@4c731956 (tried for 10 second(s) with 500 MILLISECONDS interval)
	at TestCase.V1_2.Configure.Workday_configuration.RPCMSD1771.RPCMSD1771(RPCMSD1771.java:32)
Caused by: org.openqa.selenium.NoSuchElementException: 
no such element: Unable to locate element: {"method":"css selector","selector":"._10ijzxBeqxAtoiOKvgCxhX"}
  (Session info: chrome=84.0.4147.135)
For documentation on this error, please visit: http://seleniumhq.org/exceptions/no_such_element.html
Build info: version: '3.4.0', revision: 'unknown', time: 'unknown'
System info: host: 'DESKTOP-37BKIHR', ip: '192.168.80.154', os.name: 'Windows 10', os.arch: 'amd64', os.version: '10.0', java.version: '1.8.0_65'
Driver info: org.openqa.selenium.chrome.ChromeDriver
Capabilities [{networkConnectionEnabled=false, chrome={chromedriverVersion=83.0.4103.39 (ccbf011cb2d2b19b506d844400483861342c20cd-refs/branch-heads/4103@{#416}), userDataDir=C:\Users\Dell\AppData\Local\Temp\scoped_dir13404_812585541}, timeouts={implicit=0.0, pageLoad=300000.0, script=30000.0}, pageLoadStrategy=normal, unhandledPromptBehavior=dismiss and notify, strictFileInteractability=false, platform=ANY, proxy=Proxy(), goog:chromeOptions={debuggerAddress=localhost:50870}, acceptInsecureCerts=false, browserVersion=84.0.4147.135, browserName=chrome, javascriptEnabled=true, platformName=windows, setWindowRect=true, webauthn:virtualAuthenticators=true}]
Session ID: f596636f04fb4d32ef2ff12b73ca8462
*** Element info: {Using=class name, value=_10ijzxBeqxAtoiOKvgCxhX}
	at TestCase.V1_2.Configure.Workday_configuration.RPCMSD1771.RPCMSD1771(RPCMSD1771.java:32)

RPCMSD1409(TestCase.V1_1.IssuePage.WorkLog.RPCMSD1409)  Time elapsed: 15.477 s  <<< FAILURE!
java.lang.Exception: org.openqa.selenium.TimeoutException: Expected condition failed: waiting for shdsd.selenium.Tools.BaseTest$1@5f726750 (tried for 10 second(s) with 500 MILLISECONDS interval)
	at TestCase.V1_1.IssuePage.WorkLog.RPCMSD1409.RPCMSD1409(RPCMSD1409.java:40)
Caused by: org.openqa.selenium.TimeoutException: Expected condition failed: waiting for shdsd.selenium.Tools.BaseTest$1@5f726750 (tried for 10 second(s) with 500 MILLISECONDS interval)
	at TestCase.V1_1.IssuePage.WorkLog.RPCMSD1409.RPCMSD1409(RPCMSD1409.java:27)
Caused by: org.openqa.selenium.InvalidSelectorException: 
invalid selector: Unable to locate an element with the xpath expression (//div[@id=\'workPlanContext_datePicker_div\']/div/div)[2] because of the following error:
SyntaxError: Failed to execute 'evaluate' on 'Document': The string '(//div[@id=\'workPlanContext_datePicker_div\']/div/div)[2]' is not a valid XPath expression.
  (Session info: chrome=84.0.4147.135)
For documentation on this error, please visit: http://seleniumhq.org/exceptions/invalid_selector_exception.html
Build info: version: '3.4.0', revision: 'unknown', time: 'unknown'
System info: host: 'DESKTOP-37BKIHR', ip: '192.168.80.154', os.name: 'Windows 10', os.arch: 'amd64', os.version: '10.0', java.version: '1.8.0_65'
Driver info: org.openqa.selenium.chrome.ChromeDriver
Capabilities [{networkConnectionEnabled=false, chrome={chromedriverVersion=83.0.4103.39 (ccbf011cb2d2b19b506d844400483861342c20cd-refs/branch-heads/4103@{#416}), userDataDir=C:\Users\Dell\AppData\Local\Temp\scoped_dir13404_812585541}, timeouts={implicit=0.0, pageLoad=300000.0, script=30000.0}, pageLoadStrategy=normal, unhandledPromptBehavior=dismiss and notify, strictFileInteractability=false, platform=ANY, proxy=Proxy(), goog:chromeOptions={debuggerAddress=localhost:50870}, acceptInsecureCerts=false, browserVersion=84.0.4147.135, browserName=chrome, javascriptEnabled=true, platformName=windows, setWindowRect=true, webauthn:virtualAuthenticators=true}]
Session ID: f596636f04fb4d32ef2ff12b73ca8462
*** Element info: {Using=xpath, value=(//div[@id=\'workPlanContext_datePicker_div\']/div/div)[2]}
	at TestCase.V1_1.IssuePage.WorkLog.RPCMSD1409.RPCMSD1409(RPCMSD1409.java:27)

RPCMSD1772(TestCase.V1_2.Configure.Workday_configuration.RPCMSD1772)  Time elapsed: 12.651 s  <<< FAILURE!
java.lang.Exception: org.openqa.selenium.TimeoutException: Expected condition failed: waiting for shdsd.selenium.Tools.BaseTest$1@52bd9a27 (tried for 10 second(s) with 500 MILLISECONDS interval)
	at TestCase.V1_2.Configure.Workday_configuration.RPCMSD1772.RPCMSD1772(RPCMSD1772.java:25)
Caused by: org.openqa.selenium.TimeoutException: Expected condition failed: waiting for shdsd.selenium.Tools.BaseTest$1@52bd9a27 (tried for 10 second(s) with 500 MILLISECONDS interval)
	at TestCase.V1_2.Configure.Workday_configuration.RPCMSD1772.RPCMSD1772(RPCMSD1772.java:17)
Caused by: org.openqa.selenium.NoSuchElementException: 
no such element: Unable to locate element: {"method":"css selector","selector":"div[class="_2Dkb1HmVY9OltOw5tQhLYd"][title="删除"]"}
  (Session info: chrome=84.0.4147.135)
For documentation on this error, please visit: http://seleniumhq.org/exceptions/no_such_element.html
Build info: version: '3.4.0', revision: 'unknown', time: 'unknown'
System info: host: 'DESKTOP-37BKIHR', ip: '192.168.80.154', os.name: 'Windows 10', os.arch: 'amd64', os.version: '10.0', java.version: '1.8.0_65'
Driver info: org.openqa.selenium.chrome.ChromeDriver
Capabilities [{networkConnectionEnabled=false, chrome={chromedriverVersion=83.0.4103.39 (ccbf011cb2d2b19b506d844400483861342c20cd-refs/branch-heads/4103@{#416}), userDataDir=C:\Users\Dell\AppData\Local\Temp\scoped_dir13404_812585541}, timeouts={implicit=0.0, pageLoad=300000.0, script=30000.0}, pageLoadStrategy=normal, unhandledPromptBehavior=dismiss and notify, strictFileInteractability=false, platform=ANY, proxy=Proxy(), goog:chromeOptions={debuggerAddress=localhost:50870}, acceptInsecureCerts=false, browserVersion=84.0.4147.135, browserName=chrome, javascriptEnabled=true, platformName=windows, setWindowRect=true, webauthn:virtualAuthenticators=true}]
Session ID: f596636f04fb4d32ef2ff12b73ca8462
*** Element info: {Using=css selector, value=div[class="_2Dkb1HmVY9OltOw5tQhLYd"][title="删除"]}
	at TestCase.V1_2.Configure.Workday_configuration.RPCMSD1772.RPCMSD1772(RPCMSD1772.java:17)

RPCMSD1889(TestCase.V1_2.ConfigureTimeSheets.calendarTable.RPCMSD1892)  Time elapsed: 13.439 s  <<< FAILURE!
java.lang.Exception: org.openqa.selenium.TimeoutException: Expected condition failed: waiting for shdsd.selenium.Tools.BaseTest$1@58f31629 (tried for 10 second(s) with 500 MILLISECONDS interval)
	at TestCase.V1_2.ConfigureTimeSheets.calendarTable.RPCMSD1892.RPCMSD1889(RPCMSD1892.java:241)
Caused by: org.openqa.selenium.TimeoutException: Expected condition failed: waiting for shdsd.selenium.Tools.BaseTest$1@58f31629 (tried for 10 second(s) with 500 MILLISECONDS interval)
	at TestCase.V1_2.ConfigureTimeSheets.calendarTable.RPCMSD1892.RPCMSD1889(RPCMSD1892.java:31)
Caused by: org.openqa.selenium.NoSuchElementException: 
no such element: Unable to locate element: {"method":"css selector","selector":".css-1yx6h60 > span:nth-child(1) > span:nth-child(1)"}
  (Session info: chrome=84.0.4147.135)
For documentation on this error, please visit: http://seleniumhq.org/exceptions/no_such_element.html
Build info: version: '3.4.0', revision: 'unknown', time: 'unknown'
System info: host: 'DESKTOP-37BKIHR', ip: '192.168.80.154', os.name: 'Windows 10', os.arch: 'amd64', os.version: '10.0', java.version: '1.8.0_65'
Driver info: org.openqa.selenium.chrome.ChromeDriver
Capabilities [{networkConnectionEnabled=false, chrome={chromedriverVersion=83.0.4103.39 (ccbf011cb2d2b19b506d844400483861342c20cd-refs/branch-heads/4103@{#416}), userDataDir=C:\Users\Dell\AppData\Local\Temp\scoped_dir13404_812585541}, timeouts={implicit=0.0, pageLoad=300000.0, script=30000.0}, pageLoadStrategy=normal, unhandledPromptBehavior=dismiss and notify, strictFileInteractability=false, platform=ANY, proxy=Proxy(), goog:chromeOptions={debuggerAddress=localhost:50870}, acceptInsecureCerts=false, browserVersion=84.0.4147.135, browserName=chrome, javascriptEnabled=true, platformName=windows, setWindowRect=true, webauthn:virtualAuthenticators=true}]
Session ID: f596636f04fb4d32ef2ff12b73ca8462
*** Element info: {Using=css selector, value=.css-1yx6h60 > span:nth-child(1) > span:nth-child(1)}
	at TestCase.V1_2.ConfigureTimeSheets.calendarTable.RPCMSD1892.RPCMSD1889(RPCMSD1892.java:31)

RPCMSD1892(TestCase.V1_2.ConfigureTimeSheets.timesheet.RPCMSD1892)  Time elapsed: 7.34 s  <<< FAILURE!
java.lang.Exception: java.lang.IndexOutOfBoundsException: Index: 1, Size: 0
	at TestCase.V1_2.ConfigureTimeSheets.timesheet.RPCMSD1892.RPCMSD1892(RPCMSD1892.java:258)
Caused by: java.lang.IndexOutOfBoundsException: Index: 1, Size: 0
	at TestCase.V1_2.ConfigureTimeSheets.timesheet.RPCMSD1892.RPCMSD1892(RPCMSD1892.java:26)

RPCMSD1002(TestCase.V1_1.IssuePage.WorkPlan.RPCMSD1002)  Time elapsed: 5.117 s  <<< FAILURE!
java.lang.Exception: 
org.openqa.selenium.StaleElementReferenceException: stale element reference: element is not attached to the page document
  (Session info: chrome=84.0.4147.135)
For documentation on this error, please visit: http://seleniumhq.org/exceptions/stale_element_reference.html
Build info: version: '3.4.0', revision: 'unknown', time: 'unknown'
System info: host: 'DESKTOP-37BKIHR', ip: '192.168.80.154', os.name: 'Windows 10', os.arch: 'amd64', os.version: '10.0', java.version: '1.8.0_65'
Driver info: org.openqa.selenium.chrome.ChromeDriver
Capabilities [{networkConnectionEnabled=false, chrome={chromedriverVersion=83.0.4103.39 (ccbf011cb2d2b19b506d844400483861342c20cd-refs/branch-heads/4103@{#416}), userDataDir=C:\Users\Dell\AppData\Local\Temp\scoped_dir13404_812585541}, timeouts={implicit=0.0, pageLoad=300000.0, script=30000.0}, pageLoadStrategy=normal, unhandledPromptBehavior=dismiss and notify, strictFileInteractability=false, platform=ANY, proxy=Proxy(), goog:chromeOptions={debuggerAddress=localhost:50870}, acceptInsecureCerts=false, browserVersion=84.0.4147.135, browserName=chrome, javascriptEnabled=true, platformName=windows, setWindowRect=true, webauthn:virtualAuthenticators=true}]
Session ID: f596636f04fb4d32ef2ff12b73ca8462
	at TestCase.V1_1.IssuePage.WorkPlan.RPCMSD1002.RPCMSD1002(RPCMSD1002.java:55)
Caused by: org.openqa.selenium.StaleElementReferenceException: 
stale element reference: element is not attached to the page document
  (Session info: chrome=84.0.4147.135)
For documentation on this error, please visit: http://seleniumhq.org/exceptions/stale_element_reference.html
Build info: version: '3.4.0', revision: 'unknown', time: 'unknown'
System info: host: 'DESKTOP-37BKIHR', ip: '192.168.80.154', os.name: 'Windows 10', os.arch: 'amd64', os.version: '10.0', java.version: '1.8.0_65'
Driver info: org.openqa.selenium.chrome.ChromeDriver
Capabilities [{networkConnectionEnabled=false, chrome={chromedriverVersion=83.0.4103.39 (ccbf011cb2d2b19b506d844400483861342c20cd-refs/branch-heads/4103@{#416}), userDataDir=C:\Users\Dell\AppData\Local\Temp\scoped_dir13404_812585541}, timeouts={implicit=0.0, pageLoad=300000.0, script=30000.0}, pageLoadStrategy=normal, unhandledPromptBehavior=dismiss and notify, strictFileInteractability=false, platform=ANY, proxy=Proxy(), goog:chromeOptions={debuggerAddress=localhost:50870}, acceptInsecureCerts=false, browserVersion=84.0.4147.135, browserName=chrome, javascriptEnabled=true, platformName=windows, setWindowRect=true, webauthn:virtualAuthenticators=true}]
Session ID: f596636f04fb4d32ef2ff12b73ca8462
	at TestCase.V1_1.IssuePage.WorkPlan.RPCMSD1002.RPCMSD1002(RPCMSD1002.java:30)

RPCMSD1901(TestCase.V1_2.Overtime.Overtime_Mode.RPCMSD1901)  Time elapsed: 13.047 s  <<< FAILURE!
java.lang.Exception: org.openqa.selenium.TimeoutException: Expected condition failed: waiting for element to be clickable: By.id: login-form-authenticatePassword (tried for 10 second(s) with 500 MILLISECONDS interval)
	at TestCase.V1_2.Overtime.Overtime_Mode.RPCMSD1901.RPCMSD1901(RPCMSD1901.java:136)
Caused by: org.openqa.selenium.TimeoutException: Expected condition failed: waiting for element to be clickable: By.id: login-form-authenticatePassword (tried for 10 second(s) with 500 MILLISECONDS interval)
	at TestCase.V1_2.Overtime.Overtime_Mode.RPCMSD1901.RPCMSD1901(RPCMSD1901.java:21)
Caused by: org.openqa.selenium.NoSuchElementException: 
Cannot locate an element using By.id: login-form-authenticatePassword
For documentation on this error, please visit: http://seleniumhq.org/exceptions/no_such_element.html
Build info: version: '3.4.0', revision: 'unknown', time: 'unknown'
System info: host: 'DESKTOP-37BKIHR', ip: '192.168.80.154', os.name: 'Windows 10', os.arch: 'amd64', os.version: '10.0', java.version: '1.8.0_65'
Driver info: driver.version: unknown
	at TestCase.V1_2.Overtime.Overtime_Mode.RPCMSD1901.RPCMSD1901(RPCMSD1901.java:21)

RPCMSD1006(TestCase.V1_1.IssuePage.WorkPlan.RPCMSD1006)  Time elapsed: 3.654 s  <<< FAILURE!
java.lang.Exception: 
org.openqa.selenium.ElementNotInteractableException: element not interactable
  (Session info: chrome=84.0.4147.135)
Build info: version: '3.4.0', revision: 'unknown', time: 'unknown'
System info: host: 'DESKTOP-37BKIHR', ip: '192.168.80.154', os.name: 'Windows 10', os.arch: 'amd64', os.version: '10.0', java.version: '1.8.0_65'
Driver info: org.openqa.selenium.chrome.ChromeDriver
Capabilities [{networkConnectionEnabled=false, chrome={chromedriverVersion=83.0.4103.39 (ccbf011cb2d2b19b506d844400483861342c20cd-refs/branch-heads/4103@{#416}), userDataDir=C:\Users\Dell\AppData\Local\Temp\scoped_dir13404_812585541}, timeouts={implicit=0.0, pageLoad=300000.0, script=30000.0}, pageLoadStrategy=normal, unhandledPromptBehavior=dismiss and notify, strictFileInteractability=false, platform=ANY, proxy=Proxy(), goog:chromeOptions={debuggerAddress=localhost:50870}, acceptInsecureCerts=false, browserVersion=84.0.4147.135, browserName=chrome, javascriptEnabled=true, platformName=windows, setWindowRect=true, webauthn:virtualAuthenticators=true}]
Session ID: f596636f04fb4d32ef2ff12b73ca8462
	at TestCase.V1_1.IssuePage.WorkPlan.RPCMSD1006.RPCMSD1006(RPCMSD1006.java:41)
Caused by: org.openqa.selenium.ElementNotInteractableException: 
element not interactable
  (Session info: chrome=84.0.4147.135)
Build info: version: '3.4.0', revision: 'unknown', time: 'unknown'
System info: host: 'DESKTOP-37BKIHR', ip: '192.168.80.154', os.name: 'Windows 10', os.arch: 'amd64', os.version: '10.0', java.version: '1.8.0_65'
Driver info: org.openqa.selenium.chrome.ChromeDriver
Capabilities [{networkConnectionEnabled=false, chrome={chromedriverVersion=83.0.4103.39 (ccbf011cb2d2b19b506d844400483861342c20cd-refs/branch-heads/4103@{#416}), userDataDir=C:\Users\Dell\AppData\Local\Temp\scoped_dir13404_812585541}, timeouts={implicit=0.0, pageLoad=300000.0, script=30000.0}, pageLoadStrategy=normal, unhandledPromptBehavior=dismiss and notify, strictFileInteractability=false, platform=ANY, proxy=Proxy(), goog:chromeOptions={debuggerAddress=localhost:50870}, acceptInsecureCerts=false, browserVersion=84.0.4147.135, browserName=chrome, javascriptEnabled=true, platformName=windows, setWindowRect=true, webauthn:virtualAuthenticators=true}]
Session ID: f596636f04fb4d32ef2ff12b73ca8462
	at TestCase.V1_1.IssuePage.WorkPlan.RPCMSD1006.RPCMSD1006(RPCMSD1006.java:22)

RPCMSD1164(TestCase.V1_1.IssuePage.WorkPlan.RPCMSD1164)  Time elapsed: 15.103 s  <<< FAILURE!
java.lang.Exception: org.openqa.selenium.TimeoutException: Expected condition failed: waiting for shdsd.selenium.Tools.BaseTest$1@45a1d057 (tried for 10 second(s) with 500 MILLISECONDS interval)
	at TestCase.V1_1.IssuePage.WorkPlan.RPCMSD1164.RPCMSD1164(RPCMSD1164.java:51)
Caused by: org.openqa.selenium.TimeoutException: Expected condition failed: waiting for shdsd.selenium.Tools.BaseTest$1@45a1d057 (tried for 10 second(s) with 500 MILLISECONDS interval)
	at TestCase.V1_1.IssuePage.WorkPlan.RPCMSD1164.RPCMSD1164(RPCMSD1164.java:28)
Caused by: org.openqa.selenium.NoSuchElementException: 
no such element: Unable to locate element: {"method":"xpath","selector":"//div[@id='react-select-2-option-6']/div"}
  (Session info: chrome=84.0.4147.135)
For documentation on this error, please visit: http://seleniumhq.org/exceptions/no_such_element.html
Build info: version: '3.4.0', revision: 'unknown', time: 'unknown'
System info: host: 'DESKTOP-37BKIHR', ip: '192.168.80.154', os.name: 'Windows 10', os.arch: 'amd64', os.version: '10.0', java.version: '1.8.0_65'
Driver info: org.openqa.selenium.chrome.ChromeDriver
Capabilities [{networkConnectionEnabled=false, chrome={chromedriverVersion=83.0.4103.39 (ccbf011cb2d2b19b506d844400483861342c20cd-refs/branch-heads/4103@{#416}), userDataDir=C:\Users\Dell\AppData\Local\Temp\scoped_dir13404_812585541}, timeouts={implicit=0.0, pageLoad=300000.0, script=30000.0}, pageLoadStrategy=normal, unhandledPromptBehavior=dismiss and notify, strictFileInteractability=false, platform=ANY, proxy=Proxy(), goog:chromeOptions={debuggerAddress=localhost:50870}, acceptInsecureCerts=false, browserVersion=84.0.4147.135, browserName=chrome, javascriptEnabled=true, platformName=windows, setWindowRect=true, webauthn:virtualAuthenticators=true}]
Session ID: f596636f04fb4d32ef2ff12b73ca8462
*** Element info: {Using=xpath, value=//div[@id='react-select-2-option-6']/div}
	at TestCase.V1_1.IssuePage.WorkPlan.RPCMSD1164.RPCMSD1164(RPCMSD1164.java:28)

RPCMSD1167(TestCase.V1_1.IssuePage.WorkPlan.RPCMSD1167)  Time elapsed: 15.362 s  <<< FAILURE!
java.lang.Exception: org.openqa.selenium.TimeoutException: Expected condition failed: waiting for shdsd.selenium.Tools.BaseTest$1@4b325930 (tried for 10 second(s) with 500 MILLISECONDS interval)
	at TestCase.V1_1.IssuePage.WorkPlan.RPCMSD1167.RPCMSD1167(RPCMSD1167.java:48)
Caused by: org.openqa.selenium.TimeoutException: Expected condition failed: waiting for shdsd.selenium.Tools.BaseTest$1@4b325930 (tried for 10 second(s) with 500 MILLISECONDS interval)
	at TestCase.V1_1.IssuePage.WorkPlan.RPCMSD1167.RPCMSD1167(RPCMSD1167.java:30)
Caused by: org.openqa.selenium.InvalidSelectorException: 
invalid selector: Unable to locate an element with the xpath expression //div[@id='workPlanContext_datePicker_div']/div/div)[2] because of the following error:
SyntaxError: Failed to execute 'evaluate' on 'Document': The string '//div[@id='workPlanContext_datePicker_div']/div/div)[2]' is not a valid XPath expression.
  (Session info: chrome=84.0.4147.135)
For documentation on this error, please visit: http://seleniumhq.org/exceptions/invalid_selector_exception.html
Build info: version: '3.4.0', revision: 'unknown', time: 'unknown'
System info: host: 'DESKTOP-37BKIHR', ip: '192.168.80.154', os.name: 'Windows 10', os.arch: 'amd64', os.version: '10.0', java.version: '1.8.0_65'
Driver info: org.openqa.selenium.chrome.ChromeDriver
Capabilities [{networkConnectionEnabled=false, chrome={chromedriverVersion=83.0.4103.39 (ccbf011cb2d2b19b506d844400483861342c20cd-refs/branch-heads/4103@{#416}), userDataDir=C:\Users\Dell\AppData\Local\Temp\scoped_dir13404_812585541}, timeouts={implicit=0.0, pageLoad=300000.0, script=30000.0}, pageLoadStrategy=normal, unhandledPromptBehavior=dismiss and notify, strictFileInteractability=false, platform=ANY, proxy=Proxy(), goog:chromeOptions={debuggerAddress=localhost:50870}, acceptInsecureCerts=false, browserVersion=84.0.4147.135, browserName=chrome, javascriptEnabled=true, platformName=windows, setWindowRect=true, webauthn:virtualAuthenticators=true}]
Session ID: f596636f04fb4d32ef2ff12b73ca8462
*** Element info: {Using=xpath, value=//div[@id='workPlanContext_datePicker_div']/div/div)[2]}
	at TestCase.V1_1.IssuePage.WorkPlan.RPCMSD1167.RPCMSD1167(RPCMSD1167.java:30)

RPCMSD1168(TestCase.V1_1.IssuePage.WorkPlan.RPCMSD1168)  Time elapsed: 15.47 s  <<< FAILURE!
java.lang.Exception: org.openqa.selenium.TimeoutException: Expected condition failed: waiting for shdsd.selenium.Tools.BaseTest$1@32a72c4 (tried for 10 second(s) with 500 MILLISECONDS interval)
	at TestCase.V1_1.IssuePage.WorkPlan.RPCMSD1168.RPCMSD1168(RPCMSD1168.java:47)
Caused by: org.openqa.selenium.TimeoutException: Expected condition failed: waiting for shdsd.selenium.Tools.BaseTest$1@32a72c4 (tried for 10 second(s) with 500 MILLISECONDS interval)
	at TestCase.V1_1.IssuePage.WorkPlan.RPCMSD1168.RPCMSD1168(RPCMSD1168.java:34)
Caused by: org.openqa.selenium.InvalidSelectorException: 
invalid selector: Unable to locate an element with the xpath expression //div[@id='workPlanContext_datePicker_div']/div/div)[2] because of the following error:
SyntaxError: Failed to execute 'evaluate' on 'Document': The string '//div[@id='workPlanContext_datePicker_div']/div/div)[2]' is not a valid XPath expression.
  (Session info: chrome=84.0.4147.135)
For documentation on this error, please visit: http://seleniumhq.org/exceptions/invalid_selector_exception.html
Build info: version: '3.4.0', revision: 'unknown', time: 'unknown'
System info: host: 'DESKTOP-37BKIHR', ip: '192.168.80.154', os.name: 'Windows 10', os.arch: 'amd64', os.version: '10.0', java.version: '1.8.0_65'
Driver info: org.openqa.selenium.chrome.ChromeDriver
Capabilities [{networkConnectionEnabled=false, chrome={chromedriverVersion=83.0.4103.39 (ccbf011cb2d2b19b506d844400483861342c20cd-refs/branch-heads/4103@{#416}), userDataDir=C:\Users\Dell\AppData\Local\Temp\scoped_dir13404_812585541}, timeouts={implicit=0.0, pageLoad=300000.0, script=30000.0}, pageLoadStrategy=normal, unhandledPromptBehavior=dismiss and notify, strictFileInteractability=false, platform=ANY, proxy=Proxy(), goog:chromeOptions={debuggerAddress=localhost:50870}, acceptInsecureCerts=false, browserVersion=84.0.4147.135, browserName=chrome, javascriptEnabled=true, platformName=windows, setWindowRect=true, webauthn:virtualAuthenticators=true}]
Session ID: f596636f04fb4d32ef2ff12b73ca8462
*** Element info: {Using=xpath, value=//div[@id='workPlanContext_datePicker_div']/div/div)[2]}
	at TestCase.V1_1.IssuePage.WorkPlan.RPCMSD1168.RPCMSD1168(RPCMSD1168.java:34)

RPCMSD1169(TestCase.V1_1.IssuePage.WorkPlan.RPCMSD1169)  Time elapsed: 15.035 s  <<< FAILURE!
java.lang.Exception: org.openqa.selenium.TimeoutException: Expected condition failed: waiting for shdsd.selenium.Tools.BaseTest$1@498c535d (tried for 10 second(s) with 500 MILLISECONDS interval)
	at TestCase.V1_1.IssuePage.WorkPlan.RPCMSD1169.RPCMSD1169(RPCMSD1169.java:81)
Caused by: org.openqa.selenium.TimeoutException: Expected condition failed: waiting for shdsd.selenium.Tools.BaseTest$1@498c535d (tried for 10 second(s) with 500 MILLISECONDS interval)
	at TestCase.V1_1.IssuePage.WorkPlan.RPCMSD1169.RPCMSD1169(RPCMSD1169.java:32)
Caused by: org.openqa.selenium.InvalidSelectorException: 
invalid selector: Unable to locate an element with the xpath expression //div[@id='workPlanContext_datePicker_div']/div/div)[2] because of the following error:
SyntaxError: Failed to execute 'evaluate' on 'Document': The string '//div[@id='workPlanContext_datePicker_div']/div/div)[2]' is not a valid XPath expression.
  (Session info: chrome=84.0.4147.135)
For documentation on this error, please visit: http://seleniumhq.org/exceptions/invalid_selector_exception.html
Build info: version: '3.4.0', revision: 'unknown', time: 'unknown'
System info: host: 'DESKTOP-37BKIHR', ip: '192.168.80.154', os.name: 'Windows 10', os.arch: 'amd64', os.version: '10.0', java.version: '1.8.0_65'
Driver info: org.openqa.selenium.chrome.ChromeDriver
Capabilities [{networkConnectionEnabled=false, chrome={chromedriverVersion=83.0.4103.39 (ccbf011cb2d2b19b506d844400483861342c20cd-refs/branch-heads/4103@{#416}), userDataDir=C:\Users\Dell\AppData\Local\Temp\scoped_dir13404_812585541}, timeouts={implicit=0.0, pageLoad=300000.0, script=30000.0}, pageLoadStrategy=normal, unhandledPromptBehavior=dismiss and notify, strictFileInteractability=false, platform=ANY, proxy=Proxy(), goog:chromeOptions={debuggerAddress=localhost:50870}, acceptInsecureCerts=false, browserVersion=84.0.4147.135, browserName=chrome, javascriptEnabled=true, platformName=windows, setWindowRect=true, webauthn:virtualAuthenticators=true}]
Session ID: f596636f04fb4d32ef2ff12b73ca8462
*** Element info: {Using=xpath, value=//div[@id='workPlanContext_datePicker_div']/div/div)[2]}
	at TestCase.V1_1.IssuePage.WorkPlan.RPCMSD1169.RPCMSD1169(RPCMSD1169.java:32)

RPCMSD1177(TestCase.V1_1.IssuePage.WorkPlan.RPCMSD1177)  Time elapsed: 4.578 s  <<< FAILURE!
java.lang.Exception: 
org.openqa.selenium.StaleElementReferenceException: stale element reference: element is not attached to the page document
  (Session info: chrome=84.0.4147.135)
For documentation on this error, please visit: http://seleniumhq.org/exceptions/stale_element_reference.html
Build info: version: '3.4.0', revision: 'unknown', time: 'unknown'
System info: host: 'DESKTOP-37BKIHR', ip: '192.168.80.154', os.name: 'Windows 10', os.arch: 'amd64', os.version: '10.0', java.version: '1.8.0_65'
Driver info: org.openqa.selenium.chrome.ChromeDriver
Capabilities [{networkConnectionEnabled=false, chrome={chromedriverVersion=83.0.4103.39 (ccbf011cb2d2b19b506d844400483861342c20cd-refs/branch-heads/4103@{#416}), userDataDir=C:\Users\Dell\AppData\Local\Temp\scoped_dir13404_812585541}, timeouts={implicit=0.0, pageLoad=300000.0, script=30000.0}, pageLoadStrategy=normal, unhandledPromptBehavior=dismiss and notify, strictFileInteractability=false, platform=ANY, proxy=Proxy(), goog:chromeOptions={debuggerAddress=localhost:50870}, acceptInsecureCerts=false, browserVersion=84.0.4147.135, browserName=chrome, javascriptEnabled=true, platformName=windows, setWindowRect=true, webauthn:virtualAuthenticators=true}]
Session ID: f596636f04fb4d32ef2ff12b73ca8462
	at TestCase.V1_1.IssuePage.WorkPlan.RPCMSD1177.RPCMSD1177(RPCMSD1177.java:32)
Caused by: org.openqa.selenium.StaleElementReferenceException: 
stale element reference: element is not attached to the page document
  (Session info: chrome=84.0.4147.135)
For documentation on this error, please visit: http://seleniumhq.org/exceptions/stale_element_reference.html
Build info: version: '3.4.0', revision: 'unknown', time: 'unknown'
System info: host: 'DESKTOP-37BKIHR', ip: '192.168.80.154', os.name: 'Windows 10', os.arch: 'amd64', os.version: '10.0', java.version: '1.8.0_65'
Driver info: org.openqa.selenium.chrome.ChromeDriver
Capabilities [{networkConnectionEnabled=false, chrome={chromedriverVersion=83.0.4103.39 (ccbf011cb2d2b19b506d844400483861342c20cd-refs/branch-heads/4103@{#416}), userDataDir=C:\Users\Dell\AppData\Local\Temp\scoped_dir13404_812585541}, timeouts={implicit=0.0, pageLoad=300000.0, script=30000.0}, pageLoadStrategy=normal, unhandledPromptBehavior=dismiss and notify, strictFileInteractability=false, platform=ANY, proxy=Proxy(), goog:chromeOptions={debuggerAddress=localhost:50870}, acceptInsecureCerts=false, browserVersion=84.0.4147.135, browserName=chrome, javascriptEnabled=true, platformName=windows, setWindowRect=true, webauthn:virtualAuthenticators=true}]
Session ID: f596636f04fb4d32ef2ff12b73ca8462
	at TestCase.V1_1.IssuePage.WorkPlan.RPCMSD1177.RPCMSD1177(RPCMSD1177.java:26)

RPCMSD1402(TestCase.V1_1.IssuePage.WorkPlan.RPCMSD1402)  Time elapsed: 3.51 s  <<< FAILURE!
java.lang.Exception: 
org.openqa.selenium.ElementNotInteractableException: element not interactable
  (Session info: chrome=84.0.4147.135)
Build info: version: '3.4.0', revision: 'unknown', time: 'unknown'
System info: host: 'DESKTOP-37BKIHR', ip: '192.168.80.154', os.name: 'Windows 10', os.arch: 'amd64', os.version: '10.0', java.version: '1.8.0_65'
Driver info: org.openqa.selenium.chrome.ChromeDriver
Capabilities [{networkConnectionEnabled=false, chrome={chromedriverVersion=83.0.4103.39 (ccbf011cb2d2b19b506d844400483861342c20cd-refs/branch-heads/4103@{#416}), userDataDir=C:\Users\Dell\AppData\Local\Temp\scoped_dir13404_812585541}, timeouts={implicit=0.0, pageLoad=300000.0, script=30000.0}, pageLoadStrategy=normal, unhandledPromptBehavior=dismiss and notify, strictFileInteractability=false, platform=ANY, proxy=Proxy(), goog:chromeOptions={debuggerAddress=localhost:50870}, acceptInsecureCerts=false, browserVersion=84.0.4147.135, browserName=chrome, javascriptEnabled=true, platformName=windows, setWindowRect=true, webauthn:virtualAuthenticators=true}]
Session ID: f596636f04fb4d32ef2ff12b73ca8462
	at TestCase.V1_1.IssuePage.WorkPlan.RPCMSD1402.RPCMSD1402(RPCMSD1402.java:35)
Caused by: org.openqa.selenium.ElementNotInteractableException: 
element not interactable
  (Session info: chrome=84.0.4147.135)
Build info: version: '3.4.0', revision: 'unknown', time: 'unknown'
System info: host: 'DESKTOP-37BKIHR', ip: '192.168.80.154', os.name: 'Windows 10', os.arch: 'amd64', os.version: '10.0', java.version: '1.8.0_65'
Driver info: org.openqa.selenium.chrome.ChromeDriver
Capabilities [{networkConnectionEnabled=false, chrome={chromedriverVersion=83.0.4103.39 (ccbf011cb2d2b19b506d844400483861342c20cd-refs/branch-heads/4103@{#416}), userDataDir=C:\Users\Dell\AppData\Local\Temp\scoped_dir13404_812585541}, timeouts={implicit=0.0, pageLoad=300000.0, script=30000.0}, pageLoadStrategy=normal, unhandledPromptBehavior=dismiss and notify, strictFileInteractability=false, platform=ANY, proxy=Proxy(), goog:chromeOptions={debuggerAddress=localhost:50870}, acceptInsecureCerts=false, browserVersion=84.0.4147.135, browserName=chrome, javascriptEnabled=true, platformName=windows, setWindowRect=true, webauthn:virtualAuthenticators=true}]
Session ID: f596636f04fb4d32ef2ff12b73ca8462
	at TestCase.V1_1.IssuePage.WorkPlan.RPCMSD1402.RPCMSD1402(RPCMSD1402.java:22)

RPCMSD1035(TestCase.V1_1.TimeSheet.WorkLog.RPCMSD1035)  Time elapsed: 18.167 s  <<< FAILURE!
java.lang.Exception: org.openqa.selenium.TimeoutException: Expected condition failed: waiting for shdsd.selenium.Tools.BaseTest$1@6401188a (tried for 10 second(s) with 500 MILLISECONDS interval)
	at TestCase.V1_1.TimeSheet.WorkLog.RPCMSD1035.RPCMSD1035(RPCMSD1035.java:44)
Caused by: org.openqa.selenium.TimeoutException: Expected condition failed: waiting for shdsd.selenium.Tools.BaseTest$1@6401188a (tried for 10 second(s) with 500 MILLISECONDS interval)
	at TestCase.V1_1.TimeSheet.WorkLog.RPCMSD1035.RPCMSD1035(RPCMSD1035.java:27)
Caused by: org.openqa.selenium.NoSuchElementException: 
no such element: Unable to locate element: {"method":"css selector","selector":"#react-select-4-option-1-3 > .css-1o5vhst > div"}
  (Session info: chrome=84.0.4147.135)
For documentation on this error, please visit: http://seleniumhq.org/exceptions/no_such_element.html
Build info: version: '3.4.0', revision: 'unknown', time: 'unknown'
System info: host: 'DESKTOP-37BKIHR', ip: '192.168.80.154', os.name: 'Windows 10', os.arch: 'amd64', os.version: '10.0', java.version: '1.8.0_65'
Driver info: org.openqa.selenium.chrome.ChromeDriver
Capabilities [{networkConnectionEnabled=false, chrome={chromedriverVersion=83.0.4103.39 (ccbf011cb2d2b19b506d844400483861342c20cd-refs/branch-heads/4103@{#416}), userDataDir=C:\Users\Dell\AppData\Local\Temp\scoped_dir13404_812585541}, timeouts={implicit=0.0, pageLoad=300000.0, script=30000.0}, pageLoadStrategy=normal, unhandledPromptBehavior=dismiss and notify, strictFileInteractability=false, platform=ANY, proxy=Proxy(), goog:chromeOptions={debuggerAddress=localhost:50870}, acceptInsecureCerts=false, browserVersion=84.0.4147.135, browserName=chrome, javascriptEnabled=true, platformName=windows, setWindowRect=true, webauthn:virtualAuthenticators=true}]
Session ID: f596636f04fb4d32ef2ff12b73ca8462
*** Element info: {Using=css selector, value=#react-select-4-option-1-3 > .css-1o5vhst > div}
	at TestCase.V1_1.TimeSheet.WorkLog.RPCMSD1035.RPCMSD1035(RPCMSD1035.java:27)

RPCMSD1042(TestCase.V1_1.TimeSheet.WorkLog.RPCMSD1068)  Time elapsed: 17.743 s  <<< FAILURE!
java.lang.Exception: org.openqa.selenium.TimeoutException: Expected condition failed: waiting for shdsd.selenium.Tools.BaseTest$1@2f995afc (tried for 10 second(s) with 500 MILLISECONDS interval)
	at TestCase.V1_1.TimeSheet.WorkLog.RPCMSD1068.RPCMSD1042(RPCMSD1068.java:42)
Caused by: org.openqa.selenium.TimeoutException: Expected condition failed: waiting for shdsd.selenium.Tools.BaseTest$1@2f995afc (tried for 10 second(s) with 500 MILLISECONDS interval)
	at TestCase.V1_1.TimeSheet.WorkLog.RPCMSD1068.RPCMSD1042(RPCMSD1068.java:18)
Caused by: org.openqa.selenium.NoSuchElementException: 
no such element: Unable to locate element: {"method":"css selector","selector":"#DateColumn02_6_logbtn"}
  (Session info: chrome=84.0.4147.135)
For documentation on this error, please visit: http://seleniumhq.org/exceptions/no_such_element.html
Build info: version: '3.4.0', revision: 'unknown', time: 'unknown'
System info: host: 'DESKTOP-37BKIHR', ip: '192.168.80.154', os.name: 'Windows 10', os.arch: 'amd64', os.version: '10.0', java.version: '1.8.0_65'
Driver info: org.openqa.selenium.chrome.ChromeDriver
Capabilities [{networkConnectionEnabled=false, chrome={chromedriverVersion=83.0.4103.39 (ccbf011cb2d2b19b506d844400483861342c20cd-refs/branch-heads/4103@{#416}), userDataDir=C:\Users\Dell\AppData\Local\Temp\scoped_dir13404_812585541}, timeouts={implicit=0.0, pageLoad=300000.0, script=30000.0}, pageLoadStrategy=normal, unhandledPromptBehavior=dismiss and notify, strictFileInteractability=false, platform=ANY, proxy=Proxy(), goog:chromeOptions={debuggerAddress=localhost:50870}, acceptInsecureCerts=false, browserVersion=84.0.4147.135, browserName=chrome, javascriptEnabled=true, platformName=windows, setWindowRect=true, webauthn:virtualAuthenticators=true}]
Session ID: f596636f04fb4d32ef2ff12b73ca8462
*** Element info: {Using=id, value=DateColumn02_6_logbtn}
	at TestCase.V1_1.TimeSheet.WorkLog.RPCMSD1068.RPCMSD1042(RPCMSD1068.java:18)

RPCMSD1069(TestCase.V1_1.TimeSheet.WorkLog.RPCMSD1069)  Time elapsed: 18.265 s  <<< FAILURE!
java.lang.Exception: org.openqa.selenium.TimeoutException: Expected condition failed: waiting for shdsd.selenium.Tools.BaseTest$1@7fd99443 (tried for 10 second(s) with 500 MILLISECONDS interval)
	at TestCase.V1_1.TimeSheet.WorkLog.RPCMSD1069.RPCMSD1069(RPCMSD1069.java:47)
Caused by: org.openqa.selenium.TimeoutException: Expected condition failed: waiting for shdsd.selenium.Tools.BaseTest$1@7fd99443 (tried for 10 second(s) with 500 MILLISECONDS interval)
	at TestCase.V1_1.TimeSheet.WorkLog.RPCMSD1069.RPCMSD1069(RPCMSD1069.java:17)
Caused by: org.openqa.selenium.NoSuchElementException: 
no such element: Unable to locate element: {"method":"css selector","selector":"#DateColumn02_6_logbtn"}
  (Session info: chrome=84.0.4147.135)
For documentation on this error, please visit: http://seleniumhq.org/exceptions/no_such_element.html
Build info: version: '3.4.0', revision: 'unknown', time: 'unknown'
System info: host: 'DESKTOP-37BKIHR', ip: '192.168.80.154', os.name: 'Windows 10', os.arch: 'amd64', os.version: '10.0', java.version: '1.8.0_65'
Driver info: org.openqa.selenium.chrome.ChromeDriver
Capabilities [{networkConnectionEnabled=false, chrome={chromedriverVersion=83.0.4103.39 (ccbf011cb2d2b19b506d844400483861342c20cd-refs/branch-heads/4103@{#416}), userDataDir=C:\Users\Dell\AppData\Local\Temp\scoped_dir13404_812585541}, timeouts={implicit=0.0, pageLoad=300000.0, script=30000.0}, pageLoadStrategy=normal, unhandledPromptBehavior=dismiss and notify, strictFileInteractability=false, platform=ANY, proxy=Proxy(), goog:chromeOptions={debuggerAddress=localhost:50870}, acceptInsecureCerts=false, browserVersion=84.0.4147.135, browserName=chrome, javascriptEnabled=true, platformName=windows, setWindowRect=true, webauthn:virtualAuthenticators=true}]
Session ID: f596636f04fb4d32ef2ff12b73ca8462
*** Element info: {Using=id, value=DateColumn02_6_logbtn}
	at TestCase.V1_1.TimeSheet.WorkLog.RPCMSD1069.RPCMSD1069(RPCMSD1069.java:17)

RPCMSD1414(TestCase.V1_1.TimeSheet.WorkLog.RPCMSD1414)  Time elapsed: 18.556 s  <<< FAILURE!
java.lang.Exception: org.openqa.selenium.TimeoutException: Expected condition failed: waiting for shdsd.selenium.Tools.BaseTest$1@6e8fdd19 (tried for 10 second(s) with 500 MILLISECONDS interval)
	at TestCase.V1_1.TimeSheet.WorkLog.RPCMSD1414.RPCMSD1414(RPCMSD1414.java:44)
Caused by: org.openqa.selenium.TimeoutException: Expected condition failed: waiting for shdsd.selenium.Tools.BaseTest$1@6e8fdd19 (tried for 10 second(s) with 500 MILLISECONDS interval)
	at TestCase.V1_1.TimeSheet.WorkLog.RPCMSD1414.RPCMSD1414(RPCMSD1414.java:18)
Caused by: org.openqa.selenium.NoSuchElementException: 
no such element: Unable to locate element: {"method":"css selector","selector":"#DateColumn02_14_logbtn"}
  (Session info: chrome=84.0.4147.135)
For documentation on this error, please visit: http://seleniumhq.org/exceptions/no_such_element.html
Build info: version: '3.4.0', revision: 'unknown', time: 'unknown'
System info: host: 'DESKTOP-37BKIHR', ip: '192.168.80.154', os.name: 'Windows 10', os.arch: 'amd64', os.version: '10.0', java.version: '1.8.0_65'
Driver info: org.openqa.selenium.chrome.ChromeDriver
Capabilities [{networkConnectionEnabled=false, chrome={chromedriverVersion=83.0.4103.39 (ccbf011cb2d2b19b506d844400483861342c20cd-refs/branch-heads/4103@{#416}), userDataDir=C:\Users\Dell\AppData\Local\Temp\scoped_dir13404_812585541}, timeouts={implicit=0.0, pageLoad=300000.0, script=30000.0}, pageLoadStrategy=normal, unhandledPromptBehavior=dismiss and notify, strictFileInteractability=false, platform=ANY, proxy=Proxy(), goog:chromeOptions={debuggerAddress=localhost:50870}, acceptInsecureCerts=false, browserVersion=84.0.4147.135, browserName=chrome, javascriptEnabled=true, platformName=windows, setWindowRect=true, webauthn:virtualAuthenticators=true}]
Session ID: f596636f04fb4d32ef2ff12b73ca8462
*** Element info: {Using=id, value=DateColumn02_14_logbtn}
	at TestCase.V1_1.TimeSheet.WorkLog.RPCMSD1414.RPCMSD1414(RPCMSD1414.java:18)

RPCMSD1415(TestCase.V1_1.TimeSheet.WorkLog.RPCMSD1415)  Time elapsed: 18.124 s  <<< FAILURE!
java.lang.Exception: org.openqa.selenium.TimeoutException: Expected condition failed: waiting for shdsd.selenium.Tools.BaseTest$1@5e50df2e (tried for 10 second(s) with 500 MILLISECONDS interval)
	at TestCase.V1_1.TimeSheet.WorkLog.RPCMSD1415.RPCMSD1415(RPCMSD1415.java:79)
Caused by: org.openqa.selenium.TimeoutException: Expected condition failed: waiting for shdsd.selenium.Tools.BaseTest$1@5e50df2e (tried for 10 second(s) with 500 MILLISECONDS interval)
	at TestCase.V1_1.TimeSheet.WorkLog.RPCMSD1415.RPCMSD1415(RPCMSD1415.java:18)
Caused by: org.openqa.selenium.NoSuchElementException: 
no such element: Unable to locate element: {"method":"css selector","selector":"#DateColumn02_14_logbtn"}
  (Session info: chrome=84.0.4147.135)
For documentation on this error, please visit: http://seleniumhq.org/exceptions/no_such_element.html
Build info: version: '3.4.0', revision: 'unknown', time: 'unknown'
System info: host: 'DESKTOP-37BKIHR', ip: '192.168.80.154', os.name: 'Windows 10', os.arch: 'amd64', os.version: '10.0', java.version: '1.8.0_65'
Driver info: org.openqa.selenium.chrome.ChromeDriver
Capabilities [{networkConnectionEnabled=false, chrome={chromedriverVersion=83.0.4103.39 (ccbf011cb2d2b19b506d844400483861342c20cd-refs/branch-heads/4103@{#416}), userDataDir=C:\Users\Dell\AppData\Local\Temp\scoped_dir13404_812585541}, timeouts={implicit=0.0, pageLoad=300000.0, script=30000.0}, pageLoadStrategy=normal, unhandledPromptBehavior=dismiss and notify, strictFileInteractability=false, platform=ANY, proxy=Proxy(), goog:chromeOptions={debuggerAddress=localhost:50870}, acceptInsecureCerts=false, browserVersion=84.0.4147.135, browserName=chrome, javascriptEnabled=true, platformName=windows, setWindowRect=true, webauthn:virtualAuthenticators=true}]
Session ID: f596636f04fb4d32ef2ff12b73ca8462
*** Element info: {Using=id, value=DateColumn02_14_logbtn}
	at TestCase.V1_1.TimeSheet.WorkLog.RPCMSD1415.RPCMSD1415(RPCMSD1415.java:18)

RPCMSD1449(TestCase.V1_1.TimeSheet.WorkLog.RPCMSD1449)  Time elapsed: 18.128 s  <<< FAILURE!
java.lang.Exception: org.openqa.selenium.TimeoutException: Expected condition failed: waiting for shdsd.selenium.Tools.BaseTest$1@565aa4ac (tried for 10 second(s) with 500 MILLISECONDS interval)
	at TestCase.V1_1.TimeSheet.WorkLog.RPCMSD1449.RPCMSD1449(RPCMSD1449.java:61)
Caused by: org.openqa.selenium.TimeoutException: Expected condition failed: waiting for shdsd.selenium.Tools.BaseTest$1@565aa4ac (tried for 10 second(s) with 500 MILLISECONDS interval)
	at TestCase.V1_1.TimeSheet.WorkLog.RPCMSD1449.RPCMSD1449(RPCMSD1449.java:20)
Caused by: org.openqa.selenium.NoSuchElementException: 
no such element: Unable to locate element: {"method":"css selector","selector":"#DateColumn16_4_logbtn"}
  (Session info: chrome=84.0.4147.135)
For documentation on this error, please visit: http://seleniumhq.org/exceptions/no_such_element.html
Build info: version: '3.4.0', revision: 'unknown', time: 'unknown'
System info: host: 'DESKTOP-37BKIHR', ip: '192.168.80.154', os.name: 'Windows 10', os.arch: 'amd64', os.version: '10.0', java.version: '1.8.0_65'
Driver info: org.openqa.selenium.chrome.ChromeDriver
Capabilities [{networkConnectionEnabled=false, chrome={chromedriverVersion=83.0.4103.39 (ccbf011cb2d2b19b506d844400483861342c20cd-refs/branch-heads/4103@{#416}), userDataDir=C:\Users\Dell\AppData\Local\Temp\scoped_dir13404_812585541}, timeouts={implicit=0.0, pageLoad=300000.0, script=30000.0}, pageLoadStrategy=normal, unhandledPromptBehavior=dismiss and notify, strictFileInteractability=false, platform=ANY, proxy=Proxy(), goog:chromeOptions={debuggerAddress=localhost:50870}, acceptInsecureCerts=false, browserVersion=84.0.4147.135, browserName=chrome, javascriptEnabled=true, platformName=windows, setWindowRect=true, webauthn:virtualAuthenticators=true}]
Session ID: f596636f04fb4d32ef2ff12b73ca8462
*** Element info: {Using=id, value=DateColumn16_4_logbtn}
	at TestCase.V1_1.TimeSheet.WorkLog.RPCMSD1449.RPCMSD1449(RPCMSD1449.java:20)

RPCMSD1450(TestCase.V1_1.TimeSheet.WorkLog.RPCMSD1450)  Time elapsed: 11.529 s  <<< FAILURE!
java.lang.Exception: org.openqa.selenium.TimeoutException: Expected condition failed: waiting for element to be clickable: By.id: login-form-authenticatePassword (tried for 10 second(s) with 500 MILLISECONDS interval)
	at TestCase.V1_1.TimeSheet.WorkLog.RPCMSD1450.RPCMSD1450(RPCMSD1450.java:35)
Caused by: org.openqa.selenium.TimeoutException: Expected condition failed: waiting for element to be clickable: By.id: login-form-authenticatePassword (tried for 10 second(s) with 500 MILLISECONDS interval)
	at TestCase.V1_1.TimeSheet.WorkLog.RPCMSD1450.RPCMSD1450(RPCMSD1450.java:22)
Caused by: org.openqa.selenium.NoSuchElementException: 
Cannot locate an element using By.id: login-form-authenticatePassword
For documentation on this error, please visit: http://seleniumhq.org/exceptions/no_such_element.html
Build info: version: '3.4.0', revision: 'unknown', time: 'unknown'
System info: host: 'DESKTOP-37BKIHR', ip: '192.168.80.154', os.name: 'Windows 10', os.arch: 'amd64', os.version: '10.0', java.version: '1.8.0_65'
Driver info: driver.version: unknown
	at TestCase.V1_1.TimeSheet.WorkLog.RPCMSD1450.RPCMSD1450(RPCMSD1450.java:22)

