<?xml version="1.0" encoding="UTF-8"?>
<testsuite xmlns:xsi="http://www.w3.org/2001/XMLSchema-instance" xsi:noNamespaceSchemaLocation="https://maven.apache.org/surefire/maven-surefire-plugin/xsd/surefire-test-report.xsd" name="TestSuite" time="878.307" tests="87" errors="0" skipped="0" failures="62">
  <properties>
    <property name="sun.desktop" value="windows"/>
    <property name="awt.toolkit" value="sun.awt.windows.WToolkit"/>
    <property name="file.encoding.pkg" value="sun.io"/>
    <property name="java.specification.version" value="1.8"/>
    <property name="sun.cpu.isalist" value="amd64"/>
    <property name="sun.jnu.encoding" value="GBK"/>
    <property name="java.class.path" value="E:\TimeWise\target\test-classes;E:\TimeWise\target\classes;C:\Users\Dell\.m2\repository\org\seleniumhq\selenium\selenium-java\2.53.1\selenium-java-2.53.1.jar;C:\Users\Dell\.m2\repository\org\seleniumhq\selenium\selenium-edge-driver\2.53.1\selenium-edge-driver-2.53.1.jar;C:\Users\Dell\.m2\repository\commons-io\commons-io\2.4\commons-io-2.4.jar;C:\Users\Dell\.m2\repository\org\seleniumhq\selenium\htmlunit-driver\2.21\htmlunit-driver-2.21.jar;C:\Users\Dell\.m2\repository\commons-collections\commons-collections\3.2.2\commons-collections-3.2.2.jar;C:\Users\Dell\.m2\repository\org\seleniumhq\selenium\selenium-ie-driver\2.53.1\selenium-ie-driver-2.53.1.jar;C:\Users\Dell\.m2\repository\org\seleniumhq\selenium\selenium-safari-driver\2.53.1\selenium-safari-driver-2.53.1.jar;C:\Users\Dell\.m2\repository\io\netty\netty\3.5.7.Final\netty-3.5.7.Final.jar;C:\Users\Dell\.m2\repository\org\seleniumhq\selenium\selenium-leg-rc\2.53.1\selenium-leg-rc-2.53.1.jar;C:\Users\Dell\.m2\repository\dom4j\dom4j\1.6.1\dom4j-1.6.1.jar;C:\Users\Dell\.m2\repository\xml-apis\xml-apis\1.4.01\xml-apis-1.4.01.jar;C:\Users\Dell\.m2\repository\log4j\log4j\1.2.17\log4j-1.2.17.jar;C:\Users\Dell\.m2\repository\io\qameta\allure\allure-testng\2.12.1\allure-testng-2.12.1.jar;C:\Users\Dell\.m2\repository\org\testng\testng\6.9.9\testng-6.9.9.jar;C:\Users\Dell\.m2\repository\junit\junit\4.10\junit-4.10.jar;C:\Users\Dell\.m2\repository\org\hamcrest\hamcrest-core\1.1\hamcrest-core-1.1.jar;C:\Users\Dell\.m2\repository\com\beust\jcommander\1.48\jcommander-1.48.jar;C:\Users\Dell\.m2\repository\org\apache\ant\ant\1.7.0\ant-1.7.0.jar;C:\Users\Dell\.m2\repository\org\apache\ant\ant-launcher\1.7.0\ant-launcher-1.7.0.jar;C:\Users\Dell\.m2\repository\org\yaml\snakeyaml\1.15\snakeyaml-1.15.jar;C:\Users\Dell\.m2\repository\org\beanshell\bsh\2.0b4\bsh-2.0b4.jar;C:\Users\Dell\.m2\repository\org\uncommons\reportng\1.1.4\reportng-1.1.4.jar;C:\Users\Dell\.m2\repository\velocity\velocity\1.4\velocity-1.4.jar;C:\Users\Dell\.m2\repository\velocity\velocity-dep\1.4\velocity-dep-1.4.jar;C:\Users\Dell\.m2\repository\org\seleniumhq\selenium\selenium-firefox-driver\3.4.0\selenium-firefox-driver-3.4.0.jar;C:\Users\Dell\.m2\repository\org\seleniumhq\selenium\selenium-api\3.4.0\selenium-api-3.4.0.jar;C:\Users\Dell\.m2\repository\org\seleniumhq\selenium\selenium-remote-driver\3.4.0\selenium-remote-driver-3.4.0.jar;C:\Users\Dell\.m2\repository\cglib\cglib-nodep\3.2.4\cglib-nodep-3.2.4.jar;C:\Users\Dell\.m2\repository\org\apache\commons\commons-exec\1.3\commons-exec-1.3.jar;C:\Users\Dell\.m2\repository\commons-codec\commons-codec\1.10\commons-codec-1.10.jar;C:\Users\Dell\.m2\repository\commons-logging\commons-logging\1.2\commons-logging-1.2.jar;C:\Users\Dell\.m2\repository\com\google\code\gson\gson\2.8.0\gson-2.8.0.jar;C:\Users\Dell\.m2\repository\com\google\guava\guava\21.0\guava-21.0.jar;C:\Users\Dell\.m2\repository\org\apache\httpcomponents\httpcore\4.4.6\httpcore-4.4.6.jar;C:\Users\Dell\.m2\repository\net\java\dev\jna\jna\4.1.0\jna-4.1.0.jar;C:\Users\Dell\.m2\repository\net\java\dev\jna\jna-platform\4.1.0\jna-platform-4.1.0.jar;C:\Users\Dell\.m2\repository\com\google\inject\guice\4.0\guice-4.0.jar;C:\Users\Dell\.m2\repository\javax\inject\javax.inject\1\javax.inject-1.jar;C:\Users\Dell\.m2\repository\aopalliance\aopalliance\1.0\aopalliance-1.0.jar;C:\Users\Dell\.m2\repository\org\seleniumhq\selenium\selenium-chrome-driver\3.3.0\selenium-chrome-driver-3.3.0.jar;C:\Users\Dell\.m2\repository\org\seleniumhq\selenium\selenium-htmlunit-driver\2.46.0\selenium-htmlunit-driver-2.46.0.jar;C:\Users\Dell\.m2\repository\net\sourceforge\htmlunit\htmlunit\2.17\htmlunit-2.17.jar;C:\Users\Dell\.m2\repository\xalan\xalan\2.7.2\xalan-2.7.2.jar;C:\Users\Dell\.m2\repository\xalan\serializer\2.7.2\serializer-2.7.2.jar;C:\Users\Dell\.m2\repository\org\apache\commons\commons-lang3\3.4\commons-lang3-3.4.jar;C:\Users\Dell\.m2\repository\net\sourceforge\htmlunit\htmlunit-core-js\2.17\htmlunit-core-js-2.17.jar;C:\Users\Dell\.m2\repository\xerces\xercesImpl\2.11.0\xercesImpl-2.11.0.jar;C:\Users\Dell\.m2\repository\net\sourceforge\nekohtml\nekohtml\1.9.22\nekohtml-1.9.22.jar;C:\Users\Dell\.m2\repository\net\sourceforge\cssparser\cssparser\0.9.16\cssparser-0.9.16.jar;C:\Users\Dell\.m2\repository\org\w3c\css\sac\1.3\sac-1.3.jar;C:\Users\Dell\.m2\repository\org\eclipse\jetty\websocket\websocket-client\9.2.11.v20150529\websocket-client-9.2.11.v20150529.jar;C:\Users\Dell\.m2\repository\org\eclipse\jetty\jetty-util\9.2.11.v20150529\jetty-util-9.2.11.v20150529.jar;C:\Users\Dell\.m2\repository\org\eclipse\jetty\jetty-io\9.2.11.v20150529\jetty-io-9.2.11.v20150529.jar;C:\Users\Dell\.m2\repository\org\eclipse\jetty\websocket\websocket-common\9.2.11.v20150529\websocket-common-9.2.11.v20150529.jar;C:\Users\Dell\.m2\repository\org\eclipse\jetty\websocket\websocket-api\9.2.11.v20150529\websocket-api-9.2.11.v20150529.jar;C:\Users\Dell\.m2\repository\org\seleniumhq\selenium\selenium-support\3.3.0\selenium-support-3.3.0.jar;C:\Users\Dell\.m2\repository\org\hamcrest\hamcrest-library\1.3\hamcrest-library-1.3.jar;C:\Users\Dell\.m2\repository\org\slf4j\slf4j-api\1.5.6\slf4j-api-1.5.6.jar;C:\Users\Dell\.m2\repository\org\slf4j\slf4j-simple\1.5.6\slf4j-simple-1.5.6.jar;C:\Users\Dell\.m2\repository\com\aventstack\extentreports\3.0.3\extentreports-3.0.3.jar;C:\Users\Dell\.m2\repository\org\freemarker\freemarker\2.3.23\freemarker-2.3.23.jar;C:\Users\Dell\.m2\repository\org\mongodb\mongodb-driver\3.3.0\mongodb-driver-3.3.0.jar;C:\Users\Dell\.m2\repository\org\mongodb\bson\3.3.0\bson-3.3.0.jar;C:\Users\Dell\.m2\repository\org\mongodb\mongodb-driver-core\3.3.0\mongodb-driver-core-3.3.0.jar;C:\Users\Dell\.m2\repository\org\apache\httpcomponents\httpmime\4.5.2\httpmime-4.5.2.jar;C:\Users\Dell\.m2\repository\org\jsoup\jsoup\1.9.2\jsoup-1.9.2.jar;C:\Users\Dell\.m2\repository\org\json\json\20180813\json-20180813.jar;C:\Users\Dell\.m2\repository\org\apache\httpcomponents\httpclient\4.5.2\httpclient-4.5.2.jar;C:\Users\Dell\.m2\repository\org\apache\poi\poi\3.16\poi-3.16.jar;C:\Users\Dell\.m2\repository\org\apache\commons\commons-collections4\4.1\commons-collections4-4.1.jar;C:\Users\Dell\.m2\repository\org\apache\poi\poi-ooxml\3.16\poi-ooxml-3.16.jar;C:\Users\Dell\.m2\repository\org\apache\poi\poi-ooxml-schemas\3.16\poi-ooxml-schemas-3.16.jar;C:\Users\Dell\.m2\repository\org\apache\xmlbeans\xmlbeans\2.6.0\xmlbeans-2.6.0.jar;C:\Users\Dell\.m2\repository\stax\stax-api\1.0.1\stax-api-1.0.1.jar;C:\Users\Dell\.m2\repository\com\github\virtuald\curvesapi\1.04\curvesapi-1.04.jar;C:\Users\Dell\.m2\repository\io\qameta\allure\allure-java-commons\2.12.1\allure-java-commons-2.12.1.jar;C:\Users\Dell\.m2\repository\io\qameta\allure\allure-model\2.12.1\allure-model-2.12.1.jar;C:\Users\Dell\.m2\repository\com\fasterxml\jackson\core\jackson-databind\2.9.8\jackson-databind-2.9.8.jar;C:\Users\Dell\.m2\repository\com\fasterxml\jackson\core\jackson-annotations\2.9.0\jackson-annotations-2.9.0.jar;C:\Users\Dell\.m2\repository\com\fasterxml\jackson\core\jackson-core\2.9.8\jackson-core-2.9.8.jar;C:\Users\Dell\.m2\repository\org\apache\tika\tika-core\1.20\tika-core-1.20.jar;C:\Users\Dell\.m2\repository\org\jooq\joor-java-8\0.9.10\joor-java-8-0.9.10.jar;"/>
    <property name="java.vm.vendor" value="Oracle Corporation"/>
    <property name="sun.arch.data.model" value="64"/>
    <property name="user.variant" value=""/>
    <property name="java.vendor.url" value="http://java.oracle.com/"/>
    <property name="user.timezone" value="Asia/Shanghai"/>
    <property name="java.vm.specification.version" value="1.8"/>
    <property name="os.name" value="Windows 10"/>
    <property name="user.country" value="CN"/>
    <property name="sun.java.launcher" value="SUN_STANDARD"/>
    <property name="sun.boot.library.path" value="C:\Program Files\Java\jdk1.8.0_65\jre\bin"/>
    <property name="sun.java.command" value="C:\Users\Dell\AppData\Local\Temp\surefire1887834267825742041\surefirebooter1614284361017764675.jar C:\Users\Dell\AppData\Local\Temp\surefire1887834267825742041 2020-08-25T20-30-47_703-jvmRun1 surefire6326537115865635324tmp surefire_01566125876521887650tmp"/>
    <property name="surefire.test.class.path" value="E:\TimeWise\target\test-classes;E:\TimeWise\target\classes;C:\Users\Dell\.m2\repository\org\seleniumhq\selenium\selenium-java\2.53.1\selenium-java-2.53.1.jar;C:\Users\Dell\.m2\repository\org\seleniumhq\selenium\selenium-edge-driver\2.53.1\selenium-edge-driver-2.53.1.jar;C:\Users\Dell\.m2\repository\commons-io\commons-io\2.4\commons-io-2.4.jar;C:\Users\Dell\.m2\repository\org\seleniumhq\selenium\htmlunit-driver\2.21\htmlunit-driver-2.21.jar;C:\Users\Dell\.m2\repository\commons-collections\commons-collections\3.2.2\commons-collections-3.2.2.jar;C:\Users\Dell\.m2\repository\org\seleniumhq\selenium\selenium-ie-driver\2.53.1\selenium-ie-driver-2.53.1.jar;C:\Users\Dell\.m2\repository\org\seleniumhq\selenium\selenium-safari-driver\2.53.1\selenium-safari-driver-2.53.1.jar;C:\Users\Dell\.m2\repository\io\netty\netty\3.5.7.Final\netty-3.5.7.Final.jar;C:\Users\Dell\.m2\repository\org\seleniumhq\selenium\selenium-leg-rc\2.53.1\selenium-leg-rc-2.53.1.jar;C:\Users\Dell\.m2\repository\dom4j\dom4j\1.6.1\dom4j-1.6.1.jar;C:\Users\Dell\.m2\repository\xml-apis\xml-apis\1.4.01\xml-apis-1.4.01.jar;C:\Users\Dell\.m2\repository\log4j\log4j\1.2.17\log4j-1.2.17.jar;C:\Users\Dell\.m2\repository\io\qameta\allure\allure-testng\2.12.1\allure-testng-2.12.1.jar;C:\Users\Dell\.m2\repository\org\testng\testng\6.9.9\testng-6.9.9.jar;C:\Users\Dell\.m2\repository\junit\junit\4.10\junit-4.10.jar;C:\Users\Dell\.m2\repository\org\hamcrest\hamcrest-core\1.1\hamcrest-core-1.1.jar;C:\Users\Dell\.m2\repository\com\beust\jcommander\1.48\jcommander-1.48.jar;C:\Users\Dell\.m2\repository\org\apache\ant\ant\1.7.0\ant-1.7.0.jar;C:\Users\Dell\.m2\repository\org\apache\ant\ant-launcher\1.7.0\ant-launcher-1.7.0.jar;C:\Users\Dell\.m2\repository\org\yaml\snakeyaml\1.15\snakeyaml-1.15.jar;C:\Users\Dell\.m2\repository\org\beanshell\bsh\2.0b4\bsh-2.0b4.jar;C:\Users\Dell\.m2\repository\org\uncommons\reportng\1.1.4\reportng-1.1.4.jar;C:\Users\Dell\.m2\repository\velocity\velocity\1.4\velocity-1.4.jar;C:\Users\Dell\.m2\repository\velocity\velocity-dep\1.4\velocity-dep-1.4.jar;C:\Users\Dell\.m2\repository\org\seleniumhq\selenium\selenium-firefox-driver\3.4.0\selenium-firefox-driver-3.4.0.jar;C:\Users\Dell\.m2\repository\org\seleniumhq\selenium\selenium-api\3.4.0\selenium-api-3.4.0.jar;C:\Users\Dell\.m2\repository\org\seleniumhq\selenium\selenium-remote-driver\3.4.0\selenium-remote-driver-3.4.0.jar;C:\Users\Dell\.m2\repository\cglib\cglib-nodep\3.2.4\cglib-nodep-3.2.4.jar;C:\Users\Dell\.m2\repository\org\apache\commons\commons-exec\1.3\commons-exec-1.3.jar;C:\Users\Dell\.m2\repository\commons-codec\commons-codec\1.10\commons-codec-1.10.jar;C:\Users\Dell\.m2\repository\commons-logging\commons-logging\1.2\commons-logging-1.2.jar;C:\Users\Dell\.m2\repository\com\google\code\gson\gson\2.8.0\gson-2.8.0.jar;C:\Users\Dell\.m2\repository\com\google\guava\guava\21.0\guava-21.0.jar;C:\Users\Dell\.m2\repository\org\apache\httpcomponents\httpcore\4.4.6\httpcore-4.4.6.jar;C:\Users\Dell\.m2\repository\net\java\dev\jna\jna\4.1.0\jna-4.1.0.jar;C:\Users\Dell\.m2\repository\net\java\dev\jna\jna-platform\4.1.0\jna-platform-4.1.0.jar;C:\Users\Dell\.m2\repository\com\google\inject\guice\4.0\guice-4.0.jar;C:\Users\Dell\.m2\repository\javax\inject\javax.inject\1\javax.inject-1.jar;C:\Users\Dell\.m2\repository\aopalliance\aopalliance\1.0\aopalliance-1.0.jar;C:\Users\Dell\.m2\repository\org\seleniumhq\selenium\selenium-chrome-driver\3.3.0\selenium-chrome-driver-3.3.0.jar;C:\Users\Dell\.m2\repository\org\seleniumhq\selenium\selenium-htmlunit-driver\2.46.0\selenium-htmlunit-driver-2.46.0.jar;C:\Users\Dell\.m2\repository\net\sourceforge\htmlunit\htmlunit\2.17\htmlunit-2.17.jar;C:\Users\Dell\.m2\repository\xalan\xalan\2.7.2\xalan-2.7.2.jar;C:\Users\Dell\.m2\repository\xalan\serializer\2.7.2\serializer-2.7.2.jar;C:\Users\Dell\.m2\repository\org\apache\commons\commons-lang3\3.4\commons-lang3-3.4.jar;C:\Users\Dell\.m2\repository\net\sourceforge\htmlunit\htmlunit-core-js\2.17\htmlunit-core-js-2.17.jar;C:\Users\Dell\.m2\repository\xerces\xercesImpl\2.11.0\xercesImpl-2.11.0.jar;C:\Users\Dell\.m2\repository\net\sourceforge\nekohtml\nekohtml\1.9.22\nekohtml-1.9.22.jar;C:\Users\Dell\.m2\repository\net\sourceforge\cssparser\cssparser\0.9.16\cssparser-0.9.16.jar;C:\Users\Dell\.m2\repository\org\w3c\css\sac\1.3\sac-1.3.jar;C:\Users\Dell\.m2\repository\org\eclipse\jetty\websocket\websocket-client\9.2.11.v20150529\websocket-client-9.2.11.v20150529.jar;C:\Users\Dell\.m2\repository\org\eclipse\jetty\jetty-util\9.2.11.v20150529\jetty-util-9.2.11.v20150529.jar;C:\Users\Dell\.m2\repository\org\eclipse\jetty\jetty-io\9.2.11.v20150529\jetty-io-9.2.11.v20150529.jar;C:\Users\Dell\.m2\repository\org\eclipse\jetty\websocket\websocket-common\9.2.11.v20150529\websocket-common-9.2.11.v20150529.jar;C:\Users\Dell\.m2\repository\org\eclipse\jetty\websocket\websocket-api\9.2.11.v20150529\websocket-api-9.2.11.v20150529.jar;C:\Users\Dell\.m2\repository\org\seleniumhq\selenium\selenium-support\3.3.0\selenium-support-3.3.0.jar;C:\Users\Dell\.m2\repository\org\hamcrest\hamcrest-library\1.3\hamcrest-library-1.3.jar;C:\Users\Dell\.m2\repository\org\slf4j\slf4j-api\1.5.6\slf4j-api-1.5.6.jar;C:\Users\Dell\.m2\repository\org\slf4j\slf4j-simple\1.5.6\slf4j-simple-1.5.6.jar;C:\Users\Dell\.m2\repository\com\aventstack\extentreports\3.0.3\extentreports-3.0.3.jar;C:\Users\Dell\.m2\repository\org\freemarker\freemarker\2.3.23\freemarker-2.3.23.jar;C:\Users\Dell\.m2\repository\org\mongodb\mongodb-driver\3.3.0\mongodb-driver-3.3.0.jar;C:\Users\Dell\.m2\repository\org\mongodb\bson\3.3.0\bson-3.3.0.jar;C:\Users\Dell\.m2\repository\org\mongodb\mongodb-driver-core\3.3.0\mongodb-driver-core-3.3.0.jar;C:\Users\Dell\.m2\repository\org\apache\httpcomponents\httpmime\4.5.2\httpmime-4.5.2.jar;C:\Users\Dell\.m2\repository\org\jsoup\jsoup\1.9.2\jsoup-1.9.2.jar;C:\Users\Dell\.m2\repository\org\json\json\20180813\json-20180813.jar;C:\Users\Dell\.m2\repository\org\apache\httpcomponents\httpclient\4.5.2\httpclient-4.5.2.jar;C:\Users\Dell\.m2\repository\org\apache\poi\poi\3.16\poi-3.16.jar;C:\Users\Dell\.m2\repository\org\apache\commons\commons-collections4\4.1\commons-collections4-4.1.jar;C:\Users\Dell\.m2\repository\org\apache\poi\poi-ooxml\3.16\poi-ooxml-3.16.jar;C:\Users\Dell\.m2\repository\org\apache\poi\poi-ooxml-schemas\3.16\poi-ooxml-schemas-3.16.jar;C:\Users\Dell\.m2\repository\org\apache\xmlbeans\xmlbeans\2.6.0\xmlbeans-2.6.0.jar;C:\Users\Dell\.m2\repository\stax\stax-api\1.0.1\stax-api-1.0.1.jar;C:\Users\Dell\.m2\repository\com\github\virtuald\curvesapi\1.04\curvesapi-1.04.jar;C:\Users\Dell\.m2\repository\io\qameta\allure\allure-java-commons\2.12.1\allure-java-commons-2.12.1.jar;C:\Users\Dell\.m2\repository\io\qameta\allure\allure-model\2.12.1\allure-model-2.12.1.jar;C:\Users\Dell\.m2\repository\com\fasterxml\jackson\core\jackson-databind\2.9.8\jackson-databind-2.9.8.jar;C:\Users\Dell\.m2\repository\com\fasterxml\jackson\core\jackson-annotations\2.9.0\jackson-annotations-2.9.0.jar;C:\Users\Dell\.m2\repository\com\fasterxml\jackson\core\jackson-core\2.9.8\jackson-core-2.9.8.jar;C:\Users\Dell\.m2\repository\org\apache\tika\tika-core\1.20\tika-core-1.20.jar;C:\Users\Dell\.m2\repository\org\jooq\joor-java-8\0.9.10\joor-java-8-0.9.10.jar;"/>
    <property name="sun.cpu.endian" value="little"/>
    <property name="user.home" value="C:\Users\Dell"/>
    <property name="user.language" value="zh"/>
    <property name="java.specification.vendor" value="Oracle Corporation"/>
    <property name="java.home" value="C:\Program Files\Java\jdk1.8.0_65\jre"/>
    <property name="basedir" value="E:\TimeWise"/>
    <property name="file.separator" value="\"/>
    <property name="line.separator" value="&#10;"/>
    <property name="java.vm.specification.vendor" value="Oracle Corporation"/>
    <property name="java.specification.name" value="Java Platform API Specification"/>
    <property name="java.awt.graphicsenv" value="sun.awt.Win32GraphicsEnvironment"/>
    <property name="surefire.real.class.path" value="C:\Users\Dell\AppData\Local\Temp\surefire1887834267825742041\surefirebooter1614284361017764675.jar;C:\Users\Dell\.m2\repository/org/aspectj/aspectjweaver/1.8.10/aspectjweaver-1.8.10.jar"/>
    <property name="sun.boot.class.path" value="C:\Program Files\Java\jdk1.8.0_65\jre\lib\resources.jar;C:\Program Files\Java\jdk1.8.0_65\jre\lib\rt.jar;C:\Program Files\Java\jdk1.8.0_65\jre\lib\sunrsasign.jar;C:\Program Files\Java\jdk1.8.0_65\jre\lib\jsse.jar;C:\Program Files\Java\jdk1.8.0_65\jre\lib\jce.jar;C:\Program Files\Java\jdk1.8.0_65\jre\lib\charsets.jar;C:\Program Files\Java\jdk1.8.0_65\jre\lib\jfr.jar;C:\Program Files\Java\jdk1.8.0_65\jre\classes"/>
    <property name="user.script" value=""/>
    <property name="sun.management.compiler" value="HotSpot 64-Bit Tiered Compilers"/>
    <property name="java.runtime.version" value="1.8.0_65-b17"/>
    <property name="user.name" value="Dell"/>
    <property name="path.separator" value=";"/>
    <property name="os.version" value="10.0"/>
    <property name="java.endorsed.dirs" value="C:\Program Files\Java\jdk1.8.0_65\jre\lib\endorsed"/>
    <property name="java.runtime.name" value="Java(TM) SE Runtime Environment"/>
    <property name="file.encoding" value="GBK"/>
    <property name="java.vm.name" value="Java HotSpot(TM) 64-Bit Server VM"/>
    <property name="localRepository" value="C:\Users\Dell\.m2\repository"/>
    <property name="java.vendor.url.bug" value="http://bugreport.sun.com/bugreport/"/>
    <property name="java.io.tmpdir" value="C:\Users\Dell\AppData\Local\Temp\"/>
    <property name="java.version" value="1.8.0_65"/>
    <property name="user.dir" value="E:\TimeWise"/>
    <property name="os.arch" value="amd64"/>
    <property name="java.vm.specification.name" value="Java Virtual Machine Specification"/>
    <property name="java.awt.printerjob" value="sun.awt.windows.WPrinterJob"/>
    <property name="sun.os.patch.level" value=""/>
    <property name="java.library.path" value="C:\Program Files\Java\jdk1.8.0_65\jre\bin;C:\Windows\Sun\Java\bin;C:\Windows\system32;C:\Windows;C:\Program Files (x86)\Common Files\Oracle\Java\javapath;C:\Program Files (x86)\NetSarang\Xftp 6\;C:\ProgramData\Oracle\Java\javapath;C:\Program Files (x86)\NetSarang\Xshell 6\;C:\Windows\system32;C:\Windows;C:\Windows\System32\Wbem;C:\Windows\System32\WindowsPowerShell\v1.0\;C:\OpenSSL-Win64\bin;C:\Program Files\Java\jdk1.8.0_65\bin;C:\Program Files\Java\jdk1.8.0_65\jre\bin;C:\OpenSSL-Win64\bin;D:\software\allure-2.12.0\bin;C:\Program Files\Git\cmd;G:\apache-maven-3.6.3\bin;C:\Users\Dell\AppData\Local\Microsoft\WindowsApps;;."/>
    <property name="java.vm.info" value="mixed mode"/>
    <property name="java.vendor" value="Oracle Corporation"/>
    <property name="java.vm.version" value="25.65-b01"/>
    <property name="java.ext.dirs" value="C:\Program Files\Java\jdk1.8.0_65\jre\lib\ext;C:\Windows\Sun\Java\lib\ext"/>
    <property name="sun.io.unicode.encoding" value="UnicodeLittle"/>
    <property name="java.class.version" value="52.0"/>
  </properties>
  <testcase name="RPCMSD1004" classname="TestCase.V1_1.IssuePage.WorkLog.RPCMSD1004" time="30.469">
    <failure message="org.openqa.selenium.TimeoutException: Expected condition failed: waiting for shdsd.selenium.Tools.BaseTest$1@2404b5a (tried for 10 second(s) with 500 MILLISECONDS interval)" type="java.lang.Exception">java.lang.Exception: org.openqa.selenium.TimeoutException: Expected condition failed: waiting for shdsd.selenium.Tools.BaseTest$1@2404b5a (tried for 10 second(s) with 500 MILLISECONDS interval)
	at TestCase.V1_1.IssuePage.WorkLog.RPCMSD1004.RPCMSD1004(RPCMSD1004.java:59)
Caused by: org.openqa.selenium.TimeoutException: Expected condition failed: waiting for shdsd.selenium.Tools.BaseTest$1@2404b5a (tried for 10 second(s) with 500 MILLISECONDS interval)
	at TestCase.V1_1.IssuePage.WorkLog.RPCMSD1004.RPCMSD1004(RPCMSD1004.java:34)
Caused by: org.openqa.selenium.NoSuchElementException: 
no such element: Unable to locate element: {"method":"partial link text","selector":"登录"}
  (Session info: chrome=84.0.4147.135)
For documentation on this error, please visit: http://seleniumhq.org/exceptions/no_such_element.html
Build info: version: '3.4.0', revision: 'unknown', time: 'unknown'
System info: host: 'DESKTOP-37BKIHR', ip: '192.168.80.154', os.name: 'Windows 10', os.arch: 'amd64', os.version: '10.0', java.version: '1.8.0_65'
Driver info: org.openqa.selenium.chrome.ChromeDriver
Capabilities [{networkConnectionEnabled=false, chrome={chromedriverVersion=83.0.4103.39 (ccbf011cb2d2b19b506d844400483861342c20cd-refs/branch-heads/4103@{#416}), userDataDir=C:\Users\Dell\AppData\Local\Temp\scoped_dir13404_812585541}, timeouts={implicit=0.0, pageLoad=300000.0, script=30000.0}, pageLoadStrategy=normal, unhandledPromptBehavior=dismiss and notify, strictFileInteractability=false, platform=ANY, proxy=Proxy(), goog:chromeOptions={debuggerAddress=localhost:50870}, acceptInsecureCerts=false, browserVersion=84.0.4147.135, browserName=chrome, javascriptEnabled=true, platformName=windows, setWindowRect=true, webauthn:virtualAuthenticators=true}]
Session ID: f596636f04fb4d32ef2ff12b73ca8462
*** Element info: {Using=partial link text, value=登录}
	at TestCase.V1_1.IssuePage.WorkLog.RPCMSD1004.RPCMSD1004(RPCMSD1004.java:34)
</failure>
    <system-err><![CDATA[Starting ChromeDriver 83.0.4103.39 (ccbf011cb2d2b19b506d844400483861342c20cd-refs/branch-heads/4103@{#416}) on port 32474
Only local connections are allowed.
Please see https://chromedriver.chromium.org/security-considerations for suggestions on keeping ChromeDriver safe.
ChromeDriver was started successfully.
log4j:WARN No appenders could be found for logger (org.apache.http.client.protocol.RequestAddCookies).
log4j:WARN Please initialize the log4j system properly.
log4j:WARN See http://logging.apache.org/log4j/1.2/faq.html#noconfig for more info.
[1598358650.660][WARNING]: This version of ChromeDriver has not been tested with Chrome version 84.
八月 25, 2020 8:30:52 下午 org.openqa.selenium.remote.ProtocolHandshake createSession
信息: Detected dialect: W3C

]]></system-err>
  </testcase>
  <testcase name="RPCMSD1721" classname="TestCase.V1_2.Configure.Calendar_configuration.RPCMSD1721" time="2.873">
    <failure message="java.lang.IndexOutOfBoundsException: Index: 1, Size: 0" type="java.lang.Exception">java.lang.Exception: java.lang.IndexOutOfBoundsException: Index: 1, Size: 0
	at TestCase.V1_2.Configure.Calendar_configuration.RPCMSD1721.RPCMSD1721(RPCMSD1721.java:92)
Caused by: java.lang.IndexOutOfBoundsException: Index: 1, Size: 0
	at TestCase.V1_2.Configure.Calendar_configuration.RPCMSD1721.RPCMSD1721(RPCMSD1721.java:24)
</failure>
    <system-err><![CDATA[42071 [main] ERROR io.qameta.allure.AllureLifecycle - Could not add attachment: no test is running
日历方案添加失败！
]]></system-err>
  </testcase>
  <testcase name="RPCMSD1889" classname="TestCase.V1_3.Project.RPCMSD1889" time="18.541">
    <failure message="org.openqa.selenium.TimeoutException: Expected condition failed: waiting for shdsd.selenium.Tools.BaseTest$1@6f347d7 (tried for 10 second(s) with 500 MILLISECONDS interval)" type="java.lang.Exception">java.lang.Exception: org.openqa.selenium.TimeoutException: Expected condition failed: waiting for shdsd.selenium.Tools.BaseTest$1@6f347d7 (tried for 10 second(s) with 500 MILLISECONDS interval)
	at TestCase.V1_3.Project.RPCMSD1889.RPCMSD1889(RPCMSD1889.java:44)
Caused by: org.openqa.selenium.TimeoutException: Expected condition failed: waiting for shdsd.selenium.Tools.BaseTest$1@6f347d7 (tried for 10 second(s) with 500 MILLISECONDS interval)
	at TestCase.V1_3.Project.RPCMSD1889.RPCMSD1889(RPCMSD1889.java:24)
Caused by: org.openqa.selenium.NoSuchElementException: 
no such element: Unable to locate element: {"method":"css selector","selector":"a[title="TEST Project"][href="/plugins/servlet/project-config/AAAAA/summary"]"}
  (Session info: chrome=84.0.4147.135)
For documentation on this error, please visit: http://seleniumhq.org/exceptions/no_such_element.html
Build info: version: '3.4.0', revision: 'unknown', time: 'unknown'
System info: host: 'DESKTOP-37BKIHR', ip: '192.168.80.154', os.name: 'Windows 10', os.arch: 'amd64', os.version: '10.0', java.version: '1.8.0_65'
Driver info: org.openqa.selenium.chrome.ChromeDriver
Capabilities [{networkConnectionEnabled=false, chrome={chromedriverVersion=83.0.4103.39 (ccbf011cb2d2b19b506d844400483861342c20cd-refs/branch-heads/4103@{#416}), userDataDir=C:\Users\Dell\AppData\Local\Temp\scoped_dir13404_812585541}, timeouts={implicit=0.0, pageLoad=300000.0, script=30000.0}, pageLoadStrategy=normal, unhandledPromptBehavior=dismiss and notify, strictFileInteractability=false, platform=ANY, proxy=Proxy(), goog:chromeOptions={debuggerAddress=localhost:50870}, acceptInsecureCerts=false, browserVersion=84.0.4147.135, browserName=chrome, javascriptEnabled=true, platformName=windows, setWindowRect=true, webauthn:virtualAuthenticators=true}]
Session ID: f596636f04fb4d32ef2ff12b73ca8462
*** Element info: {Using=css selector, value=a[title="TEST Project"][href="/plugins/servlet/project-config/AAAAA/summary"]}
	at TestCase.V1_3.Project.RPCMSD1889.RPCMSD1889(RPCMSD1889.java:24)
</failure>
    <system-err><![CDATA[45260 [main] ERROR io.qameta.allure.AllureLifecycle - Could not add attachment: no test is running
timewise工作日方案切换失败
]]></system-err>
  </testcase>
  <testcase name="ApplicaitonReport" classname="TestCase.V1_4.applicationReport.ApplicaitonReport" time="2.378"/>
  <testcase name="LogDrag" classname="TestCase.V1_5.Log.LogDrag" time="10.776">
    <failure message="org.openqa.selenium.TimeoutException: Expected condition failed: waiting for shdsd.selenium.Tools.BaseTest$1@331ff3ac (tried for 10 second(s) with 500 MILLISECONDS interval)" type="java.lang.Exception">java.lang.Exception: org.openqa.selenium.TimeoutException: Expected condition failed: waiting for shdsd.selenium.Tools.BaseTest$1@331ff3ac (tried for 10 second(s) with 500 MILLISECONDS interval)
	at TestCase.V1_5.Log.LogDrag.LogDrag(LogDrag.java:76)
Caused by: org.openqa.selenium.TimeoutException: Expected condition failed: waiting for shdsd.selenium.Tools.BaseTest$1@331ff3ac (tried for 10 second(s) with 500 MILLISECONDS interval)
	at TestCase.V1_5.Log.LogDrag.LogDrag(LogDrag.java:42)
Caused by: org.openqa.selenium.NoSuchElementException: 
no such element: Unable to locate element: {"method":"css selector","selector":"#timSheetCalendar_toggleDialog1"}
  (Session info: chrome=84.0.4147.135)
For documentation on this error, please visit: http://seleniumhq.org/exceptions/no_such_element.html
Build info: version: '3.4.0', revision: 'unknown', time: 'unknown'
System info: host: 'DESKTOP-37BKIHR', ip: '192.168.80.154', os.name: 'Windows 10', os.arch: 'amd64', os.version: '10.0', java.version: '1.8.0_65'
Driver info: org.openqa.selenium.chrome.ChromeDriver
Capabilities [{networkConnectionEnabled=false, chrome={chromedriverVersion=83.0.4103.39 (ccbf011cb2d2b19b506d844400483861342c20cd-refs/branch-heads/4103@{#416}), userDataDir=C:\Users\Dell\AppData\Local\Temp\scoped_dir13404_812585541}, timeouts={implicit=0.0, pageLoad=300000.0, script=30000.0}, pageLoadStrategy=normal, unhandledPromptBehavior=dismiss and notify, strictFileInteractability=false, platform=ANY, proxy=Proxy(), goog:chromeOptions={debuggerAddress=localhost:50870}, acceptInsecureCerts=false, browserVersion=84.0.4147.135, browserName=chrome, javascriptEnabled=true, platformName=windows, setWindowRect=true, webauthn:virtualAuthenticators=true}]
Session ID: f596636f04fb4d32ef2ff12b73ca8462
*** Element info: {Using=id, value=timSheetCalendar_toggleDialog1}
	at TestCase.V1_5.Log.LogDrag.LogDrag(LogDrag.java:42)
</failure>
    <system-err><![CDATA[
]]></system-err>
  </testcase>
  <testcase name="RPCMSD1017" classname="TestCase.V1_1.IssuePage.WorkLog.RPCMSD1017" time="4.107">
    <failure message="org.openqa.selenium.ElementNotInteractableException: element not interactable&#10;  (Session info: chrome=84.0.4147.135)&#10;Build info: version: &apos;3.4.0&apos;, revision: &apos;unknown&apos;, time: &apos;unknown&apos;&#10;System info: host: &apos;DESKTOP-37BKIHR&apos;, ip: &apos;192.168.80.154&apos;, os.name: &apos;Windows 10&apos;, os.arch: &apos;amd64&apos;, os.version: &apos;10.0&apos;, java.version: &apos;1.8.0_65&apos;&#10;Driver info: org.openqa.selenium.chrome.ChromeDriver&#10;Capabilities [{networkConnectionEnabled=false, chrome={chromedriverVersion=83.0.4103.39 (ccbf011cb2d2b19b506d844400483861342c20cd-refs/branch-heads/4103@{#416}), userDataDir=C:\Users\Dell\AppData\Local\Temp\scoped_dir13404_812585541}, timeouts={implicit=0.0, pageLoad=300000.0, script=30000.0}, pageLoadStrategy=normal, unhandledPromptBehavior=dismiss and notify, strictFileInteractability=false, platform=ANY, proxy=Proxy(), goog:chromeOptions={debuggerAddress=localhost:50870}, acceptInsecureCerts=false, browserVersion=84.0.4147.135, browserName=chrome, javascriptEnabled=true, platformName=windows, setWindowRect=true, webauthn:virtualAuthenticators=true}]&#10;Session ID: f596636f04fb4d32ef2ff12b73ca8462" type="java.lang.Exception">java.lang.Exception: 
org.openqa.selenium.ElementNotInteractableException: element not interactable
  (Session info: chrome=84.0.4147.135)
Build info: version: '3.4.0', revision: 'unknown', time: 'unknown'
System info: host: 'DESKTOP-37BKIHR', ip: '192.168.80.154', os.name: 'Windows 10', os.arch: 'amd64', os.version: '10.0', java.version: '1.8.0_65'
Driver info: org.openqa.selenium.chrome.ChromeDriver
Capabilities [{networkConnectionEnabled=false, chrome={chromedriverVersion=83.0.4103.39 (ccbf011cb2d2b19b506d844400483861342c20cd-refs/branch-heads/4103@{#416}), userDataDir=C:\Users\Dell\AppData\Local\Temp\scoped_dir13404_812585541}, timeouts={implicit=0.0, pageLoad=300000.0, script=30000.0}, pageLoadStrategy=normal, unhandledPromptBehavior=dismiss and notify, strictFileInteractability=false, platform=ANY, proxy=Proxy(), goog:chromeOptions={debuggerAddress=localhost:50870}, acceptInsecureCerts=false, browserVersion=84.0.4147.135, browserName=chrome, javascriptEnabled=true, platformName=windows, setWindowRect=true, webauthn:virtualAuthenticators=true}]
Session ID: f596636f04fb4d32ef2ff12b73ca8462
	at TestCase.V1_1.IssuePage.WorkLog.RPCMSD1017.RPCMSD1017(RPCMSD1017.java:39)
Caused by: org.openqa.selenium.ElementNotInteractableException: 
element not interactable
  (Session info: chrome=84.0.4147.135)
Build info: version: '3.4.0', revision: 'unknown', time: 'unknown'
System info: host: 'DESKTOP-37BKIHR', ip: '192.168.80.154', os.name: 'Windows 10', os.arch: 'amd64', os.version: '10.0', java.version: '1.8.0_65'
Driver info: org.openqa.selenium.chrome.ChromeDriver
Capabilities [{networkConnectionEnabled=false, chrome={chromedriverVersion=83.0.4103.39 (ccbf011cb2d2b19b506d844400483861342c20cd-refs/branch-heads/4103@{#416}), userDataDir=C:\Users\Dell\AppData\Local\Temp\scoped_dir13404_812585541}, timeouts={implicit=0.0, pageLoad=300000.0, script=30000.0}, pageLoadStrategy=normal, unhandledPromptBehavior=dismiss and notify, strictFileInteractability=false, platform=ANY, proxy=Proxy(), goog:chromeOptions={debuggerAddress=localhost:50870}, acceptInsecureCerts=false, browserVersion=84.0.4147.135, browserName=chrome, javascriptEnabled=true, platformName=windows, setWindowRect=true, webauthn:virtualAuthenticators=true}]
Session ID: f596636f04fb4d32ef2ff12b73ca8462
	at TestCase.V1_1.IssuePage.WorkLog.RPCMSD1017.RPCMSD1017(RPCMSD1017.java:23)
</failure>
    <system-err><![CDATA[84632 [main] ERROR io.qameta.allure.AllureLifecycle - Could not add attachment: no test is running

]]></system-err>
  </testcase>
  <testcase name="RPCMSD1724" classname="TestCase.V1_2.Configure.Calendar_configuration.RPCMSD1724" time="7.129">
    <failure message="java.lang.IndexOutOfBoundsException: Index: 1, Size: 0" type="java.lang.Exception">java.lang.Exception: java.lang.IndexOutOfBoundsException: Index: 1, Size: 0
	at TestCase.V1_2.Configure.Calendar_configuration.RPCMSD1724.RPCMSD1724(RPCMSD1724.java:145)
Caused by: java.lang.IndexOutOfBoundsException: Index: 1, Size: 0
	at TestCase.V1_2.Configure.Calendar_configuration.RPCMSD1724.RPCMSD1724(RPCMSD1724.java:24)
</failure>
    <system-err><![CDATA[89333 [main] ERROR io.qameta.allure.AllureLifecycle - Could not add attachment: no test is running
单条日历添加失败
]]></system-err>
  </testcase>
  <testcase name="RPCMSD1878" classname="TestCase.V1_3.systemSetting.RPCMSD1878" time="12.352">
    <failure message="org.openqa.selenium.TimeoutException: Expected condition failed: waiting for shdsd.selenium.Tools.BaseTest$1@3ab35b9c (tried for 10 second(s) with 500 MILLISECONDS interval)" type="java.lang.Exception">java.lang.Exception: org.openqa.selenium.TimeoutException: Expected condition failed: waiting for shdsd.selenium.Tools.BaseTest$1@3ab35b9c (tried for 10 second(s) with 500 MILLISECONDS interval)
	at TestCase.V1_3.systemSetting.RPCMSD1878.RPCMSD1878(RPCMSD1878.java:42)
Caused by: org.openqa.selenium.TimeoutException: Expected condition failed: waiting for shdsd.selenium.Tools.BaseTest$1@3ab35b9c (tried for 10 second(s) with 500 MILLISECONDS interval)
	at TestCase.V1_3.systemSetting.RPCMSD1878.RPCMSD1878(RPCMSD1878.java:36)
Caused by: org.openqa.selenium.NoSuchElementException: 
no such element: Unable to locate element: {"method":"xpath","selector":"//*[@id="shdsd-FineTimesheet-SystemSetting-root-div"]/div/div/div/div/div[2]/div/div/div/div[2]/label/div"}
  (Session info: chrome=84.0.4147.135)
For documentation on this error, please visit: http://seleniumhq.org/exceptions/no_such_element.html
Build info: version: '3.4.0', revision: 'unknown', time: 'unknown'
System info: host: 'DESKTOP-37BKIHR', ip: '192.168.80.154', os.name: 'Windows 10', os.arch: 'amd64', os.version: '10.0', java.version: '1.8.0_65'
Driver info: org.openqa.selenium.chrome.ChromeDriver
Capabilities [{networkConnectionEnabled=false, chrome={chromedriverVersion=83.0.4103.39 (ccbf011cb2d2b19b506d844400483861342c20cd-refs/branch-heads/4103@{#416}), userDataDir=C:\Users\Dell\AppData\Local\Temp\scoped_dir13404_812585541}, timeouts={implicit=0.0, pageLoad=300000.0, script=30000.0}, pageLoadStrategy=normal, unhandledPromptBehavior=dismiss and notify, strictFileInteractability=false, platform=ANY, proxy=Proxy(), goog:chromeOptions={debuggerAddress=localhost:50870}, acceptInsecureCerts=false, browserVersion=84.0.4147.135, browserName=chrome, javascriptEnabled=true, platformName=windows, setWindowRect=true, webauthn:virtualAuthenticators=true}]
Session ID: f596636f04fb4d32ef2ff12b73ca8462
*** Element info: {Using=xpath, value=//*[@id="shdsd-FineTimesheet-SystemSetting-root-div"]/div/div/div/div/div[2]/div/div/div/div[2]/label/div}
	at TestCase.V1_3.systemSetting.RPCMSD1878.RPCMSD1878(RPCMSD1878.java:36)
</failure>
    <system-err><![CDATA[96766 [main] ERROR io.qameta.allure.AllureLifecycle - Could not add attachment: no test is running
添加日历方案失败!
]]></system-err>
  </testcase>
  <testcase name="RPCMSD2088" classname="TestCase.V1_4.workReport.RPCMSD2088" time="12.609">
    <failure message="Expected condition failed: waiting for shdsd.selenium.Tools.BaseTest$1@2287395 (tried for 10 second(s) with 500 MILLISECONDS interval)" type="org.openqa.selenium.TimeoutException">org.openqa.selenium.TimeoutException: Expected condition failed: waiting for shdsd.selenium.Tools.BaseTest$1@2287395 (tried for 10 second(s) with 500 MILLISECONDS interval)
	at TestCase.V1_4.workReport.RPCMSD2088.RPCMSD2088(RPCMSD2088.java:20)
Caused by: org.openqa.selenium.NoSuchElementException: 
no such element: Unable to locate element: {"method":"css selector","selector":".sc-gqjmRU:nth-child(4) .Droplist-sc-1z05y4v-0 .Icon__IconWrapper-dyhwwi-0"}
  (Session info: chrome=84.0.4147.135)
For documentation on this error, please visit: http://seleniumhq.org/exceptions/no_such_element.html
Build info: version: '3.4.0', revision: 'unknown', time: 'unknown'
System info: host: 'DESKTOP-37BKIHR', ip: '192.168.80.154', os.name: 'Windows 10', os.arch: 'amd64', os.version: '10.0', java.version: '1.8.0_65'
Driver info: org.openqa.selenium.chrome.ChromeDriver
Capabilities [{networkConnectionEnabled=false, chrome={chromedriverVersion=83.0.4103.39 (ccbf011cb2d2b19b506d844400483861342c20cd-refs/branch-heads/4103@{#416}), userDataDir=C:\Users\Dell\AppData\Local\Temp\scoped_dir13404_812585541}, timeouts={implicit=0.0, pageLoad=300000.0, script=30000.0}, pageLoadStrategy=normal, unhandledPromptBehavior=dismiss and notify, strictFileInteractability=false, platform=ANY, proxy=Proxy(), goog:chromeOptions={debuggerAddress=localhost:50870}, acceptInsecureCerts=false, browserVersion=84.0.4147.135, browserName=chrome, javascriptEnabled=true, platformName=windows, setWindowRect=true, webauthn:virtualAuthenticators=true}]
Session ID: f596636f04fb4d32ef2ff12b73ca8462
*** Element info: {Using=css selector, value=.sc-gqjmRU:nth-child(4) .Droplist-sc-1z05y4v-0 .Icon__IconWrapper-dyhwwi-0}
	at TestCase.V1_4.workReport.RPCMSD2088.RPCMSD2088(RPCMSD2088.java:20)
</failure>
    <system-err><![CDATA[109370 [main] ERROR io.qameta.allure.AllureLifecycle - Could not add attachment: no test is running
复制报表失败
]]></system-err>
  </testcase>
  <testcase name="PLanDrag" classname="TestCase.V1_5.Plan.PLanDrag" time="10.738">
    <failure message="org.openqa.selenium.TimeoutException: Expected condition failed: waiting for shdsd.selenium.Tools.BaseTest$1@62b09715 (tried for 10 second(s) with 500 MILLISECONDS interval)" type="java.lang.Exception">java.lang.Exception: org.openqa.selenium.TimeoutException: Expected condition failed: waiting for shdsd.selenium.Tools.BaseTest$1@62b09715 (tried for 10 second(s) with 500 MILLISECONDS interval)
	at TestCase.V1_5.Plan.PLanDrag.PLanDrag(PLanDrag.java:77)
Caused by: org.openqa.selenium.TimeoutException: Expected condition failed: waiting for shdsd.selenium.Tools.BaseTest$1@62b09715 (tried for 10 second(s) with 500 MILLISECONDS interval)
	at TestCase.V1_5.Plan.PLanDrag.PLanDrag(PLanDrag.java:43)
Caused by: org.openqa.selenium.NoSuchElementException: 
no such element: Unable to locate element: {"method":"css selector","selector":"#timSheetCalendar_toggleDialog1"}
  (Session info: chrome=84.0.4147.135)
For documentation on this error, please visit: http://seleniumhq.org/exceptions/no_such_element.html
Build info: version: '3.4.0', revision: 'unknown', time: 'unknown'
System info: host: 'DESKTOP-37BKIHR', ip: '192.168.80.154', os.name: 'Windows 10', os.arch: 'amd64', os.version: '10.0', java.version: '1.8.0_65'
Driver info: org.openqa.selenium.chrome.ChromeDriver
Capabilities [{networkConnectionEnabled=false, chrome={chromedriverVersion=83.0.4103.39 (ccbf011cb2d2b19b506d844400483861342c20cd-refs/branch-heads/4103@{#416}), userDataDir=C:\Users\Dell\AppData\Local\Temp\scoped_dir13404_812585541}, timeouts={implicit=0.0, pageLoad=300000.0, script=30000.0}, pageLoadStrategy=normal, unhandledPromptBehavior=dismiss and notify, strictFileInteractability=false, platform=ANY, proxy=Proxy(), goog:chromeOptions={debuggerAddress=localhost:50870}, acceptInsecureCerts=false, browserVersion=84.0.4147.135, browserName=chrome, javascriptEnabled=true, platformName=windows, setWindowRect=true, webauthn:virtualAuthenticators=true}]
Session ID: f596636f04fb4d32ef2ff12b73ca8462
*** Element info: {Using=id, value=timSheetCalendar_toggleDialog1}
	at TestCase.V1_5.Plan.PLanDrag.PLanDrag(PLanDrag.java:43)
</failure>
    <system-err><![CDATA[122244 [main] ERROR io.qameta.allure.AllureLifecycle - Could not add attachment: no test is running

]]></system-err>
  </testcase>
  <testcase name="RPCMSD1018" classname="TestCase.V1_1.IssuePage.WorkLog.RPCMSD1018" time="3.918">
    <failure message="org.openqa.selenium.ElementNotInteractableException: element not interactable&#10;  (Session info: chrome=84.0.4147.135)&#10;Build info: version: &apos;3.4.0&apos;, revision: &apos;unknown&apos;, time: &apos;unknown&apos;&#10;System info: host: &apos;DESKTOP-37BKIHR&apos;, ip: &apos;192.168.80.154&apos;, os.name: &apos;Windows 10&apos;, os.arch: &apos;amd64&apos;, os.version: &apos;10.0&apos;, java.version: &apos;1.8.0_65&apos;&#10;Driver info: org.openqa.selenium.chrome.ChromeDriver&#10;Capabilities [{networkConnectionEnabled=false, chrome={chromedriverVersion=83.0.4103.39 (ccbf011cb2d2b19b506d844400483861342c20cd-refs/branch-heads/4103@{#416}), userDataDir=C:\Users\Dell\AppData\Local\Temp\scoped_dir13404_812585541}, timeouts={implicit=0.0, pageLoad=300000.0, script=30000.0}, pageLoadStrategy=normal, unhandledPromptBehavior=dismiss and notify, strictFileInteractability=false, platform=ANY, proxy=Proxy(), goog:chromeOptions={debuggerAddress=localhost:50870}, acceptInsecureCerts=false, browserVersion=84.0.4147.135, browserName=chrome, javascriptEnabled=true, platformName=windows, setWindowRect=true, webauthn:virtualAuthenticators=true}]&#10;Session ID: f596636f04fb4d32ef2ff12b73ca8462" type="java.lang.Exception">java.lang.Exception: 
org.openqa.selenium.ElementNotInteractableException: element not interactable
  (Session info: chrome=84.0.4147.135)
Build info: version: '3.4.0', revision: 'unknown', time: 'unknown'
System info: host: 'DESKTOP-37BKIHR', ip: '192.168.80.154', os.name: 'Windows 10', os.arch: 'amd64', os.version: '10.0', java.version: '1.8.0_65'
Driver info: org.openqa.selenium.chrome.ChromeDriver
Capabilities [{networkConnectionEnabled=false, chrome={chromedriverVersion=83.0.4103.39 (ccbf011cb2d2b19b506d844400483861342c20cd-refs/branch-heads/4103@{#416}), userDataDir=C:\Users\Dell\AppData\Local\Temp\scoped_dir13404_812585541}, timeouts={implicit=0.0, pageLoad=300000.0, script=30000.0}, pageLoadStrategy=normal, unhandledPromptBehavior=dismiss and notify, strictFileInteractability=false, platform=ANY, proxy=Proxy(), goog:chromeOptions={debuggerAddress=localhost:50870}, acceptInsecureCerts=false, browserVersion=84.0.4147.135, browserName=chrome, javascriptEnabled=true, platformName=windows, setWindowRect=true, webauthn:virtualAuthenticators=true}]
Session ID: f596636f04fb4d32ef2ff12b73ca8462
	at TestCase.V1_1.IssuePage.WorkLog.RPCMSD1018.RPCMSD1018(RPCMSD1018.java:48)
Caused by: org.openqa.selenium.ElementNotInteractableException: 
element not interactable
  (Session info: chrome=84.0.4147.135)
Build info: version: '3.4.0', revision: 'unknown', time: 'unknown'
System info: host: 'DESKTOP-37BKIHR', ip: '192.168.80.154', os.name: 'Windows 10', os.arch: 'amd64', os.version: '10.0', java.version: '1.8.0_65'
Driver info: org.openqa.selenium.chrome.ChromeDriver
Capabilities [{networkConnectionEnabled=false, chrome={chromedriverVersion=83.0.4103.39 (ccbf011cb2d2b19b506d844400483861342c20cd-refs/branch-heads/4103@{#416}), userDataDir=C:\Users\Dell\AppData\Local\Temp\scoped_dir13404_812585541}, timeouts={implicit=0.0, pageLoad=300000.0, script=30000.0}, pageLoadStrategy=normal, unhandledPromptBehavior=dismiss and notify, strictFileInteractability=false, platform=ANY, proxy=Proxy(), goog:chromeOptions={debuggerAddress=localhost:50870}, acceptInsecureCerts=false, browserVersion=84.0.4147.135, browserName=chrome, javascriptEnabled=true, platformName=windows, setWindowRect=true, webauthn:virtualAuthenticators=true}]
Session ID: f596636f04fb4d32ef2ff12b73ca8462
	at TestCase.V1_1.IssuePage.WorkLog.RPCMSD1018.RPCMSD1018(RPCMSD1018.java:23)
</failure>
    <system-err><![CDATA[140724 [main] ERROR io.qameta.allure.AllureLifecycle - Could not add attachment: no test is running

]]></system-err>
  </testcase>
  <testcase name="RPCMSD1727" classname="TestCase.V1_2.Configure.Calendar_configuration.RPCMSD1727" time="2.237">
    <failure message="java.lang.IndexOutOfBoundsException: Index: 1, Size: 0" type="java.lang.Exception">java.lang.Exception: java.lang.IndexOutOfBoundsException: Index: 1, Size: 0
	at TestCase.V1_2.Configure.Calendar_configuration.RPCMSD1727.RPCMSD1727(RPCMSD1727.java:59)
Caused by: java.lang.IndexOutOfBoundsException: Index: 1, Size: 0
	at TestCase.V1_2.Configure.Calendar_configuration.RPCMSD1727.RPCMSD1727(RPCMSD1727.java:24)
</failure>
    <system-err><![CDATA[145187 [main] ERROR io.qameta.allure.AllureLifecycle - Could not add attachment: no test is running
文件上传失败
]]></system-err>
  </testcase>
  <testcase name="RPCMSD1901" classname="TestCase.V1_3.systemSetting.RPCMSD1901" time="14.264">
    <failure message="org.openqa.selenium.TimeoutException: Expected condition failed: waiting for shdsd.selenium.Tools.BaseTest$1@7f13811b (tried for 10 second(s) with 500 MILLISECONDS interval)" type="java.lang.Exception">java.lang.Exception: org.openqa.selenium.TimeoutException: Expected condition failed: waiting for shdsd.selenium.Tools.BaseTest$1@7f13811b (tried for 10 second(s) with 500 MILLISECONDS interval)
	at TestCase.V1_3.systemSetting.RPCMSD1901.RPCMSD1901(RPCMSD1901.java:39)
Caused by: org.openqa.selenium.TimeoutException: Expected condition failed: waiting for shdsd.selenium.Tools.BaseTest$1@7f13811b (tried for 10 second(s) with 500 MILLISECONDS interval)
	at TestCase.V1_3.systemSetting.RPCMSD1901.RPCMSD1901(RPCMSD1901.java:30)
Caused by: org.openqa.selenium.NoSuchElementException: 
no such element: Unable to locate element: {"method":"css selector","selector":"#workLogAndPlan-submit-button .css-t5emrf"}
  (Session info: chrome=84.0.4147.135)
For documentation on this error, please visit: http://seleniumhq.org/exceptions/no_such_element.html
Build info: version: '3.4.0', revision: 'unknown', time: 'unknown'
System info: host: 'DESKTOP-37BKIHR', ip: '192.168.80.154', os.name: 'Windows 10', os.arch: 'amd64', os.version: '10.0', java.version: '1.8.0_65'
Driver info: org.openqa.selenium.chrome.ChromeDriver
Capabilities [{networkConnectionEnabled=false, chrome={chromedriverVersion=83.0.4103.39 (ccbf011cb2d2b19b506d844400483861342c20cd-refs/branch-heads/4103@{#416}), userDataDir=C:\Users\Dell\AppData\Local\Temp\scoped_dir13404_812585541}, timeouts={implicit=0.0, pageLoad=300000.0, script=30000.0}, pageLoadStrategy=normal, unhandledPromptBehavior=dismiss and notify, strictFileInteractability=false, platform=ANY, proxy=Proxy(), goog:chromeOptions={debuggerAddress=localhost:50870}, acceptInsecureCerts=false, browserVersion=84.0.4147.135, browserName=chrome, javascriptEnabled=true, platformName=windows, setWindowRect=true, webauthn:virtualAuthenticators=true}]
Session ID: f596636f04fb4d32ef2ff12b73ca8462
*** Element info: {Using=css selector, value=#workLogAndPlan-submit-button .css-t5emrf}
	at TestCase.V1_3.systemSetting.RPCMSD1901.RPCMSD1901(RPCMSD1901.java:30)
</failure>
    <system-err><![CDATA[147704 [main] ERROR io.qameta.allure.AllureLifecycle - Could not add attachment: no test is running
工作日志加班失败!
]]></system-err>
  </testcase>
  <testcase name="rPCMSD2089" classname="TestCase.V1_4.workReport.RPCMSD2089" time="12.681">
    <failure message="org.openqa.selenium.TimeoutException: Expected condition failed: waiting for shdsd.selenium.Tools.BaseTest$1@32091c14 (tried for 10 second(s) with 500 MILLISECONDS interval)" type="java.lang.Exception">java.lang.Exception: org.openqa.selenium.TimeoutException: Expected condition failed: waiting for shdsd.selenium.Tools.BaseTest$1@32091c14 (tried for 10 second(s) with 500 MILLISECONDS interval)
	at TestCase.V1_4.workReport.RPCMSD2089.rPCMSD2089(RPCMSD2089.java:36)
Caused by: org.openqa.selenium.TimeoutException: Expected condition failed: waiting for shdsd.selenium.Tools.BaseTest$1@32091c14 (tried for 10 second(s) with 500 MILLISECONDS interval)
	at TestCase.V1_4.workReport.RPCMSD2089.rPCMSD2089(RPCMSD2089.java:19)
Caused by: org.openqa.selenium.NoSuchElementException: 
no such element: Unable to locate element: {"method":"css selector","selector":".sc-gqjmRU:nth-child(1) .Droplist-sc-1z05y4v-0 .Icon__IconWrapper-dyhwwi-0"}
  (Session info: chrome=84.0.4147.135)
For documentation on this error, please visit: http://seleniumhq.org/exceptions/no_such_element.html
Build info: version: '3.4.0', revision: 'unknown', time: 'unknown'
System info: host: 'DESKTOP-37BKIHR', ip: '192.168.80.154', os.name: 'Windows 10', os.arch: 'amd64', os.version: '10.0', java.version: '1.8.0_65'
Driver info: org.openqa.selenium.chrome.ChromeDriver
Capabilities [{networkConnectionEnabled=false, chrome={chromedriverVersion=83.0.4103.39 (ccbf011cb2d2b19b506d844400483861342c20cd-refs/branch-heads/4103@{#416}), userDataDir=C:\Users\Dell\AppData\Local\Temp\scoped_dir13404_812585541}, timeouts={implicit=0.0, pageLoad=300000.0, script=30000.0}, pageLoadStrategy=normal, unhandledPromptBehavior=dismiss and notify, strictFileInteractability=false, platform=ANY, proxy=Proxy(), goog:chromeOptions={debuggerAddress=localhost:50870}, acceptInsecureCerts=false, browserVersion=84.0.4147.135, browserName=chrome, javascriptEnabled=true, platformName=windows, setWindowRect=true, webauthn:virtualAuthenticators=true}]
Session ID: f596636f04fb4d32ef2ff12b73ca8462
*** Element info: {Using=css selector, value=.sc-gqjmRU:nth-child(1) .Droplist-sc-1z05y4v-0 .Icon__IconWrapper-dyhwwi-0}
	at TestCase.V1_4.workReport.RPCMSD2089.rPCMSD2089(RPCMSD2089.java:19)
</failure>
    <system-err><![CDATA[162242 [main] ERROR io.qameta.allure.AllureLifecycle - Could not add attachment: no test is running
org.openqa.selenium.TimeoutException: Expected condition failed: waiting for shdsd.selenium.Tools.BaseTest$1@32091c14 (tried for 10 second(s) with 500 MILLISECONDS interval)
	at org.openqa.selenium.support.ui.WebDriverWait.timeoutException(WebDriverWait.java:80)
	at org.openqa.selenium.support.ui.FluentWait.until(FluentWait.java:232)
	at shdsd.selenium.Tools.BaseTest.getElement(BaseTest.java:76)
	at shdsd.selenium.Tools.BaseTest.getElement(BaseTest.java:69)
	at shdsd.selenium.Tools.BaseTest.click(BaseTest.java:163)
	at TestCase.V1_4.workReport.RPCMSD2089.rPCMSD2089(RPCMSD2089.java:19)
	at sun.reflect.NativeMethodAccessorImpl.invoke0(Native Method)
	at sun.reflect.NativeMethodAccessorImpl.invoke(NativeMethodAccessorImpl.java:62)
	at sun.reflect.DelegatingMethodAccessorImpl.invoke(DelegatingMethodAccessorImpl.java:43)
	at java.lang.reflect.Method.invoke(Method.java:497)
	at org.testng.internal.MethodInvocationHelper.invokeMethod(MethodInvocationHelper.java:85)
	at org.testng.internal.Invoker.invokeMethod(Invoker.java:639)
	at org.testng.internal.Invoker.invokeTestMethod(Invoker.java:816)
	at org.testng.internal.Invoker.invokeTestMethods(Invoker.java:1124)
	at org.testng.internal.TestMethodWorker.invokeTestMethods(TestMethodWorker.java:125)
	at org.testng.internal.TestMethodWorker.run(TestMethodWorker.java:108)
	at org.testng.TestRunner.privateRun(TestRunner.java:774)
	at org.testng.TestRunner.run(TestRunner.java:624)
	at org.testng.SuiteRunner.runTest(SuiteRunner.java:359)
	at org.testng.SuiteRunner.runSequentially(SuiteRunner.java:354)
	at org.testng.SuiteRunner.privateRun(SuiteRunner.java:312)
	at org.testng.SuiteRunner.run(SuiteRunner.java:261)
	at org.testng.SuiteRunnerWorker.runSuite(SuiteRunnerWorker.java:52)
	at org.testng.SuiteRunnerWorker.run(SuiteRunnerWorker.java:86)
	at org.testng.TestNG.runSuitesSequentially(TestNG.java:1215)
	at org.testng.TestNG.runSuitesLocally(TestNG.java:1140)
	at org.testng.TestNG.run(TestNG.java:1048)
	at org.apache.maven.surefire.testng.TestNGExecutor.run(TestNGExecutor.java:283)
	at org.apache.maven.surefire.testng.TestNGXmlTestSuite.execute(TestNGXmlTestSuite.java:75)
	at org.apache.maven.surefire.testng.TestNGProvider.invoke(TestNGProvider.java:120)
	at org.apache.maven.surefire.booter.ForkedBooter.invokeProviderInSameClassLoader(ForkedBooter.java:384)
	at org.apache.maven.surefire.booter.ForkedBooter.runSuitesInProcess(ForkedBooter.java:345)
	at org.apache.maven.surefire.booter.ForkedBooter.execute(ForkedBooter.java:126)
	at org.apache.maven.surefire.booter.ForkedBooter.main(ForkedBooter.java:418)
Caused by: org.openqa.selenium.NoSuchElementException: no such element: Unable to locate element: {"method":"css selector","selector":".sc-gqjmRU:nth-child(1) .Droplist-sc-1z05y4v-0 .Icon__IconWrapper-dyhwwi-0"}
  (Session info: chrome=84.0.4147.135)
For documentation on this error, please visit: http://seleniumhq.org/exceptions/no_such_element.html
Build info: version: '3.4.0', revision: 'unknown', time: 'unknown'
System info: host: 'DESKTOP-37BKIHR', ip: '192.168.80.154', os.name: 'Windows 10', os.arch: 'amd64', os.version: '10.0', java.version: '1.8.0_65'
Driver info: org.openqa.selenium.chrome.ChromeDriver
Capabilities [{networkConnectionEnabled=false, chrome={chromedriverVersion=83.0.4103.39 (ccbf011cb2d2b19b506d844400483861342c20cd-refs/branch-heads/4103@{#416}), userDataDir=C:\Users\Dell\AppData\Local\Temp\scoped_dir13404_812585541}, timeouts={implicit=0.0, pageLoad=300000.0, script=30000.0}, pageLoadStrategy=normal, unhandledPromptBehavior=dismiss and notify, strictFileInteractability=false, platform=ANY, proxy=Proxy(), goog:chromeOptions={debuggerAddress=localhost:50870}, acceptInsecureCerts=false, browserVersion=84.0.4147.135, browserName=chrome, javascriptEnabled=true, platformName=windows, setWindowRect=true, webauthn:virtualAuthenticators=true}]
Session ID: f596636f04fb4d32ef2ff12b73ca8462
*** Element info: {Using=css selector, value=.sc-gqjmRU:nth-child(1) .Droplist-sc-1z05y4v-0 .Icon__IconWrapper-dyhwwi-0}
	at sun.reflect.GeneratedConstructorAccessor10.newInstance(Unknown Source)
	at sun.reflect.DelegatingConstructorAccessorImpl.newInstance(DelegatingConstructorAccessorImpl.java:45)
	at java.lang.reflect.Constructor.newInstance(Constructor.java:422)
	at org.openqa.selenium.remote.http.W3CHttpResponseCodec.createException(W3CHttpResponseCodec.java:150)
	at org.openqa.selenium.remote.http.W3CHttpResponseCodec.decode(W3CHttpResponseCodec.java:115)
	at org.openqa.selenium.remote.http.W3CHttpResponseCodec.decode(W3CHttpResponseCodec.java:45)
	at org.openqa.selenium.remote.HttpCommandExecutor.execute(HttpCommandExecutor.java:164)
	at org.openqa.selenium.remote.service.DriverCommandExecutor.execute(DriverCommandExecutor.java:82)
	at org.openqa.selenium.remote.RemoteWebDriver.execute(RemoteWebDriver.java:637)
	at org.openqa.selenium.remote.RemoteWebDriver.findElement(RemoteWebDriver.java:410)
	at org.openqa.selenium.remote.RemoteWebDriver.findElementByCssSelector(RemoteWebDriver.java:501)
	at org.openqa.selenium.By$ByCssSelector.findElement(By.java:430)
	at org.openqa.selenium.remote.RemoteWebDriver.findElement(RemoteWebDriver.java:402)
	at shdsd.selenium.Tools.BaseTest$1.apply(BaseTest.java:79)
	at shdsd.selenium.Tools.BaseTest$1.apply(BaseTest.java:76)
	at org.openqa.selenium.support.ui.FluentWait.until(FluentWait.java:209)
	... 32 more
删除报表失败!
]]></system-err>
  </testcase>
  <testcase name="RPCMSD1020" classname="TestCase.V1_1.IssuePage.WorkLog.RPCMSD1020" time="3.732">
    <failure message="org.openqa.selenium.ElementNotInteractableException: element not interactable&#10;  (Session info: chrome=84.0.4147.135)&#10;Build info: version: &apos;3.4.0&apos;, revision: &apos;unknown&apos;, time: &apos;unknown&apos;&#10;System info: host: &apos;DESKTOP-37BKIHR&apos;, ip: &apos;192.168.80.154&apos;, os.name: &apos;Windows 10&apos;, os.arch: &apos;amd64&apos;, os.version: &apos;10.0&apos;, java.version: &apos;1.8.0_65&apos;&#10;Driver info: org.openqa.selenium.chrome.ChromeDriver&#10;Capabilities [{networkConnectionEnabled=false, chrome={chromedriverVersion=83.0.4103.39 (ccbf011cb2d2b19b506d844400483861342c20cd-refs/branch-heads/4103@{#416}), userDataDir=C:\Users\Dell\AppData\Local\Temp\scoped_dir13404_812585541}, timeouts={implicit=0.0, pageLoad=300000.0, script=30000.0}, pageLoadStrategy=normal, unhandledPromptBehavior=dismiss and notify, strictFileInteractability=false, platform=ANY, proxy=Proxy(), goog:chromeOptions={debuggerAddress=localhost:50870}, acceptInsecureCerts=false, browserVersion=84.0.4147.135, browserName=chrome, javascriptEnabled=true, platformName=windows, setWindowRect=true, webauthn:virtualAuthenticators=true}]&#10;Session ID: f596636f04fb4d32ef2ff12b73ca8462" type="java.lang.Exception">java.lang.Exception: 
org.openqa.selenium.ElementNotInteractableException: element not interactable
  (Session info: chrome=84.0.4147.135)
Build info: version: '3.4.0', revision: 'unknown', time: 'unknown'
System info: host: 'DESKTOP-37BKIHR', ip: '192.168.80.154', os.name: 'Windows 10', os.arch: 'amd64', os.version: '10.0', java.version: '1.8.0_65'
Driver info: org.openqa.selenium.chrome.ChromeDriver
Capabilities [{networkConnectionEnabled=false, chrome={chromedriverVersion=83.0.4103.39 (ccbf011cb2d2b19b506d844400483861342c20cd-refs/branch-heads/4103@{#416}), userDataDir=C:\Users\Dell\AppData\Local\Temp\scoped_dir13404_812585541}, timeouts={implicit=0.0, pageLoad=300000.0, script=30000.0}, pageLoadStrategy=normal, unhandledPromptBehavior=dismiss and notify, strictFileInteractability=false, platform=ANY, proxy=Proxy(), goog:chromeOptions={debuggerAddress=localhost:50870}, acceptInsecureCerts=false, browserVersion=84.0.4147.135, browserName=chrome, javascriptEnabled=true, platformName=windows, setWindowRect=true, webauthn:virtualAuthenticators=true}]
Session ID: f596636f04fb4d32ef2ff12b73ca8462
	at TestCase.V1_1.IssuePage.WorkLog.RPCMSD1020.RPCMSD1020(RPCMSD1020.java:57)
Caused by: org.openqa.selenium.ElementNotInteractableException: 
element not interactable
  (Session info: chrome=84.0.4147.135)
Build info: version: '3.4.0', revision: 'unknown', time: 'unknown'
System info: host: 'DESKTOP-37BKIHR', ip: '192.168.80.154', os.name: 'Windows 10', os.arch: 'amd64', os.version: '10.0', java.version: '1.8.0_65'
Driver info: org.openqa.selenium.chrome.ChromeDriver
Capabilities [{networkConnectionEnabled=false, chrome={chromedriverVersion=83.0.4103.39 (ccbf011cb2d2b19b506d844400483861342c20cd-refs/branch-heads/4103@{#416}), userDataDir=C:\Users\Dell\AppData\Local\Temp\scoped_dir13404_812585541}, timeouts={implicit=0.0, pageLoad=300000.0, script=30000.0}, pageLoadStrategy=normal, unhandledPromptBehavior=dismiss and notify, strictFileInteractability=false, platform=ANY, proxy=Proxy(), goog:chromeOptions={debuggerAddress=localhost:50870}, acceptInsecureCerts=false, browserVersion=84.0.4147.135, browserName=chrome, javascriptEnabled=true, platformName=windows, setWindowRect=true, webauthn:virtualAuthenticators=true}]
Session ID: f596636f04fb4d32ef2ff12b73ca8462
	at TestCase.V1_1.IssuePage.WorkLog.RPCMSD1020.RPCMSD1020(RPCMSD1020.java:23)
</failure>
    <system-err><![CDATA[175176 [main] ERROR io.qameta.allure.AllureLifecycle - Could not add attachment: no test is running

]]></system-err>
  </testcase>
  <testcase name="RPCMSD1728" classname="TestCase.V1_2.Configure.Calendar_configuration.RPCMSD1728" time="2.489">
    <failure message="java.lang.IndexOutOfBoundsException: Index: 1, Size: 0" type="java.lang.Exception">java.lang.Exception: java.lang.IndexOutOfBoundsException: Index: 1, Size: 0
	at TestCase.V1_2.Configure.Calendar_configuration.RPCMSD1728.RPCMSD1728(RPCMSD1728.java:66)
Caused by: java.lang.IndexOutOfBoundsException: Index: 1, Size: 0
	at TestCase.V1_2.Configure.Calendar_configuration.RPCMSD1728.RPCMSD1728(RPCMSD1728.java:25)
</failure>
    <system-err><![CDATA[179186 [main] ERROR io.qameta.allure.AllureLifecycle - Could not add attachment: no test is running
文件上传失败!
]]></system-err>
  </testcase>
  <testcase name="RPCMSD1886" classname="TestCase.V1_3.worklog.RPCMSD1886" time="19.404">
    <failure message="org.openqa.selenium.TimeoutException: Expected condition failed: waiting for shdsd.selenium.Tools.BaseTest$1@4e245739 (tried for 10 second(s) with 500 MILLISECONDS interval)" type="java.lang.Exception">java.lang.Exception: org.openqa.selenium.TimeoutException: Expected condition failed: waiting for shdsd.selenium.Tools.BaseTest$1@4e245739 (tried for 10 second(s) with 500 MILLISECONDS interval)
	at TestCase.V1_3.worklog.RPCMSD1886.RPCMSD1886(RPCMSD1886.java:146)
Caused by: org.openqa.selenium.TimeoutException: Expected condition failed: waiting for shdsd.selenium.Tools.BaseTest$1@4e245739 (tried for 10 second(s) with 500 MILLISECONDS interval)
	at TestCase.V1_3.worklog.RPCMSD1886.RPCMSD1886(RPCMSD1886.java:56)
Caused by: org.openqa.selenium.NoSuchElementException: 
no such element: Unable to locate element: {"method":"css selector","selector":"div[id='DateColumn02_2_logbtn'][title='Log: 0.5h']"}
  (Session info: chrome=84.0.4147.135)
For documentation on this error, please visit: http://seleniumhq.org/exceptions/no_such_element.html
Build info: version: '3.4.0', revision: 'unknown', time: 'unknown'
System info: host: 'DESKTOP-37BKIHR', ip: '192.168.80.154', os.name: 'Windows 10', os.arch: 'amd64', os.version: '10.0', java.version: '1.8.0_65'
Driver info: org.openqa.selenium.chrome.ChromeDriver
Capabilities [{networkConnectionEnabled=false, chrome={chromedriverVersion=83.0.4103.39 (ccbf011cb2d2b19b506d844400483861342c20cd-refs/branch-heads/4103@{#416}), userDataDir=C:\Users\Dell\AppData\Local\Temp\scoped_dir13404_812585541}, timeouts={implicit=0.0, pageLoad=300000.0, script=30000.0}, pageLoadStrategy=normal, unhandledPromptBehavior=dismiss and notify, strictFileInteractability=false, platform=ANY, proxy=Proxy(), goog:chromeOptions={debuggerAddress=localhost:50870}, acceptInsecureCerts=false, browserVersion=84.0.4147.135, browserName=chrome, javascriptEnabled=true, platformName=windows, setWindowRect=true, webauthn:virtualAuthenticators=true}]
Session ID: f596636f04fb4d32ef2ff12b73ca8462
*** Element info: {Using=css selector, value=div[id='DateColumn02_2_logbtn'][title='Log: 0.5h']}
	at TestCase.V1_3.worklog.RPCMSD1886.RPCMSD1886(RPCMSD1886.java:56)
</failure>
    <system-err><![CDATA[181945 [main] ERROR io.qameta.allure.AllureLifecycle - Could not add attachment: no test is running
复制日志失败
]]></system-err>
  </testcase>
  <testcase name="rPCMSD2090" classname="TestCase.V1_4.workReport.RPCMSD2090" time="12.357">
    <failure message="org.openqa.selenium.TimeoutException: Expected condition failed: waiting for shdsd.selenium.Tools.BaseTest$1@422ab737 (tried for 10 second(s) with 500 MILLISECONDS interval)" type="java.lang.Exception">java.lang.Exception: org.openqa.selenium.TimeoutException: Expected condition failed: waiting for shdsd.selenium.Tools.BaseTest$1@422ab737 (tried for 10 second(s) with 500 MILLISECONDS interval)
	at TestCase.V1_4.workReport.RPCMSD2090.rPCMSD2090(RPCMSD2090.java:135)
Caused by: org.openqa.selenium.TimeoutException: Expected condition failed: waiting for shdsd.selenium.Tools.BaseTest$1@422ab737 (tried for 10 second(s) with 500 MILLISECONDS interval)
	at TestCase.V1_4.workReport.RPCMSD2090.rPCMSD2090(RPCMSD2090.java:16)
Caused by: org.openqa.selenium.NoSuchElementException: 
no such element: Unable to locate element: {"method":"css selector","selector":".sc-bAeIUo:nth-child(4) .GridColumnElement__GridColumn-sc-57x38k-0"}
  (Session info: chrome=84.0.4147.135)
For documentation on this error, please visit: http://seleniumhq.org/exceptions/no_such_element.html
Build info: version: '3.4.0', revision: 'unknown', time: 'unknown'
System info: host: 'DESKTOP-37BKIHR', ip: '192.168.80.154', os.name: 'Windows 10', os.arch: 'amd64', os.version: '10.0', java.version: '1.8.0_65'
Driver info: org.openqa.selenium.chrome.ChromeDriver
Capabilities [{networkConnectionEnabled=false, chrome={chromedriverVersion=83.0.4103.39 (ccbf011cb2d2b19b506d844400483861342c20cd-refs/branch-heads/4103@{#416}), userDataDir=C:\Users\Dell\AppData\Local\Temp\scoped_dir13404_812585541}, timeouts={implicit=0.0, pageLoad=300000.0, script=30000.0}, pageLoadStrategy=normal, unhandledPromptBehavior=dismiss and notify, strictFileInteractability=false, platform=ANY, proxy=Proxy(), goog:chromeOptions={debuggerAddress=localhost:50870}, acceptInsecureCerts=false, browserVersion=84.0.4147.135, browserName=chrome, javascriptEnabled=true, platformName=windows, setWindowRect=true, webauthn:virtualAuthenticators=true}]
Session ID: f596636f04fb4d32ef2ff12b73ca8462
*** Element info: {Using=css selector, value=.sc-bAeIUo:nth-child(4) .GridColumnElement__GridColumn-sc-57x38k-0}
	at TestCase.V1_4.workReport.RPCMSD2090.rPCMSD2090(RPCMSD2090.java:16)
</failure>
    <system-err><![CDATA[201617 [main] ERROR io.qameta.allure.AllureLifecycle - Could not add attachment: no test is running
org.openqa.selenium.TimeoutException: Expected condition failed: waiting for shdsd.selenium.Tools.BaseTest$1@422ab737 (tried for 10 second(s) with 500 MILLISECONDS interval)
	at org.openqa.selenium.support.ui.WebDriverWait.timeoutException(WebDriverWait.java:80)
	at org.openqa.selenium.support.ui.FluentWait.until(FluentWait.java:232)
	at shdsd.selenium.Tools.BaseTest.getElement(BaseTest.java:76)
	at shdsd.selenium.Tools.BaseTest.getElement(BaseTest.java:69)
	at shdsd.selenium.Tools.BaseTest.click(BaseTest.java:163)
	at TestCase.V1_4.workReport.RPCMSD2090.rPCMSD2090(RPCMSD2090.java:16)
	at sun.reflect.NativeMethodAccessorImpl.invoke0(Native Method)
	at sun.reflect.NativeMethodAccessorImpl.invoke(NativeMethodAccessorImpl.java:62)
	at sun.reflect.DelegatingMethodAccessorImpl.invoke(DelegatingMethodAccessorImpl.java:43)
	at java.lang.reflect.Method.invoke(Method.java:497)
	at org.testng.internal.MethodInvocationHelper.invokeMethod(MethodInvocationHelper.java:85)
	at org.testng.internal.Invoker.invokeMethod(Invoker.java:639)
	at org.testng.internal.Invoker.invokeTestMethod(Invoker.java:816)
	at org.testng.internal.Invoker.invokeTestMethods(Invoker.java:1124)
	at org.testng.internal.TestMethodWorker.invokeTestMethods(TestMethodWorker.java:125)
	at org.testng.internal.TestMethodWorker.run(TestMethodWorker.java:108)
	at org.testng.TestRunner.privateRun(TestRunner.java:774)
	at org.testng.TestRunner.run(TestRunner.java:624)
	at org.testng.SuiteRunner.runTest(SuiteRunner.java:359)
	at org.testng.SuiteRunner.runSequentially(SuiteRunner.java:354)
	at org.testng.SuiteRunner.privateRun(SuiteRunner.java:312)
	at org.testng.SuiteRunner.run(SuiteRunner.java:261)
	at org.testng.SuiteRunnerWorker.runSuite(SuiteRunnerWorker.java:52)
	at org.testng.SuiteRunnerWorker.run(SuiteRunnerWorker.java:86)
	at org.testng.TestNG.runSuitesSequentially(TestNG.java:1215)
	at org.testng.TestNG.runSuitesLocally(TestNG.java:1140)
	at org.testng.TestNG.run(TestNG.java:1048)
	at org.apache.maven.surefire.testng.TestNGExecutor.run(TestNGExecutor.java:283)
	at org.apache.maven.surefire.testng.TestNGXmlTestSuite.execute(TestNGXmlTestSuite.java:75)
	at org.apache.maven.surefire.testng.TestNGProvider.invoke(TestNGProvider.java:120)
	at org.apache.maven.surefire.booter.ForkedBooter.invokeProviderInSameClassLoader(ForkedBooter.java:384)
	at org.apache.maven.surefire.booter.ForkedBooter.runSuitesInProcess(ForkedBooter.java:345)
	at org.apache.maven.surefire.booter.ForkedBooter.execute(ForkedBooter.java:126)
	at org.apache.maven.surefire.booter.ForkedBooter.main(ForkedBooter.java:418)
Caused by: org.openqa.selenium.NoSuchElementException: no such element: Unable to locate element: {"method":"css selector","selector":".sc-bAeIUo:nth-child(4) .GridColumnElement__GridColumn-sc-57x38k-0"}
  (Session info: chrome=84.0.4147.135)
For documentation on this error, please visit: http://seleniumhq.org/exceptions/no_such_element.html
Build info: version: '3.4.0', revision: 'unknown', time: 'unknown'
System info: host: 'DESKTOP-37BKIHR', ip: '192.168.80.154', os.name: 'Windows 10', os.arch: 'amd64', os.version: '10.0', java.version: '1.8.0_65'
Driver info: org.openqa.selenium.chrome.ChromeDriver
Capabilities [{networkConnectionEnabled=false, chrome={chromedriverVersion=83.0.4103.39 (ccbf011cb2d2b19b506d844400483861342c20cd-refs/branch-heads/4103@{#416}), userDataDir=C:\Users\Dell\AppData\Local\Temp\scoped_dir13404_812585541}, timeouts={implicit=0.0, pageLoad=300000.0, script=30000.0}, pageLoadStrategy=normal, unhandledPromptBehavior=dismiss and notify, strictFileInteractability=false, platform=ANY, proxy=Proxy(), goog:chromeOptions={debuggerAddress=localhost:50870}, acceptInsecureCerts=false, browserVersion=84.0.4147.135, browserName=chrome, javascriptEnabled=true, platformName=windows, setWindowRect=true, webauthn:virtualAuthenticators=true}]
Session ID: f596636f04fb4d32ef2ff12b73ca8462
*** Element info: {Using=css selector, value=.sc-bAeIUo:nth-child(4) .GridColumnElement__GridColumn-sc-57x38k-0}
	at sun.reflect.GeneratedConstructorAccessor10.newInstance(Unknown Source)
	at sun.reflect.DelegatingConstructorAccessorImpl.newInstance(DelegatingConstructorAccessorImpl.java:45)
	at java.lang.reflect.Constructor.newInstance(Constructor.java:422)
	at org.openqa.selenium.remote.http.W3CHttpResponseCodec.createException(W3CHttpResponseCodec.java:150)
	at org.openqa.selenium.remote.http.W3CHttpResponseCodec.decode(W3CHttpResponseCodec.java:115)
	at org.openqa.selenium.remote.http.W3CHttpResponseCodec.decode(W3CHttpResponseCodec.java:45)
	at org.openqa.selenium.remote.HttpCommandExecutor.execute(HttpCommandExecutor.java:164)
	at org.openqa.selenium.remote.service.DriverCommandExecutor.execute(DriverCommandExecutor.java:82)
	at org.openqa.selenium.remote.RemoteWebDriver.execute(RemoteWebDriver.java:637)
	at org.openqa.selenium.remote.RemoteWebDriver.findElement(RemoteWebDriver.java:410)
	at org.openqa.selenium.remote.RemoteWebDriver.findElementByCssSelector(RemoteWebDriver.java:501)
	at org.openqa.selenium.By$ByCssSelector.findElement(By.java:430)
	at org.openqa.selenium.remote.RemoteWebDriver.findElement(RemoteWebDriver.java:402)
	at shdsd.selenium.Tools.BaseTest$1.apply(BaseTest.java:79)
	at shdsd.selenium.Tools.BaseTest$1.apply(BaseTest.java:76)
	at org.openqa.selenium.support.ui.FluentWait.until(FluentWait.java:209)
	... 32 more
时间选择失败!
]]></system-err>
  </testcase>
  <testcase name="RPCMSD1021" classname="TestCase.V1_1.IssuePage.WorkLog.RPCMSD1021" time="5.672"/>
  <testcase name="RPCMSD1740" classname="TestCase.V1_2.Configure.Calendar_configuration.RPCMSD1740" time="6.275">
    <failure message="java.lang.IndexOutOfBoundsException: Index: 1, Size: 0" type="java.lang.Exception">java.lang.Exception: java.lang.IndexOutOfBoundsException: Index: 1, Size: 0
	at TestCase.V1_2.Configure.Calendar_configuration.RPCMSD1740.RPCMSD1740(RPCMSD1740.java:37)
Caused by: java.lang.IndexOutOfBoundsException: Index: 1, Size: 0
	at TestCase.V1_2.Configure.Calendar_configuration.RPCMSD1740.RPCMSD1740(RPCMSD1740.java:25)
</failure>
    <system-err><![CDATA[日历查看失败
]]></system-err>
  </testcase>
  <testcase name="RPCMSD1887" classname="TestCase.V1_3.workplan.RPCMSD1887" time="19.628">
    <failure message="org.openqa.selenium.TimeoutException: Expected condition failed: waiting for shdsd.selenium.Tools.BaseTest$1@186d8a71 (tried for 10 second(s) with 500 MILLISECONDS interval)" type="java.lang.Exception">java.lang.Exception: org.openqa.selenium.TimeoutException: Expected condition failed: waiting for shdsd.selenium.Tools.BaseTest$1@186d8a71 (tried for 10 second(s) with 500 MILLISECONDS interval)
	at TestCase.V1_3.workplan.RPCMSD1887.RPCMSD1887(RPCMSD1887.java:99)
Caused by: org.openqa.selenium.TimeoutException: Expected condition failed: waiting for shdsd.selenium.Tools.BaseTest$1@186d8a71 (tried for 10 second(s) with 500 MILLISECONDS interval)
	at TestCase.V1_3.workplan.RPCMSD1887.RPCMSD1887(RPCMSD1887.java:49)
Caused by: org.openqa.selenium.NoSuchElementException: 
no such element: Unable to locate element: {"method":"css selector","selector":"div[id='DateColumn02_2_planbtn'][title='Plan: 3h']"}
  (Session info: chrome=84.0.4147.135)
For documentation on this error, please visit: http://seleniumhq.org/exceptions/no_such_element.html
Build info: version: '3.4.0', revision: 'unknown', time: 'unknown'
System info: host: 'DESKTOP-37BKIHR', ip: '192.168.80.154', os.name: 'Windows 10', os.arch: 'amd64', os.version: '10.0', java.version: '1.8.0_65'
Driver info: org.openqa.selenium.chrome.ChromeDriver
Capabilities [{networkConnectionEnabled=false, chrome={chromedriverVersion=83.0.4103.39 (ccbf011cb2d2b19b506d844400483861342c20cd-refs/branch-heads/4103@{#416}), userDataDir=C:\Users\Dell\AppData\Local\Temp\scoped_dir13404_812585541}, timeouts={implicit=0.0, pageLoad=300000.0, script=30000.0}, pageLoadStrategy=normal, unhandledPromptBehavior=dismiss and notify, strictFileInteractability=false, platform=ANY, proxy=Proxy(), goog:chromeOptions={debuggerAddress=localhost:50870}, acceptInsecureCerts=false, browserVersion=84.0.4147.135, browserName=chrome, javascriptEnabled=true, platformName=windows, setWindowRect=true, webauthn:virtualAuthenticators=true}]
Session ID: f596636f04fb4d32ef2ff12b73ca8462
*** Element info: {Using=css selector, value=div[id='DateColumn02_2_planbtn'][title='Plan: 3h']}
	at TestCase.V1_3.workplan.RPCMSD1887.RPCMSD1887(RPCMSD1887.java:49)
</failure>
    <system-err><![CDATA[226465 [main] ERROR io.qameta.allure.AllureLifecycle - Could not add attachment: no test is running
计划添加失败
]]></system-err>
  </testcase>
  <testcase name="rPCMSD2092" classname="TestCase.V1_4.workReport.RPCMSD2092" time="12.532">
    <failure message="org.openqa.selenium.TimeoutException: Expected condition failed: waiting for shdsd.selenium.Tools.BaseTest$1@47b33e07 (tried for 10 second(s) with 500 MILLISECONDS interval)" type="java.lang.Exception">java.lang.Exception: org.openqa.selenium.TimeoutException: Expected condition failed: waiting for shdsd.selenium.Tools.BaseTest$1@47b33e07 (tried for 10 second(s) with 500 MILLISECONDS interval)
	at TestCase.V1_4.workReport.RPCMSD2092.rPCMSD2092(RPCMSD2092.java:69)
Caused by: org.openqa.selenium.TimeoutException: Expected condition failed: waiting for shdsd.selenium.Tools.BaseTest$1@47b33e07 (tried for 10 second(s) with 500 MILLISECONDS interval)
	at TestCase.V1_4.workReport.RPCMSD2092.rPCMSD2092(RPCMSD2092.java:16)
Caused by: org.openqa.selenium.NoSuchElementException: 
no such element: Unable to locate element: {"method":"css selector","selector":".sc-bAeIUo:nth-child(4) .GridColumnElement__GridColumn-sc-57x38k-0"}
  (Session info: chrome=84.0.4147.135)
For documentation on this error, please visit: http://seleniumhq.org/exceptions/no_such_element.html
Build info: version: '3.4.0', revision: 'unknown', time: 'unknown'
System info: host: 'DESKTOP-37BKIHR', ip: '192.168.80.154', os.name: 'Windows 10', os.arch: 'amd64', os.version: '10.0', java.version: '1.8.0_65'
Driver info: org.openqa.selenium.chrome.ChromeDriver
Capabilities [{networkConnectionEnabled=false, chrome={chromedriverVersion=83.0.4103.39 (ccbf011cb2d2b19b506d844400483861342c20cd-refs/branch-heads/4103@{#416}), userDataDir=C:\Users\Dell\AppData\Local\Temp\scoped_dir13404_812585541}, timeouts={implicit=0.0, pageLoad=300000.0, script=30000.0}, pageLoadStrategy=normal, unhandledPromptBehavior=dismiss and notify, strictFileInteractability=false, platform=ANY, proxy=Proxy(), goog:chromeOptions={debuggerAddress=localhost:50870}, acceptInsecureCerts=false, browserVersion=84.0.4147.135, browserName=chrome, javascriptEnabled=true, platformName=windows, setWindowRect=true, webauthn:virtualAuthenticators=true}]
Session ID: f596636f04fb4d32ef2ff12b73ca8462
*** Element info: {Using=css selector, value=.sc-bAeIUo:nth-child(4) .GridColumnElement__GridColumn-sc-57x38k-0}
	at TestCase.V1_4.workReport.RPCMSD2092.rPCMSD2092(RPCMSD2092.java:16)
</failure>
    <system-err><![CDATA[246362 [main] ERROR io.qameta.allure.AllureLifecycle - Could not add attachment: no test is running
org.openqa.selenium.TimeoutException: Expected condition failed: waiting for shdsd.selenium.Tools.BaseTest$1@47b33e07 (tried for 10 second(s) with 500 MILLISECONDS interval)
	at org.openqa.selenium.support.ui.WebDriverWait.timeoutException(WebDriverWait.java:80)
	at org.openqa.selenium.support.ui.FluentWait.until(FluentWait.java:232)
	at shdsd.selenium.Tools.BaseTest.getElement(BaseTest.java:76)
	at shdsd.selenium.Tools.BaseTest.getElement(BaseTest.java:69)
	at shdsd.selenium.Tools.BaseTest.click(BaseTest.java:163)
	at TestCase.V1_4.workReport.RPCMSD2092.rPCMSD2092(RPCMSD2092.java:16)
	at sun.reflect.NativeMethodAccessorImpl.invoke0(Native Method)
	at sun.reflect.NativeMethodAccessorImpl.invoke(NativeMethodAccessorImpl.java:62)
	at sun.reflect.DelegatingMethodAccessorImpl.invoke(DelegatingMethodAccessorImpl.java:43)
	at java.lang.reflect.Method.invoke(Method.java:497)
	at org.testng.internal.MethodInvocationHelper.invokeMethod(MethodInvocationHelper.java:85)
	at org.testng.internal.Invoker.invokeMethod(Invoker.java:639)
	at org.testng.internal.Invoker.invokeTestMethod(Invoker.java:816)
	at org.testng.internal.Invoker.invokeTestMethods(Invoker.java:1124)
	at org.testng.internal.TestMethodWorker.invokeTestMethods(TestMethodWorker.java:125)
	at org.testng.internal.TestMethodWorker.run(TestMethodWorker.java:108)
	at org.testng.TestRunner.privateRun(TestRunner.java:774)
	at org.testng.TestRunner.run(TestRunner.java:624)
	at org.testng.SuiteRunner.runTest(SuiteRunner.java:359)
	at org.testng.SuiteRunner.runSequentially(SuiteRunner.java:354)
	at org.testng.SuiteRunner.privateRun(SuiteRunner.java:312)
	at org.testng.SuiteRunner.run(SuiteRunner.java:261)
	at org.testng.SuiteRunnerWorker.runSuite(SuiteRunnerWorker.java:52)
	at org.testng.SuiteRunnerWorker.run(SuiteRunnerWorker.java:86)
	at org.testng.TestNG.runSuitesSequentially(TestNG.java:1215)
	at org.testng.TestNG.runSuitesLocally(TestNG.java:1140)
	at org.testng.TestNG.run(TestNG.java:1048)
	at org.apache.maven.surefire.testng.TestNGExecutor.run(TestNGExecutor.java:283)
	at org.apache.maven.surefire.testng.TestNGXmlTestSuite.execute(TestNGXmlTestSuite.java:75)
	at org.apache.maven.surefire.testng.TestNGProvider.invoke(TestNGProvider.java:120)
	at org.apache.maven.surefire.booter.ForkedBooter.invokeProviderInSameClassLoader(ForkedBooter.java:384)
	at org.apache.maven.surefire.booter.ForkedBooter.runSuitesInProcess(ForkedBooter.java:345)
	at org.apache.maven.surefire.booter.ForkedBooter.execute(ForkedBooter.java:126)
	at org.apache.maven.surefire.booter.ForkedBooter.main(ForkedBooter.java:418)
Caused by: org.openqa.selenium.NoSuchElementException: no such element: Unable to locate element: {"method":"css selector","selector":".sc-bAeIUo:nth-child(4) .GridColumnElement__GridColumn-sc-57x38k-0"}
  (Session info: chrome=84.0.4147.135)
For documentation on this error, please visit: http://seleniumhq.org/exceptions/no_such_element.html
Build info: version: '3.4.0', revision: 'unknown', time: 'unknown'
System info: host: 'DESKTOP-37BKIHR', ip: '192.168.80.154', os.name: 'Windows 10', os.arch: 'amd64', os.version: '10.0', java.version: '1.8.0_65'
Driver info: org.openqa.selenium.chrome.ChromeDriver
Capabilities [{networkConnectionEnabled=false, chrome={chromedriverVersion=83.0.4103.39 (ccbf011cb2d2b19b506d844400483861342c20cd-refs/branch-heads/4103@{#416}), userDataDir=C:\Users\Dell\AppData\Local\Temp\scoped_dir13404_812585541}, timeouts={implicit=0.0, pageLoad=300000.0, script=30000.0}, pageLoadStrategy=normal, unhandledPromptBehavior=dismiss and notify, strictFileInteractability=false, platform=ANY, proxy=Proxy(), goog:chromeOptions={debuggerAddress=localhost:50870}, acceptInsecureCerts=false, browserVersion=84.0.4147.135, browserName=chrome, javascriptEnabled=true, platformName=windows, setWindowRect=true, webauthn:virtualAuthenticators=true}]
Session ID: f596636f04fb4d32ef2ff12b73ca8462
*** Element info: {Using=css selector, value=.sc-bAeIUo:nth-child(4) .GridColumnElement__GridColumn-sc-57x38k-0}
	at sun.reflect.GeneratedConstructorAccessor10.newInstance(Unknown Source)
	at sun.reflect.DelegatingConstructorAccessorImpl.newInstance(DelegatingConstructorAccessorImpl.java:45)
	at java.lang.reflect.Constructor.newInstance(Constructor.java:422)
	at org.openqa.selenium.remote.http.W3CHttpResponseCodec.createException(W3CHttpResponseCodec.java:150)
	at org.openqa.selenium.remote.http.W3CHttpResponseCodec.decode(W3CHttpResponseCodec.java:115)
	at org.openqa.selenium.remote.http.W3CHttpResponseCodec.decode(W3CHttpResponseCodec.java:45)
	at org.openqa.selenium.remote.HttpCommandExecutor.execute(HttpCommandExecutor.java:164)
	at org.openqa.selenium.remote.service.DriverCommandExecutor.execute(DriverCommandExecutor.java:82)
	at org.openqa.selenium.remote.RemoteWebDriver.execute(RemoteWebDriver.java:637)
	at org.openqa.selenium.remote.RemoteWebDriver.findElement(RemoteWebDriver.java:410)
	at org.openqa.selenium.remote.RemoteWebDriver.findElementByCssSelector(RemoteWebDriver.java:501)
	at org.openqa.selenium.By$ByCssSelector.findElement(By.java:430)
	at org.openqa.selenium.remote.RemoteWebDriver.findElement(RemoteWebDriver.java:402)
	at shdsd.selenium.Tools.BaseTest$1.apply(BaseTest.java:79)
	at shdsd.selenium.Tools.BaseTest$1.apply(BaseTest.java:76)
	at org.openqa.selenium.support.ui.FluentWait.until(FluentWait.java:209)
	... 32 more
查询失败!
]]></system-err>
  </testcase>
  <testcase name="RPCMSD1022" classname="TestCase.V1_1.IssuePage.WorkLog.RPCMSD1022" time="15.368">
    <failure message="org.openqa.selenium.TimeoutException: Expected condition failed: waiting for shdsd.selenium.Tools.BaseTest$1@193bb809 (tried for 10 second(s) with 500 MILLISECONDS interval)" type="java.lang.Exception">java.lang.Exception: org.openqa.selenium.TimeoutException: Expected condition failed: waiting for shdsd.selenium.Tools.BaseTest$1@193bb809 (tried for 10 second(s) with 500 MILLISECONDS interval)
	at TestCase.V1_1.IssuePage.WorkLog.RPCMSD1022.RPCMSD1022(RPCMSD1022.java:47)
Caused by: org.openqa.selenium.TimeoutException: Expected condition failed: waiting for shdsd.selenium.Tools.BaseTest$1@193bb809 (tried for 10 second(s) with 500 MILLISECONDS interval)
	at TestCase.V1_1.IssuePage.WorkLog.RPCMSD1022.RPCMSD1022(RPCMSD1022.java:28)
Caused by: org.openqa.selenium.NoSuchElementException: 
no such element: Unable to locate element: {"method":"css selector","selector":"#react-select-2-option-5 .\\_3tOl5nvkoM9qAgVwhHhK4Y"}
  (Session info: chrome=84.0.4147.135)
For documentation on this error, please visit: http://seleniumhq.org/exceptions/no_such_element.html
Build info: version: '3.4.0', revision: 'unknown', time: 'unknown'
System info: host: 'DESKTOP-37BKIHR', ip: '192.168.80.154', os.name: 'Windows 10', os.arch: 'amd64', os.version: '10.0', java.version: '1.8.0_65'
Driver info: org.openqa.selenium.chrome.ChromeDriver
Capabilities [{networkConnectionEnabled=false, chrome={chromedriverVersion=83.0.4103.39 (ccbf011cb2d2b19b506d844400483861342c20cd-refs/branch-heads/4103@{#416}), userDataDir=C:\Users\Dell\AppData\Local\Temp\scoped_dir13404_812585541}, timeouts={implicit=0.0, pageLoad=300000.0, script=30000.0}, pageLoadStrategy=normal, unhandledPromptBehavior=dismiss and notify, strictFileInteractability=false, platform=ANY, proxy=Proxy(), goog:chromeOptions={debuggerAddress=localhost:50870}, acceptInsecureCerts=false, browserVersion=84.0.4147.135, browserName=chrome, javascriptEnabled=true, platformName=windows, setWindowRect=true, webauthn:virtualAuthenticators=true}]
Session ID: f596636f04fb4d32ef2ff12b73ca8462
*** Element info: {Using=css selector, value=#react-select-2-option-5 .\\_3tOl5nvkoM9qAgVwhHhK4Y}
	at TestCase.V1_1.IssuePage.WorkLog.RPCMSD1022.RPCMSD1022(RPCMSD1022.java:28)
</failure>
    <system-err><![CDATA[259158 [main] ERROR io.qameta.allure.AllureLifecycle - Could not add attachment: no test is running

]]></system-err>
  </testcase>
  <testcase name="RPCMSD1741" classname="TestCase.V1_2.Configure.Calendar_configuration.RPCMSD1741" time="2.831"/>
  <testcase name="rPCMSD2099" classname="TestCase.V1_4.workReport.RPCMSD2099" time="14.052">
    <failure message="org.openqa.selenium.TimeoutException: Expected condition failed: waiting for shdsd.selenium.Tools.BaseTest$1@3c770db4 (tried for 10 second(s) with 500 MILLISECONDS interval)" type="java.lang.Exception">java.lang.Exception: org.openqa.selenium.TimeoutException: Expected condition failed: waiting for shdsd.selenium.Tools.BaseTest$1@3c770db4 (tried for 10 second(s) with 500 MILLISECONDS interval)
	at TestCase.V1_4.workReport.RPCMSD2099.rPCMSD2099(RPCMSD2099.java:52)
Caused by: org.openqa.selenium.TimeoutException: Expected condition failed: waiting for shdsd.selenium.Tools.BaseTest$1@3c770db4 (tried for 10 second(s) with 500 MILLISECONDS interval)
	at TestCase.V1_4.workReport.RPCMSD2099.rPCMSD2099(RPCMSD2099.java:20)
Caused by: org.openqa.selenium.NoSuchElementException: 
no such element: Unable to locate element: {"method":"css selector","selector":".sc-bAeIUo:nth-child(4) .GridColumnElement__GridColumn-sc-57x38k-0"}
  (Session info: chrome=84.0.4147.135)
For documentation on this error, please visit: http://seleniumhq.org/exceptions/no_such_element.html
Build info: version: '3.4.0', revision: 'unknown', time: 'unknown'
System info: host: 'DESKTOP-37BKIHR', ip: '192.168.80.154', os.name: 'Windows 10', os.arch: 'amd64', os.version: '10.0', java.version: '1.8.0_65'
Driver info: org.openqa.selenium.chrome.ChromeDriver
Capabilities [{networkConnectionEnabled=false, chrome={chromedriverVersion=83.0.4103.39 (ccbf011cb2d2b19b506d844400483861342c20cd-refs/branch-heads/4103@{#416}), userDataDir=C:\Users\Dell\AppData\Local\Temp\scoped_dir13404_812585541}, timeouts={implicit=0.0, pageLoad=300000.0, script=30000.0}, pageLoadStrategy=normal, unhandledPromptBehavior=dismiss and notify, strictFileInteractability=false, platform=ANY, proxy=Proxy(), goog:chromeOptions={debuggerAddress=localhost:50870}, acceptInsecureCerts=false, browserVersion=84.0.4147.135, browserName=chrome, javascriptEnabled=true, platformName=windows, setWindowRect=true, webauthn:virtualAuthenticators=true}]
Session ID: f596636f04fb4d32ef2ff12b73ca8462
*** Element info: {Using=css selector, value=.sc-bAeIUo:nth-child(4) .GridColumnElement__GridColumn-sc-57x38k-0}
	at TestCase.V1_4.workReport.RPCMSD2099.rPCMSD2099(RPCMSD2099.java:20)
</failure>
    <system-err><![CDATA[org.openqa.selenium.TimeoutException: Expected condition failed: waiting for shdsd.selenium.Tools.BaseTest$1@3c770db4 (tried for 10 second(s) with 500 MILLISECONDS interval)
	at org.openqa.selenium.support.ui.WebDriverWait.timeoutException(WebDriverWait.java:80)
	at org.openqa.selenium.support.ui.FluentWait.until(FluentWait.java:232)
	at shdsd.selenium.Tools.BaseTest.getElement(BaseTest.java:76)
	at shdsd.selenium.Tools.BaseTest.getElement(BaseTest.java:69)
	at shdsd.selenium.Tools.BaseTest.click(BaseTest.java:163)
	at TestCase.V1_4.workReport.RPCMSD2099.rPCMSD2099(RPCMSD2099.java:20)
	at sun.reflect.NativeMethodAccessorImpl.invoke0(Native Method)
	at sun.reflect.NativeMethodAccessorImpl.invoke(NativeMethodAccessorImpl.java:62)
	at sun.reflect.DelegatingMethodAccessorImpl.invoke(DelegatingMethodAccessorImpl.java:43)
	at java.lang.reflect.Method.invoke(Method.java:497)
	at org.testng.internal.MethodInvocationHelper.invokeMethod(MethodInvocationHelper.java:85)
	at org.testng.internal.Invoker.invokeMethod(Invoker.java:639)
	at org.testng.internal.Invoker.invokeTestMethod(Invoker.java:816)
	at org.testng.internal.Invoker.invokeTestMethods(Invoker.java:1124)
	at org.testng.internal.TestMethodWorker.invokeTestMethods(TestMethodWorker.java:125)
	at org.testng.internal.TestMethodWorker.run(TestMethodWorker.java:108)
	at org.testng.TestRunner.privateRun(TestRunner.java:774)
	at org.testng.TestRunner.run(TestRunner.java:624)
	at org.testng.SuiteRunner.runTest(SuiteRunner.java:359)
	at org.testng.SuiteRunner.runSequentially(SuiteRunner.java:354)
	at org.testng.SuiteRunner.privateRun(SuiteRunner.java:312)
	at org.testng.SuiteRunner.run(SuiteRunner.java:261)
	at org.testng.SuiteRunnerWorker.runSuite(SuiteRunnerWorker.java:52)
	at org.testng.SuiteRunnerWorker.run(SuiteRunnerWorker.java:86)
	at org.testng.TestNG.runSuitesSequentially(TestNG.java:1215)
	at org.testng.TestNG.runSuitesLocally(TestNG.java:1140)
	at org.testng.TestNG.run(TestNG.java:1048)
	at org.apache.maven.surefire.testng.TestNGExecutor.run(TestNGExecutor.java:283)
	at org.apache.maven.surefire.testng.TestNGXmlTestSuite.execute(TestNGXmlTestSuite.java:75)
	at org.apache.maven.surefire.testng.TestNGProvider.invoke(TestNGProvider.java:120)
	at org.apache.maven.surefire.booter.ForkedBooter.invokeProviderInSameClassLoader(ForkedBooter.java:384)
	at org.apache.maven.surefire.booter.ForkedBooter.runSuitesInProcess(ForkedBooter.java:345)
	at org.apache.maven.surefire.booter.ForkedBooter.execute(ForkedBooter.java:126)
	at org.apache.maven.surefire.booter.ForkedBooter.main(ForkedBooter.java:418)
Caused by: org.openqa.selenium.NoSuchElementException: no such element: Unable to locate element: {"method":"css selector","selector":".sc-bAeIUo:nth-child(4) .GridColumnElement__GridColumn-sc-57x38k-0"}
  (Session info: chrome=84.0.4147.135)
For documentation on this error, please visit: http://seleniumhq.org/exceptions/no_such_element.html
Build info: version: '3.4.0', revision: 'unknown', time: 'unknown'
System info: host: 'DESKTOP-37BKIHR', ip: '192.168.80.154', os.name: 'Windows 10', os.arch: 'amd64', os.version: '10.0', java.version: '1.8.0_65'
Driver info: org.openqa.selenium.chrome.ChromeDriver
Capabilities [{networkConnectionEnabled=false, chrome={chromedriverVersion=83.0.4103.39 (ccbf011cb2d2b19b506d844400483861342c20cd-refs/branch-heads/4103@{#416}), userDataDir=C:\Users\Dell\AppData\Local\Temp\scoped_dir13404_812585541}, timeouts={implicit=0.0, pageLoad=300000.0, script=30000.0}, pageLoadStrategy=normal, unhandledPromptBehavior=dismiss and notify, strictFileInteractability=false, platform=ANY, proxy=Proxy(), goog:chromeOptions={debuggerAddress=localhost:50870}, acceptInsecureCerts=false, browserVersion=84.0.4147.135, browserName=chrome, javascriptEnabled=true, platformName=windows, setWindowRect=true, webauthn:virtualAuthenticators=true}]
Session ID: f596636f04fb4d32ef2ff12b73ca8462
*** Element info: {Using=css selector, value=.sc-bAeIUo:nth-child(4) .GridColumnElement__GridColumn-sc-57x38k-0}
	at sun.reflect.GeneratedConstructorAccessor10.newInstance(Unknown Source)
	at sun.reflect.DelegatingConstructorAccessorImpl.newInstance(DelegatingConstructorAccessorImpl.java:45)
	at java.lang.reflect.Constructor.newInstance(Constructor.java:422)
	at org.openqa.selenium.remote.http.W3CHttpResponseCodec.createException(W3CHttpResponseCodec.java:150)
	at org.openqa.selenium.remote.http.W3CHttpResponseCodec.decode(W3CHttpResponseCodec.java:115)
	at org.openqa.selenium.remote.http.W3CHttpResponseCodec.decode(W3CHttpResponseCodec.java:45)
	at org.openqa.selenium.remote.HttpCommandExecutor.execute(HttpCommandExecutor.java:164)
	at org.openqa.selenium.remote.service.DriverCommandExecutor.execute(DriverCommandExecutor.java:82)
	at org.openqa.selenium.remote.RemoteWebDriver.execute(RemoteWebDriver.java:637)
	at org.openqa.selenium.remote.RemoteWebDriver.findElement(RemoteWebDriver.java:410)
	at org.openqa.selenium.remote.RemoteWebDriver.findElementByCssSelector(RemoteWebDriver.java:501)
	at org.openqa.selenium.By$ByCssSelector.findElement(By.java:430)
	at org.openqa.selenium.remote.RemoteWebDriver.findElement(RemoteWebDriver.java:402)
	at shdsd.selenium.Tools.BaseTest$1.apply(BaseTest.java:79)
	at shdsd.selenium.Tools.BaseTest$1.apply(BaseTest.java:76)
	at org.openqa.selenium.support.ui.FluentWait.until(FluentWait.java:209)
	... 32 more
查询失败!
]]></system-err>
  </testcase>
  <testcase name="RPCMSD1023" classname="TestCase.V1_1.IssuePage.WorkLog.RPCMSD1023" time="15.312">
    <failure message="org.openqa.selenium.TimeoutException: Expected condition failed: waiting for shdsd.selenium.Tools.BaseTest$1@62b3a2f6 (tried for 10 second(s) with 500 MILLISECONDS interval)" type="java.lang.Exception">java.lang.Exception: org.openqa.selenium.TimeoutException: Expected condition failed: waiting for shdsd.selenium.Tools.BaseTest$1@62b3a2f6 (tried for 10 second(s) with 500 MILLISECONDS interval)
	at TestCase.V1_1.IssuePage.WorkLog.RPCMSD1023.RPCMSD1023(RPCMSD1023.java:43)
Caused by: org.openqa.selenium.TimeoutException: Expected condition failed: waiting for shdsd.selenium.Tools.BaseTest$1@62b3a2f6 (tried for 10 second(s) with 500 MILLISECONDS interval)
	at TestCase.V1_1.IssuePage.WorkLog.RPCMSD1023.RPCMSD1023(RPCMSD1023.java:25)
Caused by: org.openqa.selenium.InvalidSelectorException: 
invalid selector: Unable to locate an element with the xpath expression //div[@id=\'workLogContext_datePicker\']/div/div because of the following error:
SyntaxError: Failed to execute 'evaluate' on 'Document': The string '//div[@id=\'workLogContext_datePicker\']/div/div' is not a valid XPath expression.
  (Session info: chrome=84.0.4147.135)
For documentation on this error, please visit: http://seleniumhq.org/exceptions/invalid_selector_exception.html
Build info: version: '3.4.0', revision: 'unknown', time: 'unknown'
System info: host: 'DESKTOP-37BKIHR', ip: '192.168.80.154', os.name: 'Windows 10', os.arch: 'amd64', os.version: '10.0', java.version: '1.8.0_65'
Driver info: org.openqa.selenium.chrome.ChromeDriver
Capabilities [{networkConnectionEnabled=false, chrome={chromedriverVersion=83.0.4103.39 (ccbf011cb2d2b19b506d844400483861342c20cd-refs/branch-heads/4103@{#416}), userDataDir=C:\Users\Dell\AppData\Local\Temp\scoped_dir13404_812585541}, timeouts={implicit=0.0, pageLoad=300000.0, script=30000.0}, pageLoadStrategy=normal, unhandledPromptBehavior=dismiss and notify, strictFileInteractability=false, platform=ANY, proxy=Proxy(), goog:chromeOptions={debuggerAddress=localhost:50870}, acceptInsecureCerts=false, browserVersion=84.0.4147.135, browserName=chrome, javascriptEnabled=true, platformName=windows, setWindowRect=true, webauthn:virtualAuthenticators=true}]
Session ID: f596636f04fb4d32ef2ff12b73ca8462
*** Element info: {Using=xpath, value=//div[@id=\'workLogContext_datePicker\']/div/div}
	at TestCase.V1_1.IssuePage.WorkLog.RPCMSD1023.RPCMSD1023(RPCMSD1023.java:25)
</failure>
    <system-err><![CDATA[291958 [main] ERROR io.qameta.allure.AllureLifecycle - Could not add attachment: no test is running

]]></system-err>
  </testcase>
  <testcase name="RPCMSD1761" classname="TestCase.V1_2.Configure.Calendar_configuration.RPCMSD1761" time="1.555"/>
  <testcase name="rPCMSD2101" classname="TestCase.V1_4.workReport.RPCMSD2101" time="12.363">
    <failure message="org.openqa.selenium.TimeoutException: Expected condition failed: waiting for shdsd.selenium.Tools.BaseTest$1@5232e3f1 (tried for 10 second(s) with 500 MILLISECONDS interval)" type="java.lang.Exception">java.lang.Exception: org.openqa.selenium.TimeoutException: Expected condition failed: waiting for shdsd.selenium.Tools.BaseTest$1@5232e3f1 (tried for 10 second(s) with 500 MILLISECONDS interval)
	at TestCase.V1_4.workReport.RPCMSD2101.rPCMSD2101(RPCMSD2101.java:108)
Caused by: org.openqa.selenium.TimeoutException: Expected condition failed: waiting for shdsd.selenium.Tools.BaseTest$1@5232e3f1 (tried for 10 second(s) with 500 MILLISECONDS interval)
	at TestCase.V1_4.workReport.RPCMSD2101.rPCMSD2101(RPCMSD2101.java:15)
Caused by: org.openqa.selenium.NoSuchElementException: 
no such element: Unable to locate element: {"method":"css selector","selector":".sc-bAeIUo:nth-child(4) .GridColumnElement__GridColumn-sc-57x38k-0"}
  (Session info: chrome=84.0.4147.135)
For documentation on this error, please visit: http://seleniumhq.org/exceptions/no_such_element.html
Build info: version: '3.4.0', revision: 'unknown', time: 'unknown'
System info: host: 'DESKTOP-37BKIHR', ip: '192.168.80.154', os.name: 'Windows 10', os.arch: 'amd64', os.version: '10.0', java.version: '1.8.0_65'
Driver info: org.openqa.selenium.chrome.ChromeDriver
Capabilities [{networkConnectionEnabled=false, chrome={chromedriverVersion=83.0.4103.39 (ccbf011cb2d2b19b506d844400483861342c20cd-refs/branch-heads/4103@{#416}), userDataDir=C:\Users\Dell\AppData\Local\Temp\scoped_dir13404_812585541}, timeouts={implicit=0.0, pageLoad=300000.0, script=30000.0}, pageLoadStrategy=normal, unhandledPromptBehavior=dismiss and notify, strictFileInteractability=false, platform=ANY, proxy=Proxy(), goog:chromeOptions={debuggerAddress=localhost:50870}, acceptInsecureCerts=false, browserVersion=84.0.4147.135, browserName=chrome, javascriptEnabled=true, platformName=windows, setWindowRect=true, webauthn:virtualAuthenticators=true}]
Session ID: f596636f04fb4d32ef2ff12b73ca8462
*** Element info: {Using=css selector, value=.sc-bAeIUo:nth-child(4) .GridColumnElement__GridColumn-sc-57x38k-0}
	at TestCase.V1_4.workReport.RPCMSD2101.rPCMSD2101(RPCMSD2101.java:15)
</failure>
    <system-err><![CDATA[org.openqa.selenium.TimeoutException: Expected condition failed: waiting for shdsd.selenium.Tools.BaseTest$1@5232e3f1 (tried for 10 second(s) with 500 MILLISECONDS interval)
	at org.openqa.selenium.support.ui.WebDriverWait.timeoutException(WebDriverWait.java:80)
	at org.openqa.selenium.support.ui.FluentWait.until(FluentWait.java:232)
	at shdsd.selenium.Tools.BaseTest.getElement(BaseTest.java:76)
	at shdsd.selenium.Tools.BaseTest.getElement(BaseTest.java:69)
	at shdsd.selenium.Tools.BaseTest.click(BaseTest.java:163)
	at TestCase.V1_4.workReport.RPCMSD2101.rPCMSD2101(RPCMSD2101.java:15)
	at sun.reflect.NativeMethodAccessorImpl.invoke0(Native Method)
	at sun.reflect.NativeMethodAccessorImpl.invoke(NativeMethodAccessorImpl.java:62)
	at sun.reflect.DelegatingMethodAccessorImpl.invoke(DelegatingMethodAccessorImpl.java:43)
	at java.lang.reflect.Method.invoke(Method.java:497)
	at org.testng.internal.MethodInvocationHelper.invokeMethod(MethodInvocationHelper.java:85)
	at org.testng.internal.Invoker.invokeMethod(Invoker.java:639)
	at org.testng.internal.Invoker.invokeTestMethod(Invoker.java:816)
	at org.testng.internal.Invoker.invokeTestMethods(Invoker.java:1124)
	at org.testng.internal.TestMethodWorker.invokeTestMethods(TestMethodWorker.java:125)
	at org.testng.internal.TestMethodWorker.run(TestMethodWorker.java:108)
	at org.testng.TestRunner.privateRun(TestRunner.java:774)
	at org.testng.TestRunner.run(TestRunner.java:624)
	at org.testng.SuiteRunner.runTest(SuiteRunner.java:359)
	at org.testng.SuiteRunner.runSequentially(SuiteRunner.java:354)
	at org.testng.SuiteRunner.privateRun(SuiteRunner.java:312)
	at org.testng.SuiteRunner.run(SuiteRunner.java:261)
	at org.testng.SuiteRunnerWorker.runSuite(SuiteRunnerWorker.java:52)
	at org.testng.SuiteRunnerWorker.run(SuiteRunnerWorker.java:86)
	at org.testng.TestNG.runSuitesSequentially(TestNG.java:1215)
	at org.testng.TestNG.runSuitesLocally(TestNG.java:1140)
	at org.testng.TestNG.run(TestNG.java:1048)
	at org.apache.maven.surefire.testng.TestNGExecutor.run(TestNGExecutor.java:283)
	at org.apache.maven.surefire.testng.TestNGXmlTestSuite.execute(TestNGXmlTestSuite.java:75)
	at org.apache.maven.surefire.testng.TestNGProvider.invoke(TestNGProvider.java:120)
	at org.apache.maven.surefire.booter.ForkedBooter.invokeProviderInSameClassLoader(ForkedBooter.java:384)
	at org.apache.maven.surefire.booter.ForkedBooter.runSuitesInProcess(ForkedBooter.java:345)
	at org.apache.maven.surefire.booter.ForkedBooter.execute(ForkedBooter.java:126)
	at org.apache.maven.surefire.booter.ForkedBooter.main(ForkedBooter.java:418)
Caused by: org.openqa.selenium.NoSuchElementException: no such element: Unable to locate element: {"method":"css selector","selector":".sc-bAeIUo:nth-child(4) .GridColumnElement__GridColumn-sc-57x38k-0"}
  (Session info: chrome=84.0.4147.135)
For documentation on this error, please visit: http://seleniumhq.org/exceptions/no_such_element.html
Build info: version: '3.4.0', revision: 'unknown', time: 'unknown'
System info: host: 'DESKTOP-37BKIHR', ip: '192.168.80.154', os.name: 'Windows 10', os.arch: 'amd64', os.version: '10.0', java.version: '1.8.0_65'
Driver info: org.openqa.selenium.chrome.ChromeDriver
Capabilities [{networkConnectionEnabled=false, chrome={chromedriverVersion=83.0.4103.39 (ccbf011cb2d2b19b506d844400483861342c20cd-refs/branch-heads/4103@{#416}), userDataDir=C:\Users\Dell\AppData\Local\Temp\scoped_dir13404_812585541}, timeouts={implicit=0.0, pageLoad=300000.0, script=30000.0}, pageLoadStrategy=normal, unhandledPromptBehavior=dismiss and notify, strictFileInteractability=false, platform=ANY, proxy=Proxy(), goog:chromeOptions={debuggerAddress=localhost:50870}, acceptInsecureCerts=false, browserVersion=84.0.4147.135, browserName=chrome, javascriptEnabled=true, platformName=windows, setWindowRect=true, webauthn:virtualAuthenticators=true}]
Session ID: f596636f04fb4d32ef2ff12b73ca8462
*** Element info: {Using=css selector, value=.sc-bAeIUo:nth-child(4) .GridColumnElement__GridColumn-sc-57x38k-0}
	at sun.reflect.GeneratedConstructorAccessor10.newInstance(Unknown Source)
	at sun.reflect.DelegatingConstructorAccessorImpl.newInstance(DelegatingConstructorAccessorImpl.java:45)
	at java.lang.reflect.Constructor.newInstance(Constructor.java:422)
	at org.openqa.selenium.remote.http.W3CHttpResponseCodec.createException(W3CHttpResponseCodec.java:150)
	at org.openqa.selenium.remote.http.W3CHttpResponseCodec.decode(W3CHttpResponseCodec.java:115)
	at org.openqa.selenium.remote.http.W3CHttpResponseCodec.decode(W3CHttpResponseCodec.java:45)
	at org.openqa.selenium.remote.HttpCommandExecutor.execute(HttpCommandExecutor.java:164)
	at org.openqa.selenium.remote.service.DriverCommandExecutor.execute(DriverCommandExecutor.java:82)
	at org.openqa.selenium.remote.RemoteWebDriver.execute(RemoteWebDriver.java:637)
	at org.openqa.selenium.remote.RemoteWebDriver.findElement(RemoteWebDriver.java:410)
	at org.openqa.selenium.remote.RemoteWebDriver.findElementByCssSelector(RemoteWebDriver.java:501)
	at org.openqa.selenium.By$ByCssSelector.findElement(By.java:430)
	at org.openqa.selenium.remote.RemoteWebDriver.findElement(RemoteWebDriver.java:402)
	at shdsd.selenium.Tools.BaseTest$1.apply(BaseTest.java:79)
	at shdsd.selenium.Tools.BaseTest$1.apply(BaseTest.java:76)
	at org.openqa.selenium.support.ui.FluentWait.until(FluentWait.java:209)
	... 32 more
新建报表失败!
]]></system-err>
  </testcase>
  <testcase name="RPCMSD1024" classname="TestCase.V1_1.IssuePage.WorkLog.RPCMSD1024" time="6.31"/>
  <testcase name="RPCMSD1762" classname="TestCase.V1_2.Configure.Calendar_configuration.RPCMSD1762" time="1.422"/>
  <testcase name="RPCMSD2102" classname="TestCase.V1_4.workReport.RPCMSD2102" time="14.03">
    <failure message="org.openqa.selenium.TimeoutException: Expected condition failed: waiting for shdsd.selenium.Tools.BaseTest$1@4a070cf0 (tried for 10 second(s) with 500 MILLISECONDS interval)" type="java.lang.Exception">java.lang.Exception: org.openqa.selenium.TimeoutException: Expected condition failed: waiting for shdsd.selenium.Tools.BaseTest$1@4a070cf0 (tried for 10 second(s) with 500 MILLISECONDS interval)
	at TestCase.V1_4.workReport.RPCMSD2102.RPCMSD2102(RPCMSD2102.java:32)
Caused by: org.openqa.selenium.TimeoutException: Expected condition failed: waiting for shdsd.selenium.Tools.BaseTest$1@4a070cf0 (tried for 10 second(s) with 500 MILLISECONDS interval)
	at TestCase.V1_4.workReport.RPCMSD2102.RPCMSD2102(RPCMSD2102.java:18)
Caused by: org.openqa.selenium.NoSuchElementException: 
no such element: Unable to locate element: {"method":"css selector","selector":".sc-bMVAic:nth-child(4) .GridColumnElement__GridColumn-sc-57x38k-0"}
  (Session info: chrome=84.0.4147.135)
For documentation on this error, please visit: http://seleniumhq.org/exceptions/no_such_element.html
Build info: version: '3.4.0', revision: 'unknown', time: 'unknown'
System info: host: 'DESKTOP-37BKIHR', ip: '192.168.80.154', os.name: 'Windows 10', os.arch: 'amd64', os.version: '10.0', java.version: '1.8.0_65'
Driver info: org.openqa.selenium.chrome.ChromeDriver
Capabilities [{networkConnectionEnabled=false, chrome={chromedriverVersion=83.0.4103.39 (ccbf011cb2d2b19b506d844400483861342c20cd-refs/branch-heads/4103@{#416}), userDataDir=C:\Users\Dell\AppData\Local\Temp\scoped_dir13404_812585541}, timeouts={implicit=0.0, pageLoad=300000.0, script=30000.0}, pageLoadStrategy=normal, unhandledPromptBehavior=dismiss and notify, strictFileInteractability=false, platform=ANY, proxy=Proxy(), goog:chromeOptions={debuggerAddress=localhost:50870}, acceptInsecureCerts=false, browserVersion=84.0.4147.135, browserName=chrome, javascriptEnabled=true, platformName=windows, setWindowRect=true, webauthn:virtualAuthenticators=true}]
Session ID: f596636f04fb4d32ef2ff12b73ca8462
*** Element info: {Using=css selector, value=.sc-bMVAic:nth-child(4) .GridColumnElement__GridColumn-sc-57x38k-0}
	at TestCase.V1_4.workReport.RPCMSD2102.RPCMSD2102(RPCMSD2102.java:18)
</failure>
    <system-err><![CDATA[org.openqa.selenium.TimeoutException: Expected condition failed: waiting for shdsd.selenium.Tools.BaseTest$1@4a070cf0 (tried for 10 second(s) with 500 MILLISECONDS interval)
	at org.openqa.selenium.support.ui.WebDriverWait.timeoutException(WebDriverWait.java:80)
	at org.openqa.selenium.support.ui.FluentWait.until(FluentWait.java:232)
	at shdsd.selenium.Tools.BaseTest.getElement(BaseTest.java:76)
	at shdsd.selenium.Tools.BaseTest.getElement(BaseTest.java:69)
	at shdsd.selenium.Tools.BaseTest.click(BaseTest.java:163)
	at TestCase.V1_4.workReport.RPCMSD2102.RPCMSD2102(RPCMSD2102.java:18)
	at sun.reflect.NativeMethodAccessorImpl.invoke0(Native Method)
	at sun.reflect.NativeMethodAccessorImpl.invoke(NativeMethodAccessorImpl.java:62)
	at sun.reflect.DelegatingMethodAccessorImpl.invoke(DelegatingMethodAccessorImpl.java:43)
	at java.lang.reflect.Method.invoke(Method.java:497)
	at org.testng.internal.MethodInvocationHelper.invokeMethod(MethodInvocationHelper.java:85)
	at org.testng.internal.Invoker.invokeMethod(Invoker.java:639)
	at org.testng.internal.Invoker.invokeTestMethod(Invoker.java:816)
	at org.testng.internal.Invoker.invokeTestMethods(Invoker.java:1124)
	at org.testng.internal.TestMethodWorker.invokeTestMethods(TestMethodWorker.java:125)
	at org.testng.internal.TestMethodWorker.run(TestMethodWorker.java:108)
	at org.testng.TestRunner.privateRun(TestRunner.java:774)
	at org.testng.TestRunner.run(TestRunner.java:624)
	at org.testng.SuiteRunner.runTest(SuiteRunner.java:359)
	at org.testng.SuiteRunner.runSequentially(SuiteRunner.java:354)
	at org.testng.SuiteRunner.privateRun(SuiteRunner.java:312)
	at org.testng.SuiteRunner.run(SuiteRunner.java:261)
	at org.testng.SuiteRunnerWorker.runSuite(SuiteRunnerWorker.java:52)
	at org.testng.SuiteRunnerWorker.run(SuiteRunnerWorker.java:86)
	at org.testng.TestNG.runSuitesSequentially(TestNG.java:1215)
	at org.testng.TestNG.runSuitesLocally(TestNG.java:1140)
	at org.testng.TestNG.run(TestNG.java:1048)
	at org.apache.maven.surefire.testng.TestNGExecutor.run(TestNGExecutor.java:283)
	at org.apache.maven.surefire.testng.TestNGXmlTestSuite.execute(TestNGXmlTestSuite.java:75)
	at org.apache.maven.surefire.testng.TestNGProvider.invoke(TestNGProvider.java:120)
	at org.apache.maven.surefire.booter.ForkedBooter.invokeProviderInSameClassLoader(ForkedBooter.java:384)
	at org.apache.maven.surefire.booter.ForkedBooter.runSuitesInProcess(ForkedBooter.java:345)
	at org.apache.maven.surefire.booter.ForkedBooter.execute(ForkedBooter.java:126)
	at org.apache.maven.surefire.booter.ForkedBooter.main(ForkedBooter.java:418)
Caused by: org.openqa.selenium.NoSuchElementException: no such element: Unable to locate element: {"method":"css selector","selector":".sc-bMVAic:nth-child(4) .GridColumnElement__GridColumn-sc-57x38k-0"}
  (Session info: chrome=84.0.4147.135)
For documentation on this error, please visit: http://seleniumhq.org/exceptions/no_such_element.html
Build info: version: '3.4.0', revision: 'unknown', time: 'unknown'
System info: host: 'DESKTOP-37BKIHR', ip: '192.168.80.154', os.name: 'Windows 10', os.arch: 'amd64', os.version: '10.0', java.version: '1.8.0_65'
Driver info: org.openqa.selenium.chrome.ChromeDriver
Capabilities [{networkConnectionEnabled=false, chrome={chromedriverVersion=83.0.4103.39 (ccbf011cb2d2b19b506d844400483861342c20cd-refs/branch-heads/4103@{#416}), userDataDir=C:\Users\Dell\AppData\Local\Temp\scoped_dir13404_812585541}, timeouts={implicit=0.0, pageLoad=300000.0, script=30000.0}, pageLoadStrategy=normal, unhandledPromptBehavior=dismiss and notify, strictFileInteractability=false, platform=ANY, proxy=Proxy(), goog:chromeOptions={debuggerAddress=localhost:50870}, acceptInsecureCerts=false, browserVersion=84.0.4147.135, browserName=chrome, javascriptEnabled=true, platformName=windows, setWindowRect=true, webauthn:virtualAuthenticators=true}]
Session ID: f596636f04fb4d32ef2ff12b73ca8462
*** Element info: {Using=css selector, value=.sc-bMVAic:nth-child(4) .GridColumnElement__GridColumn-sc-57x38k-0}
	at sun.reflect.GeneratedConstructorAccessor10.newInstance(Unknown Source)
	at sun.reflect.DelegatingConstructorAccessorImpl.newInstance(DelegatingConstructorAccessorImpl.java:45)
	at java.lang.reflect.Constructor.newInstance(Constructor.java:422)
	at org.openqa.selenium.remote.http.W3CHttpResponseCodec.createException(W3CHttpResponseCodec.java:150)
	at org.openqa.selenium.remote.http.W3CHttpResponseCodec.decode(W3CHttpResponseCodec.java:115)
	at org.openqa.selenium.remote.http.W3CHttpResponseCodec.decode(W3CHttpResponseCodec.java:45)
	at org.openqa.selenium.remote.HttpCommandExecutor.execute(HttpCommandExecutor.java:164)
	at org.openqa.selenium.remote.service.DriverCommandExecutor.execute(DriverCommandExecutor.java:82)
	at org.openqa.selenium.remote.RemoteWebDriver.execute(RemoteWebDriver.java:637)
	at org.openqa.selenium.remote.RemoteWebDriver.findElement(RemoteWebDriver.java:410)
	at org.openqa.selenium.remote.RemoteWebDriver.findElementByCssSelector(RemoteWebDriver.java:501)
	at org.openqa.selenium.By$ByCssSelector.findElement(By.java:430)
	at org.openqa.selenium.remote.RemoteWebDriver.findElement(RemoteWebDriver.java:402)
	at shdsd.selenium.Tools.BaseTest$1.apply(BaseTest.java:79)
	at shdsd.selenium.Tools.BaseTest$1.apply(BaseTest.java:76)
	at org.openqa.selenium.support.ui.FluentWait.until(FluentWait.java:209)
	... 32 more
新建报表失败!
]]></system-err>
  </testcase>
  <testcase name="RPCMSD1028" classname="TestCase.V1_1.IssuePage.WorkLog.RPCMSD1028" time="8.678"/>
  <testcase name="RPCMSD1763" classname="TestCase.V1_2.Configure.Calendar_configuration.RPCMSD1763" time="2.03">
    <failure message="java.lang.IndexOutOfBoundsException: Index: 1, Size: 0" type="java.lang.Exception">java.lang.Exception: java.lang.IndexOutOfBoundsException: Index: 1, Size: 0
	at TestCase.V1_2.Configure.Calendar_configuration.RPCMSD1763.RPCMSD1763(RPCMSD1763.java:112)
Caused by: java.lang.IndexOutOfBoundsException: Index: 1, Size: 0
	at TestCase.V1_2.Configure.Calendar_configuration.RPCMSD1763.RPCMSD1763(RPCMSD1763.java:29)
</failure>
    <system-err><![CDATA[日历方案设置失败
]]></system-err>
  </testcase>
  <testcase name="RPCMSD1029" classname="TestCase.V1_1.IssuePage.WorkLog.RPCMSD1029" time="3.606">
    <failure message="org.openqa.selenium.ElementNotInteractableException: element not interactable&#10;  (Session info: chrome=84.0.4147.135)&#10;Build info: version: &apos;3.4.0&apos;, revision: &apos;unknown&apos;, time: &apos;unknown&apos;&#10;System info: host: &apos;DESKTOP-37BKIHR&apos;, ip: &apos;192.168.80.154&apos;, os.name: &apos;Windows 10&apos;, os.arch: &apos;amd64&apos;, os.version: &apos;10.0&apos;, java.version: &apos;1.8.0_65&apos;&#10;Driver info: org.openqa.selenium.chrome.ChromeDriver&#10;Capabilities [{networkConnectionEnabled=false, chrome={chromedriverVersion=83.0.4103.39 (ccbf011cb2d2b19b506d844400483861342c20cd-refs/branch-heads/4103@{#416}), userDataDir=C:\Users\Dell\AppData\Local\Temp\scoped_dir13404_812585541}, timeouts={implicit=0.0, pageLoad=300000.0, script=30000.0}, pageLoadStrategy=normal, unhandledPromptBehavior=dismiss and notify, strictFileInteractability=false, platform=ANY, proxy=Proxy(), goog:chromeOptions={debuggerAddress=localhost:50870}, acceptInsecureCerts=false, browserVersion=84.0.4147.135, browserName=chrome, javascriptEnabled=true, platformName=windows, setWindowRect=true, webauthn:virtualAuthenticators=true}]&#10;Session ID: f596636f04fb4d32ef2ff12b73ca8462" type="java.lang.Exception">java.lang.Exception: 
org.openqa.selenium.ElementNotInteractableException: element not interactable
  (Session info: chrome=84.0.4147.135)
Build info: version: '3.4.0', revision: 'unknown', time: 'unknown'
System info: host: 'DESKTOP-37BKIHR', ip: '192.168.80.154', os.name: 'Windows 10', os.arch: 'amd64', os.version: '10.0', java.version: '1.8.0_65'
Driver info: org.openqa.selenium.chrome.ChromeDriver
Capabilities [{networkConnectionEnabled=false, chrome={chromedriverVersion=83.0.4103.39 (ccbf011cb2d2b19b506d844400483861342c20cd-refs/branch-heads/4103@{#416}), userDataDir=C:\Users\Dell\AppData\Local\Temp\scoped_dir13404_812585541}, timeouts={implicit=0.0, pageLoad=300000.0, script=30000.0}, pageLoadStrategy=normal, unhandledPromptBehavior=dismiss and notify, strictFileInteractability=false, platform=ANY, proxy=Proxy(), goog:chromeOptions={debuggerAddress=localhost:50870}, acceptInsecureCerts=false, browserVersion=84.0.4147.135, browserName=chrome, javascriptEnabled=true, platformName=windows, setWindowRect=true, webauthn:virtualAuthenticators=true}]
Session ID: f596636f04fb4d32ef2ff12b73ca8462
	at TestCase.V1_1.IssuePage.WorkLog.RPCMSD1029.RPCMSD1029(RPCMSD1029.java:95)
Caused by: org.openqa.selenium.ElementNotInteractableException: 
element not interactable
  (Session info: chrome=84.0.4147.135)
Build info: version: '3.4.0', revision: 'unknown', time: 'unknown'
System info: host: 'DESKTOP-37BKIHR', ip: '192.168.80.154', os.name: 'Windows 10', os.arch: 'amd64', os.version: '10.0', java.version: '1.8.0_65'
Driver info: org.openqa.selenium.chrome.ChromeDriver
Capabilities [{networkConnectionEnabled=false, chrome={chromedriverVersion=83.0.4103.39 (ccbf011cb2d2b19b506d844400483861342c20cd-refs/branch-heads/4103@{#416}), userDataDir=C:\Users\Dell\AppData\Local\Temp\scoped_dir13404_812585541}, timeouts={implicit=0.0, pageLoad=300000.0, script=30000.0}, pageLoadStrategy=normal, unhandledPromptBehavior=dismiss and notify, strictFileInteractability=false, platform=ANY, proxy=Proxy(), goog:chromeOptions={debuggerAddress=localhost:50870}, acceptInsecureCerts=false, browserVersion=84.0.4147.135, browserName=chrome, javascriptEnabled=true, platformName=windows, setWindowRect=true, webauthn:virtualAuthenticators=true}]
Session ID: f596636f04fb4d32ef2ff12b73ca8462
	at TestCase.V1_1.IssuePage.WorkLog.RPCMSD1029.RPCMSD1029(RPCMSD1029.java:24)
</failure>
    <system-err><![CDATA[354720 [main] ERROR io.qameta.allure.AllureLifecycle - Could not add attachment: no test is running

]]></system-err>
  </testcase>
  <testcase name="RPCMSD1764" classname="TestCase.V1_2.Configure.Calendar_configuration.RPCMSD1764" time="1.989">
    <failure message="java.lang.IndexOutOfBoundsException: Index: 1, Size: 0" type="java.lang.Exception">java.lang.Exception: java.lang.IndexOutOfBoundsException: Index: 1, Size: 0
	at TestCase.V1_2.Configure.Calendar_configuration.RPCMSD1764.RPCMSD1764(RPCMSD1764.java:37)
Caused by: java.lang.IndexOutOfBoundsException: Index: 1, Size: 0
	at TestCase.V1_2.Configure.Calendar_configuration.RPCMSD1764.RPCMSD1764(RPCMSD1764.java:26)
</failure>
    <system-err><![CDATA[358604 [main] ERROR io.qameta.allure.AllureLifecycle - Could not add attachment: no test is running
日历方案删除失败
]]></system-err>
  </testcase>
  <testcase name="RPCMSD1183" classname="TestCase.V1_1.IssuePage.WorkLog.RPCMSD1183" time="4.909">
    <failure message="org.openqa.selenium.StaleElementReferenceException: stale element reference: element is not attached to the page document&#10;  (Session info: chrome=84.0.4147.135)&#10;For documentation on this error, please visit: http://seleniumhq.org/exceptions/stale_element_reference.html&#10;Build info: version: &apos;3.4.0&apos;, revision: &apos;unknown&apos;, time: &apos;unknown&apos;&#10;System info: host: &apos;DESKTOP-37BKIHR&apos;, ip: &apos;192.168.80.154&apos;, os.name: &apos;Windows 10&apos;, os.arch: &apos;amd64&apos;, os.version: &apos;10.0&apos;, java.version: &apos;1.8.0_65&apos;&#10;Driver info: org.openqa.selenium.chrome.ChromeDriver&#10;Capabilities [{networkConnectionEnabled=false, chrome={chromedriverVersion=83.0.4103.39 (ccbf011cb2d2b19b506d844400483861342c20cd-refs/branch-heads/4103@{#416}), userDataDir=C:\Users\Dell\AppData\Local\Temp\scoped_dir13404_812585541}, timeouts={implicit=0.0, pageLoad=300000.0, script=30000.0}, pageLoadStrategy=normal, unhandledPromptBehavior=dismiss and notify, strictFileInteractability=false, platform=ANY, proxy=Proxy(), goog:chromeOptions={debuggerAddress=localhost:50870}, acceptInsecureCerts=false, browserVersion=84.0.4147.135, browserName=chrome, javascriptEnabled=true, platformName=windows, setWindowRect=true, webauthn:virtualAuthenticators=true}]&#10;Session ID: f596636f04fb4d32ef2ff12b73ca8462" type="java.lang.Exception">java.lang.Exception: 
org.openqa.selenium.StaleElementReferenceException: stale element reference: element is not attached to the page document
  (Session info: chrome=84.0.4147.135)
For documentation on this error, please visit: http://seleniumhq.org/exceptions/stale_element_reference.html
Build info: version: '3.4.0', revision: 'unknown', time: 'unknown'
System info: host: 'DESKTOP-37BKIHR', ip: '192.168.80.154', os.name: 'Windows 10', os.arch: 'amd64', os.version: '10.0', java.version: '1.8.0_65'
Driver info: org.openqa.selenium.chrome.ChromeDriver
Capabilities [{networkConnectionEnabled=false, chrome={chromedriverVersion=83.0.4103.39 (ccbf011cb2d2b19b506d844400483861342c20cd-refs/branch-heads/4103@{#416}), userDataDir=C:\Users\Dell\AppData\Local\Temp\scoped_dir13404_812585541}, timeouts={implicit=0.0, pageLoad=300000.0, script=30000.0}, pageLoadStrategy=normal, unhandledPromptBehavior=dismiss and notify, strictFileInteractability=false, platform=ANY, proxy=Proxy(), goog:chromeOptions={debuggerAddress=localhost:50870}, acceptInsecureCerts=false, browserVersion=84.0.4147.135, browserName=chrome, javascriptEnabled=true, platformName=windows, setWindowRect=true, webauthn:virtualAuthenticators=true}]
Session ID: f596636f04fb4d32ef2ff12b73ca8462
	at TestCase.V1_1.IssuePage.WorkLog.RPCMSD1183.RPCMSD1183(RPCMSD1183.java:34)
Caused by: org.openqa.selenium.StaleElementReferenceException: 
stale element reference: element is not attached to the page document
  (Session info: chrome=84.0.4147.135)
For documentation on this error, please visit: http://seleniumhq.org/exceptions/stale_element_reference.html
Build info: version: '3.4.0', revision: 'unknown', time: 'unknown'
System info: host: 'DESKTOP-37BKIHR', ip: '192.168.80.154', os.name: 'Windows 10', os.arch: 'amd64', os.version: '10.0', java.version: '1.8.0_65'
Driver info: org.openqa.selenium.chrome.ChromeDriver
Capabilities [{networkConnectionEnabled=false, chrome={chromedriverVersion=83.0.4103.39 (ccbf011cb2d2b19b506d844400483861342c20cd-refs/branch-heads/4103@{#416}), userDataDir=C:\Users\Dell\AppData\Local\Temp\scoped_dir13404_812585541}, timeouts={implicit=0.0, pageLoad=300000.0, script=30000.0}, pageLoadStrategy=normal, unhandledPromptBehavior=dismiss and notify, strictFileInteractability=false, platform=ANY, proxy=Proxy(), goog:chromeOptions={debuggerAddress=localhost:50870}, acceptInsecureCerts=false, browserVersion=84.0.4147.135, browserName=chrome, javascriptEnabled=true, platformName=windows, setWindowRect=true, webauthn:virtualAuthenticators=true}]
Session ID: f596636f04fb4d32ef2ff12b73ca8462
	at TestCase.V1_1.IssuePage.WorkLog.RPCMSD1183.RPCMSD1183(RPCMSD1183.java:28)
</failure>
    <system-err><![CDATA[360862 [main] ERROR io.qameta.allure.AllureLifecycle - Could not add attachment: no test is running
八月 25, 2020 8:36:53 下午 org.openqa.selenium.remote.ErrorCodes toStatus
信息: HTTP Status: '404' -> incorrect JSON status mapping for 'stale element reference' (400 expected)

]]></system-err>
  </testcase>
  <testcase name="RPCMSD1881" classname="TestCase.V1_2.Configure.Calendar_configuration.RPCMSD1881" time="2.24">
    <failure message="java.lang.IndexOutOfBoundsException: Index: 1, Size: 0" type="java.lang.Exception">java.lang.Exception: java.lang.IndexOutOfBoundsException: Index: 1, Size: 0
	at TestCase.V1_2.Configure.Calendar_configuration.RPCMSD1881.RPCMSD1881(RPCMSD1881.java:49)
Caused by: java.lang.IndexOutOfBoundsException: Index: 1, Size: 0
	at TestCase.V1_2.Configure.Calendar_configuration.RPCMSD1881.RPCMSD1881(RPCMSD1881.java:24)
</failure>
    <system-err><![CDATA[366038 [main] ERROR io.qameta.allure.AllureLifecycle - Could not add attachment: no test is running
关联ICS文件的url导入失败
]]></system-err>
  </testcase>
  <testcase name="RPCMSD1184" classname="TestCase.V1_1.IssuePage.WorkLog.RPCMSD1184" time="4.747"/>
  <testcase name="RPCMSD1882" classname="TestCase.V1_2.Configure.Calendar_configuration.RPCMSD1882" time="2.134">
    <failure message="java.lang.IndexOutOfBoundsException: Index: 1, Size: 0" type="java.lang.Exception">java.lang.Exception: java.lang.IndexOutOfBoundsException: Index: 1, Size: 0
	at TestCase.V1_2.Configure.Calendar_configuration.RPCMSD1882.RPCMSD1882(RPCMSD1882.java:38)
Caused by: java.lang.IndexOutOfBoundsException: Index: 1, Size: 0
	at TestCase.V1_2.Configure.Calendar_configuration.RPCMSD1882.RPCMSD1882(RPCMSD1882.java:23)
</failure>
    <system-err><![CDATA[复制失败
]]></system-err>
  </testcase>
  <testcase name="RPCMSD1185" classname="TestCase.V1_1.IssuePage.WorkLog.RPCMSD1185" time="3.463">
    <failure message="org.openqa.selenium.ElementNotInteractableException: element not interactable&#10;  (Session info: chrome=84.0.4147.135)&#10;Build info: version: &apos;3.4.0&apos;, revision: &apos;unknown&apos;, time: &apos;unknown&apos;&#10;System info: host: &apos;DESKTOP-37BKIHR&apos;, ip: &apos;192.168.80.154&apos;, os.name: &apos;Windows 10&apos;, os.arch: &apos;amd64&apos;, os.version: &apos;10.0&apos;, java.version: &apos;1.8.0_65&apos;&#10;Driver info: org.openqa.selenium.chrome.ChromeDriver&#10;Capabilities [{networkConnectionEnabled=false, chrome={chromedriverVersion=83.0.4103.39 (ccbf011cb2d2b19b506d844400483861342c20cd-refs/branch-heads/4103@{#416}), userDataDir=C:\Users\Dell\AppData\Local\Temp\scoped_dir13404_812585541}, timeouts={implicit=0.0, pageLoad=300000.0, script=30000.0}, pageLoadStrategy=normal, unhandledPromptBehavior=dismiss and notify, strictFileInteractability=false, platform=ANY, proxy=Proxy(), goog:chromeOptions={debuggerAddress=localhost:50870}, acceptInsecureCerts=false, browserVersion=84.0.4147.135, browserName=chrome, javascriptEnabled=true, platformName=windows, setWindowRect=true, webauthn:virtualAuthenticators=true}]&#10;Session ID: f596636f04fb4d32ef2ff12b73ca8462" type="java.lang.Exception">java.lang.Exception: 
org.openqa.selenium.ElementNotInteractableException: element not interactable
  (Session info: chrome=84.0.4147.135)
Build info: version: '3.4.0', revision: 'unknown', time: 'unknown'
System info: host: 'DESKTOP-37BKIHR', ip: '192.168.80.154', os.name: 'Windows 10', os.arch: 'amd64', os.version: '10.0', java.version: '1.8.0_65'
Driver info: org.openqa.selenium.chrome.ChromeDriver
Capabilities [{networkConnectionEnabled=false, chrome={chromedriverVersion=83.0.4103.39 (ccbf011cb2d2b19b506d844400483861342c20cd-refs/branch-heads/4103@{#416}), userDataDir=C:\Users\Dell\AppData\Local\Temp\scoped_dir13404_812585541}, timeouts={implicit=0.0, pageLoad=300000.0, script=30000.0}, pageLoadStrategy=normal, unhandledPromptBehavior=dismiss and notify, strictFileInteractability=false, platform=ANY, proxy=Proxy(), goog:chromeOptions={debuggerAddress=localhost:50870}, acceptInsecureCerts=false, browserVersion=84.0.4147.135, browserName=chrome, javascriptEnabled=true, platformName=windows, setWindowRect=true, webauthn:virtualAuthenticators=true}]
Session ID: f596636f04fb4d32ef2ff12b73ca8462
	at TestCase.V1_1.IssuePage.WorkLog.RPCMSD1185.RPCMSD1185(RPCMSD1185.java:53)
Caused by: org.openqa.selenium.ElementNotInteractableException: 
element not interactable
  (Session info: chrome=84.0.4147.135)
Build info: version: '3.4.0', revision: 'unknown', time: 'unknown'
System info: host: 'DESKTOP-37BKIHR', ip: '192.168.80.154', os.name: 'Windows 10', os.arch: 'amd64', os.version: '10.0', java.version: '1.8.0_65'
Driver info: org.openqa.selenium.chrome.ChromeDriver
Capabilities [{networkConnectionEnabled=false, chrome={chromedriverVersion=83.0.4103.39 (ccbf011cb2d2b19b506d844400483861342c20cd-refs/branch-heads/4103@{#416}), userDataDir=C:\Users\Dell\AppData\Local\Temp\scoped_dir13404_812585541}, timeouts={implicit=0.0, pageLoad=300000.0, script=30000.0}, pageLoadStrategy=normal, unhandledPromptBehavior=dismiss and notify, strictFileInteractability=false, platform=ANY, proxy=Proxy(), goog:chromeOptions={debuggerAddress=localhost:50870}, acceptInsecureCerts=false, browserVersion=84.0.4147.135, browserName=chrome, javascriptEnabled=true, platformName=windows, setWindowRect=true, webauthn:virtualAuthenticators=true}]
Session ID: f596636f04fb4d32ef2ff12b73ca8462
	at TestCase.V1_1.IssuePage.WorkLog.RPCMSD1185.RPCMSD1185(RPCMSD1185.java:25)
</failure>
    <system-err><![CDATA[375693 [main] ERROR io.qameta.allure.AllureLifecycle - Could not add attachment: no test is running

]]></system-err>
  </testcase>
  <testcase name="RPCMSD1765" classname="TestCase.V1_2.Configure.Workday_configuration.RPCMSD1765" time="1.324"/>
  <testcase name="RPCMSD1395" classname="TestCase.V1_1.IssuePage.WorkLog.RPCMSD1395" time="13.808">
    <failure message="org.openqa.selenium.TimeoutException: Expected condition failed: waiting for shdsd.selenium.Tools.BaseTest$1@1b57c345 (tried for 10 second(s) with 500 MILLISECONDS interval)" type="java.lang.Exception">java.lang.Exception: org.openqa.selenium.TimeoutException: Expected condition failed: waiting for shdsd.selenium.Tools.BaseTest$1@1b57c345 (tried for 10 second(s) with 500 MILLISECONDS interval)
	at TestCase.V1_1.IssuePage.WorkLog.RPCMSD1395.RPCMSD1395(RPCMSD1395.java:61)
Caused by: org.openqa.selenium.TimeoutException: Expected condition failed: waiting for shdsd.selenium.Tools.BaseTest$1@1b57c345 (tried for 10 second(s) with 500 MILLISECONDS interval)
	at TestCase.V1_1.IssuePage.WorkLog.RPCMSD1395.RPCMSD1395(RPCMSD1395.java:27)
Caused by: org.openqa.selenium.NoSuchElementException: 
no such element: Unable to locate element: {"method":"css selector","selector":"#shdsd\-timesheet\-workday\-link"}
  (Session info: chrome=84.0.4147.135)
For documentation on this error, please visit: http://seleniumhq.org/exceptions/no_such_element.html
Build info: version: '3.4.0', revision: 'unknown', time: 'unknown'
System info: host: 'DESKTOP-37BKIHR', ip: '192.168.80.154', os.name: 'Windows 10', os.arch: 'amd64', os.version: '10.0', java.version: '1.8.0_65'
Driver info: org.openqa.selenium.chrome.ChromeDriver
Capabilities [{networkConnectionEnabled=false, chrome={chromedriverVersion=83.0.4103.39 (ccbf011cb2d2b19b506d844400483861342c20cd-refs/branch-heads/4103@{#416}), userDataDir=C:\Users\Dell\AppData\Local\Temp\scoped_dir13404_812585541}, timeouts={implicit=0.0, pageLoad=300000.0, script=30000.0}, pageLoadStrategy=normal, unhandledPromptBehavior=dismiss and notify, strictFileInteractability=false, platform=ANY, proxy=Proxy(), goog:chromeOptions={debuggerAddress=localhost:50870}, acceptInsecureCerts=false, browserVersion=84.0.4147.135, browserName=chrome, javascriptEnabled=true, platformName=windows, setWindowRect=true, webauthn:virtualAuthenticators=true}]
Session ID: f596636f04fb4d32ef2ff12b73ca8462
*** Element info: {Using=id, value=shdsd-timesheet-workday-link}
	at TestCase.V1_1.IssuePage.WorkLog.RPCMSD1395.RPCMSD1395(RPCMSD1395.java:27)
</failure>
    <system-err><![CDATA[
]]></system-err>
  </testcase>
  <testcase name="RPCMSD1766" classname="TestCase.V1_2.Configure.Workday_configuration.RPCMSD1766" time="12.216">
    <failure message="org.openqa.selenium.TimeoutException: Expected condition failed: waiting for shdsd.selenium.Tools.BaseTest$1@2e1eb85f (tried for 10 second(s) with 500 MILLISECONDS interval)" type="java.lang.Exception">java.lang.Exception: org.openqa.selenium.TimeoutException: Expected condition failed: waiting for shdsd.selenium.Tools.BaseTest$1@2e1eb85f (tried for 10 second(s) with 500 MILLISECONDS interval)
	at TestCase.V1_2.Configure.Workday_configuration.RPCMSD1766.RPCMSD1766(RPCMSD1766.java:89)
Caused by: org.openqa.selenium.TimeoutException: Expected condition failed: waiting for shdsd.selenium.Tools.BaseTest$1@2e1eb85f (tried for 10 second(s) with 500 MILLISECONDS interval)
	at TestCase.V1_2.Configure.Workday_configuration.RPCMSD1766.RPCMSD1766(RPCMSD1766.java:20)
Caused by: org.openqa.selenium.NoSuchElementException: 
no such element: Unable to locate element: {"method":"css selector","selector":"html.mozilla body#jira.aui-layout.aui-theme-default div#page section#content div#shdsd-FineTimesheet-settingPage-root-div div div._1Z_6PEjLYDtbWnJ_FdPGKU div div div._1vzlyQ_bYi91nfVUMirbCp div._31PMkMkS_fveJJNcFs284K div div button.css-shc4i4 span.css-j8fq0c span.css-t5emrf"}
  (Session info: chrome=84.0.4147.135)
For documentation on this error, please visit: http://seleniumhq.org/exceptions/no_such_element.html
Build info: version: '3.4.0', revision: 'unknown', time: 'unknown'
System info: host: 'DESKTOP-37BKIHR', ip: '192.168.80.154', os.name: 'Windows 10', os.arch: 'amd64', os.version: '10.0', java.version: '1.8.0_65'
Driver info: org.openqa.selenium.chrome.ChromeDriver
Capabilities [{networkConnectionEnabled=false, chrome={chromedriverVersion=83.0.4103.39 (ccbf011cb2d2b19b506d844400483861342c20cd-refs/branch-heads/4103@{#416}), userDataDir=C:\Users\Dell\AppData\Local\Temp\scoped_dir13404_812585541}, timeouts={implicit=0.0, pageLoad=300000.0, script=30000.0}, pageLoadStrategy=normal, unhandledPromptBehavior=dismiss and notify, strictFileInteractability=false, platform=ANY, proxy=Proxy(), goog:chromeOptions={debuggerAddress=localhost:50870}, acceptInsecureCerts=false, browserVersion=84.0.4147.135, browserName=chrome, javascriptEnabled=true, platformName=windows, setWindowRect=true, webauthn:virtualAuthenticators=true}]
Session ID: f596636f04fb4d32ef2ff12b73ca8462
*** Element info: {Using=css selector, value=html.mozilla body#jira.aui-layout.aui-theme-default div#page section#content div#shdsd-FineTimesheet-settingPage-root-div div div._1Z_6PEjLYDtbWnJ_FdPGKU div div div._1vzlyQ_bYi91nfVUMirbCp div._31PMkMkS_fveJJNcFs284K div div button.css-shc4i4 span.css-j8fq0c span.css-t5emrf}
	at TestCase.V1_2.Configure.Workday_configuration.RPCMSD1766.RPCMSD1766(RPCMSD1766.java:20)
</failure>
    <system-err><![CDATA[394826 [main] ERROR io.qameta.allure.AllureLifecycle - Could not add attachment: no test is running
方案设置失败
]]></system-err>
  </testcase>
  <testcase name="RPCMSD1396" classname="TestCase.V1_1.IssuePage.WorkLog.RPCMSD1396" time="3.794">
    <failure message="org.openqa.selenium.ElementNotInteractableException: element not interactable&#10;  (Session info: chrome=84.0.4147.135)&#10;Build info: version: &apos;3.4.0&apos;, revision: &apos;unknown&apos;, time: &apos;unknown&apos;&#10;System info: host: &apos;DESKTOP-37BKIHR&apos;, ip: &apos;192.168.80.154&apos;, os.name: &apos;Windows 10&apos;, os.arch: &apos;amd64&apos;, os.version: &apos;10.0&apos;, java.version: &apos;1.8.0_65&apos;&#10;Driver info: org.openqa.selenium.chrome.ChromeDriver&#10;Capabilities [{networkConnectionEnabled=false, chrome={chromedriverVersion=83.0.4103.39 (ccbf011cb2d2b19b506d844400483861342c20cd-refs/branch-heads/4103@{#416}), userDataDir=C:\Users\Dell\AppData\Local\Temp\scoped_dir13404_812585541}, timeouts={implicit=0.0, pageLoad=300000.0, script=30000.0}, pageLoadStrategy=normal, unhandledPromptBehavior=dismiss and notify, strictFileInteractability=false, platform=ANY, proxy=Proxy(), goog:chromeOptions={debuggerAddress=localhost:50870}, acceptInsecureCerts=false, browserVersion=84.0.4147.135, browserName=chrome, javascriptEnabled=true, platformName=windows, setWindowRect=true, webauthn:virtualAuthenticators=true}]&#10;Session ID: f596636f04fb4d32ef2ff12b73ca8462" type="java.lang.Exception">java.lang.Exception: 
org.openqa.selenium.ElementNotInteractableException: element not interactable
  (Session info: chrome=84.0.4147.135)
Build info: version: '3.4.0', revision: 'unknown', time: 'unknown'
System info: host: 'DESKTOP-37BKIHR', ip: '192.168.80.154', os.name: 'Windows 10', os.arch: 'amd64', os.version: '10.0', java.version: '1.8.0_65'
Driver info: org.openqa.selenium.chrome.ChromeDriver
Capabilities [{networkConnectionEnabled=false, chrome={chromedriverVersion=83.0.4103.39 (ccbf011cb2d2b19b506d844400483861342c20cd-refs/branch-heads/4103@{#416}), userDataDir=C:\Users\Dell\AppData\Local\Temp\scoped_dir13404_812585541}, timeouts={implicit=0.0, pageLoad=300000.0, script=30000.0}, pageLoadStrategy=normal, unhandledPromptBehavior=dismiss and notify, strictFileInteractability=false, platform=ANY, proxy=Proxy(), goog:chromeOptions={debuggerAddress=localhost:50870}, acceptInsecureCerts=false, browserVersion=84.0.4147.135, browserName=chrome, javascriptEnabled=true, platformName=windows, setWindowRect=true, webauthn:virtualAuthenticators=true}]
Session ID: f596636f04fb4d32ef2ff12b73ca8462
	at TestCase.V1_1.IssuePage.WorkLog.RPCMSD1396.RPCMSD1396(RPCMSD1396.java:38)
Caused by: org.openqa.selenium.ElementNotInteractableException: 
element not interactable
  (Session info: chrome=84.0.4147.135)
Build info: version: '3.4.0', revision: 'unknown', time: 'unknown'
System info: host: 'DESKTOP-37BKIHR', ip: '192.168.80.154', os.name: 'Windows 10', os.arch: 'amd64', os.version: '10.0', java.version: '1.8.0_65'
Driver info: org.openqa.selenium.chrome.ChromeDriver
Capabilities [{networkConnectionEnabled=false, chrome={chromedriverVersion=83.0.4103.39 (ccbf011cb2d2b19b506d844400483861342c20cd-refs/branch-heads/4103@{#416}), userDataDir=C:\Users\Dell\AppData\Local\Temp\scoped_dir13404_812585541}, timeouts={implicit=0.0, pageLoad=300000.0, script=30000.0}, pageLoadStrategy=normal, unhandledPromptBehavior=dismiss and notify, strictFileInteractability=false, platform=ANY, proxy=Proxy(), goog:chromeOptions={debuggerAddress=localhost:50870}, acceptInsecureCerts=false, browserVersion=84.0.4147.135, browserName=chrome, javascriptEnabled=true, platformName=windows, setWindowRect=true, webauthn:virtualAuthenticators=true}]
Session ID: f596636f04fb4d32ef2ff12b73ca8462
	at TestCase.V1_1.IssuePage.WorkLog.RPCMSD1396.RPCMSD1396(RPCMSD1396.java:20)
</failure>
    <system-err><![CDATA[407309 [main] ERROR io.qameta.allure.AllureLifecycle - Could not add attachment: no test is running

]]></system-err>
  </testcase>
  <testcase name="RPCMSD1767" classname="TestCase.V1_2.Configure.Workday_configuration.RPCMSD1767" time="12.588">
    <failure message="org.openqa.selenium.TimeoutException: Expected condition failed: waiting for shdsd.selenium.Tools.BaseTest$1@2b44d6d0 (tried for 10 second(s) with 500 MILLISECONDS interval)" type="java.lang.Exception">java.lang.Exception: org.openqa.selenium.TimeoutException: Expected condition failed: waiting for shdsd.selenium.Tools.BaseTest$1@2b44d6d0 (tried for 10 second(s) with 500 MILLISECONDS interval)
	at TestCase.V1_2.Configure.Workday_configuration.RPCMSD1767.RPCMSD1767(RPCMSD1767.java:122)
Caused by: org.openqa.selenium.TimeoutException: Expected condition failed: waiting for shdsd.selenium.Tools.BaseTest$1@2b44d6d0 (tried for 10 second(s) with 500 MILLISECONDS interval)
	at TestCase.V1_2.Configure.Workday_configuration.RPCMSD1767.RPCMSD1767(RPCMSD1767.java:17)
Caused by: org.openqa.selenium.NoSuchElementException: 
no such element: Unable to locate element: {"method":"css selector","selector":".css-t5emrf"}
  (Session info: chrome=84.0.4147.135)
For documentation on this error, please visit: http://seleniumhq.org/exceptions/no_such_element.html
Build info: version: '3.4.0', revision: 'unknown', time: 'unknown'
System info: host: 'DESKTOP-37BKIHR', ip: '192.168.80.154', os.name: 'Windows 10', os.arch: 'amd64', os.version: '10.0', java.version: '1.8.0_65'
Driver info: org.openqa.selenium.chrome.ChromeDriver
Capabilities [{networkConnectionEnabled=false, chrome={chromedriverVersion=83.0.4103.39 (ccbf011cb2d2b19b506d844400483861342c20cd-refs/branch-heads/4103@{#416}), userDataDir=C:\Users\Dell\AppData\Local\Temp\scoped_dir13404_812585541}, timeouts={implicit=0.0, pageLoad=300000.0, script=30000.0}, pageLoadStrategy=normal, unhandledPromptBehavior=dismiss and notify, strictFileInteractability=false, platform=ANY, proxy=Proxy(), goog:chromeOptions={debuggerAddress=localhost:50870}, acceptInsecureCerts=false, browserVersion=84.0.4147.135, browserName=chrome, javascriptEnabled=true, platformName=windows, setWindowRect=true, webauthn:virtualAuthenticators=true}]
Session ID: f596636f04fb4d32ef2ff12b73ca8462
*** Element info: {Using=css selector, value=.css-t5emrf}
	at TestCase.V1_2.Configure.Workday_configuration.RPCMSD1767.RPCMSD1767(RPCMSD1767.java:17)
</failure>
    <system-err><![CDATA[411373 [main] ERROR io.qameta.allure.AllureLifecycle - Could not add attachment: no test is running
工作日方案页面校验失败
]]></system-err>
  </testcase>
  <testcase name="RPCMSD1399" classname="TestCase.V1_1.IssuePage.WorkLog.RPCMSD1399" time="15.794">
    <failure message="org.openqa.selenium.TimeoutException: Expected condition failed: waiting for shdsd.selenium.Tools.BaseTest$1@388c519 (tried for 10 second(s) with 500 MILLISECONDS interval)" type="java.lang.Exception">java.lang.Exception: org.openqa.selenium.TimeoutException: Expected condition failed: waiting for shdsd.selenium.Tools.BaseTest$1@388c519 (tried for 10 second(s) with 500 MILLISECONDS interval)
	at TestCase.V1_1.IssuePage.WorkLog.RPCMSD1399.RPCMSD1399(RPCMSD1399.java:51)
Caused by: org.openqa.selenium.TimeoutException: Expected condition failed: waiting for shdsd.selenium.Tools.BaseTest$1@388c519 (tried for 10 second(s) with 500 MILLISECONDS interval)
	at TestCase.V1_1.IssuePage.WorkLog.RPCMSD1399.RPCMSD1399(RPCMSD1399.java:30)
Caused by: org.openqa.selenium.NoSuchElementException: 
no such element: Unable to locate element: {"method":"css selector","selector":"*[name='checkbox-overtime']"}
  (Session info: chrome=84.0.4147.135)
For documentation on this error, please visit: http://seleniumhq.org/exceptions/no_such_element.html
Build info: version: '3.4.0', revision: 'unknown', time: 'unknown'
System info: host: 'DESKTOP-37BKIHR', ip: '192.168.80.154', os.name: 'Windows 10', os.arch: 'amd64', os.version: '10.0', java.version: '1.8.0_65'
Driver info: org.openqa.selenium.chrome.ChromeDriver
Capabilities [{networkConnectionEnabled=false, chrome={chromedriverVersion=83.0.4103.39 (ccbf011cb2d2b19b506d844400483861342c20cd-refs/branch-heads/4103@{#416}), userDataDir=C:\Users\Dell\AppData\Local\Temp\scoped_dir13404_812585541}, timeouts={implicit=0.0, pageLoad=300000.0, script=30000.0}, pageLoadStrategy=normal, unhandledPromptBehavior=dismiss and notify, strictFileInteractability=false, platform=ANY, proxy=Proxy(), goog:chromeOptions={debuggerAddress=localhost:50870}, acceptInsecureCerts=false, browserVersion=84.0.4147.135, browserName=chrome, javascriptEnabled=true, platformName=windows, setWindowRect=true, webauthn:virtualAuthenticators=true}]
Session ID: f596636f04fb4d32ef2ff12b73ca8462
*** Element info: {Using=name, value=checkbox-overtime}
	at TestCase.V1_1.IssuePage.WorkLog.RPCMSD1399.RPCMSD1399(RPCMSD1399.java:30)
</failure>
    <system-err><![CDATA[424227 [main] ERROR io.qameta.allure.AllureLifecycle - Could not add attachment: no test is running

]]></system-err>
  </testcase>
  <testcase name="RPCMSD1768" classname="TestCase.V1_2.Configure.Workday_configuration.RPCMSD1768" time="12.27">
    <failure message="org.openqa.selenium.TimeoutException: Expected condition failed: waiting for shdsd.selenium.Tools.BaseTest$1@7bee8621 (tried for 10 second(s) with 500 MILLISECONDS interval)" type="java.lang.Exception">java.lang.Exception: org.openqa.selenium.TimeoutException: Expected condition failed: waiting for shdsd.selenium.Tools.BaseTest$1@7bee8621 (tried for 10 second(s) with 500 MILLISECONDS interval)
	at TestCase.V1_2.Configure.Workday_configuration.RPCMSD1768.RPCMSD1768(RPCMSD1768.java:167)
Caused by: org.openqa.selenium.TimeoutException: Expected condition failed: waiting for shdsd.selenium.Tools.BaseTest$1@7bee8621 (tried for 10 second(s) with 500 MILLISECONDS interval)
	at TestCase.V1_2.Configure.Workday_configuration.RPCMSD1768.RPCMSD1768(RPCMSD1768.java:22)
Caused by: org.openqa.selenium.NoSuchElementException: 
no such element: Unable to locate element: {"method":"css selector","selector":".css-t5emrf"}
  (Session info: chrome=84.0.4147.135)
For documentation on this error, please visit: http://seleniumhq.org/exceptions/no_such_element.html
Build info: version: '3.4.0', revision: 'unknown', time: 'unknown'
System info: host: 'DESKTOP-37BKIHR', ip: '192.168.80.154', os.name: 'Windows 10', os.arch: 'amd64', os.version: '10.0', java.version: '1.8.0_65'
Driver info: org.openqa.selenium.chrome.ChromeDriver
Capabilities [{networkConnectionEnabled=false, chrome={chromedriverVersion=83.0.4103.39 (ccbf011cb2d2b19b506d844400483861342c20cd-refs/branch-heads/4103@{#416}), userDataDir=C:\Users\Dell\AppData\Local\Temp\scoped_dir13404_812585541}, timeouts={implicit=0.0, pageLoad=300000.0, script=30000.0}, pageLoadStrategy=normal, unhandledPromptBehavior=dismiss and notify, strictFileInteractability=false, platform=ANY, proxy=Proxy(), goog:chromeOptions={debuggerAddress=localhost:50870}, acceptInsecureCerts=false, browserVersion=84.0.4147.135, browserName=chrome, javascriptEnabled=true, platformName=windows, setWindowRect=true, webauthn:virtualAuthenticators=true}]
Session ID: f596636f04fb4d32ef2ff12b73ca8462
*** Element info: {Using=css selector, value=.css-t5emrf}
	at TestCase.V1_2.Configure.Workday_configuration.RPCMSD1768.RPCMSD1768(RPCMSD1768.java:22)
</failure>
    <system-err><![CDATA[440287 [main] ERROR io.qameta.allure.AllureLifecycle - Could not add attachment: no test is running
工作模式切换失败!
]]></system-err>
  </testcase>
  <testcase name="RPCMSD1400" classname="TestCase.V1_1.IssuePage.WorkLog.RPCMSD1400" time="5.318"/>
  <testcase name="RPCMSD1769" classname="TestCase.V1_2.Configure.Workday_configuration.RPCMSD1769" time="12.443">
    <failure message="org.openqa.selenium.TimeoutException: Expected condition failed: waiting for shdsd.selenium.Tools.BaseTest$1@5d5c41e5 (tried for 10 second(s) with 500 MILLISECONDS interval)" type="java.lang.Exception">java.lang.Exception: org.openqa.selenium.TimeoutException: Expected condition failed: waiting for shdsd.selenium.Tools.BaseTest$1@5d5c41e5 (tried for 10 second(s) with 500 MILLISECONDS interval)
	at TestCase.V1_2.Configure.Workday_configuration.RPCMSD1769.RPCMSD1769(RPCMSD1769.java:26)
Caused by: org.openqa.selenium.TimeoutException: Expected condition failed: waiting for shdsd.selenium.Tools.BaseTest$1@5d5c41e5 (tried for 10 second(s) with 500 MILLISECONDS interval)
	at TestCase.V1_2.Configure.Workday_configuration.RPCMSD1769.RPCMSD1769(RPCMSD1769.java:18)
Caused by: org.openqa.selenium.NoSuchElementException: 
no such element: Unable to locate element: {"method":"css selector","selector":"div[class="_3hJhlYslAIO6ZcKEEbsGxU"][title="查看"]"}
  (Session info: chrome=84.0.4147.135)
For documentation on this error, please visit: http://seleniumhq.org/exceptions/no_such_element.html
Build info: version: '3.4.0', revision: 'unknown', time: 'unknown'
System info: host: 'DESKTOP-37BKIHR', ip: '192.168.80.154', os.name: 'Windows 10', os.arch: 'amd64', os.version: '10.0', java.version: '1.8.0_65'
Driver info: org.openqa.selenium.chrome.ChromeDriver
Capabilities [{networkConnectionEnabled=false, chrome={chromedriverVersion=83.0.4103.39 (ccbf011cb2d2b19b506d844400483861342c20cd-refs/branch-heads/4103@{#416}), userDataDir=C:\Users\Dell\AppData\Local\Temp\scoped_dir13404_812585541}, timeouts={implicit=0.0, pageLoad=300000.0, script=30000.0}, pageLoadStrategy=normal, unhandledPromptBehavior=dismiss and notify, strictFileInteractability=false, platform=ANY, proxy=Proxy(), goog:chromeOptions={debuggerAddress=localhost:50870}, acceptInsecureCerts=false, browserVersion=84.0.4147.135, browserName=chrome, javascriptEnabled=true, platformName=windows, setWindowRect=true, webauthn:virtualAuthenticators=true}]
Session ID: f596636f04fb4d32ef2ff12b73ca8462
*** Element info: {Using=css selector, value=div[class="_3hJhlYslAIO6ZcKEEbsGxU"][title="查看"]}
	at TestCase.V1_2.Configure.Workday_configuration.RPCMSD1769.RPCMSD1769(RPCMSD1769.java:18)
</failure>
    <system-err><![CDATA[页面查看失败!
]]></system-err>
  </testcase>
  <testcase name="RPCMSD1401" classname="TestCase.V1_1.IssuePage.WorkLog.RPCMSD1401" time="15.191">
    <failure message="org.openqa.selenium.TimeoutException: Expected condition failed: waiting for shdsd.selenium.Tools.BaseTest$1@2d258eff (tried for 10 second(s) with 500 MILLISECONDS interval)" type="java.lang.Exception">java.lang.Exception: org.openqa.selenium.TimeoutException: Expected condition failed: waiting for shdsd.selenium.Tools.BaseTest$1@2d258eff (tried for 10 second(s) with 500 MILLISECONDS interval)
	at TestCase.V1_1.IssuePage.WorkLog.RPCMSD1401.RPCMSD1401(RPCMSD1401.java:38)
Caused by: org.openqa.selenium.TimeoutException: Expected condition failed: waiting for shdsd.selenium.Tools.BaseTest$1@2d258eff (tried for 10 second(s) with 500 MILLISECONDS interval)
	at TestCase.V1_1.IssuePage.WorkLog.RPCMSD1401.RPCMSD1401(RPCMSD1401.java:27)
Caused by: org.openqa.selenium.NoSuchElementException: 
no such element: Unable to locate element: {"method":"xpath","selector":"/html/body/div[10]/div/div/div[3]/div[2]/div/div/div/div/div[5]/div/div/div[2]/div/span"}
  (Session info: chrome=84.0.4147.135)
For documentation on this error, please visit: http://seleniumhq.org/exceptions/no_such_element.html
Build info: version: '3.4.0', revision: 'unknown', time: 'unknown'
System info: host: 'DESKTOP-37BKIHR', ip: '192.168.80.154', os.name: 'Windows 10', os.arch: 'amd64', os.version: '10.0', java.version: '1.8.0_65'
Driver info: org.openqa.selenium.chrome.ChromeDriver
Capabilities [{networkConnectionEnabled=false, chrome={chromedriverVersion=83.0.4103.39 (ccbf011cb2d2b19b506d844400483861342c20cd-refs/branch-heads/4103@{#416}), userDataDir=C:\Users\Dell\AppData\Local\Temp\scoped_dir13404_812585541}, timeouts={implicit=0.0, pageLoad=300000.0, script=30000.0}, pageLoadStrategy=normal, unhandledPromptBehavior=dismiss and notify, strictFileInteractability=false, platform=ANY, proxy=Proxy(), goog:chromeOptions={debuggerAddress=localhost:50870}, acceptInsecureCerts=false, browserVersion=84.0.4147.135, browserName=chrome, javascriptEnabled=true, platformName=windows, setWindowRect=true, webauthn:virtualAuthenticators=true}]
Session ID: f596636f04fb4d32ef2ff12b73ca8462
*** Element info: {Using=xpath, value=/html/body/div[10]/div/div/div[3]/div[2]/div/div/div/div/div[5]/div/div/div[2]/div/span}
	at TestCase.V1_1.IssuePage.WorkLog.RPCMSD1401.RPCMSD1401(RPCMSD1401.java:27)
</failure>
    <system-err><![CDATA[470845 [main] ERROR io.qameta.allure.AllureLifecycle - Could not add attachment: no test is running

]]></system-err>
  </testcase>
  <testcase name="RPCMSD1770" classname="TestCase.V1_2.Configure.Workday_configuration.RPCMSD1770" time="12.656">
    <failure message="org.openqa.selenium.TimeoutException: Expected condition failed: waiting for shdsd.selenium.Tools.BaseTest$1@741ac284 (tried for 10 second(s) with 500 MILLISECONDS interval)" type="java.lang.Exception">java.lang.Exception: org.openqa.selenium.TimeoutException: Expected condition failed: waiting for shdsd.selenium.Tools.BaseTest$1@741ac284 (tried for 10 second(s) with 500 MILLISECONDS interval)
	at TestCase.V1_2.Configure.Workday_configuration.RPCMSD1770.RPCMSD1770(RPCMSD1770.java:218)
Caused by: org.openqa.selenium.TimeoutException: Expected condition failed: waiting for shdsd.selenium.Tools.BaseTest$1@741ac284 (tried for 10 second(s) with 500 MILLISECONDS interval)
	at TestCase.V1_2.Configure.Workday_configuration.RPCMSD1770.RPCMSD1770(RPCMSD1770.java:21)
Caused by: org.openqa.selenium.NoSuchElementException: 
no such element: Unable to locate element: {"method":"css selector","selector":".css-t5emrf"}
  (Session info: chrome=84.0.4147.135)
For documentation on this error, please visit: http://seleniumhq.org/exceptions/no_such_element.html
Build info: version: '3.4.0', revision: 'unknown', time: 'unknown'
System info: host: 'DESKTOP-37BKIHR', ip: '192.168.80.154', os.name: 'Windows 10', os.arch: 'amd64', os.version: '10.0', java.version: '1.8.0_65'
Driver info: org.openqa.selenium.chrome.ChromeDriver
Capabilities [{networkConnectionEnabled=false, chrome={chromedriverVersion=83.0.4103.39 (ccbf011cb2d2b19b506d844400483861342c20cd-refs/branch-heads/4103@{#416}), userDataDir=C:\Users\Dell\AppData\Local\Temp\scoped_dir13404_812585541}, timeouts={implicit=0.0, pageLoad=300000.0, script=30000.0}, pageLoadStrategy=normal, unhandledPromptBehavior=dismiss and notify, strictFileInteractability=false, platform=ANY, proxy=Proxy(), goog:chromeOptions={debuggerAddress=localhost:50870}, acceptInsecureCerts=false, browserVersion=84.0.4147.135, browserName=chrome, javascriptEnabled=true, platformName=windows, setWindowRect=true, webauthn:virtualAuthenticators=true}]
Session ID: f596636f04fb4d32ef2ff12b73ca8462
*** Element info: {Using=css selector, value=.css-t5emrf}
	at TestCase.V1_2.Configure.Workday_configuration.RPCMSD1770.RPCMSD1770(RPCMSD1770.java:21)
</failure>
    <system-err><![CDATA[486304 [main] ERROR io.qameta.allure.AllureLifecycle - Could not add attachment: no test is running
方案设置失败
]]></system-err>
  </testcase>
  <testcase name="RPCMSD1408" classname="TestCase.V1_1.IssuePage.WorkLog.RPCMSD1408" time="4.697"/>
  <testcase name="RPCMSD1771" classname="TestCase.V1_2.Configure.Workday_configuration.RPCMSD1771" time="13.904">
    <failure message="org.openqa.selenium.TimeoutException: Expected condition failed: waiting for shdsd.selenium.Tools.BaseTest$1@4c731956 (tried for 10 second(s) with 500 MILLISECONDS interval)" type="java.lang.Exception">java.lang.Exception: org.openqa.selenium.TimeoutException: Expected condition failed: waiting for shdsd.selenium.Tools.BaseTest$1@4c731956 (tried for 10 second(s) with 500 MILLISECONDS interval)
	at TestCase.V1_2.Configure.Workday_configuration.RPCMSD1771.RPCMSD1771(RPCMSD1771.java:56)
Caused by: org.openqa.selenium.TimeoutException: Expected condition failed: waiting for shdsd.selenium.Tools.BaseTest$1@4c731956 (tried for 10 second(s) with 500 MILLISECONDS interval)
	at TestCase.V1_2.Configure.Workday_configuration.RPCMSD1771.RPCMSD1771(RPCMSD1771.java:32)
Caused by: org.openqa.selenium.NoSuchElementException: 
no such element: Unable to locate element: {"method":"css selector","selector":"._10ijzxBeqxAtoiOKvgCxhX"}
  (Session info: chrome=84.0.4147.135)
For documentation on this error, please visit: http://seleniumhq.org/exceptions/no_such_element.html
Build info: version: '3.4.0', revision: 'unknown', time: 'unknown'
System info: host: 'DESKTOP-37BKIHR', ip: '192.168.80.154', os.name: 'Windows 10', os.arch: 'amd64', os.version: '10.0', java.version: '1.8.0_65'
Driver info: org.openqa.selenium.chrome.ChromeDriver
Capabilities [{networkConnectionEnabled=false, chrome={chromedriverVersion=83.0.4103.39 (ccbf011cb2d2b19b506d844400483861342c20cd-refs/branch-heads/4103@{#416}), userDataDir=C:\Users\Dell\AppData\Local\Temp\scoped_dir13404_812585541}, timeouts={implicit=0.0, pageLoad=300000.0, script=30000.0}, pageLoadStrategy=normal, unhandledPromptBehavior=dismiss and notify, strictFileInteractability=false, platform=ANY, proxy=Proxy(), goog:chromeOptions={debuggerAddress=localhost:50870}, acceptInsecureCerts=false, browserVersion=84.0.4147.135, browserName=chrome, javascriptEnabled=true, platformName=windows, setWindowRect=true, webauthn:virtualAuthenticators=true}]
Session ID: f596636f04fb4d32ef2ff12b73ca8462
*** Element info: {Using=class name, value=_10ijzxBeqxAtoiOKvgCxhX}
	at TestCase.V1_2.Configure.Workday_configuration.RPCMSD1771.RPCMSD1771(RPCMSD1771.java:32)
</failure>
    <system-err><![CDATA[名称和描述修改失败！
]]></system-err>
  </testcase>
  <testcase name="RPCMSD1409" classname="TestCase.V1_1.IssuePage.WorkLog.RPCMSD1409" time="15.477">
    <failure message="org.openqa.selenium.TimeoutException: Expected condition failed: waiting for shdsd.selenium.Tools.BaseTest$1@5f726750 (tried for 10 second(s) with 500 MILLISECONDS interval)" type="java.lang.Exception">java.lang.Exception: org.openqa.selenium.TimeoutException: Expected condition failed: waiting for shdsd.selenium.Tools.BaseTest$1@5f726750 (tried for 10 second(s) with 500 MILLISECONDS interval)
	at TestCase.V1_1.IssuePage.WorkLog.RPCMSD1409.RPCMSD1409(RPCMSD1409.java:40)
Caused by: org.openqa.selenium.TimeoutException: Expected condition failed: waiting for shdsd.selenium.Tools.BaseTest$1@5f726750 (tried for 10 second(s) with 500 MILLISECONDS interval)
	at TestCase.V1_1.IssuePage.WorkLog.RPCMSD1409.RPCMSD1409(RPCMSD1409.java:27)
Caused by: org.openqa.selenium.InvalidSelectorException: 
invalid selector: Unable to locate an element with the xpath expression (//div[@id=\'workPlanContext_datePicker_div\']/div/div)[2] because of the following error:
SyntaxError: Failed to execute 'evaluate' on 'Document': The string '(//div[@id=\'workPlanContext_datePicker_div\']/div/div)[2]' is not a valid XPath expression.
  (Session info: chrome=84.0.4147.135)
For documentation on this error, please visit: http://seleniumhq.org/exceptions/invalid_selector_exception.html
Build info: version: '3.4.0', revision: 'unknown', time: 'unknown'
System info: host: 'DESKTOP-37BKIHR', ip: '192.168.80.154', os.name: 'Windows 10', os.arch: 'amd64', os.version: '10.0', java.version: '1.8.0_65'
Driver info: org.openqa.selenium.chrome.ChromeDriver
Capabilities [{networkConnectionEnabled=false, chrome={chromedriverVersion=83.0.4103.39 (ccbf011cb2d2b19b506d844400483861342c20cd-refs/branch-heads/4103@{#416}), userDataDir=C:\Users\Dell\AppData\Local\Temp\scoped_dir13404_812585541}, timeouts={implicit=0.0, pageLoad=300000.0, script=30000.0}, pageLoadStrategy=normal, unhandledPromptBehavior=dismiss and notify, strictFileInteractability=false, platform=ANY, proxy=Proxy(), goog:chromeOptions={debuggerAddress=localhost:50870}, acceptInsecureCerts=false, browserVersion=84.0.4147.135, browserName=chrome, javascriptEnabled=true, platformName=windows, setWindowRect=true, webauthn:virtualAuthenticators=true}]
Session ID: f596636f04fb4d32ef2ff12b73ca8462
*** Element info: {Using=xpath, value=(//div[@id=\'workPlanContext_datePicker_div\']/div/div)[2]}
	at TestCase.V1_1.IssuePage.WorkLog.RPCMSD1409.RPCMSD1409(RPCMSD1409.java:27)
</failure>
    <system-err><![CDATA[518109 [main] ERROR io.qameta.allure.AllureLifecycle - Could not add attachment: no test is running

]]></system-err>
  </testcase>
  <testcase name="RPCMSD1772" classname="TestCase.V1_2.Configure.Workday_configuration.RPCMSD1772" time="12.651">
    <failure message="org.openqa.selenium.TimeoutException: Expected condition failed: waiting for shdsd.selenium.Tools.BaseTest$1@52bd9a27 (tried for 10 second(s) with 500 MILLISECONDS interval)" type="java.lang.Exception">java.lang.Exception: org.openqa.selenium.TimeoutException: Expected condition failed: waiting for shdsd.selenium.Tools.BaseTest$1@52bd9a27 (tried for 10 second(s) with 500 MILLISECONDS interval)
	at TestCase.V1_2.Configure.Workday_configuration.RPCMSD1772.RPCMSD1772(RPCMSD1772.java:25)
Caused by: org.openqa.selenium.TimeoutException: Expected condition failed: waiting for shdsd.selenium.Tools.BaseTest$1@52bd9a27 (tried for 10 second(s) with 500 MILLISECONDS interval)
	at TestCase.V1_2.Configure.Workday_configuration.RPCMSD1772.RPCMSD1772(RPCMSD1772.java:17)
Caused by: org.openqa.selenium.NoSuchElementException: 
no such element: Unable to locate element: {"method":"css selector","selector":"div[class="_2Dkb1HmVY9OltOw5tQhLYd"][title="删除"]"}
  (Session info: chrome=84.0.4147.135)
For documentation on this error, please visit: http://seleniumhq.org/exceptions/no_such_element.html
Build info: version: '3.4.0', revision: 'unknown', time: 'unknown'
System info: host: 'DESKTOP-37BKIHR', ip: '192.168.80.154', os.name: 'Windows 10', os.arch: 'amd64', os.version: '10.0', java.version: '1.8.0_65'
Driver info: org.openqa.selenium.chrome.ChromeDriver
Capabilities [{networkConnectionEnabled=false, chrome={chromedriverVersion=83.0.4103.39 (ccbf011cb2d2b19b506d844400483861342c20cd-refs/branch-heads/4103@{#416}), userDataDir=C:\Users\Dell\AppData\Local\Temp\scoped_dir13404_812585541}, timeouts={implicit=0.0, pageLoad=300000.0, script=30000.0}, pageLoadStrategy=normal, unhandledPromptBehavior=dismiss and notify, strictFileInteractability=false, platform=ANY, proxy=Proxy(), goog:chromeOptions={debuggerAddress=localhost:50870}, acceptInsecureCerts=false, browserVersion=84.0.4147.135, browserName=chrome, javascriptEnabled=true, platformName=windows, setWindowRect=true, webauthn:virtualAuthenticators=true}]
Session ID: f596636f04fb4d32ef2ff12b73ca8462
*** Element info: {Using=css selector, value=div[class="_2Dkb1HmVY9OltOw5tQhLYd"][title="删除"]}
	at TestCase.V1_2.Configure.Workday_configuration.RPCMSD1772.RPCMSD1772(RPCMSD1772.java:17)
</failure>
    <system-err><![CDATA[533856 [main] ERROR io.qameta.allure.AllureLifecycle - Could not add attachment: no test is running
删除失败
]]></system-err>
  </testcase>
  <testcase name="RPCMSD1410" classname="TestCase.V1_1.IssuePage.WorkLog.RPCMSD1410" time="5.192"/>
  <testcase name="RPCMSD1889" classname="TestCase.V1_2.ConfigureTimeSheets.calendarTable.RPCMSD1892" time="13.439">
    <failure message="org.openqa.selenium.TimeoutException: Expected condition failed: waiting for shdsd.selenium.Tools.BaseTest$1@58f31629 (tried for 10 second(s) with 500 MILLISECONDS interval)" type="java.lang.Exception">java.lang.Exception: org.openqa.selenium.TimeoutException: Expected condition failed: waiting for shdsd.selenium.Tools.BaseTest$1@58f31629 (tried for 10 second(s) with 500 MILLISECONDS interval)
	at TestCase.V1_2.ConfigureTimeSheets.calendarTable.RPCMSD1892.RPCMSD1889(RPCMSD1892.java:241)
Caused by: org.openqa.selenium.TimeoutException: Expected condition failed: waiting for shdsd.selenium.Tools.BaseTest$1@58f31629 (tried for 10 second(s) with 500 MILLISECONDS interval)
	at TestCase.V1_2.ConfigureTimeSheets.calendarTable.RPCMSD1892.RPCMSD1889(RPCMSD1892.java:31)
Caused by: org.openqa.selenium.NoSuchElementException: 
no such element: Unable to locate element: {"method":"css selector","selector":".css-1yx6h60 > span:nth-child(1) > span:nth-child(1)"}
  (Session info: chrome=84.0.4147.135)
For documentation on this error, please visit: http://seleniumhq.org/exceptions/no_such_element.html
Build info: version: '3.4.0', revision: 'unknown', time: 'unknown'
System info: host: 'DESKTOP-37BKIHR', ip: '192.168.80.154', os.name: 'Windows 10', os.arch: 'amd64', os.version: '10.0', java.version: '1.8.0_65'
Driver info: org.openqa.selenium.chrome.ChromeDriver
Capabilities [{networkConnectionEnabled=false, chrome={chromedriverVersion=83.0.4103.39 (ccbf011cb2d2b19b506d844400483861342c20cd-refs/branch-heads/4103@{#416}), userDataDir=C:\Users\Dell\AppData\Local\Temp\scoped_dir13404_812585541}, timeouts={implicit=0.0, pageLoad=300000.0, script=30000.0}, pageLoadStrategy=normal, unhandledPromptBehavior=dismiss and notify, strictFileInteractability=false, platform=ANY, proxy=Proxy(), goog:chromeOptions={debuggerAddress=localhost:50870}, acceptInsecureCerts=false, browserVersion=84.0.4147.135, browserName=chrome, javascriptEnabled=true, platformName=windows, setWindowRect=true, webauthn:virtualAuthenticators=true}]
Session ID: f596636f04fb4d32ef2ff12b73ca8462
*** Element info: {Using=css selector, value=.css-1yx6h60 > span:nth-child(1) > span:nth-child(1)}
	at TestCase.V1_2.ConfigureTimeSheets.calendarTable.RPCMSD1892.RPCMSD1889(RPCMSD1892.java:31)
</failure>
    <system-err><![CDATA[名称和描述修改失败！
]]></system-err>
  </testcase>
  <testcase name="RPCMSD1000" classname="TestCase.V1_1.IssuePage.WorkPlan.RPCMSD1000" time="4.726"/>
  <testcase name="RPCMSD1892" classname="TestCase.V1_2.ConfigureTimeSheets.timesheet.RPCMSD1892" time="7.34">
    <failure message="java.lang.IndexOutOfBoundsException: Index: 1, Size: 0" type="java.lang.Exception">java.lang.Exception: java.lang.IndexOutOfBoundsException: Index: 1, Size: 0
	at TestCase.V1_2.ConfigureTimeSheets.timesheet.RPCMSD1892.RPCMSD1892(RPCMSD1892.java:258)
Caused by: java.lang.IndexOutOfBoundsException: Index: 1, Size: 0
	at TestCase.V1_2.ConfigureTimeSheets.timesheet.RPCMSD1892.RPCMSD1892(RPCMSD1892.java:26)
</failure>
    <system-err><![CDATA[鼠标悬浮效果失败！
]]></system-err>
  </testcase>
  <testcase name="RPCMSD1001" classname="TestCase.V1_1.IssuePage.WorkPlan.RPCMSD1001" time="5.244"/>
  <testcase name="RPCMSD1878" classname="TestCase.V1_2.Overtime.Overtime.RPCMSD1878" time="8.79"/>
  <testcase name="RPCMSD1002" classname="TestCase.V1_1.IssuePage.WorkPlan.RPCMSD1002" time="5.117">
    <failure message="org.openqa.selenium.StaleElementReferenceException: stale element reference: element is not attached to the page document&#10;  (Session info: chrome=84.0.4147.135)&#10;For documentation on this error, please visit: http://seleniumhq.org/exceptions/stale_element_reference.html&#10;Build info: version: &apos;3.4.0&apos;, revision: &apos;unknown&apos;, time: &apos;unknown&apos;&#10;System info: host: &apos;DESKTOP-37BKIHR&apos;, ip: &apos;192.168.80.154&apos;, os.name: &apos;Windows 10&apos;, os.arch: &apos;amd64&apos;, os.version: &apos;10.0&apos;, java.version: &apos;1.8.0_65&apos;&#10;Driver info: org.openqa.selenium.chrome.ChromeDriver&#10;Capabilities [{networkConnectionEnabled=false, chrome={chromedriverVersion=83.0.4103.39 (ccbf011cb2d2b19b506d844400483861342c20cd-refs/branch-heads/4103@{#416}), userDataDir=C:\Users\Dell\AppData\Local\Temp\scoped_dir13404_812585541}, timeouts={implicit=0.0, pageLoad=300000.0, script=30000.0}, pageLoadStrategy=normal, unhandledPromptBehavior=dismiss and notify, strictFileInteractability=false, platform=ANY, proxy=Proxy(), goog:chromeOptions={debuggerAddress=localhost:50870}, acceptInsecureCerts=false, browserVersion=84.0.4147.135, browserName=chrome, javascriptEnabled=true, platformName=windows, setWindowRect=true, webauthn:virtualAuthenticators=true}]&#10;Session ID: f596636f04fb4d32ef2ff12b73ca8462" type="java.lang.Exception">java.lang.Exception: 
org.openqa.selenium.StaleElementReferenceException: stale element reference: element is not attached to the page document
  (Session info: chrome=84.0.4147.135)
For documentation on this error, please visit: http://seleniumhq.org/exceptions/stale_element_reference.html
Build info: version: '3.4.0', revision: 'unknown', time: 'unknown'
System info: host: 'DESKTOP-37BKIHR', ip: '192.168.80.154', os.name: 'Windows 10', os.arch: 'amd64', os.version: '10.0', java.version: '1.8.0_65'
Driver info: org.openqa.selenium.chrome.ChromeDriver
Capabilities [{networkConnectionEnabled=false, chrome={chromedriverVersion=83.0.4103.39 (ccbf011cb2d2b19b506d844400483861342c20cd-refs/branch-heads/4103@{#416}), userDataDir=C:\Users\Dell\AppData\Local\Temp\scoped_dir13404_812585541}, timeouts={implicit=0.0, pageLoad=300000.0, script=30000.0}, pageLoadStrategy=normal, unhandledPromptBehavior=dismiss and notify, strictFileInteractability=false, platform=ANY, proxy=Proxy(), goog:chromeOptions={debuggerAddress=localhost:50870}, acceptInsecureCerts=false, browserVersion=84.0.4147.135, browserName=chrome, javascriptEnabled=true, platformName=windows, setWindowRect=true, webauthn:virtualAuthenticators=true}]
Session ID: f596636f04fb4d32ef2ff12b73ca8462
	at TestCase.V1_1.IssuePage.WorkPlan.RPCMSD1002.RPCMSD1002(RPCMSD1002.java:55)
Caused by: org.openqa.selenium.StaleElementReferenceException: 
stale element reference: element is not attached to the page document
  (Session info: chrome=84.0.4147.135)
For documentation on this error, please visit: http://seleniumhq.org/exceptions/stale_element_reference.html
Build info: version: '3.4.0', revision: 'unknown', time: 'unknown'
System info: host: 'DESKTOP-37BKIHR', ip: '192.168.80.154', os.name: 'Windows 10', os.arch: 'amd64', os.version: '10.0', java.version: '1.8.0_65'
Driver info: org.openqa.selenium.chrome.ChromeDriver
Capabilities [{networkConnectionEnabled=false, chrome={chromedriverVersion=83.0.4103.39 (ccbf011cb2d2b19b506d844400483861342c20cd-refs/branch-heads/4103@{#416}), userDataDir=C:\Users\Dell\AppData\Local\Temp\scoped_dir13404_812585541}, timeouts={implicit=0.0, pageLoad=300000.0, script=30000.0}, pageLoadStrategy=normal, unhandledPromptBehavior=dismiss and notify, strictFileInteractability=false, platform=ANY, proxy=Proxy(), goog:chromeOptions={debuggerAddress=localhost:50870}, acceptInsecureCerts=false, browserVersion=84.0.4147.135, browserName=chrome, javascriptEnabled=true, platformName=windows, setWindowRect=true, webauthn:virtualAuthenticators=true}]
Session ID: f596636f04fb4d32ef2ff12b73ca8462
	at TestCase.V1_1.IssuePage.WorkPlan.RPCMSD1002.RPCMSD1002(RPCMSD1002.java:30)
</failure>
    <system-err><![CDATA[八月 25, 2020 8:40:45 下午 org.openqa.selenium.remote.ErrorCodes toStatus
信息: HTTP Status: '404' -> incorrect JSON status mapping for 'stale element reference' (400 expected)

]]></system-err>
  </testcase>
  <testcase name="RPCMSD1901" classname="TestCase.V1_2.Overtime.Overtime_Mode.RPCMSD1901" time="13.047">
    <failure message="org.openqa.selenium.TimeoutException: Expected condition failed: waiting for element to be clickable: By.id: login-form-authenticatePassword (tried for 10 second(s) with 500 MILLISECONDS interval)" type="java.lang.Exception">java.lang.Exception: org.openqa.selenium.TimeoutException: Expected condition failed: waiting for element to be clickable: By.id: login-form-authenticatePassword (tried for 10 second(s) with 500 MILLISECONDS interval)
	at TestCase.V1_2.Overtime.Overtime_Mode.RPCMSD1901.RPCMSD1901(RPCMSD1901.java:136)
Caused by: org.openqa.selenium.TimeoutException: Expected condition failed: waiting for element to be clickable: By.id: login-form-authenticatePassword (tried for 10 second(s) with 500 MILLISECONDS interval)
	at TestCase.V1_2.Overtime.Overtime_Mode.RPCMSD1901.RPCMSD1901(RPCMSD1901.java:21)
Caused by: org.openqa.selenium.NoSuchElementException: 
Cannot locate an element using By.id: login-form-authenticatePassword
For documentation on this error, please visit: http://seleniumhq.org/exceptions/no_such_element.html
Build info: version: '3.4.0', revision: 'unknown', time: 'unknown'
System info: host: 'DESKTOP-37BKIHR', ip: '192.168.80.154', os.name: 'Windows 10', os.arch: 'amd64', os.version: '10.0', java.version: '1.8.0_65'
Driver info: driver.version: unknown
	at TestCase.V1_2.Overtime.Overtime_Mode.RPCMSD1901.RPCMSD1901(RPCMSD1901.java:21)
</failure>
    <system-err><![CDATA[597456 [main] ERROR io.qameta.allure.AllureLifecycle - Could not add attachment: no test is running
日历查看失败
]]></system-err>
  </testcase>
  <testcase name="RPCMSD1006" classname="TestCase.V1_1.IssuePage.WorkPlan.RPCMSD1006" time="3.654">
    <failure message="org.openqa.selenium.ElementNotInteractableException: element not interactable&#10;  (Session info: chrome=84.0.4147.135)&#10;Build info: version: &apos;3.4.0&apos;, revision: &apos;unknown&apos;, time: &apos;unknown&apos;&#10;System info: host: &apos;DESKTOP-37BKIHR&apos;, ip: &apos;192.168.80.154&apos;, os.name: &apos;Windows 10&apos;, os.arch: &apos;amd64&apos;, os.version: &apos;10.0&apos;, java.version: &apos;1.8.0_65&apos;&#10;Driver info: org.openqa.selenium.chrome.ChromeDriver&#10;Capabilities [{networkConnectionEnabled=false, chrome={chromedriverVersion=83.0.4103.39 (ccbf011cb2d2b19b506d844400483861342c20cd-refs/branch-heads/4103@{#416}), userDataDir=C:\Users\Dell\AppData\Local\Temp\scoped_dir13404_812585541}, timeouts={implicit=0.0, pageLoad=300000.0, script=30000.0}, pageLoadStrategy=normal, unhandledPromptBehavior=dismiss and notify, strictFileInteractability=false, platform=ANY, proxy=Proxy(), goog:chromeOptions={debuggerAddress=localhost:50870}, acceptInsecureCerts=false, browserVersion=84.0.4147.135, browserName=chrome, javascriptEnabled=true, platformName=windows, setWindowRect=true, webauthn:virtualAuthenticators=true}]&#10;Session ID: f596636f04fb4d32ef2ff12b73ca8462" type="java.lang.Exception">java.lang.Exception: 
org.openqa.selenium.ElementNotInteractableException: element not interactable
  (Session info: chrome=84.0.4147.135)
Build info: version: '3.4.0', revision: 'unknown', time: 'unknown'
System info: host: 'DESKTOP-37BKIHR', ip: '192.168.80.154', os.name: 'Windows 10', os.arch: 'amd64', os.version: '10.0', java.version: '1.8.0_65'
Driver info: org.openqa.selenium.chrome.ChromeDriver
Capabilities [{networkConnectionEnabled=false, chrome={chromedriverVersion=83.0.4103.39 (ccbf011cb2d2b19b506d844400483861342c20cd-refs/branch-heads/4103@{#416}), userDataDir=C:\Users\Dell\AppData\Local\Temp\scoped_dir13404_812585541}, timeouts={implicit=0.0, pageLoad=300000.0, script=30000.0}, pageLoadStrategy=normal, unhandledPromptBehavior=dismiss and notify, strictFileInteractability=false, platform=ANY, proxy=Proxy(), goog:chromeOptions={debuggerAddress=localhost:50870}, acceptInsecureCerts=false, browserVersion=84.0.4147.135, browserName=chrome, javascriptEnabled=true, platformName=windows, setWindowRect=true, webauthn:virtualAuthenticators=true}]
Session ID: f596636f04fb4d32ef2ff12b73ca8462
	at TestCase.V1_1.IssuePage.WorkPlan.RPCMSD1006.RPCMSD1006(RPCMSD1006.java:41)
Caused by: org.openqa.selenium.ElementNotInteractableException: 
element not interactable
  (Session info: chrome=84.0.4147.135)
Build info: version: '3.4.0', revision: 'unknown', time: 'unknown'
System info: host: 'DESKTOP-37BKIHR', ip: '192.168.80.154', os.name: 'Windows 10', os.arch: 'amd64', os.version: '10.0', java.version: '1.8.0_65'
Driver info: org.openqa.selenium.chrome.ChromeDriver
Capabilities [{networkConnectionEnabled=false, chrome={chromedriverVersion=83.0.4103.39 (ccbf011cb2d2b19b506d844400483861342c20cd-refs/branch-heads/4103@{#416}), userDataDir=C:\Users\Dell\AppData\Local\Temp\scoped_dir13404_812585541}, timeouts={implicit=0.0, pageLoad=300000.0, script=30000.0}, pageLoadStrategy=normal, unhandledPromptBehavior=dismiss and notify, strictFileInteractability=false, platform=ANY, proxy=Proxy(), goog:chromeOptions={debuggerAddress=localhost:50870}, acceptInsecureCerts=false, browserVersion=84.0.4147.135, browserName=chrome, javascriptEnabled=true, platformName=windows, setWindowRect=true, webauthn:virtualAuthenticators=true}]
Session ID: f596636f04fb4d32ef2ff12b73ca8462
	at TestCase.V1_1.IssuePage.WorkPlan.RPCMSD1006.RPCMSD1006(RPCMSD1006.java:22)
</failure>
    <system-err><![CDATA[610800 [main] ERROR io.qameta.allure.AllureLifecycle - Could not add attachment: no test is running

]]></system-err>
  </testcase>
  <testcase name="RPCMSD1164" classname="TestCase.V1_1.IssuePage.WorkPlan.RPCMSD1164" time="15.103">
    <failure message="org.openqa.selenium.TimeoutException: Expected condition failed: waiting for shdsd.selenium.Tools.BaseTest$1@45a1d057 (tried for 10 second(s) with 500 MILLISECONDS interval)" type="java.lang.Exception">java.lang.Exception: org.openqa.selenium.TimeoutException: Expected condition failed: waiting for shdsd.selenium.Tools.BaseTest$1@45a1d057 (tried for 10 second(s) with 500 MILLISECONDS interval)
	at TestCase.V1_1.IssuePage.WorkPlan.RPCMSD1164.RPCMSD1164(RPCMSD1164.java:51)
Caused by: org.openqa.selenium.TimeoutException: Expected condition failed: waiting for shdsd.selenium.Tools.BaseTest$1@45a1d057 (tried for 10 second(s) with 500 MILLISECONDS interval)
	at TestCase.V1_1.IssuePage.WorkPlan.RPCMSD1164.RPCMSD1164(RPCMSD1164.java:28)
Caused by: org.openqa.selenium.NoSuchElementException: 
no such element: Unable to locate element: {"method":"xpath","selector":"//div[@id='react-select-2-option-6']/div"}
  (Session info: chrome=84.0.4147.135)
For documentation on this error, please visit: http://seleniumhq.org/exceptions/no_such_element.html
Build info: version: '3.4.0', revision: 'unknown', time: 'unknown'
System info: host: 'DESKTOP-37BKIHR', ip: '192.168.80.154', os.name: 'Windows 10', os.arch: 'amd64', os.version: '10.0', java.version: '1.8.0_65'
Driver info: org.openqa.selenium.chrome.ChromeDriver
Capabilities [{networkConnectionEnabled=false, chrome={chromedriverVersion=83.0.4103.39 (ccbf011cb2d2b19b506d844400483861342c20cd-refs/branch-heads/4103@{#416}), userDataDir=C:\Users\Dell\AppData\Local\Temp\scoped_dir13404_812585541}, timeouts={implicit=0.0, pageLoad=300000.0, script=30000.0}, pageLoadStrategy=normal, unhandledPromptBehavior=dismiss and notify, strictFileInteractability=false, platform=ANY, proxy=Proxy(), goog:chromeOptions={debuggerAddress=localhost:50870}, acceptInsecureCerts=false, browserVersion=84.0.4147.135, browserName=chrome, javascriptEnabled=true, platformName=windows, setWindowRect=true, webauthn:virtualAuthenticators=true}]
Session ID: f596636f04fb4d32ef2ff12b73ca8462
*** Element info: {Using=xpath, value=//div[@id='react-select-2-option-6']/div}
	at TestCase.V1_1.IssuePage.WorkPlan.RPCMSD1164.RPCMSD1164(RPCMSD1164.java:28)
</failure>
    <system-err><![CDATA[614721 [main] ERROR io.qameta.allure.AllureLifecycle - Could not add attachment: no test is running

]]></system-err>
  </testcase>
  <testcase name="RPCMSD1165" classname="TestCase.V1_1.IssuePage.WorkPlan.RPCMSD1165" time="5.175"/>
  <testcase name="RPCMSD1166" classname="TestCase.V1_1.IssuePage.WorkPlan.RPCMSD1166" time="5.476"/>
  <testcase name="RPCMSD1167" classname="TestCase.V1_1.IssuePage.WorkPlan.RPCMSD1167" time="15.362">
    <failure message="org.openqa.selenium.TimeoutException: Expected condition failed: waiting for shdsd.selenium.Tools.BaseTest$1@4b325930 (tried for 10 second(s) with 500 MILLISECONDS interval)" type="java.lang.Exception">java.lang.Exception: org.openqa.selenium.TimeoutException: Expected condition failed: waiting for shdsd.selenium.Tools.BaseTest$1@4b325930 (tried for 10 second(s) with 500 MILLISECONDS interval)
	at TestCase.V1_1.IssuePage.WorkPlan.RPCMSD1167.RPCMSD1167(RPCMSD1167.java:48)
Caused by: org.openqa.selenium.TimeoutException: Expected condition failed: waiting for shdsd.selenium.Tools.BaseTest$1@4b325930 (tried for 10 second(s) with 500 MILLISECONDS interval)
	at TestCase.V1_1.IssuePage.WorkPlan.RPCMSD1167.RPCMSD1167(RPCMSD1167.java:30)
Caused by: org.openqa.selenium.InvalidSelectorException: 
invalid selector: Unable to locate an element with the xpath expression //div[@id='workPlanContext_datePicker_div']/div/div)[2] because of the following error:
SyntaxError: Failed to execute 'evaluate' on 'Document': The string '//div[@id='workPlanContext_datePicker_div']/div/div)[2]' is not a valid XPath expression.
  (Session info: chrome=84.0.4147.135)
For documentation on this error, please visit: http://seleniumhq.org/exceptions/invalid_selector_exception.html
Build info: version: '3.4.0', revision: 'unknown', time: 'unknown'
System info: host: 'DESKTOP-37BKIHR', ip: '192.168.80.154', os.name: 'Windows 10', os.arch: 'amd64', os.version: '10.0', java.version: '1.8.0_65'
Driver info: org.openqa.selenium.chrome.ChromeDriver
Capabilities [{networkConnectionEnabled=false, chrome={chromedriverVersion=83.0.4103.39 (ccbf011cb2d2b19b506d844400483861342c20cd-refs/branch-heads/4103@{#416}), userDataDir=C:\Users\Dell\AppData\Local\Temp\scoped_dir13404_812585541}, timeouts={implicit=0.0, pageLoad=300000.0, script=30000.0}, pageLoadStrategy=normal, unhandledPromptBehavior=dismiss and notify, strictFileInteractability=false, platform=ANY, proxy=Proxy(), goog:chromeOptions={debuggerAddress=localhost:50870}, acceptInsecureCerts=false, browserVersion=84.0.4147.135, browserName=chrome, javascriptEnabled=true, platformName=windows, setWindowRect=true, webauthn:virtualAuthenticators=true}]
Session ID: f596636f04fb4d32ef2ff12b73ca8462
*** Element info: {Using=xpath, value=//div[@id='workPlanContext_datePicker_div']/div/div)[2]}
	at TestCase.V1_1.IssuePage.WorkPlan.RPCMSD1167.RPCMSD1167(RPCMSD1167.java:30)
</failure>
    <system-err><![CDATA[
]]></system-err>
  </testcase>
  <testcase name="RPCMSD1168" classname="TestCase.V1_1.IssuePage.WorkPlan.RPCMSD1168" time="15.47">
    <failure message="org.openqa.selenium.TimeoutException: Expected condition failed: waiting for shdsd.selenium.Tools.BaseTest$1@32a72c4 (tried for 10 second(s) with 500 MILLISECONDS interval)" type="java.lang.Exception">java.lang.Exception: org.openqa.selenium.TimeoutException: Expected condition failed: waiting for shdsd.selenium.Tools.BaseTest$1@32a72c4 (tried for 10 second(s) with 500 MILLISECONDS interval)
	at TestCase.V1_1.IssuePage.WorkPlan.RPCMSD1168.RPCMSD1168(RPCMSD1168.java:47)
Caused by: org.openqa.selenium.TimeoutException: Expected condition failed: waiting for shdsd.selenium.Tools.BaseTest$1@32a72c4 (tried for 10 second(s) with 500 MILLISECONDS interval)
	at TestCase.V1_1.IssuePage.WorkPlan.RPCMSD1168.RPCMSD1168(RPCMSD1168.java:34)
Caused by: org.openqa.selenium.InvalidSelectorException: 
invalid selector: Unable to locate an element with the xpath expression //div[@id='workPlanContext_datePicker_div']/div/div)[2] because of the following error:
SyntaxError: Failed to execute 'evaluate' on 'Document': The string '//div[@id='workPlanContext_datePicker_div']/div/div)[2]' is not a valid XPath expression.
  (Session info: chrome=84.0.4147.135)
For documentation on this error, please visit: http://seleniumhq.org/exceptions/invalid_selector_exception.html
Build info: version: '3.4.0', revision: 'unknown', time: 'unknown'
System info: host: 'DESKTOP-37BKIHR', ip: '192.168.80.154', os.name: 'Windows 10', os.arch: 'amd64', os.version: '10.0', java.version: '1.8.0_65'
Driver info: org.openqa.selenium.chrome.ChromeDriver
Capabilities [{networkConnectionEnabled=false, chrome={chromedriverVersion=83.0.4103.39 (ccbf011cb2d2b19b506d844400483861342c20cd-refs/branch-heads/4103@{#416}), userDataDir=C:\Users\Dell\AppData\Local\Temp\scoped_dir13404_812585541}, timeouts={implicit=0.0, pageLoad=300000.0, script=30000.0}, pageLoadStrategy=normal, unhandledPromptBehavior=dismiss and notify, strictFileInteractability=false, platform=ANY, proxy=Proxy(), goog:chromeOptions={debuggerAddress=localhost:50870}, acceptInsecureCerts=false, browserVersion=84.0.4147.135, browserName=chrome, javascriptEnabled=true, platformName=windows, setWindowRect=true, webauthn:virtualAuthenticators=true}]
Session ID: f596636f04fb4d32ef2ff12b73ca8462
*** Element info: {Using=xpath, value=//div[@id='workPlanContext_datePicker_div']/div/div)[2]}
	at TestCase.V1_1.IssuePage.WorkPlan.RPCMSD1168.RPCMSD1168(RPCMSD1168.java:34)
</failure>
    <system-err><![CDATA[656373 [main] ERROR io.qameta.allure.AllureLifecycle - Could not add attachment: no test is running

]]></system-err>
  </testcase>
  <testcase name="RPCMSD1169" classname="TestCase.V1_1.IssuePage.WorkPlan.RPCMSD1169" time="15.035">
    <failure message="org.openqa.selenium.TimeoutException: Expected condition failed: waiting for shdsd.selenium.Tools.BaseTest$1@498c535d (tried for 10 second(s) with 500 MILLISECONDS interval)" type="java.lang.Exception">java.lang.Exception: org.openqa.selenium.TimeoutException: Expected condition failed: waiting for shdsd.selenium.Tools.BaseTest$1@498c535d (tried for 10 second(s) with 500 MILLISECONDS interval)
	at TestCase.V1_1.IssuePage.WorkPlan.RPCMSD1169.RPCMSD1169(RPCMSD1169.java:81)
Caused by: org.openqa.selenium.TimeoutException: Expected condition failed: waiting for shdsd.selenium.Tools.BaseTest$1@498c535d (tried for 10 second(s) with 500 MILLISECONDS interval)
	at TestCase.V1_1.IssuePage.WorkPlan.RPCMSD1169.RPCMSD1169(RPCMSD1169.java:32)
Caused by: org.openqa.selenium.InvalidSelectorException: 
invalid selector: Unable to locate an element with the xpath expression //div[@id='workPlanContext_datePicker_div']/div/div)[2] because of the following error:
SyntaxError: Failed to execute 'evaluate' on 'Document': The string '//div[@id='workPlanContext_datePicker_div']/div/div)[2]' is not a valid XPath expression.
  (Session info: chrome=84.0.4147.135)
For documentation on this error, please visit: http://seleniumhq.org/exceptions/invalid_selector_exception.html
Build info: version: '3.4.0', revision: 'unknown', time: 'unknown'
System info: host: 'DESKTOP-37BKIHR', ip: '192.168.80.154', os.name: 'Windows 10', os.arch: 'amd64', os.version: '10.0', java.version: '1.8.0_65'
Driver info: org.openqa.selenium.chrome.ChromeDriver
Capabilities [{networkConnectionEnabled=false, chrome={chromedriverVersion=83.0.4103.39 (ccbf011cb2d2b19b506d844400483861342c20cd-refs/branch-heads/4103@{#416}), userDataDir=C:\Users\Dell\AppData\Local\Temp\scoped_dir13404_812585541}, timeouts={implicit=0.0, pageLoad=300000.0, script=30000.0}, pageLoadStrategy=normal, unhandledPromptBehavior=dismiss and notify, strictFileInteractability=false, platform=ANY, proxy=Proxy(), goog:chromeOptions={debuggerAddress=localhost:50870}, acceptInsecureCerts=false, browserVersion=84.0.4147.135, browserName=chrome, javascriptEnabled=true, platformName=windows, setWindowRect=true, webauthn:virtualAuthenticators=true}]
Session ID: f596636f04fb4d32ef2ff12b73ca8462
*** Element info: {Using=xpath, value=//div[@id='workPlanContext_datePicker_div']/div/div)[2]}
	at TestCase.V1_1.IssuePage.WorkPlan.RPCMSD1169.RPCMSD1169(RPCMSD1169.java:32)
</failure>
    <system-err><![CDATA[672122 [main] ERROR io.qameta.allure.AllureLifecycle - Could not add attachment: no test is running

]]></system-err>
  </testcase>
  <testcase name="RPCMSD1170" classname="TestCase.V1_1.IssuePage.WorkPlan.RPCMSD1170" time="8.439"/>
  <testcase name="RPCMSD1176" classname="TestCase.V1_1.IssuePage.WorkPlan.RPCMSD1176" time="4.629"/>
  <testcase name="RPCMSD1177" classname="TestCase.V1_1.IssuePage.WorkPlan.RPCMSD1177" time="4.578">
    <failure message="org.openqa.selenium.StaleElementReferenceException: stale element reference: element is not attached to the page document&#10;  (Session info: chrome=84.0.4147.135)&#10;For documentation on this error, please visit: http://seleniumhq.org/exceptions/stale_element_reference.html&#10;Build info: version: &apos;3.4.0&apos;, revision: &apos;unknown&apos;, time: &apos;unknown&apos;&#10;System info: host: &apos;DESKTOP-37BKIHR&apos;, ip: &apos;192.168.80.154&apos;, os.name: &apos;Windows 10&apos;, os.arch: &apos;amd64&apos;, os.version: &apos;10.0&apos;, java.version: &apos;1.8.0_65&apos;&#10;Driver info: org.openqa.selenium.chrome.ChromeDriver&#10;Capabilities [{networkConnectionEnabled=false, chrome={chromedriverVersion=83.0.4103.39 (ccbf011cb2d2b19b506d844400483861342c20cd-refs/branch-heads/4103@{#416}), userDataDir=C:\Users\Dell\AppData\Local\Temp\scoped_dir13404_812585541}, timeouts={implicit=0.0, pageLoad=300000.0, script=30000.0}, pageLoadStrategy=normal, unhandledPromptBehavior=dismiss and notify, strictFileInteractability=false, platform=ANY, proxy=Proxy(), goog:chromeOptions={debuggerAddress=localhost:50870}, acceptInsecureCerts=false, browserVersion=84.0.4147.135, browserName=chrome, javascriptEnabled=true, platformName=windows, setWindowRect=true, webauthn:virtualAuthenticators=true}]&#10;Session ID: f596636f04fb4d32ef2ff12b73ca8462" type="java.lang.Exception">java.lang.Exception: 
org.openqa.selenium.StaleElementReferenceException: stale element reference: element is not attached to the page document
  (Session info: chrome=84.0.4147.135)
For documentation on this error, please visit: http://seleniumhq.org/exceptions/stale_element_reference.html
Build info: version: '3.4.0', revision: 'unknown', time: 'unknown'
System info: host: 'DESKTOP-37BKIHR', ip: '192.168.80.154', os.name: 'Windows 10', os.arch: 'amd64', os.version: '10.0', java.version: '1.8.0_65'
Driver info: org.openqa.selenium.chrome.ChromeDriver
Capabilities [{networkConnectionEnabled=false, chrome={chromedriverVersion=83.0.4103.39 (ccbf011cb2d2b19b506d844400483861342c20cd-refs/branch-heads/4103@{#416}), userDataDir=C:\Users\Dell\AppData\Local\Temp\scoped_dir13404_812585541}, timeouts={implicit=0.0, pageLoad=300000.0, script=30000.0}, pageLoadStrategy=normal, unhandledPromptBehavior=dismiss and notify, strictFileInteractability=false, platform=ANY, proxy=Proxy(), goog:chromeOptions={debuggerAddress=localhost:50870}, acceptInsecureCerts=false, browserVersion=84.0.4147.135, browserName=chrome, javascriptEnabled=true, platformName=windows, setWindowRect=true, webauthn:virtualAuthenticators=true}]
Session ID: f596636f04fb4d32ef2ff12b73ca8462
	at TestCase.V1_1.IssuePage.WorkPlan.RPCMSD1177.RPCMSD1177(RPCMSD1177.java:32)
Caused by: org.openqa.selenium.StaleElementReferenceException: 
stale element reference: element is not attached to the page document
  (Session info: chrome=84.0.4147.135)
For documentation on this error, please visit: http://seleniumhq.org/exceptions/stale_element_reference.html
Build info: version: '3.4.0', revision: 'unknown', time: 'unknown'
System info: host: 'DESKTOP-37BKIHR', ip: '192.168.80.154', os.name: 'Windows 10', os.arch: 'amd64', os.version: '10.0', java.version: '1.8.0_65'
Driver info: org.openqa.selenium.chrome.ChromeDriver
Capabilities [{networkConnectionEnabled=false, chrome={chromedriverVersion=83.0.4103.39 (ccbf011cb2d2b19b506d844400483861342c20cd-refs/branch-heads/4103@{#416}), userDataDir=C:\Users\Dell\AppData\Local\Temp\scoped_dir13404_812585541}, timeouts={implicit=0.0, pageLoad=300000.0, script=30000.0}, pageLoadStrategy=normal, unhandledPromptBehavior=dismiss and notify, strictFileInteractability=false, platform=ANY, proxy=Proxy(), goog:chromeOptions={debuggerAddress=localhost:50870}, acceptInsecureCerts=false, browserVersion=84.0.4147.135, browserName=chrome, javascriptEnabled=true, platformName=windows, setWindowRect=true, webauthn:virtualAuthenticators=true}]
Session ID: f596636f04fb4d32ef2ff12b73ca8462
	at TestCase.V1_1.IssuePage.WorkPlan.RPCMSD1177.RPCMSD1177(RPCMSD1177.java:26)
</failure>
    <system-err><![CDATA[八月 25, 2020 8:42:33 下午 org.openqa.selenium.remote.ErrorCodes toStatus
信息: HTTP Status: '404' -> incorrect JSON status mapping for 'stale element reference' (400 expected)

]]></system-err>
  </testcase>
  <testcase name="RPCMSD1182" classname="TestCase.V1_1.IssuePage.WorkPlan.RPCMSD1182" time="4.82"/>
  <testcase name="RPCMSD1402" classname="TestCase.V1_1.IssuePage.WorkPlan.RPCMSD1402" time="3.51">
    <failure message="org.openqa.selenium.ElementNotInteractableException: element not interactable&#10;  (Session info: chrome=84.0.4147.135)&#10;Build info: version: &apos;3.4.0&apos;, revision: &apos;unknown&apos;, time: &apos;unknown&apos;&#10;System info: host: &apos;DESKTOP-37BKIHR&apos;, ip: &apos;192.168.80.154&apos;, os.name: &apos;Windows 10&apos;, os.arch: &apos;amd64&apos;, os.version: &apos;10.0&apos;, java.version: &apos;1.8.0_65&apos;&#10;Driver info: org.openqa.selenium.chrome.ChromeDriver&#10;Capabilities [{networkConnectionEnabled=false, chrome={chromedriverVersion=83.0.4103.39 (ccbf011cb2d2b19b506d844400483861342c20cd-refs/branch-heads/4103@{#416}), userDataDir=C:\Users\Dell\AppData\Local\Temp\scoped_dir13404_812585541}, timeouts={implicit=0.0, pageLoad=300000.0, script=30000.0}, pageLoadStrategy=normal, unhandledPromptBehavior=dismiss and notify, strictFileInteractability=false, platform=ANY, proxy=Proxy(), goog:chromeOptions={debuggerAddress=localhost:50870}, acceptInsecureCerts=false, browserVersion=84.0.4147.135, browserName=chrome, javascriptEnabled=true, platformName=windows, setWindowRect=true, webauthn:virtualAuthenticators=true}]&#10;Session ID: f596636f04fb4d32ef2ff12b73ca8462" type="java.lang.Exception">java.lang.Exception: 
org.openqa.selenium.ElementNotInteractableException: element not interactable
  (Session info: chrome=84.0.4147.135)
Build info: version: '3.4.0', revision: 'unknown', time: 'unknown'
System info: host: 'DESKTOP-37BKIHR', ip: '192.168.80.154', os.name: 'Windows 10', os.arch: 'amd64', os.version: '10.0', java.version: '1.8.0_65'
Driver info: org.openqa.selenium.chrome.ChromeDriver
Capabilities [{networkConnectionEnabled=false, chrome={chromedriverVersion=83.0.4103.39 (ccbf011cb2d2b19b506d844400483861342c20cd-refs/branch-heads/4103@{#416}), userDataDir=C:\Users\Dell\AppData\Local\Temp\scoped_dir13404_812585541}, timeouts={implicit=0.0, pageLoad=300000.0, script=30000.0}, pageLoadStrategy=normal, unhandledPromptBehavior=dismiss and notify, strictFileInteractability=false, platform=ANY, proxy=Proxy(), goog:chromeOptions={debuggerAddress=localhost:50870}, acceptInsecureCerts=false, browserVersion=84.0.4147.135, browserName=chrome, javascriptEnabled=true, platformName=windows, setWindowRect=true, webauthn:virtualAuthenticators=true}]
Session ID: f596636f04fb4d32ef2ff12b73ca8462
	at TestCase.V1_1.IssuePage.WorkPlan.RPCMSD1402.RPCMSD1402(RPCMSD1402.java:35)
Caused by: org.openqa.selenium.ElementNotInteractableException: 
element not interactable
  (Session info: chrome=84.0.4147.135)
Build info: version: '3.4.0', revision: 'unknown', time: 'unknown'
System info: host: 'DESKTOP-37BKIHR', ip: '192.168.80.154', os.name: 'Windows 10', os.arch: 'amd64', os.version: '10.0', java.version: '1.8.0_65'
Driver info: org.openqa.selenium.chrome.ChromeDriver
Capabilities [{networkConnectionEnabled=false, chrome={chromedriverVersion=83.0.4103.39 (ccbf011cb2d2b19b506d844400483861342c20cd-refs/branch-heads/4103@{#416}), userDataDir=C:\Users\Dell\AppData\Local\Temp\scoped_dir13404_812585541}, timeouts={implicit=0.0, pageLoad=300000.0, script=30000.0}, pageLoadStrategy=normal, unhandledPromptBehavior=dismiss and notify, strictFileInteractability=false, platform=ANY, proxy=Proxy(), goog:chromeOptions={debuggerAddress=localhost:50870}, acceptInsecureCerts=false, browserVersion=84.0.4147.135, browserName=chrome, javascriptEnabled=true, platformName=windows, setWindowRect=true, webauthn:virtualAuthenticators=true}]
Session ID: f596636f04fb4d32ef2ff12b73ca8462
	at TestCase.V1_1.IssuePage.WorkPlan.RPCMSD1402.RPCMSD1402(RPCMSD1402.java:22)
</failure>
    <system-err><![CDATA[
]]></system-err>
  </testcase>
  <testcase name="RPCMSD1403" classname="TestCase.V1_1.IssuePage.WorkPlan.RPCMSD1403" time="4.682"/>
  <testcase name="RPCMSD1404" classname="TestCase.V1_1.IssuePage.WorkPlan.RPCMSD1404" time="5.043"/>
  <testcase name="RPCMSD1031" classname="TestCase.V1_1.TimeSheet.WorkLog.RPCMSD1031" time="8.147"/>
  <testcase name="RPCMSD1035" classname="TestCase.V1_1.TimeSheet.WorkLog.RPCMSD1035" time="18.167">
    <failure message="org.openqa.selenium.TimeoutException: Expected condition failed: waiting for shdsd.selenium.Tools.BaseTest$1@6401188a (tried for 10 second(s) with 500 MILLISECONDS interval)" type="java.lang.Exception">java.lang.Exception: org.openqa.selenium.TimeoutException: Expected condition failed: waiting for shdsd.selenium.Tools.BaseTest$1@6401188a (tried for 10 second(s) with 500 MILLISECONDS interval)
	at TestCase.V1_1.TimeSheet.WorkLog.RPCMSD1035.RPCMSD1035(RPCMSD1035.java:44)
Caused by: org.openqa.selenium.TimeoutException: Expected condition failed: waiting for shdsd.selenium.Tools.BaseTest$1@6401188a (tried for 10 second(s) with 500 MILLISECONDS interval)
	at TestCase.V1_1.TimeSheet.WorkLog.RPCMSD1035.RPCMSD1035(RPCMSD1035.java:27)
Caused by: org.openqa.selenium.NoSuchElementException: 
no such element: Unable to locate element: {"method":"css selector","selector":"#react-select-4-option-1-3 > .css-1o5vhst > div"}
  (Session info: chrome=84.0.4147.135)
For documentation on this error, please visit: http://seleniumhq.org/exceptions/no_such_element.html
Build info: version: '3.4.0', revision: 'unknown', time: 'unknown'
System info: host: 'DESKTOP-37BKIHR', ip: '192.168.80.154', os.name: 'Windows 10', os.arch: 'amd64', os.version: '10.0', java.version: '1.8.0_65'
Driver info: org.openqa.selenium.chrome.ChromeDriver
Capabilities [{networkConnectionEnabled=false, chrome={chromedriverVersion=83.0.4103.39 (ccbf011cb2d2b19b506d844400483861342c20cd-refs/branch-heads/4103@{#416}), userDataDir=C:\Users\Dell\AppData\Local\Temp\scoped_dir13404_812585541}, timeouts={implicit=0.0, pageLoad=300000.0, script=30000.0}, pageLoadStrategy=normal, unhandledPromptBehavior=dismiss and notify, strictFileInteractability=false, platform=ANY, proxy=Proxy(), goog:chromeOptions={debuggerAddress=localhost:50870}, acceptInsecureCerts=false, browserVersion=84.0.4147.135, browserName=chrome, javascriptEnabled=true, platformName=windows, setWindowRect=true, webauthn:virtualAuthenticators=true}]
Session ID: f596636f04fb4d32ef2ff12b73ca8462
*** Element info: {Using=css selector, value=#react-select-4-option-1-3 > .css-1o5vhst > div}
	at TestCase.V1_1.TimeSheet.WorkLog.RPCMSD1035.RPCMSD1035(RPCMSD1035.java:27)
</failure>
    <system-err><![CDATA[
]]></system-err>
  </testcase>
  <testcase name="RPCMSD1038" classname="TestCase.V1_1.TimeSheet.WorkLog.RPCMSD1038" time="8.936"/>
  <testcase name="RPCMSD1042" classname="TestCase.V1_1.TimeSheet.WorkLog.RPCMSD1042" time="8.838"/>
  <testcase name="RPCMSD1042" classname="TestCase.V1_1.TimeSheet.WorkLog.RPCMSD1068" time="17.743">
    <failure message="org.openqa.selenium.TimeoutException: Expected condition failed: waiting for shdsd.selenium.Tools.BaseTest$1@2f995afc (tried for 10 second(s) with 500 MILLISECONDS interval)" type="java.lang.Exception">java.lang.Exception: org.openqa.selenium.TimeoutException: Expected condition failed: waiting for shdsd.selenium.Tools.BaseTest$1@2f995afc (tried for 10 second(s) with 500 MILLISECONDS interval)
	at TestCase.V1_1.TimeSheet.WorkLog.RPCMSD1068.RPCMSD1042(RPCMSD1068.java:42)
Caused by: org.openqa.selenium.TimeoutException: Expected condition failed: waiting for shdsd.selenium.Tools.BaseTest$1@2f995afc (tried for 10 second(s) with 500 MILLISECONDS interval)
	at TestCase.V1_1.TimeSheet.WorkLog.RPCMSD1068.RPCMSD1042(RPCMSD1068.java:18)
Caused by: org.openqa.selenium.NoSuchElementException: 
no such element: Unable to locate element: {"method":"css selector","selector":"#DateColumn02_6_logbtn"}
  (Session info: chrome=84.0.4147.135)
For documentation on this error, please visit: http://seleniumhq.org/exceptions/no_such_element.html
Build info: version: '3.4.0', revision: 'unknown', time: 'unknown'
System info: host: 'DESKTOP-37BKIHR', ip: '192.168.80.154', os.name: 'Windows 10', os.arch: 'amd64', os.version: '10.0', java.version: '1.8.0_65'
Driver info: org.openqa.selenium.chrome.ChromeDriver
Capabilities [{networkConnectionEnabled=false, chrome={chromedriverVersion=83.0.4103.39 (ccbf011cb2d2b19b506d844400483861342c20cd-refs/branch-heads/4103@{#416}), userDataDir=C:\Users\Dell\AppData\Local\Temp\scoped_dir13404_812585541}, timeouts={implicit=0.0, pageLoad=300000.0, script=30000.0}, pageLoadStrategy=normal, unhandledPromptBehavior=dismiss and notify, strictFileInteractability=false, platform=ANY, proxy=Proxy(), goog:chromeOptions={debuggerAddress=localhost:50870}, acceptInsecureCerts=false, browserVersion=84.0.4147.135, browserName=chrome, javascriptEnabled=true, platformName=windows, setWindowRect=true, webauthn:virtualAuthenticators=true}]
Session ID: f596636f04fb4d32ef2ff12b73ca8462
*** Element info: {Using=id, value=DateColumn02_6_logbtn}
	at TestCase.V1_1.TimeSheet.WorkLog.RPCMSD1068.RPCMSD1042(RPCMSD1068.java:18)
</failure>
    <system-err><![CDATA[
]]></system-err>
  </testcase>
  <testcase name="RPCMSD1069" classname="TestCase.V1_1.TimeSheet.WorkLog.RPCMSD1069" time="18.265">
    <failure message="org.openqa.selenium.TimeoutException: Expected condition failed: waiting for shdsd.selenium.Tools.BaseTest$1@7fd99443 (tried for 10 second(s) with 500 MILLISECONDS interval)" type="java.lang.Exception">java.lang.Exception: org.openqa.selenium.TimeoutException: Expected condition failed: waiting for shdsd.selenium.Tools.BaseTest$1@7fd99443 (tried for 10 second(s) with 500 MILLISECONDS interval)
	at TestCase.V1_1.TimeSheet.WorkLog.RPCMSD1069.RPCMSD1069(RPCMSD1069.java:47)
Caused by: org.openqa.selenium.TimeoutException: Expected condition failed: waiting for shdsd.selenium.Tools.BaseTest$1@7fd99443 (tried for 10 second(s) with 500 MILLISECONDS interval)
	at TestCase.V1_1.TimeSheet.WorkLog.RPCMSD1069.RPCMSD1069(RPCMSD1069.java:17)
Caused by: org.openqa.selenium.NoSuchElementException: 
no such element: Unable to locate element: {"method":"css selector","selector":"#DateColumn02_6_logbtn"}
  (Session info: chrome=84.0.4147.135)
For documentation on this error, please visit: http://seleniumhq.org/exceptions/no_such_element.html
Build info: version: '3.4.0', revision: 'unknown', time: 'unknown'
System info: host: 'DESKTOP-37BKIHR', ip: '192.168.80.154', os.name: 'Windows 10', os.arch: 'amd64', os.version: '10.0', java.version: '1.8.0_65'
Driver info: org.openqa.selenium.chrome.ChromeDriver
Capabilities [{networkConnectionEnabled=false, chrome={chromedriverVersion=83.0.4103.39 (ccbf011cb2d2b19b506d844400483861342c20cd-refs/branch-heads/4103@{#416}), userDataDir=C:\Users\Dell\AppData\Local\Temp\scoped_dir13404_812585541}, timeouts={implicit=0.0, pageLoad=300000.0, script=30000.0}, pageLoadStrategy=normal, unhandledPromptBehavior=dismiss and notify, strictFileInteractability=false, platform=ANY, proxy=Proxy(), goog:chromeOptions={debuggerAddress=localhost:50870}, acceptInsecureCerts=false, browserVersion=84.0.4147.135, browserName=chrome, javascriptEnabled=true, platformName=windows, setWindowRect=true, webauthn:virtualAuthenticators=true}]
Session ID: f596636f04fb4d32ef2ff12b73ca8462
*** Element info: {Using=id, value=DateColumn02_6_logbtn}
	at TestCase.V1_1.TimeSheet.WorkLog.RPCMSD1069.RPCMSD1069(RPCMSD1069.java:17)
</failure>
    <system-err><![CDATA[786029 [main] ERROR io.qameta.allure.AllureLifecycle - Could not add attachment: no test is running

]]></system-err>
  </testcase>
  <testcase name="RPCMSD1414" classname="TestCase.V1_1.TimeSheet.WorkLog.RPCMSD1414" time="18.556">
    <failure message="org.openqa.selenium.TimeoutException: Expected condition failed: waiting for shdsd.selenium.Tools.BaseTest$1@6e8fdd19 (tried for 10 second(s) with 500 MILLISECONDS interval)" type="java.lang.Exception">java.lang.Exception: org.openqa.selenium.TimeoutException: Expected condition failed: waiting for shdsd.selenium.Tools.BaseTest$1@6e8fdd19 (tried for 10 second(s) with 500 MILLISECONDS interval)
	at TestCase.V1_1.TimeSheet.WorkLog.RPCMSD1414.RPCMSD1414(RPCMSD1414.java:44)
Caused by: org.openqa.selenium.TimeoutException: Expected condition failed: waiting for shdsd.selenium.Tools.BaseTest$1@6e8fdd19 (tried for 10 second(s) with 500 MILLISECONDS interval)
	at TestCase.V1_1.TimeSheet.WorkLog.RPCMSD1414.RPCMSD1414(RPCMSD1414.java:18)
Caused by: org.openqa.selenium.NoSuchElementException: 
no such element: Unable to locate element: {"method":"css selector","selector":"#DateColumn02_14_logbtn"}
  (Session info: chrome=84.0.4147.135)
For documentation on this error, please visit: http://seleniumhq.org/exceptions/no_such_element.html
Build info: version: '3.4.0', revision: 'unknown', time: 'unknown'
System info: host: 'DESKTOP-37BKIHR', ip: '192.168.80.154', os.name: 'Windows 10', os.arch: 'amd64', os.version: '10.0', java.version: '1.8.0_65'
Driver info: org.openqa.selenium.chrome.ChromeDriver
Capabilities [{networkConnectionEnabled=false, chrome={chromedriverVersion=83.0.4103.39 (ccbf011cb2d2b19b506d844400483861342c20cd-refs/branch-heads/4103@{#416}), userDataDir=C:\Users\Dell\AppData\Local\Temp\scoped_dir13404_812585541}, timeouts={implicit=0.0, pageLoad=300000.0, script=30000.0}, pageLoadStrategy=normal, unhandledPromptBehavior=dismiss and notify, strictFileInteractability=false, platform=ANY, proxy=Proxy(), goog:chromeOptions={debuggerAddress=localhost:50870}, acceptInsecureCerts=false, browserVersion=84.0.4147.135, browserName=chrome, javascriptEnabled=true, platformName=windows, setWindowRect=true, webauthn:virtualAuthenticators=true}]
Session ID: f596636f04fb4d32ef2ff12b73ca8462
*** Element info: {Using=id, value=DateColumn02_14_logbtn}
	at TestCase.V1_1.TimeSheet.WorkLog.RPCMSD1414.RPCMSD1414(RPCMSD1414.java:18)
</failure>
    <system-err><![CDATA[804572 [main] ERROR io.qameta.allure.AllureLifecycle - Could not add attachment: no test is running

]]></system-err>
  </testcase>
  <testcase name="RPCMSD1415" classname="TestCase.V1_1.TimeSheet.WorkLog.RPCMSD1415" time="18.124">
    <failure message="org.openqa.selenium.TimeoutException: Expected condition failed: waiting for shdsd.selenium.Tools.BaseTest$1@5e50df2e (tried for 10 second(s) with 500 MILLISECONDS interval)" type="java.lang.Exception">java.lang.Exception: org.openqa.selenium.TimeoutException: Expected condition failed: waiting for shdsd.selenium.Tools.BaseTest$1@5e50df2e (tried for 10 second(s) with 500 MILLISECONDS interval)
	at TestCase.V1_1.TimeSheet.WorkLog.RPCMSD1415.RPCMSD1415(RPCMSD1415.java:79)
Caused by: org.openqa.selenium.TimeoutException: Expected condition failed: waiting for shdsd.selenium.Tools.BaseTest$1@5e50df2e (tried for 10 second(s) with 500 MILLISECONDS interval)
	at TestCase.V1_1.TimeSheet.WorkLog.RPCMSD1415.RPCMSD1415(RPCMSD1415.java:18)
Caused by: org.openqa.selenium.NoSuchElementException: 
no such element: Unable to locate element: {"method":"css selector","selector":"#DateColumn02_14_logbtn"}
  (Session info: chrome=84.0.4147.135)
For documentation on this error, please visit: http://seleniumhq.org/exceptions/no_such_element.html
Build info: version: '3.4.0', revision: 'unknown', time: 'unknown'
System info: host: 'DESKTOP-37BKIHR', ip: '192.168.80.154', os.name: 'Windows 10', os.arch: 'amd64', os.version: '10.0', java.version: '1.8.0_65'
Driver info: org.openqa.selenium.chrome.ChromeDriver
Capabilities [{networkConnectionEnabled=false, chrome={chromedriverVersion=83.0.4103.39 (ccbf011cb2d2b19b506d844400483861342c20cd-refs/branch-heads/4103@{#416}), userDataDir=C:\Users\Dell\AppData\Local\Temp\scoped_dir13404_812585541}, timeouts={implicit=0.0, pageLoad=300000.0, script=30000.0}, pageLoadStrategy=normal, unhandledPromptBehavior=dismiss and notify, strictFileInteractability=false, platform=ANY, proxy=Proxy(), goog:chromeOptions={debuggerAddress=localhost:50870}, acceptInsecureCerts=false, browserVersion=84.0.4147.135, browserName=chrome, javascriptEnabled=true, platformName=windows, setWindowRect=true, webauthn:virtualAuthenticators=true}]
Session ID: f596636f04fb4d32ef2ff12b73ca8462
*** Element info: {Using=id, value=DateColumn02_14_logbtn}
	at TestCase.V1_1.TimeSheet.WorkLog.RPCMSD1415.RPCMSD1415(RPCMSD1415.java:18)
</failure>
    <system-err><![CDATA[823395 [main] ERROR io.qameta.allure.AllureLifecycle - Could not add attachment: no test is running

]]></system-err>
  </testcase>
  <testcase name="RPCMSD1449" classname="TestCase.V1_1.TimeSheet.WorkLog.RPCMSD1449" time="18.128">
    <failure message="org.openqa.selenium.TimeoutException: Expected condition failed: waiting for shdsd.selenium.Tools.BaseTest$1@565aa4ac (tried for 10 second(s) with 500 MILLISECONDS interval)" type="java.lang.Exception">java.lang.Exception: org.openqa.selenium.TimeoutException: Expected condition failed: waiting for shdsd.selenium.Tools.BaseTest$1@565aa4ac (tried for 10 second(s) with 500 MILLISECONDS interval)
	at TestCase.V1_1.TimeSheet.WorkLog.RPCMSD1449.RPCMSD1449(RPCMSD1449.java:61)
Caused by: org.openqa.selenium.TimeoutException: Expected condition failed: waiting for shdsd.selenium.Tools.BaseTest$1@565aa4ac (tried for 10 second(s) with 500 MILLISECONDS interval)
	at TestCase.V1_1.TimeSheet.WorkLog.RPCMSD1449.RPCMSD1449(RPCMSD1449.java:20)
Caused by: org.openqa.selenium.NoSuchElementException: 
no such element: Unable to locate element: {"method":"css selector","selector":"#DateColumn16_4_logbtn"}
  (Session info: chrome=84.0.4147.135)
For documentation on this error, please visit: http://seleniumhq.org/exceptions/no_such_element.html
Build info: version: '3.4.0', revision: 'unknown', time: 'unknown'
System info: host: 'DESKTOP-37BKIHR', ip: '192.168.80.154', os.name: 'Windows 10', os.arch: 'amd64', os.version: '10.0', java.version: '1.8.0_65'
Driver info: org.openqa.selenium.chrome.ChromeDriver
Capabilities [{networkConnectionEnabled=false, chrome={chromedriverVersion=83.0.4103.39 (ccbf011cb2d2b19b506d844400483861342c20cd-refs/branch-heads/4103@{#416}), userDataDir=C:\Users\Dell\AppData\Local\Temp\scoped_dir13404_812585541}, timeouts={implicit=0.0, pageLoad=300000.0, script=30000.0}, pageLoadStrategy=normal, unhandledPromptBehavior=dismiss and notify, strictFileInteractability=false, platform=ANY, proxy=Proxy(), goog:chromeOptions={debuggerAddress=localhost:50870}, acceptInsecureCerts=false, browserVersion=84.0.4147.135, browserName=chrome, javascriptEnabled=true, platformName=windows, setWindowRect=true, webauthn:virtualAuthenticators=true}]
Session ID: f596636f04fb4d32ef2ff12b73ca8462
*** Element info: {Using=id, value=DateColumn16_4_logbtn}
	at TestCase.V1_1.TimeSheet.WorkLog.RPCMSD1449.RPCMSD1449(RPCMSD1449.java:20)
</failure>
    <system-err><![CDATA[841782 [main] ERROR io.qameta.allure.AllureLifecycle - Could not add attachment: no test is running

]]></system-err>
  </testcase>
  <testcase name="RPCMSD1450" classname="TestCase.V1_1.TimeSheet.WorkLog.RPCMSD1450" time="11.529">
    <failure message="org.openqa.selenium.TimeoutException: Expected condition failed: waiting for element to be clickable: By.id: login-form-authenticatePassword (tried for 10 second(s) with 500 MILLISECONDS interval)" type="java.lang.Exception">java.lang.Exception: org.openqa.selenium.TimeoutException: Expected condition failed: waiting for element to be clickable: By.id: login-form-authenticatePassword (tried for 10 second(s) with 500 MILLISECONDS interval)
	at TestCase.V1_1.TimeSheet.WorkLog.RPCMSD1450.RPCMSD1450(RPCMSD1450.java:35)
Caused by: org.openqa.selenium.TimeoutException: Expected condition failed: waiting for element to be clickable: By.id: login-form-authenticatePassword (tried for 10 second(s) with 500 MILLISECONDS interval)
	at TestCase.V1_1.TimeSheet.WorkLog.RPCMSD1450.RPCMSD1450(RPCMSD1450.java:22)
Caused by: org.openqa.selenium.NoSuchElementException: 
Cannot locate an element using By.id: login-form-authenticatePassword
For documentation on this error, please visit: http://seleniumhq.org/exceptions/no_such_element.html
Build info: version: '3.4.0', revision: 'unknown', time: 'unknown'
System info: host: 'DESKTOP-37BKIHR', ip: '192.168.80.154', os.name: 'Windows 10', os.arch: 'amd64', os.version: '10.0', java.version: '1.8.0_65'
Driver info: driver.version: unknown
	at TestCase.V1_1.TimeSheet.WorkLog.RPCMSD1450.RPCMSD1450(RPCMSD1450.java:22)
</failure>
    <system-err><![CDATA[860178 [main] ERROR io.qameta.allure.AllureLifecycle - Could not add attachment: no test is running

]]></system-err>
  </testcase>
</testsuite>